#
# There is insufficient memory for the Java Runtime Environment to continue.
# Native memory allocation (mmap) failed to map 67108864 bytes for Failed to commit area from 0x0000000093c00000 to 0x0000000097c00000 of length 67108864.
# Possible reasons:
#   The system is out of physical RAM or swap space
#   The process is running with CompressedOops enabled, and the Java Heap may be blocking the growth of the native heap
# Possible solutions:
#   Reduce memory load on the system
#   Increase physical memory or swap space
#   Check if swap backing store is full
#   Decrease Java heap size (-Xmx/-Xms)
#   Decrease number of Java threads
#   Decrease Java thread stack sizes (-Xss)
#   Set larger code cache with -XX:ReservedCodeCacheSize=
#   JVM is running with Unscaled Compressed Oops mode in which the Java heap is
#     placed in the first 4GB address space. The Java Heap base address is the
#     maximum limit for the native heap growth. Please use -XX:HeapBaseMinAddress
#     to set the Java Heap base and to place the Java Heap above 4GB virtual address.
# This output file may be truncated or incomplete.
#
#  Out of Memory Error (./src/hotspot/os/windows/os_windows.cpp:3301), pid=5392, tid=16004
#
# JRE version: OpenJDK Runtime Environment (11.0.10) (build 11.0.10+0-b96-7249189)
# Java VM: OpenJDK 64-Bit Server VM (11.0.10+0-b96-7249189, mixed mode, tiered, compressed oops, g1 gc, windows-amd64)
# No core dump will be written. Minidumps are not enabled by default on client versions of Windows
#

---------------  S U M M A R Y ------------

Command Line: --add-opens=java.base/java.util=ALL-UNNAMED --add-opens=java.base/java.lang=ALL-UNNAMED --add-opens=java.base/java.lang.invoke=ALL-UNNAMED --add-opens=java.base/java.util=ALL-UNNAMED --add-opens=java.prefs/java.util.prefs=ALL-UNNAMED --add-opens=java.prefs/java.util.prefs=ALL-UNNAMED --add-opens=java.base/java.nio.charset=ALL-UNNAMED --add-opens=java.base/java.net=ALL-UNNAMED --add-opens=java.base/java.util.concurrent.atomic=ALL-UNNAMED -Xmx2048m -Dfile.encoding=UTF-8 -Duser.country=FR -Duser.language=fr -Duser.variant org.gradle.launcher.daemon.bootstrap.GradleDaemon 7.0.2

Host: Intel(R) Core(TM) i7-10510U CPU @ 1.80GHz, 8 cores, 15G,  Windows 10 , 64 bit Build 19041 (10.0.19041.928)
Time: Mon Feb 14 02:51:05 2022 Paris, Madrid elapsed time: 25.589924 seconds (0d 0h 0m 25s)

---------------  T H R E A D  ---------------

Current thread (0x0000026de965b000):  VMThread "VM Thread" [stack: 0x0000009a4ef00000,0x0000009a4f000000] [id=16004]

Stack: [0x0000009a4ef00000,0x0000009a4f000000]
[error occurred during error reporting (printing stack bounds), id 0xc0000005, EXCEPTION_ACCESS_VIOLATION (0xc0000005) at pc=0x0000026dd1ca0f2d]

Native frames: (J=compiled Java code, j=interpreted, Vv=VM code, C=native code)
V  [jvm.dll+0x5ecfaa]
V  [jvm.dll+0x722bd5]
V  [jvm.dll+0x72412d]
V  [jvm.dll+0x724745]
V  [jvm.dll+0x7246fb]
V  [jvm.dll+0x5ec348]
V  [jvm.dll+0x5ecad8]
C  [ntdll.dll+0xa207f]
C  [ntdll.dll+0x51454]
C  [ntdll.dll+0xa0bae]
C  0x0000026dd1ca0f2d

VM_Operation (0x0000009a533fb690): G1CollectForAllocation, mode: safepoint, requested by thread 0x0000026debee4000


---------------  P R O C E S S  ---------------

Threads class SMR info:
_java_thread_list=0x0000026df6fb4fe0, length=74, elements={
0x0000026dce18c800, 0x0000026de9660000, 0x0000026de9669000, 0x0000026de96be000,
0x0000026de96bf000, 0x0000026de96c1800, 0x0000026de96c7800, 0x0000026de96cc000,
0x0000026de96db000, 0x0000026de9835000, 0x0000026dec137800, 0x0000026de9f6e800,
0x0000026dea87b800, 0x0000026debd7d000, 0x0000026dec3b7000, 0x0000026deb2ad800,
0x0000026deb210800, 0x0000026deb933000, 0x0000026deb934000, 0x0000026dec054000,
0x0000026dec050000, 0x0000026dec053800, 0x0000026dec052800, 0x0000026dec052000,
0x0000026dec051000, 0x0000026dec055000, 0x0000026dec04f800, 0x0000026dec056000,
0x0000026def20e000, 0x0000026def210800, 0x0000026def20f000, 0x0000026def20c800,
0x0000026def20a800, 0x0000026def213000, 0x0000026def211000, 0x0000026def212000,
0x0000026def20d000, 0x0000026def219800, 0x0000026def218000, 0x0000026def213800,
0x0000026def215800, 0x0000026def216000, 0x0000026def214800, 0x0000026def217000,
0x0000026def218800, 0x0000026debedb800, 0x0000026debed9000, 0x0000026debed8800,
0x0000026debeda000, 0x0000026debedf000, 0x0000026debedb000, 0x0000026debee0800,
0x0000026debee1800, 0x0000026debede000, 0x0000026debee2000, 0x0000026debedc800,
0x0000026debee3000, 0x0000026debee4000, 0x0000026debee5800, 0x0000026debee6000,
0x0000026debee4800, 0x0000026debee7000, 0x0000026df0674800, 0x0000026df0678000,
0x0000026df0678800, 0x0000026df0673000, 0x0000026deeefa000, 0x0000026deeef6000,
0x0000026deeef8800, 0x0000026deef02000, 0x0000026deeefd000, 0x0000026deeefe000,
0x0000026deeef9000, 0x0000026deeeff800
}

Java Threads: ( => current thread )
  0x0000026dce18c800 JavaThread "main" [_thread_blocked, id=2108, stack(0x0000009a4e900000,0x0000009a4ea00000)]
  0x0000026de9660000 JavaThread "Reference Handler" daemon [_thread_blocked, id=17104, stack(0x0000009a4f000000,0x0000009a4f100000)]
  0x0000026de9669000 JavaThread "Finalizer" daemon [_thread_blocked, id=12452, stack(0x0000009a4f100000,0x0000009a4f200000)]
  0x0000026de96be000 JavaThread "Signal Dispatcher" daemon [_thread_blocked, id=9844, stack(0x0000009a4f200000,0x0000009a4f300000)]
  0x0000026de96bf000 JavaThread "Attach Listener" daemon [_thread_blocked, id=6424, stack(0x0000009a4f300000,0x0000009a4f400000)]
  0x0000026de96c1800 JavaThread "Service Thread" daemon [_thread_blocked, id=15760, stack(0x0000009a4f400000,0x0000009a4f500000)]
  0x0000026de96c7800 JavaThread "C2 CompilerThread0" daemon [_thread_blocked, id=3064, stack(0x0000009a4f500000,0x0000009a4f600000)]
  0x0000026de96cc000 JavaThread "C1 CompilerThread0" daemon [_thread_blocked, id=13948, stack(0x0000009a4f600000,0x0000009a4f700000)]
  0x0000026de96db000 JavaThread "Sweeper thread" daemon [_thread_blocked, id=17116, stack(0x0000009a4f700000,0x0000009a4f800000)]
  0x0000026de9835000 JavaThread "Common-Cleaner" daemon [_thread_blocked, id=5944, stack(0x0000009a4f800000,0x0000009a4f900000)]
  0x0000026dec137800 JavaThread "Daemon health stats" [_thread_blocked, id=6688, stack(0x0000009a50100000,0x0000009a50200000)]
  0x0000026de9f6e800 JavaThread "Incoming local TCP Connector on port 58398" [_thread_in_native, id=14384, stack(0x0000009a4fa00000,0x0000009a4fb00000)]
  0x0000026dea87b800 JavaThread "Daemon periodic checks" [_thread_blocked, id=3588, stack(0x0000009a4fb00000,0x0000009a4fc00000)]
  0x0000026debd7d000 JavaThread "Daemon" [_thread_blocked, id=8940, stack(0x0000009a50200000,0x0000009a50300000)]
  0x0000026dec3b7000 JavaThread "Handler for socket connection from /127.0.0.1:58398 to /127.0.0.1:58399" [_thread_in_native, id=14296, stack(0x0000009a50300000,0x0000009a50400000)]
  0x0000026deb2ad800 JavaThread "Cancel handler" [_thread_blocked, id=14712, stack(0x0000009a50400000,0x0000009a50500000)]
  0x0000026deb210800 JavaThread "Daemon worker" [_thread_blocked, id=876, stack(0x0000009a50500000,0x0000009a50600000)]
  0x0000026deb933000 JavaThread "Asynchronous log dispatcher for DefaultDaemonConnection: socket connection from /127.0.0.1:58398 to /127.0.0.1:58399" [_thread_blocked, id=12540, stack(0x0000009a50600000,0x0000009a50700000)]
  0x0000026deb934000 JavaThread "Stdin handler" [_thread_blocked, id=3812, stack(0x0000009a50700000,0x0000009a50800000)]
  0x0000026dec054000 JavaThread "Daemon client event forwarder" [_thread_blocked, id=2572, stack(0x0000009a50800000,0x0000009a50900000)]
  0x0000026dec050000 JavaThread "Cache worker for file hash cache (C:\Users\enzo.tazarine\.gradle\caches\7.0.2\fileHashes)" [_thread_blocked, id=7460, stack(0x0000009a50b00000,0x0000009a50c00000)]
  0x0000026dec053800 JavaThread "File lock request listener" [_thread_in_native, id=9384, stack(0x0000009a50c00000,0x0000009a50d00000)]
  0x0000026dec052800 JavaThread "Cache worker for journal cache (C:\Users\enzo.tazarine\.gradle\caches\journal-1)" [_thread_blocked, id=2392, stack(0x0000009a50e00000,0x0000009a50f00000)]
  0x0000026dec052000 JavaThread "Cache worker for file hash cache (C:\Users\enzo.tazarine\AndroidStudioProjects\AndroidERestaurant\.gradle\7.0.2\fileHashes)" [_thread_blocked, id=12892, stack(0x0000009a51000000,0x0000009a51100000)]
  0x0000026dec051000 JavaThread "File watcher server" daemon [_thread_blocked, id=8496, stack(0x0000009a51100000,0x0000009a51200000)]
  0x0000026dec055000 JavaThread "File watcher consumer" daemon [_thread_blocked, id=16720, stack(0x0000009a51200000,0x0000009a51300000)]
  0x0000026dec04f800 JavaThread "Cache worker for checksums cache (C:\Users\enzo.tazarine\AndroidStudioProjects\AndroidERestaurant\.gradle\checksums)" [_thread_blocked, id=10872, stack(0x0000009a51300000,0x0000009a51400000)]
  0x0000026dec056000 JavaThread "Cache worker for cache directory md-supplier (C:\Users\enzo.tazarine\.gradle\caches\7.0.2\md-supplier)" [_thread_blocked, id=8340, stack(0x0000009a51400000,0x0000009a51500000)]
  0x0000026def20e000 JavaThread "Cache worker for cache directory md-rule (C:\Users\enzo.tazarine\.gradle\caches\7.0.2\md-rule)" [_thread_blocked, id=11896, stack(0x0000009a51600000,0x0000009a51700000)]
  0x0000026def210800 JavaThread "Cache worker for execution history cache (C:\Users\enzo.tazarine\.gradle\caches\7.0.2\executionHistory)" [_thread_blocked, id=16808, stack(0x0000009a51700000,0x0000009a51800000)]
  0x0000026def20f000 JavaThread "jar transforms" [_thread_blocked, id=13396, stack(0x0000009a51800000,0x0000009a51900000)]
  0x0000026def20c800 JavaThread "jar transforms Thread 2" [_thread_blocked, id=17396, stack(0x0000009a51900000,0x0000009a51a00000)]
  0x0000026def20a800 JavaThread "Cache worker for file content cache (C:\Users\enzo.tazarine\.gradle\caches\7.0.2\fileContent)" [_thread_blocked, id=2800, stack(0x0000009a51a00000,0x0000009a51b00000)]
  0x0000026def213000 JavaThread "Cache worker for dependencies-accessors (C:\Users\enzo.tazarine\AndroidStudioProjects\AndroidERestaurant\.gradle\7.0.2\dependencies-accessors)" [_thread_blocked, id=17212, stack(0x0000009a51b00000,0x0000009a51c00000)]
  0x0000026def211000 JavaThread "jar transforms Thread 3" [_thread_blocked, id=16776, stack(0x0000009a51c00000,0x0000009a51d00000)]
  0x0000026def212000 JavaThread "Cache worker for Build Output Cleanup Cache (C:\Users\enzo.tazarine\AndroidStudioProjects\AndroidERestaurant\.gradle\buildOutputCleanup)" [_thread_blocked, id=15320, stack(0x0000009a51d00000,0x0000009a51e00000)]
  0x0000026def20d000 JavaThread "Build operations" [_thread_blocked, id=16836, stack(0x0000009a51e00000,0x0000009a51f00000)]
  0x0000026def219800 JavaThread "Build operations Thread 2" [_thread_blocked, id=7416, stack(0x0000009a51f00000,0x0000009a52000000)]
  0x0000026def218000 JavaThread "Build operations Thread 3" [_thread_blocked, id=6672, stack(0x0000009a52000000,0x0000009a52100000)]
  0x0000026def213800 JavaThread "Build operations Thread 4" [_thread_blocked, id=11556, stack(0x0000009a52100000,0x0000009a52200000)]
  0x0000026def215800 JavaThread "Build operations Thread 5" [_thread_blocked, id=3240, stack(0x0000009a52200000,0x0000009a52300000)]
  0x0000026def216000 JavaThread "Build operations Thread 6" [_thread_blocked, id=13840, stack(0x0000009a52300000,0x0000009a52400000)]
  0x0000026def214800 JavaThread "Build operations Thread 7" [_thread_blocked, id=16216, stack(0x0000009a52400000,0x0000009a52500000)]
  0x0000026def217000 JavaThread "Build operations Thread 8" [_thread_blocked, id=16648, stack(0x0000009a52500000,0x0000009a52600000)]
  0x0000026def218800 JavaThread "jar transforms Thread 4" [_thread_blocked, id=16696, stack(0x0000009a52600000,0x0000009a52700000)]
  0x0000026debedb800 JavaThread "jar transforms Thread 5" [_thread_blocked, id=14652, stack(0x0000009a52700000,0x0000009a52800000)]
  0x0000026debed9000 JavaThread "jar transforms Thread 6" [_thread_blocked, id=16916, stack(0x0000009a52800000,0x0000009a52900000)]
  0x0000026debed8800 JavaThread "jar transforms Thread 7" [_thread_blocked, id=4128, stack(0x0000009a52900000,0x0000009a52a00000)]
  0x0000026debeda000 JavaThread "jar transforms Thread 8" [_thread_blocked, id=2212, stack(0x0000009a52a00000,0x0000009a52b00000)]
  0x0000026debedf000 JavaThread "Memory manager" [_thread_blocked, id=9804, stack(0x0000009a52b00000,0x0000009a52c00000)]
  0x0000026debedb000 JavaThread "build event listener" [_thread_blocked, id=16764, stack(0x0000009a52c00000,0x0000009a52d00000)]
  0x0000026debee0800 JavaThread "Execution worker for ':'" [_thread_blocked, id=13444, stack(0x0000009a52d00000,0x0000009a52e00000)]
  0x0000026debee1800 JavaThread "Execution worker for ':' Thread 2" [_thread_blocked, id=8676, stack(0x0000009a52e00000,0x0000009a52f00000)]
  0x0000026debede000 JavaThread "Execution worker for ':' Thread 3" [_thread_blocked, id=11288, stack(0x0000009a52f00000,0x0000009a53000000)]
  0x0000026debee2000 JavaThread "Execution worker for ':' Thread 4" [_thread_blocked, id=6448, stack(0x0000009a53000000,0x0000009a53100000)]
  0x0000026debedc800 JavaThread "Execution worker for ':' Thread 5" [_thread_blocked, id=15348, stack(0x0000009a53100000,0x0000009a53200000)]
  0x0000026debee3000 JavaThread "Execution worker for ':' Thread 6" [_thread_blocked, id=1360, stack(0x0000009a53200000,0x0000009a53300000)]
  0x0000026debee4000 JavaThread "Execution worker for ':' Thread 7" [_thread_blocked, id=17128, stack(0x0000009a53300000,0x0000009a53400000)]
  0x0000026debee5800 JavaThread "Cache worker for execution history cache (C:\Users\enzo.tazarine\AndroidStudioProjects\AndroidERestaurant\.gradle\7.0.2\executionHistory)" [_thread_blocked, id=13996, stack(0x0000009a53400000,0x0000009a53500000)]
  0x0000026debee6000 JavaThread "WorkerExecutor Queue" [_thread_blocked, id=14100, stack(0x0000009a53500000,0x0000009a53600000)]
  0x0000026debee4800 JavaThread "WorkerExecutor Queue Thread 2" [_thread_blocked, id=6332, stack(0x0000009a53600000,0x0000009a53700000)]
  0x0000026debee7000 JavaThread "WorkerExecutor Queue Thread 3" [_thread_blocked, id=10876, stack(0x0000009a53700000,0x0000009a53800000)]
  0x0000026df0674800 JavaThread "WorkerExecutor Queue Thread 4" [_thread_blocked, id=13876, stack(0x0000009a53800000,0x0000009a53900000)]
  0x0000026df0678000 JavaThread "pool-3-thread-1" [_thread_blocked, id=4428, stack(0x0000009a53900000,0x0000009a53a00000)]
  0x0000026df0678800 JavaThread "stderr" [_thread_in_native, id=12996, stack(0x0000009a53a00000,0x0000009a53b00000)]
  0x0000026df0673000 JavaThread "stdout" [_thread_in_native, id=5580, stack(0x0000009a53b00000,0x0000009a53c00000)]
  0x0000026deeefa000 JavaThread "RMI Scheduler(0)" daemon [_thread_blocked, id=868, stack(0x0000009a54b00000,0x0000009a54c00000)]
  0x0000026deeef6000 JavaThread "RMI RenewClean-[127.0.0.1:17161,org.jetbrains.kotlin.daemon.common.LoopbackNetworkInterface$ClientLoopbackSocketFactory@10ffd10c]" daemon [_thread_blocked, id=5188, stack(0x0000009a54c00000,0x0000009a54d00000)]
  0x0000026deeef8800 JavaThread "RMI GC Daemon" daemon [_thread_blocked, id=4720, stack(0x0000009a54d00000,0x0000009a54e00000)]
  0x0000026deef02000 JavaThread "RMI TCP Accept-0" daemon [_thread_in_native, id=3640, stack(0x0000009a54e00000,0x0000009a54f00000)]
  0x0000026deeefd000 JavaThread "RMI Reaper" [_thread_blocked, id=7184, stack(0x0000009a54f00000,0x0000009a55000000)]
  0x0000026deeefe000 JavaThread "RMI TCP Connection(1)-127.0.0.1" daemon [_thread_in_native, id=11428, stack(0x0000009a55000000,0x0000009a55100000)]
  0x0000026deeef9000 JavaThread "C2 CompilerThread1" daemon [_thread_blocked, id=16732, stack(0x0000009a50f00000,0x0000009a51000000)]
  0x0000026deeeff800 JavaThread "C2 CompilerThread2" daemon [_thread_blocked, id=15260, stack(0x0000009a51500000,0x0000009a51600000)]

Other Threads:
=>0x0000026de965b000 VMThread "VM Thread" [stack: 0x0000009a4ef00000,0x0000009a4f000000] [id=16004]
  0x0000026de988b800 WatcherThread [stack: 0x0000009a4f900000,0x0000009a4fa00000] [id=14068]
  0x0000026dce1a5000 GCTaskThread "GC Thread#0" [stack: 0x0000009a4ea00000,0x0000009a4eb00000] [id=11268]
  0x0000026de9bf2800 GCTaskThread "GC Thread#1" [stack: 0x0000009a4fc00000,0x0000009a4fd00000] [id=13340]
  0x0000026dea6e6000 GCTaskThread "GC Thread#2" [stack: 0x0000009a4fd00000,0x0000009a4fe00000] [id=11528]
  0x0000026dea5a9000 GCTaskThread "GC Thread#3" [stack: 0x0000009a4fe00000,0x0000009a4ff00000] [id=10068]
  0x0000026dea5a9800 GCTaskThread "GC Thread#4" [stack: 0x0000009a4ff00000,0x0000009a50000000] [id=17072]
  0x0000026dea544000 GCTaskThread "GC Thread#5" [stack: 0x0000009a50000000,0x0000009a50100000] [id=15380]
  0x0000026deba6c800 GCTaskThread "GC Thread#6" [stack: 0x0000009a50900000,0x0000009a50a00000] [id=10488]
  0x0000026deba71000 GCTaskThread "GC Thread#7" [stack: 0x0000009a50a00000,0x0000009a50b00000] [id=16688]
  0x0000026dce1d9000 ConcurrentGCThread "G1 Main Marker" [stack: 0x0000009a4eb00000,0x0000009a4ec00000] [id=16408]
  0x0000026dce1da800 ConcurrentGCThread "G1 Conc#0" [stack: 0x0000009a4ec00000,0x0000009a4ed00000] [id=13572]
  0x0000026deba6d000 ConcurrentGCThread "G1 Conc#1" [stack: 0x0000009a50d00000,0x0000009a50e00000] [id=13332]
  0x0000026dce26e000 ConcurrentGCThread "G1 Refine#0" [stack: 0x0000009a4ed00000,0x0000009a4ee00000] [id=12612]
  0x0000026df2a6a800 ConcurrentGCThread "G1 Refine#1" [stack: 0x0000009a54400000,0x0000009a54500000] [id=16788]
  0x0000026df28b6000 ConcurrentGCThread "G1 Refine#2" [stack: 0x0000009a54500000,0x0000009a54600000] [id=3408]
  0x0000026df29f1800 ConcurrentGCThread "G1 Refine#3" [stack: 0x0000009a54600000,0x0000009a54700000] [id=5584]
  0x0000026df2ef7800 ConcurrentGCThread "G1 Refine#4" [stack: 0x0000009a54700000,0x0000009a54800000] [id=5792]
  0x0000026df25e2000 ConcurrentGCThread "G1 Refine#5" [stack: 0x0000009a54800000,0x0000009a54900000] [id=8140]
  0x0000026df38b7000 ConcurrentGCThread "G1 Refine#6" [stack: 0x0000009a54900000,0x0000009a54a00000] [id=11580]
  0x0000026df237d800 ConcurrentGCThread "G1 Refine#7" [stack: 0x0000009a54a00000,0x0000009a54b00000] [id=2892]
  0x0000026de8ca8800 ConcurrentGCThread "G1 Young RemSet Sampling" [stack: 0x0000009a4ee00000,0x0000009a4ef00000] [id=2436]

Threads with active compile tasks:
C2 CompilerThread0  25602 14340       4       org.objectweb.asm.SymbolTable::addConstant (330 bytes)
C2 CompilerThread1  25602 14398       4       org.objectweb.asm.ClassReader::readField (667 bytes)
C2 CompilerThread2  25602 14272   !   4       org.gradle.internal.instantiation.generator.DependencyInjectingInstantiator::doCreate (64 bytes)

VM state:at safepoint (normal execution)

VM Mutex/Monitor currently owned by a thread:  ([mutex/lock_event])
[0x0000026dce189290] Threads_lock - owner thread: 0x0000026de965b000
[0x0000026dce1882d0] Heap_lock - owner thread: 0x0000026debee4000

Heap address: 0x0000000080000000, size: 2048 MB, Compressed Oops mode: 32-bit
Narrow klass base: 0x0000000000000000, Narrow klass shift: 3
Compressed class space size: 1073741824 Address: 0x0000000100000000

Heap:
 garbage-first heap   total 389120K, used 226128K [0x0000000080000000, 0x0000000100000000)
  region size 1024K, 2 young (2048K), 2 survivors (2048K)
 Metaspace       used 102556K, capacity 105240K, committed 105420K, reserved 1140736K
  class space    used 13439K, capacity 14469K, committed 14540K, reserved 1048576K
Heap Regions: E=young(eden), S=young(survivor), O=old, HS=humongous(starts), HC=humongous(continues), CS=collection set, F=free, A=archive, TAMS=top-at-mark-start (previous, next)
|   0|0x0000000080000000, 0x0000000080100000, 0x0000000080100000|100%| O|  |TAMS 0x0000000080100000, 0x0000000080100000| Untracked 
|   1|0x0000000080100000, 0x0000000080200000, 0x0000000080200000|100%| O|  |TAMS 0x0000000080200000, 0x0000000080200000| Untracked 
|   2|0x0000000080200000, 0x0000000080300000, 0x0000000080300000|100%| O|  |TAMS 0x0000000080300000, 0x0000000080300000| Untracked 
|   3|0x0000000080300000, 0x0000000080400000, 0x0000000080400000|100%|HS|  |TAMS 0x0000000080400000, 0x0000000080400000| Complete 
|   4|0x0000000080400000, 0x0000000080500000, 0x0000000080500000|100%|HC|  |TAMS 0x0000000080500000, 0x0000000080500000| Complete 
|   5|0x0000000080500000, 0x0000000080600000, 0x0000000080600000|100%|HC|  |TAMS 0x0000000080600000, 0x0000000080600000| Complete 
|   6|0x0000000080600000, 0x0000000080700000, 0x0000000080700000|100%| O|  |TAMS 0x0000000080700000, 0x0000000080700000| Untracked 
|   7|0x0000000080700000, 0x0000000080800000, 0x0000000080800000|100%| O|  |TAMS 0x0000000080800000, 0x0000000080800000| Untracked 
|   8|0x0000000080800000, 0x0000000080900000, 0x0000000080900000|100%| O|  |TAMS 0x0000000080900000, 0x0000000080900000| Untracked 
|   9|0x0000000080900000, 0x0000000080a00000, 0x0000000080a00000|100%| O|  |TAMS 0x0000000080a00000, 0x0000000080a00000| Untracked 
|  10|0x0000000080a00000, 0x0000000080b00000, 0x0000000080b00000|100%| O|  |TAMS 0x0000000080b00000, 0x0000000080b00000| Untracked 
|  11|0x0000000080b00000, 0x0000000080c00000, 0x0000000080c00000|100%| O|  |TAMS 0x0000000080c00000, 0x0000000080c00000| Untracked 
|  12|0x0000000080c00000, 0x0000000080d00000, 0x0000000080d00000|100%| O|  |TAMS 0x0000000080d00000, 0x0000000080d00000| Untracked 
|  13|0x0000000080d00000, 0x0000000080e00000, 0x0000000080e00000|100%| O|  |TAMS 0x0000000080e00000, 0x0000000080e00000| Untracked 
|  14|0x0000000080e00000, 0x0000000080f00000, 0x0000000080f00000|100%| O|  |TAMS 0x0000000080f00000, 0x0000000080f00000| Untracked 
|  15|0x0000000080f00000, 0x0000000081000000, 0x0000000081000000|100%| O|  |TAMS 0x0000000081000000, 0x0000000081000000| Untracked 
|  16|0x0000000081000000, 0x0000000081100000, 0x0000000081100000|100%|HS|  |TAMS 0x0000000081100000, 0x0000000081100000| Complete 
|  17|0x0000000081100000, 0x0000000081200000, 0x0000000081200000|100%|HS|  |TAMS 0x0000000081200000, 0x0000000081200000| Complete 
|  18|0x0000000081200000, 0x0000000081300000, 0x0000000081300000|100%|HS|  |TAMS 0x0000000081300000, 0x0000000081300000| Complete 
|  19|0x0000000081300000, 0x0000000081400000, 0x0000000081400000|100%|HS|  |TAMS 0x0000000081400000, 0x0000000081400000| Complete 
|  20|0x0000000081400000, 0x0000000081500000, 0x0000000081500000|100%|HC|  |TAMS 0x0000000081500000, 0x0000000081500000| Complete 
|  21|0x0000000081500000, 0x0000000081600000, 0x0000000081600000|100%|HC|  |TAMS 0x0000000081600000, 0x0000000081600000| Complete 
|  22|0x0000000081600000, 0x0000000081700000, 0x0000000081700000|100%|HS|  |TAMS 0x0000000081700000, 0x0000000081700000| Complete 
|  23|0x0000000081700000, 0x0000000081800000, 0x0000000081800000|100%|HC|  |TAMS 0x0000000081800000, 0x0000000081800000| Complete 
|  24|0x0000000081800000, 0x0000000081900000, 0x0000000081900000|100%| O|  |TAMS 0x0000000081900000, 0x0000000081900000| Untracked 
|  25|0x0000000081900000, 0x0000000081a00000, 0x0000000081a00000|100%| O|  |TAMS 0x0000000081a00000, 0x0000000081a00000| Untracked 
|  26|0x0000000081a00000, 0x0000000081b00000, 0x0000000081b00000|100%| O|  |TAMS 0x0000000081b00000, 0x0000000081b00000| Untracked 
|  27|0x0000000081b00000, 0x0000000081c00000, 0x0000000081c00000|100%| O|  |TAMS 0x0000000081c00000, 0x0000000081c00000| Untracked 
|  28|0x0000000081c00000, 0x0000000081d00000, 0x0000000081d00000|100%| O|  |TAMS 0x0000000081d00000, 0x0000000081d00000| Untracked 
|  29|0x0000000081d00000, 0x0000000081e00000, 0x0000000081e00000|100%| O|  |TAMS 0x0000000081e00000, 0x0000000081e00000| Untracked 
|  30|0x0000000081e00000, 0x0000000081f00000, 0x0000000081f00000|100%| O|  |TAMS 0x0000000081f00000, 0x0000000081f00000| Untracked 
|  31|0x0000000081f00000, 0x0000000082000000, 0x0000000082000000|100%| O|  |TAMS 0x0000000082000000, 0x0000000082000000| Untracked 
|  32|0x0000000082000000, 0x0000000082100000, 0x0000000082100000|100%| O|  |TAMS 0x0000000082100000, 0x0000000082100000| Untracked 
|  33|0x0000000082100000, 0x0000000082200000, 0x0000000082200000|100%| O|  |TAMS 0x0000000082200000, 0x0000000082200000| Untracked 
|  34|0x0000000082200000, 0x0000000082300000, 0x0000000082300000|100%| O|  |TAMS 0x0000000082300000, 0x0000000082300000| Untracked 
|  35|0x0000000082300000, 0x0000000082400000, 0x0000000082400000|100%| O|  |TAMS 0x0000000082400000, 0x0000000082400000| Untracked 
|  36|0x0000000082400000, 0x0000000082500000, 0x0000000082500000|100%| O|  |TAMS 0x0000000082500000, 0x0000000082500000| Untracked 
|  37|0x0000000082500000, 0x0000000082600000, 0x0000000082600000|100%| O|  |TAMS 0x0000000082600000, 0x0000000082600000| Untracked 
|  38|0x0000000082600000, 0x0000000082700000, 0x0000000082700000|100%| O|  |TAMS 0x0000000082700000, 0x0000000082700000| Untracked 
|  39|0x0000000082700000, 0x0000000082800000, 0x0000000082800000|100%| O|  |TAMS 0x0000000082800000, 0x0000000082800000| Untracked 
|  40|0x0000000082800000, 0x0000000082900000, 0x0000000082900000|100%| O|  |TAMS 0x0000000082900000, 0x0000000082900000| Untracked 
|  41|0x0000000082900000, 0x0000000082a00000, 0x0000000082a00000|100%| O|  |TAMS 0x0000000082a00000, 0x0000000082a00000| Untracked 
|  42|0x0000000082a00000, 0x0000000082b00000, 0x0000000082b00000|100%| O|  |TAMS 0x0000000082b00000, 0x0000000082b00000| Untracked 
|  43|0x0000000082b00000, 0x0000000082c00000, 0x0000000082c00000|100%| O|  |TAMS 0x0000000082c00000, 0x0000000082c00000| Untracked 
|  44|0x0000000082c00000, 0x0000000082d00000, 0x0000000082d00000|100%| O|  |TAMS 0x0000000082d00000, 0x0000000082d00000| Untracked 
|  45|0x0000000082d00000, 0x0000000082e00000, 0x0000000082e00000|100%| O|  |TAMS 0x0000000082e00000, 0x0000000082e00000| Untracked 
|  46|0x0000000082e00000, 0x0000000082f00000, 0x0000000082f00000|100%| O|  |TAMS 0x0000000082f00000, 0x0000000082f00000| Untracked 
|  47|0x0000000082f00000, 0x0000000083000000, 0x0000000083000000|100%| O|  |TAMS 0x0000000083000000, 0x0000000083000000| Untracked 
|  48|0x0000000083000000, 0x0000000083100000, 0x0000000083100000|100%| O|  |TAMS 0x0000000083100000, 0x0000000083100000| Untracked 
|  49|0x0000000083100000, 0x0000000083200000, 0x0000000083200000|100%| O|  |TAMS 0x0000000083200000, 0x0000000083200000| Untracked 
|  50|0x0000000083200000, 0x0000000083300000, 0x0000000083300000|100%| O|  |TAMS 0x0000000083300000, 0x0000000083300000| Untracked 
|  51|0x0000000083300000, 0x0000000083400000, 0x0000000083400000|100%| O|  |TAMS 0x0000000083400000, 0x0000000083400000| Untracked 
|  52|0x0000000083400000, 0x0000000083500000, 0x0000000083500000|100%| O|  |TAMS 0x0000000083500000, 0x0000000083500000| Untracked 
|  53|0x0000000083500000, 0x0000000083600000, 0x0000000083600000|100%| O|  |TAMS 0x0000000083600000, 0x0000000083600000| Untracked 
|  54|0x0000000083600000, 0x0000000083700000, 0x0000000083700000|100%| O|  |TAMS 0x0000000083700000, 0x0000000083700000| Untracked 
|  55|0x0000000083700000, 0x0000000083800000, 0x0000000083800000|100%| O|  |TAMS 0x0000000083800000, 0x0000000083800000| Untracked 
|  56|0x0000000083800000, 0x0000000083900000, 0x0000000083900000|100%| O|  |TAMS 0x0000000083900000, 0x0000000083900000| Untracked 
|  57|0x0000000083900000, 0x0000000083a00000, 0x0000000083a00000|100%| O|  |TAMS 0x0000000083a00000, 0x0000000083a00000| Untracked 
|  58|0x0000000083a00000, 0x0000000083b00000, 0x0000000083b00000|100%| O|  |TAMS 0x0000000083b00000, 0x0000000083b00000| Untracked 
|  59|0x0000000083b00000, 0x0000000083c00000, 0x0000000083c00000|100%| O|  |TAMS 0x0000000083c00000, 0x0000000083c00000| Untracked 
|  60|0x0000000083c00000, 0x0000000083d00000, 0x0000000083d00000|100%| O|  |TAMS 0x0000000083d00000, 0x0000000083d00000| Untracked 
|  61|0x0000000083d00000, 0x0000000083e00000, 0x0000000083e00000|100%|HS|  |TAMS 0x0000000083e00000, 0x0000000083e00000| Complete 
|  62|0x0000000083e00000, 0x0000000083f00000, 0x0000000083f00000|100%|HC|  |TAMS 0x0000000083f00000, 0x0000000083f00000| Complete 
|  63|0x0000000083f00000, 0x0000000084000000, 0x0000000084000000|100%|HS|  |TAMS 0x0000000084000000, 0x0000000084000000| Complete 
|  64|0x0000000084000000, 0x0000000084100000, 0x0000000084100000|100%|HS|  |TAMS 0x0000000084100000, 0x0000000084100000| Complete 
|  65|0x0000000084100000, 0x0000000084200000, 0x0000000084200000|100%|HS|  |TAMS 0x0000000084200000, 0x0000000084200000| Complete 
|  66|0x0000000084200000, 0x0000000084300000, 0x0000000084300000|100%|HS|  |TAMS 0x0000000084300000, 0x0000000084300000| Complete 
|  67|0x0000000084300000, 0x0000000084400000, 0x0000000084400000|100%|HC|  |TAMS 0x0000000084400000, 0x0000000084400000| Complete 
|  68|0x0000000084400000, 0x0000000084500000, 0x0000000084500000|100%|HC|  |TAMS 0x0000000084500000, 0x0000000084500000| Complete 
|  69|0x0000000084500000, 0x0000000084600000, 0x0000000084600000|100%| O|  |TAMS 0x0000000084600000, 0x0000000084600000| Untracked 
|  70|0x0000000084600000, 0x0000000084700000, 0x0000000084700000|100%| O|  |TAMS 0x0000000084700000, 0x0000000084700000| Untracked 
|  71|0x0000000084700000, 0x0000000084800000, 0x0000000084800000|100%| O|  |TAMS 0x0000000084800000, 0x0000000084800000| Untracked 
|  72|0x0000000084800000, 0x0000000084900000, 0x0000000084900000|100%| O|  |TAMS 0x0000000084900000, 0x0000000084900000| Untracked 
|  73|0x0000000084900000, 0x0000000084a00000, 0x0000000084a00000|100%| O|  |TAMS 0x0000000084a00000, 0x0000000084a00000| Untracked 
|  74|0x0000000084a00000, 0x0000000084b00000, 0x0000000084b00000|100%| O|  |TAMS 0x0000000084b00000, 0x0000000084b00000| Untracked 
|  75|0x0000000084b00000, 0x0000000084c00000, 0x0000000084c00000|100%| O|  |TAMS 0x0000000084c00000, 0x0000000084c00000| Untracked 
|  76|0x0000000084c00000, 0x0000000084d00000, 0x0000000084d00000|100%| O|  |TAMS 0x0000000084d00000, 0x0000000084d00000| Untracked 
|  77|0x0000000084d00000, 0x0000000084e00000, 0x0000000084e00000|100%| O|  |TAMS 0x0000000084e00000, 0x0000000084e00000| Untracked 
|  78|0x0000000084e00000, 0x0000000084f00000, 0x0000000084f00000|100%|HS|  |TAMS 0x0000000084f00000, 0x0000000084f00000| Complete 
|  79|0x0000000084f00000, 0x0000000085000000, 0x0000000085000000|100%|HC|  |TAMS 0x0000000085000000, 0x0000000085000000| Complete 
|  80|0x0000000085000000, 0x0000000085100000, 0x0000000085100000|100%| O|  |TAMS 0x0000000085100000, 0x0000000085100000| Untracked 
|  81|0x0000000085100000, 0x0000000085200000, 0x0000000085200000|100%|HS|  |TAMS 0x0000000085200000, 0x0000000085200000| Complete 
|  82|0x0000000085200000, 0x0000000085300000, 0x0000000085300000|100%| O|  |TAMS 0x0000000085300000, 0x0000000085300000| Untracked 
|  83|0x0000000085300000, 0x0000000085400000, 0x0000000085400000|100%| O|  |TAMS 0x0000000085400000, 0x0000000085400000| Untracked 
|  84|0x0000000085400000, 0x0000000085500000, 0x0000000085500000|100%| O|  |TAMS 0x0000000085500000, 0x0000000085500000| Untracked 
|  85|0x0000000085500000, 0x0000000085600000, 0x0000000085600000|100%|HS|  |TAMS 0x0000000085600000, 0x0000000085600000| Complete 
|  86|0x0000000085600000, 0x0000000085700000, 0x0000000085700000|100%| O|  |TAMS 0x0000000085700000, 0x0000000085700000| Untracked 
|  87|0x0000000085700000, 0x0000000085800000, 0x0000000085800000|100%| O|  |TAMS 0x0000000085800000, 0x0000000085800000| Untracked 
|  88|0x0000000085800000, 0x0000000085900000, 0x0000000085900000|100%| O|  |TAMS 0x0000000085900000, 0x0000000085900000| Untracked 
|  89|0x0000000085900000, 0x0000000085a00000, 0x0000000085a00000|100%|HS|  |TAMS 0x0000000085a00000, 0x0000000085a00000| Complete 
|  90|0x0000000085a00000, 0x0000000085b00000, 0x0000000085b00000|100%|HC|  |TAMS 0x0000000085b00000, 0x0000000085b00000| Complete 
|  91|0x0000000085b00000, 0x0000000085c00000, 0x0000000085c00000|100%|HS|  |TAMS 0x0000000085c00000, 0x0000000085c00000| Complete 
|  92|0x0000000085c00000, 0x0000000085d00000, 0x0000000085d00000|100%|HS|  |TAMS 0x0000000085d00000, 0x0000000085d00000| Complete 
|  93|0x0000000085d00000, 0x0000000085e00000, 0x0000000085e00000|100%|HS|  |TAMS 0x0000000085e00000, 0x0000000085e00000| Complete 
|  94|0x0000000085e00000, 0x0000000085f00000, 0x0000000085f00000|100%| O|  |TAMS 0x0000000085f00000, 0x0000000085f00000| Untracked 
|  95|0x0000000085f00000, 0x0000000086000000, 0x0000000086000000|100%| O|  |TAMS 0x0000000086000000, 0x0000000086000000| Untracked 
|  96|0x0000000086000000, 0x0000000086100000, 0x0000000086100000|100%| O|  |TAMS 0x0000000086100000, 0x0000000086100000| Untracked 
|  97|0x0000000086100000, 0x0000000086200000, 0x0000000086200000|100%| O|  |TAMS 0x0000000086200000, 0x0000000086200000| Untracked 
|  98|0x0000000086200000, 0x0000000086300000, 0x0000000086300000|100%| O|  |TAMS 0x0000000086300000, 0x0000000086300000| Untracked 
|  99|0x0000000086300000, 0x0000000086400000, 0x0000000086400000|100%| O|  |TAMS 0x0000000086400000, 0x0000000086400000| Untracked 
| 100|0x0000000086400000, 0x0000000086500000, 0x0000000086500000|100%| O|  |TAMS 0x0000000086500000, 0x0000000086500000| Untracked 
| 101|0x0000000086500000, 0x0000000086600000, 0x0000000086600000|100%| O|  |TAMS 0x0000000086600000, 0x0000000086600000| Untracked 
| 102|0x0000000086600000, 0x0000000086700000, 0x0000000086700000|100%| O|  |TAMS 0x0000000086700000, 0x0000000086700000| Untracked 
| 103|0x0000000086700000, 0x0000000086800000, 0x0000000086800000|100%| O|  |TAMS 0x0000000086800000, 0x0000000086800000| Untracked 
| 104|0x0000000086800000, 0x0000000086900000, 0x0000000086900000|100%| O|  |TAMS 0x0000000086900000, 0x0000000086900000| Untracked 
| 105|0x0000000086900000, 0x0000000086a00000, 0x0000000086a00000|100%| O|  |TAMS 0x0000000086a00000, 0x0000000086a00000| Untracked 
| 106|0x0000000086a00000, 0x0000000086b00000, 0x0000000086b00000|100%| O|  |TAMS 0x0000000086b00000, 0x0000000086b00000| Untracked 
| 107|0x0000000086b00000, 0x0000000086c00000, 0x0000000086c00000|100%| O|  |TAMS 0x0000000086c00000, 0x0000000086c00000| Untracked 
| 108|0x0000000086c00000, 0x0000000086d00000, 0x0000000086d00000|100%| O|  |TAMS 0x0000000086d00000, 0x0000000086d00000| Untracked 
| 109|0x0000000086d00000, 0x0000000086e00000, 0x0000000086e00000|100%| O|  |TAMS 0x0000000086e00000, 0x0000000086e00000| Untracked 
| 110|0x0000000086e00000, 0x0000000086f00000, 0x0000000086f00000|100%| O|  |TAMS 0x0000000086f00000, 0x0000000086f00000| Untracked 
| 111|0x0000000086f00000, 0x0000000087000000, 0x0000000087000000|100%| O|  |TAMS 0x0000000087000000, 0x0000000087000000| Untracked 
| 112|0x0000000087000000, 0x0000000087100000, 0x0000000087100000|100%| O|  |TAMS 0x0000000087100000, 0x0000000087100000| Untracked 
| 113|0x0000000087100000, 0x0000000087200000, 0x0000000087200000|100%| O|  |TAMS 0x0000000087200000, 0x0000000087200000| Untracked 
| 114|0x0000000087200000, 0x0000000087300000, 0x0000000087300000|100%| O|  |TAMS 0x0000000087300000, 0x0000000087300000| Untracked 
| 115|0x0000000087300000, 0x0000000087400000, 0x0000000087400000|100%| O|  |TAMS 0x0000000087400000, 0x0000000087400000| Untracked 
| 116|0x0000000087400000, 0x0000000087500000, 0x0000000087500000|100%| O|  |TAMS 0x0000000087500000, 0x0000000087500000| Untracked 
| 117|0x0000000087500000, 0x0000000087600000, 0x0000000087600000|100%| O|  |TAMS 0x0000000087600000, 0x0000000087600000| Untracked 
| 118|0x0000000087600000, 0x0000000087700000, 0x0000000087700000|100%| O|  |TAMS 0x0000000087700000, 0x0000000087700000| Untracked 
| 119|0x0000000087700000, 0x0000000087800000, 0x0000000087800000|100%| O|  |TAMS 0x0000000087800000, 0x0000000087800000| Untracked 
| 120|0x0000000087800000, 0x0000000087900000, 0x0000000087900000|100%| O|  |TAMS 0x0000000087900000, 0x0000000087900000| Untracked 
| 121|0x0000000087900000, 0x0000000087a00000, 0x0000000087a00000|100%| O|  |TAMS 0x0000000087a00000, 0x0000000087a00000| Untracked 
| 122|0x0000000087a00000, 0x0000000087b00000, 0x0000000087b00000|100%| O|  |TAMS 0x0000000087b00000, 0x0000000087b00000| Untracked 
| 123|0x0000000087b00000, 0x0000000087c00000, 0x0000000087c00000|100%| O|  |TAMS 0x0000000087c00000, 0x0000000087c00000| Untracked 
| 124|0x0000000087c00000, 0x0000000087d00000, 0x0000000087d00000|100%| O|  |TAMS 0x0000000087d00000, 0x0000000087d00000| Untracked 
| 125|0x0000000087d00000, 0x0000000087e00000, 0x0000000087e00000|100%| O|  |TAMS 0x0000000087e00000, 0x0000000087e00000| Untracked 
| 126|0x0000000087e00000, 0x0000000087f00000, 0x0000000087f00000|100%| O|  |TAMS 0x0000000087f00000, 0x0000000087f00000| Untracked 
| 127|0x0000000087f00000, 0x0000000088000000, 0x0000000088000000|100%| O|  |TAMS 0x0000000088000000, 0x0000000088000000| Untracked 
| 128|0x0000000088000000, 0x0000000088100000, 0x0000000088100000|100%| O|  |TAMS 0x0000000088100000, 0x0000000088100000| Untracked 
| 129|0x0000000088100000, 0x0000000088200000, 0x0000000088200000|100%| O|  |TAMS 0x0000000088200000, 0x0000000088200000| Untracked 
| 130|0x0000000088200000, 0x0000000088300000, 0x0000000088300000|100%| O|  |TAMS 0x0000000088300000, 0x0000000088300000| Untracked 
| 131|0x0000000088300000, 0x0000000088400000, 0x0000000088400000|100%| O|  |TAMS 0x0000000088400000, 0x0000000088400000| Untracked 
| 132|0x0000000088400000, 0x0000000088500000, 0x0000000088500000|100%| O|  |TAMS 0x0000000088500000, 0x0000000088500000| Untracked 
| 133|0x0000000088500000, 0x0000000088600000, 0x0000000088600000|100%| O|  |TAMS 0x0000000088600000, 0x0000000088600000| Untracked 
| 134|0x0000000088600000, 0x0000000088700000, 0x0000000088700000|100%| O|  |TAMS 0x0000000088700000, 0x0000000088700000| Untracked 
| 135|0x0000000088700000, 0x0000000088800000, 0x0000000088800000|100%| O|  |TAMS 0x0000000088800000, 0x0000000088800000| Untracked 
| 136|0x0000000088800000, 0x0000000088900000, 0x0000000088900000|100%| O|  |TAMS 0x0000000088900000, 0x0000000088900000| Untracked 
| 137|0x0000000088900000, 0x0000000088a00000, 0x0000000088a00000|100%| O|  |TAMS 0x0000000088a00000, 0x0000000088a00000| Untracked 
| 138|0x0000000088a00000, 0x0000000088b00000, 0x0000000088b00000|100%| O|  |TAMS 0x0000000088b00000, 0x0000000088b00000| Untracked 
| 139|0x0000000088b00000, 0x0000000088c00000, 0x0000000088c00000|100%| O|  |TAMS 0x0000000088c00000, 0x0000000088c00000| Untracked 
| 140|0x0000000088c00000, 0x0000000088d00000, 0x0000000088d00000|100%|HS|  |TAMS 0x0000000088d00000, 0x0000000088d00000| Complete 
| 141|0x0000000088d00000, 0x0000000088e00000, 0x0000000088e00000|100%| O|  |TAMS 0x0000000088e00000, 0x0000000088e00000| Untracked 
| 142|0x0000000088e00000, 0x0000000088f00000, 0x0000000088f00000|100%|HS|  |TAMS 0x0000000088f00000, 0x0000000088f00000| Complete 
| 143|0x0000000088f00000, 0x0000000089000000, 0x0000000089000000|100%| O|  |TAMS 0x0000000089000000, 0x0000000089000000| Untracked 
| 144|0x0000000089000000, 0x0000000089100000, 0x0000000089100000|100%| O|  |TAMS 0x0000000089100000, 0x0000000089100000| Untracked 
| 145|0x0000000089100000, 0x0000000089200000, 0x0000000089200000|100%| O|  |TAMS 0x0000000089200000, 0x0000000089200000| Untracked 
| 146|0x0000000089200000, 0x0000000089300000, 0x0000000089300000|100%| O|  |TAMS 0x0000000089300000, 0x0000000089300000| Untracked 
| 147|0x0000000089300000, 0x0000000089400000, 0x0000000089400000|100%|HS|  |TAMS 0x0000000089300000, 0x0000000089400000| Complete 
| 148|0x0000000089400000, 0x0000000089500000, 0x0000000089500000|100%| O|  |TAMS 0x0000000089500000, 0x0000000089500000| Untracked 
| 149|0x0000000089500000, 0x0000000089600000, 0x0000000089600000|100%| O|  |TAMS 0x0000000089600000, 0x0000000089600000| Untracked 
| 150|0x0000000089600000, 0x0000000089700000, 0x0000000089700000|100%| O|  |TAMS 0x0000000089700000, 0x0000000089700000| Untracked 
| 151|0x0000000089700000, 0x0000000089800000, 0x0000000089800000|100%| O|  |TAMS 0x0000000089800000, 0x0000000089800000| Untracked 
| 152|0x0000000089800000, 0x0000000089900000, 0x0000000089900000|100%| O|  |TAMS 0x0000000089900000, 0x0000000089900000| Untracked 
| 153|0x0000000089900000, 0x0000000089a00000, 0x0000000089a00000|100%| O|  |TAMS 0x0000000089a00000, 0x0000000089a00000| Untracked 
| 154|0x0000000089a00000, 0x0000000089b00000, 0x0000000089b00000|100%| O|  |TAMS 0x0000000089b00000, 0x0000000089b00000| Untracked 
| 155|0x0000000089b00000, 0x0000000089c00000, 0x0000000089c00000|100%| O|  |TAMS 0x0000000089c00000, 0x0000000089c00000| Untracked 
| 156|0x0000000089c00000, 0x0000000089d00000, 0x0000000089d00000|100%| O|  |TAMS 0x0000000089d00000, 0x0000000089d00000| Untracked 
| 157|0x0000000089d00000, 0x0000000089e00000, 0x0000000089e00000|100%| O|  |TAMS 0x0000000089e00000, 0x0000000089e00000| Untracked 
| 158|0x0000000089e00000, 0x0000000089f00000, 0x0000000089f00000|100%| O|  |TAMS 0x0000000089f00000, 0x0000000089f00000| Untracked 
| 159|0x0000000089f00000, 0x000000008a000000, 0x000000008a000000|100%| O|  |TAMS 0x000000008a000000, 0x000000008a000000| Untracked 
| 160|0x000000008a000000, 0x000000008a100000, 0x000000008a100000|100%| O|  |TAMS 0x000000008a100000, 0x000000008a100000| Untracked 
| 161|0x000000008a100000, 0x000000008a200000, 0x000000008a200000|100%| O|  |TAMS 0x000000008a200000, 0x000000008a200000| Untracked 
| 162|0x000000008a200000, 0x000000008a300000, 0x000000008a300000|100%| O|  |TAMS 0x000000008a300000, 0x000000008a300000| Untracked 
| 163|0x000000008a300000, 0x000000008a400000, 0x000000008a400000|100%| O|  |TAMS 0x000000008a400000, 0x000000008a400000| Untracked 
| 164|0x000000008a400000, 0x000000008a400000, 0x000000008a500000|  0%| F|  |TAMS 0x000000008a400000, 0x000000008a400000| Untracked 
| 165|0x000000008a500000, 0x000000008a600000, 0x000000008a600000|100%| O|  |TAMS 0x000000008a600000, 0x000000008a600000| Untracked 
| 166|0x000000008a600000, 0x000000008a700000, 0x000000008a700000|100%| O|  |TAMS 0x000000008a700000, 0x000000008a700000| Untracked 
| 167|0x000000008a700000, 0x000000008a800000, 0x000000008a800000|100%| O|  |TAMS 0x000000008a800000, 0x000000008a800000| Untracked 
| 168|0x000000008a800000, 0x000000008a900000, 0x000000008a900000|100%| O|  |TAMS 0x000000008a900000, 0x000000008a900000| Untracked 
| 169|0x000000008a900000, 0x000000008aa00000, 0x000000008aa00000|100%| O|  |TAMS 0x000000008aa00000, 0x000000008aa00000| Untracked 
| 170|0x000000008aa00000, 0x000000008ab00000, 0x000000008ab00000|100%|HS|  |TAMS 0x000000008ab00000, 0x000000008ab00000| Complete 
| 171|0x000000008ab00000, 0x000000008ac00000, 0x000000008ac00000|100%|HS|  |TAMS 0x000000008ac00000, 0x000000008ac00000| Complete 
| 172|0x000000008ac00000, 0x000000008ad00000, 0x000000008ad00000|100%|HS|  |TAMS 0x000000008ad00000, 0x000000008ad00000| Complete 
| 173|0x000000008ad00000, 0x000000008ae00000, 0x000000008ae00000|100%|HC|  |TAMS 0x000000008ae00000, 0x000000008ae00000| Complete 
| 174|0x000000008ae00000, 0x000000008af00000, 0x000000008af00000|100%| O|  |TAMS 0x000000008af00000, 0x000000008af00000| Untracked 
| 175|0x000000008af00000, 0x000000008b000000, 0x000000008b000000|100%| O|  |TAMS 0x000000008b000000, 0x000000008b000000| Untracked 
| 176|0x000000008b000000, 0x000000008b100000, 0x000000008b100000|100%| O|  |TAMS 0x000000008b100000, 0x000000008b100000| Untracked 
| 177|0x000000008b100000, 0x000000008b200000, 0x000000008b200000|100%| O|  |TAMS 0x000000008b200000, 0x000000008b200000| Untracked 
| 178|0x000000008b200000, 0x000000008b300000, 0x000000008b300000|100%| O|  |TAMS 0x000000008b300000, 0x000000008b300000| Untracked 
| 179|0x000000008b300000, 0x000000008b400000, 0x000000008b400000|100%| O|  |TAMS 0x000000008b400000, 0x000000008b400000| Untracked 
| 180|0x000000008b400000, 0x000000008b500000, 0x000000008b500000|100%|HS|  |TAMS 0x000000008b500000, 0x000000008b500000| Complete 
| 181|0x000000008b500000, 0x000000008b600000, 0x000000008b600000|100%|HC|  |TAMS 0x000000008b600000, 0x000000008b600000| Complete 
| 182|0x000000008b600000, 0x000000008b700000, 0x000000008b700000|100%| O|  |TAMS 0x000000008b700000, 0x000000008b700000| Untracked 
| 183|0x000000008b700000, 0x000000008b800000, 0x000000008b800000|100%|HS|  |TAMS 0x000000008b800000, 0x000000008b800000| Complete 
| 184|0x000000008b800000, 0x000000008b900000, 0x000000008b900000|100%|HS|  |TAMS 0x000000008b900000, 0x000000008b900000| Complete 
| 185|0x000000008b900000, 0x000000008ba00000, 0x000000008ba00000|100%|HS|  |TAMS 0x000000008ba00000, 0x000000008ba00000| Complete 
| 186|0x000000008ba00000, 0x000000008bb00000, 0x000000008bb00000|100%|HC|  |TAMS 0x000000008bb00000, 0x000000008bb00000| Complete 
| 187|0x000000008bb00000, 0x000000008bc00000, 0x000000008bc00000|100%| O|  |TAMS 0x000000008bc00000, 0x000000008bc00000| Untracked 
| 188|0x000000008bc00000, 0x000000008bd00000, 0x000000008bd00000|100%| O|  |TAMS 0x000000008bd00000, 0x000000008bd00000| Untracked 
| 189|0x000000008bd00000, 0x000000008be00000, 0x000000008be00000|100%| O|  |TAMS 0x000000008be00000, 0x000000008be00000| Untracked 
| 190|0x000000008be00000, 0x000000008bf00000, 0x000000008bf00000|100%| O|  |TAMS 0x000000008bf00000, 0x000000008bf00000| Untracked 
| 191|0x000000008bf00000, 0x000000008c000000, 0x000000008c000000|100%| O|  |TAMS 0x000000008c000000, 0x000000008c000000| Untracked 
| 192|0x000000008c000000, 0x000000008c100000, 0x000000008c100000|100%| O|  |TAMS 0x000000008c100000, 0x000000008c100000| Untracked 
| 193|0x000000008c100000, 0x000000008c200000, 0x000000008c200000|100%| O|  |TAMS 0x000000008c140200, 0x000000008c200000| Untracked 
| 194|0x000000008c200000, 0x000000008c300000, 0x000000008c300000|100%|HS|  |TAMS 0x000000008c200000, 0x000000008c300000| Complete 
| 195|0x000000008c300000, 0x000000008c400000, 0x000000008c400000|100%|HC|  |TAMS 0x000000008c300000, 0x000000008c400000| Complete 
| 196|0x000000008c400000, 0x000000008c500000, 0x000000008c500000|100%|HC|  |TAMS 0x000000008c400000, 0x000000008c500000| Complete 
| 197|0x000000008c500000, 0x000000008c600000, 0x000000008c600000|100%|HC|  |TAMS 0x000000008c500000, 0x000000008c600000| Complete 
| 198|0x000000008c600000, 0x000000008c700000, 0x000000008c700000|100%|HC|  |TAMS 0x000000008c600000, 0x000000008c700000| Complete 
| 199|0x000000008c700000, 0x000000008c800000, 0x000000008c800000|100%|HC|  |TAMS 0x000000008c700000, 0x000000008c800000| Complete 
| 200|0x000000008c800000, 0x000000008c900000, 0x000000008c900000|100%|HC|  |TAMS 0x000000008c800000, 0x000000008c900000| Complete 
| 201|0x000000008c900000, 0x000000008ca00000, 0x000000008ca00000|100%|HC|  |TAMS 0x000000008c900000, 0x000000008ca00000| Complete 
| 202|0x000000008ca00000, 0x000000008cb00000, 0x000000008cb00000|100%|HC|  |TAMS 0x000000008ca00000, 0x000000008cb00000| Complete 
| 203|0x000000008cb00000, 0x000000008cc00000, 0x000000008cc00000|100%| O|  |TAMS 0x000000008cb00000, 0x000000008cc00000| Untracked 
| 204|0x000000008cc00000, 0x000000008cd00000, 0x000000008cd00000|100%| O|  |TAMS 0x000000008cc00000, 0x000000008cd00000| Untracked 
| 205|0x000000008cd00000, 0x000000008ce00000, 0x000000008ce00000|100%| O|  |TAMS 0x000000008cd00000, 0x000000008ce00000| Untracked 
| 206|0x000000008ce00000, 0x000000008cf00000, 0x000000008cf00000|100%| O|  |TAMS 0x000000008ce00000, 0x000000008cf00000| Untracked 
| 207|0x000000008cf00000, 0x000000008d000000, 0x000000008d000000|100%| O|  |TAMS 0x000000008cf00000, 0x000000008d000000| Untracked 
| 208|0x000000008d000000, 0x000000008d100000, 0x000000008d100000|100%| O|  |TAMS 0x000000008d000000, 0x000000008d100000| Untracked 
| 209|0x000000008d100000, 0x000000008d200000, 0x000000008d200000|100%| O|  |TAMS 0x000000008d100000, 0x000000008d200000| Untracked 
| 210|0x000000008d200000, 0x000000008d300000, 0x000000008d300000|100%| O|  |TAMS 0x000000008d200000, 0x000000008d300000| Untracked 
| 211|0x000000008d300000, 0x000000008d400000, 0x000000008d400000|100%| O|  |TAMS 0x000000008d300000, 0x000000008d400000| Untracked 
| 212|0x000000008d400000, 0x000000008d500000, 0x000000008d500000|100%| O|  |TAMS 0x000000008d400000, 0x000000008d500000| Untracked 
| 213|0x000000008d500000, 0x000000008d600000, 0x000000008d600000|100%| O|  |TAMS 0x000000008d500000, 0x000000008d600000| Untracked 
| 214|0x000000008d600000, 0x000000008d700000, 0x000000008d700000|100%| O|  |TAMS 0x000000008d600000, 0x000000008d700000| Untracked 
| 215|0x000000008d700000, 0x000000008d800000, 0x000000008d800000|100%| O|  |TAMS 0x000000008d700000, 0x000000008d800000| Untracked 
| 216|0x000000008d800000, 0x000000008d81fc00, 0x000000008d900000| 12%| O|  |TAMS 0x000000008d800000, 0x000000008d81fc00| Untracked 
| 217|0x000000008d900000, 0x000000008d900000, 0x000000008da00000|  0%| F|  |TAMS 0x000000008d900000, 0x000000008d900000| Untracked 
| 218|0x000000008da00000, 0x000000008da00000, 0x000000008db00000|  0%| F|  |TAMS 0x000000008da00000, 0x000000008da00000| Untracked 
| 219|0x000000008db00000, 0x000000008db00000, 0x000000008dc00000|  0%| F|  |TAMS 0x000000008db00000, 0x000000008db00000| Untracked 
| 220|0x000000008dc00000, 0x000000008dc00000, 0x000000008dd00000|  0%| F|  |TAMS 0x000000008dc00000, 0x000000008dc00000| Untracked 
| 221|0x000000008dd00000, 0x000000008dd00000, 0x000000008de00000|  0%| F|  |TAMS 0x000000008dd00000, 0x000000008dd00000| Untracked 
| 222|0x000000008de00000, 0x000000008de00000, 0x000000008df00000|  0%| F|  |TAMS 0x000000008de00000, 0x000000008de00000| Untracked 
| 223|0x000000008df00000, 0x000000008df00000, 0x000000008e000000|  0%| F|  |TAMS 0x000000008df00000, 0x000000008df00000| Untracked 
| 224|0x000000008e000000, 0x000000008e000000, 0x000000008e100000|  0%| F|  |TAMS 0x000000008e000000, 0x000000008e000000| Untracked 
| 225|0x000000008e100000, 0x000000008e100000, 0x000000008e200000|  0%| F|  |TAMS 0x000000008e100000, 0x000000008e100000| Untracked 
| 226|0x000000008e200000, 0x000000008e200000, 0x000000008e300000|  0%| F|  |TAMS 0x000000008e200000, 0x000000008e200000| Untracked 
| 227|0x000000008e300000, 0x000000008e300000, 0x000000008e400000|  0%| F|  |TAMS 0x000000008e300000, 0x000000008e300000| Untracked 
| 228|0x000000008e400000, 0x000000008e400000, 0x000000008e500000|  0%| F|  |TAMS 0x000000008e400000, 0x000000008e400000| Untracked 
| 229|0x000000008e500000, 0x000000008e500000, 0x000000008e600000|  0%| F|  |TAMS 0x000000008e500000, 0x000000008e500000| Untracked 
| 230|0x000000008e600000, 0x000000008e600000, 0x000000008e700000|  0%| F|  |TAMS 0x000000008e600000, 0x000000008e600000| Untracked 
| 231|0x000000008e700000, 0x000000008e700000, 0x000000008e800000|  0%| F|  |TAMS 0x000000008e700000, 0x000000008e700000| Untracked 
| 232|0x000000008e800000, 0x000000008e800000, 0x000000008e900000|  0%| F|  |TAMS 0x000000008e800000, 0x000000008e800000| Untracked 
| 233|0x000000008e900000, 0x000000008e900000, 0x000000008ea00000|  0%| F|  |TAMS 0x000000008e900000, 0x000000008e900000| Untracked 
| 234|0x000000008ea00000, 0x000000008ea00000, 0x000000008eb00000|  0%| F|  |TAMS 0x000000008ea00000, 0x000000008ea00000| Untracked 
| 235|0x000000008eb00000, 0x000000008eb00000, 0x000000008ec00000|  0%| F|  |TAMS 0x000000008eb00000, 0x000000008eb00000| Untracked 
| 236|0x000000008ec00000, 0x000000008ec00000, 0x000000008ed00000|  0%| F|  |TAMS 0x000000008ec00000, 0x000000008ec00000| Untracked 
| 237|0x000000008ed00000, 0x000000008ed00000, 0x000000008ee00000|  0%| F|  |TAMS 0x000000008ed00000, 0x000000008ed00000| Untracked 
| 238|0x000000008ee00000, 0x000000008ee00000, 0x000000008ef00000|  0%| F|  |TAMS 0x000000008ee00000, 0x000000008ee00000| Untracked 
| 239|0x000000008ef00000, 0x000000008ef00000, 0x000000008f000000|  0%| F|  |TAMS 0x000000008ef00000, 0x000000008ef00000| Untracked 
| 240|0x000000008f000000, 0x000000008f000000, 0x000000008f100000|  0%| F|  |TAMS 0x000000008f000000, 0x000000008f000000| Untracked 
| 241|0x000000008f100000, 0x000000008f100000, 0x000000008f200000|  0%| F|  |TAMS 0x000000008f100000, 0x000000008f100000| Untracked 
| 242|0x000000008f200000, 0x000000008f200000, 0x000000008f300000|  0%| F|  |TAMS 0x000000008f200000, 0x000000008f200000| Untracked 
| 243|0x000000008f300000, 0x000000008f300000, 0x000000008f400000|  0%| F|  |TAMS 0x000000008f300000, 0x000000008f300000| Untracked 
| 244|0x000000008f400000, 0x000000008f400000, 0x000000008f500000|  0%| F|  |TAMS 0x000000008f400000, 0x000000008f400000| Untracked 
| 245|0x000000008f500000, 0x000000008f500000, 0x000000008f600000|  0%| F|  |TAMS 0x000000008f500000, 0x000000008f500000| Untracked 
| 246|0x000000008f600000, 0x000000008f600000, 0x000000008f700000|  0%| F|  |TAMS 0x000000008f600000, 0x000000008f600000| Untracked 
| 247|0x000000008f700000, 0x000000008f700000, 0x000000008f800000|  0%| F|  |TAMS 0x000000008f700000, 0x000000008f700000| Untracked 
| 248|0x000000008f800000, 0x000000008f800000, 0x000000008f900000|  0%| F|  |TAMS 0x000000008f800000, 0x000000008f800000| Untracked 
| 249|0x000000008f900000, 0x000000008f900000, 0x000000008fa00000|  0%| F|  |TAMS 0x000000008f900000, 0x000000008f900000| Untracked 
| 250|0x000000008fa00000, 0x000000008fa00000, 0x000000008fb00000|  0%| F|  |TAMS 0x000000008fa00000, 0x000000008fa00000| Untracked 
| 251|0x000000008fb00000, 0x000000008fb00000, 0x000000008fc00000|  0%| F|  |TAMS 0x000000008fb00000, 0x000000008fb00000| Untracked 
| 252|0x000000008fc00000, 0x000000008fc00000, 0x000000008fd00000|  0%| F|  |TAMS 0x000000008fc00000, 0x000000008fc00000| Untracked 
| 253|0x000000008fd00000, 0x000000008fd00000, 0x000000008fe00000|  0%| F|  |TAMS 0x000000008fd00000, 0x000000008fd00000| Untracked 
| 254|0x000000008fe00000, 0x000000008ff00000, 0x000000008ff00000|100%| O|  |TAMS 0x000000008ff00000, 0x000000008ff00000| Untracked 
| 255|0x000000008ff00000, 0x0000000090000000, 0x0000000090000000|100%| O|  |TAMS 0x0000000090000000, 0x0000000090000000| Untracked 
| 256|0x0000000090000000, 0x0000000090100000, 0x0000000090100000|100%| O|  |TAMS 0x0000000090100000, 0x0000000090100000| Untracked 
| 257|0x0000000090100000, 0x0000000090200000, 0x0000000090200000|100%| O|  |TAMS 0x0000000090200000, 0x0000000090200000| Untracked 
| 258|0x0000000090200000, 0x0000000090200000, 0x0000000090300000|  0%| F|  |TAMS 0x0000000090200000, 0x0000000090200000| Untracked 
| 259|0x0000000090300000, 0x0000000090300000, 0x0000000090400000|  0%| F|  |TAMS 0x0000000090300000, 0x0000000090300000| Untracked 
| 260|0x0000000090400000, 0x0000000090400000, 0x0000000090500000|  0%| F|  |TAMS 0x0000000090400000, 0x0000000090400000| Untracked 
| 261|0x0000000090500000, 0x0000000090500000, 0x0000000090600000|  0%| F|  |TAMS 0x0000000090500000, 0x0000000090500000| Untracked 
| 262|0x0000000090600000, 0x0000000090600000, 0x0000000090700000|  0%| F|  |TAMS 0x0000000090600000, 0x0000000090600000| Untracked 
| 263|0x0000000090700000, 0x0000000090700000, 0x0000000090800000|  0%| F|  |TAMS 0x0000000090700000, 0x0000000090700000| Untracked 
| 264|0x0000000090800000, 0x0000000090800000, 0x0000000090900000|  0%| F|  |TAMS 0x0000000090800000, 0x0000000090800000| Untracked 
| 265|0x0000000090900000, 0x0000000090900000, 0x0000000090a00000|  0%| F|  |TAMS 0x0000000090900000, 0x0000000090900000| Untracked 
| 266|0x0000000090a00000, 0x0000000090a00000, 0x0000000090b00000|  0%| F|  |TAMS 0x0000000090a00000, 0x0000000090a00000| Untracked 
| 267|0x0000000090b00000, 0x0000000090b00000, 0x0000000090c00000|  0%| F|  |TAMS 0x0000000090b00000, 0x0000000090b00000| Untracked 
| 268|0x0000000090c00000, 0x0000000090c00000, 0x0000000090d00000|  0%| F|  |TAMS 0x0000000090c00000, 0x0000000090c00000| Untracked 
| 269|0x0000000090d00000, 0x0000000090d00000, 0x0000000090e00000|  0%| F|  |TAMS 0x0000000090d00000, 0x0000000090d00000| Untracked 
| 270|0x0000000090e00000, 0x0000000090e00000, 0x0000000090f00000|  0%| F|  |TAMS 0x0000000090e00000, 0x0000000090e00000| Untracked 
| 271|0x0000000090f00000, 0x0000000090fb4700, 0x0000000091000000| 70%| S|CS|TAMS 0x0000000090f00000, 0x0000000090f00000| Complete 
| 272|0x0000000091000000, 0x0000000091100000, 0x0000000091100000|100%| S|CS|TAMS 0x0000000091000000, 0x0000000091000000| Complete 
| 273|0x0000000091100000, 0x0000000091100000, 0x0000000091200000|  0%| F|  |TAMS 0x0000000091100000, 0x0000000091100000| Untracked 
| 274|0x0000000091200000, 0x0000000091200000, 0x0000000091300000|  0%| F|  |TAMS 0x0000000091200000, 0x0000000091200000| Untracked 
| 275|0x0000000091300000, 0x0000000091300000, 0x0000000091400000|  0%| F|  |TAMS 0x0000000091300000, 0x0000000091300000| Untracked 
| 276|0x0000000091400000, 0x0000000091400000, 0x0000000091500000|  0%| F|  |TAMS 0x0000000091400000, 0x0000000091400000| Untracked 
| 277|0x0000000091500000, 0x0000000091500000, 0x0000000091600000|  0%| F|  |TAMS 0x0000000091500000, 0x0000000091500000| Untracked 
| 278|0x0000000091600000, 0x0000000091600000, 0x0000000091700000|  0%| F|  |TAMS 0x0000000091600000, 0x0000000091600000| Untracked 
| 279|0x0000000091700000, 0x0000000091700000, 0x0000000091800000|  0%| F|  |TAMS 0x0000000091700000, 0x0000000091700000| Untracked 
| 280|0x0000000091800000, 0x0000000091800000, 0x0000000091900000|  0%| F|  |TAMS 0x0000000091800000, 0x0000000091800000| Untracked 
| 281|0x0000000091900000, 0x0000000091900000, 0x0000000091a00000|  0%| F|  |TAMS 0x0000000091900000, 0x0000000091900000| Untracked 
| 282|0x0000000091a00000, 0x0000000091a00000, 0x0000000091b00000|  0%| F|  |TAMS 0x0000000091a00000, 0x0000000091a00000| Untracked 
| 283|0x0000000091b00000, 0x0000000091b00000, 0x0000000091c00000|  0%| F|  |TAMS 0x0000000091b00000, 0x0000000091b00000| Untracked 
| 284|0x0000000091c00000, 0x0000000091c00000, 0x0000000091d00000|  0%| F|  |TAMS 0x0000000091c00000, 0x0000000091c00000| Untracked 
| 285|0x0000000091d00000, 0x0000000091d00000, 0x0000000091e00000|  0%| F|  |TAMS 0x0000000091d00000, 0x0000000091d00000| Untracked 
| 286|0x0000000091e00000, 0x0000000091e00000, 0x0000000091f00000|  0%| F|  |TAMS 0x0000000091e00000, 0x0000000091e00000| Untracked 
| 287|0x0000000091f00000, 0x0000000091f00000, 0x0000000092000000|  0%| F|  |TAMS 0x0000000091f00000, 0x0000000091f00000| Untracked 
| 288|0x0000000092000000, 0x0000000092000000, 0x0000000092100000|  0%| F|  |TAMS 0x0000000092000000, 0x0000000092000000| Untracked 
| 289|0x0000000092100000, 0x0000000092100000, 0x0000000092200000|  0%| F|  |TAMS 0x0000000092100000, 0x0000000092100000| Untracked 
| 290|0x0000000092200000, 0x0000000092200000, 0x0000000092300000|  0%| F|  |TAMS 0x0000000092200000, 0x0000000092200000| Untracked 
| 291|0x0000000092300000, 0x0000000092300000, 0x0000000092400000|  0%| F|  |TAMS 0x0000000092300000, 0x0000000092300000| Untracked 
| 292|0x0000000092400000, 0x0000000092400000, 0x0000000092500000|  0%| F|  |TAMS 0x0000000092400000, 0x0000000092400000| Untracked 
| 293|0x0000000092500000, 0x0000000092500000, 0x0000000092600000|  0%| F|  |TAMS 0x0000000092500000, 0x0000000092500000| Untracked 
| 294|0x0000000092600000, 0x0000000092600000, 0x0000000092700000|  0%| F|  |TAMS 0x0000000092600000, 0x0000000092600000| Untracked 
| 295|0x0000000092700000, 0x0000000092700000, 0x0000000092800000|  0%| F|  |TAMS 0x0000000092700000, 0x0000000092700000| Untracked 
| 296|0x0000000092800000, 0x0000000092800000, 0x0000000092900000|  0%| F|  |TAMS 0x0000000092800000, 0x0000000092800000| Untracked 
| 297|0x0000000092900000, 0x0000000092900000, 0x0000000092a00000|  0%| F|  |TAMS 0x0000000092900000, 0x0000000092900000| Untracked 
| 298|0x0000000092a00000, 0x0000000092a00000, 0x0000000092b00000|  0%| F|  |TAMS 0x0000000092a00000, 0x0000000092a00000| Untracked 
| 299|0x0000000092b00000, 0x0000000092b00000, 0x0000000092c00000|  0%| F|  |TAMS 0x0000000092b00000, 0x0000000092b00000| Untracked 
| 300|0x0000000092c00000, 0x0000000092c00000, 0x0000000092d00000|  0%| F|  |TAMS 0x0000000092c00000, 0x0000000092c00000| Untracked 
| 301|0x0000000092d00000, 0x0000000092d00000, 0x0000000092e00000|  0%| F|  |TAMS 0x0000000092d00000, 0x0000000092d00000| Untracked 
| 302|0x0000000092e00000, 0x0000000092e00000, 0x0000000092f00000|  0%| F|  |TAMS 0x0000000092e00000, 0x0000000092e00000| Untracked 
| 303|0x0000000092f00000, 0x0000000092f00000, 0x0000000093000000|  0%| F|  |TAMS 0x0000000092f00000, 0x0000000092f00000| Untracked 
| 304|0x0000000093000000, 0x0000000093000000, 0x0000000093100000|  0%| F|  |TAMS 0x0000000093000000, 0x0000000093000000| Untracked 
| 305|0x0000000093100000, 0x0000000093100000, 0x0000000093200000|  0%| F|  |TAMS 0x0000000093100000, 0x0000000093100000| Untracked 
| 306|0x0000000093200000, 0x0000000093200000, 0x0000000093300000|  0%| F|  |TAMS 0x0000000093200000, 0x0000000093200000| Untracked 
| 307|0x0000000093300000, 0x0000000093300000, 0x0000000093400000|  0%| F|  |TAMS 0x0000000093300000, 0x0000000093300000| Untracked 
| 308|0x0000000093400000, 0x0000000093400000, 0x0000000093500000|  0%| F|  |TAMS 0x0000000093400000, 0x0000000093400000| Untracked 
| 309|0x0000000093500000, 0x0000000093500000, 0x0000000093600000|  0%| F|  |TAMS 0x0000000093500000, 0x0000000093500000| Untracked 
| 310|0x0000000093600000, 0x0000000093600000, 0x0000000093700000|  0%| F|  |TAMS 0x0000000093600000, 0x0000000093600000| Untracked 
| 311|0x0000000093700000, 0x0000000093700000, 0x0000000093800000|  0%| F|  |TAMS 0x0000000093700000, 0x0000000093700000| Untracked 
| 312|0x0000000093800000, 0x0000000093800000, 0x0000000093900000|  0%| F|  |TAMS 0x0000000093800000, 0x0000000093800000| Untracked 
| 313|0x0000000093900000, 0x0000000093900000, 0x0000000093a00000|  0%| F|  |TAMS 0x0000000093900000, 0x0000000093900000| Untracked 
| 314|0x0000000093a00000, 0x0000000093a00000, 0x0000000093b00000|  0%| F|  |TAMS 0x0000000093a00000, 0x0000000093a00000| Untracked 
| 315|0x0000000093b00000, 0x0000000093b00000, 0x0000000093c00000|  0%| F|  |TAMS 0x0000000093b00000, 0x0000000093b00000| Untracked 

Card table byte_map: [0x0000026de1b20000,0x0000026de1f20000] _byte_map_base: 0x0000026de1720000

Marking Bits (Prev, Next): (CMBitMap*) 0x0000026dce1d0498, (CMBitMap*) 0x0000026dce1d04d0
 Prev Bits: [0x0000026de2320000, 0x0000026de4320000)
 Next Bits: [0x0000026de4320000, 0x0000026de6320000)

Polling page: 0x0000026dd1c80000

Metaspace:

Usage:
  Non-class:     88.64 MB capacity,    87.03 MB ( 98%) used,     1.30 MB (  1%) free+waste,   325.13 KB ( <1%) overhead. 
      Class:     14.13 MB capacity,    13.12 MB ( 93%) used,   884.80 KB (  6%) free+waste,   145.06 KB (  1%) overhead. 
       Both:    102.77 MB capacity,   100.15 MB ( 97%) used,     2.16 MB (  2%) free+waste,   470.19 KB ( <1%) overhead. 

Virtual space:
  Non-class space:       90.00 MB reserved,      88.75 MB ( 99%) committed 
      Class space:        1.00 GB reserved,      14.20 MB (  1%) committed 
             Both:        1.09 GB reserved,     102.95 MB (  9%) committed 

Chunk freelists:
   Non-Class:  45.00 KB
       Class:  27.00 KB
        Both:  72.00 KB

MaxMetaspaceSize: 17179869184.00 GB
CompressedClassSpaceSize: 1.00 GB

CodeHeap 'non-profiled nmethods': size=120000Kb used=9138Kb max_used=9138Kb free=110861Kb
 bounds [0x0000026dd9770000, 0x0000026dda060000, 0x0000026de0ca0000]
CodeHeap 'profiled nmethods': size=120000Kb used=28963Kb max_used=28963Kb free=91037Kb
 bounds [0x0000026dd2240000, 0x0000026dd3e90000, 0x0000026dd9770000]
CodeHeap 'non-nmethods': size=5760Kb used=2342Kb max_used=2395Kb free=3418Kb
 bounds [0x0000026dd1ca0000, 0x0000026dd1f10000, 0x0000026dd2240000]
 total_blobs=15081 nmethods=14120 adapters=870
 compilation: enabled
              stopped_count=0, restarted_count=0
 full_count=0

Compilation events (20 events):
Event: 25.571 Thread 0x0000026de96cc000 14379       3       org.objectweb.asm.ClassReader::getTypeAnnotationBytecodeOffset (34 bytes)
Event: 25.572 Thread 0x0000026de96cc000 nmethod 14379 0x0000026dd3e84f90 code [0x0000026dd3e85160, 0x0000026dd3e854b8]
Event: 25.572 Thread 0x0000026de96cc000 14401 %     3       org.objectweb.asm.ClassReader::getFirstAttributeOffset @ 50 (136 bytes)
Event: 25.573 Thread 0x0000026de96cc000 nmethod 14401% 0x0000026dd3e85690 code [0x0000026dd3e858e0, 0x0000026dd3e861f8]
Event: 25.573 Thread 0x0000026de96cc000 14393       2       org.gradle.internal.normalization.java.impl.ApiMemberWriter::writeMethodAnnotations (90 bytes)
Event: 25.573 Thread 0x0000026de96cc000 nmethod 14393 0x0000026dd3e86690 code [0x0000026dd3e868e0, 0x0000026dd3e86cc8]
Event: 25.573 Thread 0x0000026de96cc000 14394       2       org.objectweb.asm.ClassVisitor::visitEnd (15 bytes)
Event: 25.573 Thread 0x0000026de96cc000 nmethod 14394 0x0000026dd3e86f10 code [0x0000026dd3e870c0, 0x0000026dd3e871e8]
Event: 25.573 Thread 0x0000026de96cc000 14382       3       org.objectweb.asm.ClassReader::getClassName (17 bytes)
Event: 25.574 Thread 0x0000026de96cc000 nmethod 14382 0x0000026dd3e87290 code [0x0000026dd3e874a0, 0x0000026dd3e87978]
Event: 25.574 Thread 0x0000026de96cc000 14383       1       org.gradle.internal.normalization.java.impl.ApiMemberSelector::isPrivateInnerClass (5 bytes)
Event: 25.574 Thread 0x0000026de96cc000 nmethod 14383 0x0000026dda05bd90 code [0x0000026dda05bf40, 0x0000026dda05bff8]
Event: 25.574 Thread 0x0000026de96cc000 14387       2       org.gradle.api.internal.file.archive.impl.FileZipInput$1$1::get (5 bytes)
Event: 25.575 Thread 0x0000026de96cc000 nmethod 14387 0x0000026dd3e87c10 code [0x0000026dd3e87de0, 0x0000026dd3e87ff8]
Event: 25.575 Thread 0x0000026de96cc000 14388   !   2       org.gradle.api.internal.file.archive.impl.FileZipInput$1$1::get (28 bytes)
Event: 25.575 Thread 0x0000026de96cc000 nmethod 14388 0x0000026dd3e88190 code [0x0000026dd3e88360, 0x0000026dd3e88578]
Event: 25.575 Thread 0x0000026de96cc000 14392       2       org.objectweb.asm.ClassVisitor::visit (50 bytes)
Event: 25.575 Thread 0x0000026de96cc000 nmethod 14392 0x0000026dd3e88710 code [0x0000026dd3e888e0, 0x0000026dd3e88af8]
Event: 25.580 Thread 0x0000026deeef9000 nmethod 14391 0x0000026dda05c090 code [0x0000026dda05c260, 0x0000026dda05c888]
Event: 25.580 Thread 0x0000026deeef9000 14398       4       org.objectweb.asm.ClassReader::readField (667 bytes)

GC Heap History (20 events):
Event: 17.406 GC heap after
{Heap after GC invocations=23 (full 0):
 garbage-first heap   total 323584K, used 183162K [0x0000000080000000, 0x0000000100000000)
  region size 1024K, 6 young (6144K), 6 survivors (6144K)
 Metaspace       used 95770K, capacity 98210K, committed 98380K, reserved 1134592K
  class space    used 12618K, capacity 13528K, committed 13644K, reserved 1048576K
}
Event: 18.462 GC heap before
{Heap before GC invocations=24 (full 0):
 garbage-first heap   total 323584K, used 237434K [0x0000000080000000, 0x0000000100000000)
  region size 1024K, 56 young (57344K), 6 survivors (6144K)
 Metaspace       used 95956K, capacity 98282K, committed 98636K, reserved 1134592K
  class space    used 12617K, capacity 13495K, committed 13644K, reserved 1048576K
}
Event: 18.481 GC heap after
{Heap after GC invocations=25 (full 0):
 garbage-first heap   total 323584K, used 188331K [0x0000000080000000, 0x0000000100000000)
  region size 1024K, 5 young (5120K), 5 survivors (5120K)
 Metaspace       used 95956K, capacity 98282K, committed 98636K, reserved 1134592K
  class space    used 12617K, capacity 13495K, committed 13644K, reserved 1048576K
}
Event: 18.710 GC heap before
{Heap before GC invocations=25 (full 0):
 garbage-first heap   total 323584K, used 197547K [0x0000000080000000, 0x0000000100000000)
  region size 1024K, 15 young (15360K), 5 survivors (5120K)
 Metaspace       used 96321K, capacity 98689K, committed 98892K, reserved 1134592K
  class space    used 12662K, capacity 13567K, committed 13644K, reserved 1048576K
}
Event: 18.723 GC heap after
{Heap after GC invocations=26 (full 0):
 garbage-first heap   total 323584K, used 187497K [0x0000000080000000, 0x0000000100000000)
  region size 1024K, 2 young (2048K), 2 survivors (2048K)
 Metaspace       used 96321K, capacity 98689K, committed 98892K, reserved 1134592K
  class space    used 12662K, capacity 13567K, committed 13644K, reserved 1048576K
}
Event: 18.988 GC heap before
{Heap before GC invocations=26 (full 0):
 garbage-first heap   total 323584K, used 212073K [0x0000000080000000, 0x0000000100000000)
  region size 1024K, 27 young (27648K), 2 survivors (2048K)
 Metaspace       used 96639K, capacity 98979K, committed 99276K, reserved 1134592K
  class space    used 12694K, capacity 13599K, committed 13772K, reserved 1048576K
}
Event: 18.996 GC heap after
{Heap after GC invocations=27 (full 0):
 garbage-first heap   total 323584K, used 191653K [0x0000000080000000, 0x0000000100000000)
  region size 1024K, 6 young (6144K), 6 survivors (6144K)
 Metaspace       used 96639K, capacity 98979K, committed 99276K, reserved 1134592K
  class space    used 12694K, capacity 13599K, committed 13772K, reserved 1048576K
}
Event: 19.633 GC heap before
{Heap before GC invocations=28 (full 0):
 garbage-first heap   total 323584K, used 255141K [0x0000000080000000, 0x0000000100000000)
  region size 1024K, 60 young (61440K), 6 survivors (6144K)
 Metaspace       used 97860K, capacity 100317K, committed 100684K, reserved 1136640K
  class space    used 12839K, capacity 13746K, committed 13900K, reserved 1048576K
}
Event: 19.641 GC heap after
{Heap after GC invocations=29 (full 0):
 garbage-first heap   total 323584K, used 201629K [0x0000000080000000, 0x0000000100000000)
  region size 1024K, 5 young (5120K), 5 survivors (5120K)
 Metaspace       used 97860K, capacity 100317K, committed 100684K, reserved 1136640K
  class space    used 12839K, capacity 13746K, committed 13900K, reserved 1048576K
}
Event: 19.702 GC heap before
{Heap before GC invocations=29 (full 0):
 garbage-first heap   total 323584K, used 210845K [0x0000000080000000, 0x0000000100000000)
  region size 1024K, 15 young (15360K), 5 survivors (5120K)
 Metaspace       used 98200K, capacity 100620K, committed 100940K, reserved 1136640K
  class space    used 12881K, capacity 13782K, committed 13900K, reserved 1048576K
}
Event: 19.708 GC heap after
{Heap after GC invocations=30 (full 0):
 garbage-first heap   total 323584K, used 202844K [0x0000000080000000, 0x0000000100000000)
  region size 1024K, 2 young (2048K), 2 survivors (2048K)
 Metaspace       used 98200K, capacity 100620K, committed 100940K, reserved 1136640K
  class space    used 12881K, capacity 13782K, committed 13900K, reserved 1048576K
}
Event: 19.780 GC heap before
{Heap before GC invocations=30 (full 0):
 garbage-first heap   total 323584K, used 230492K [0x0000000080000000, 0x0000000100000000)
  region size 1024K, 31 young (31744K), 2 survivors (2048K)
 Metaspace       used 98511K, capacity 100977K, committed 101196K, reserved 1136640K
  class space    used 12923K, capacity 13815K, committed 13900K, reserved 1048576K
}
Event: 19.790 GC heap after
{Heap after GC invocations=31 (full 0):
 garbage-first heap   total 323584K, used 207812K [0x0000000080000000, 0x0000000100000000)
  region size 1024K, 7 young (7168K), 7 survivors (7168K)
 Metaspace       used 98511K, capacity 100977K, committed 101196K, reserved 1136640K
  class space    used 12923K, capacity 13815K, committed 13900K, reserved 1048576K
}
Event: 20.091 GC heap before
{Heap before GC invocations=31 (full 0):
 garbage-first heap   total 323584K, used 265156K [0x0000000080000000, 0x0000000100000000)
  region size 1024K, 53 young (54272K), 7 survivors (7168K)
 Metaspace       used 99278K, capacity 101717K, committed 101836K, reserved 1136640K
  class space    used 12995K, capacity 13912K, committed 14028K, reserved 1048576K
}
Event: 20.102 GC heap after
{Heap after GC invocations=32 (full 0):
 garbage-first heap   total 323584K, used 224291K [0x0000000080000000, 0x0000000100000000)
  region size 1024K, 7 young (7168K), 7 survivors (7168K)
 Metaspace       used 99278K, capacity 101717K, committed 101836K, reserved 1136640K
  class space    used 12995K, capacity 13912K, committed 14028K, reserved 1048576K
}
Event: 20.479 GC heap before
{Heap before GC invocations=33 (full 0):
 garbage-first heap   total 323584K, used 264227K [0x0000000080000000, 0x0000000100000000)
  region size 1024K, 47 young (48128K), 7 survivors (7168K)
 Metaspace       used 99932K, capacity 102433K, committed 102604K, reserved 1138688K
  class space    used 13072K, capacity 13997K, committed 14028K, reserved 1048576K
}
Event: 20.487 GC heap after
{Heap after GC invocations=34 (full 0):
 garbage-first heap   total 323584K, used 225146K [0x0000000080000000, 0x0000000100000000)
  region size 1024K, 2 young (2048K), 2 survivors (2048K)
 Metaspace       used 99932K, capacity 102433K, committed 102604K, reserved 1138688K
  class space    used 13072K, capacity 13997K, committed 14028K, reserved 1048576K
}
Event: 20.643 GC heap before
{Heap before GC invocations=34 (full 0):
 garbage-first heap   total 323584K, used 238458K [0x0000000080000000, 0x0000000100000000)
  region size 1024K, 15 young (15360K), 2 survivors (2048K)
 Metaspace       used 100475K, capacity 102911K, committed 103244K, reserved 1138688K
  class space    used 13139K, capacity 14044K, committed 14156K, reserved 1048576K
}
Event: 20.649 GC heap after
{Heap after GC invocations=35 (full 0):
 garbage-first heap   total 323584K, used 224817K [0x0000000080000000, 0x0000000100000000)
  region size 1024K, 1 young (1024K), 1 survivors (1024K)
 Metaspace       used 100475K, capacity 102911K, committed 103244K, reserved 1138688K
  class space    used 13139K, capacity 14044K, committed 14156K, reserved 1048576K
}
Event: 25.582 GC heap before
{Heap before GC invocations=35 (full 0):
 garbage-first heap   total 323584K, used 267825K [0x0000000080000000, 0x0000000100000000)
  region size 1024K, 43 young (44032K), 1 survivors (1024K)
 Metaspace       used 102556K, capacity 105240K, committed 105420K, reserved 1140736K
  class space    used 13439K, capacity 14469K, committed 14540K, reserved 1048576K
}

Deoptimization events (20 events):
Event: 25.426 Thread 0x0000026debee4000 Uncommon trap: trap_request=0xffffff4d fr.pc=0x0000026dd9afc474 relative=0x0000000000000814
Event: 25.426 Thread 0x0000026debee4000 Uncommon trap: reason=unstable_if action=reinterpret pc=0x0000026dd9afc474 method=org.objectweb.asm.MethodWriter.visitLabel(Lorg/objectweb/asm/Label;)V @ 312 c2
Event: 25.426 Thread 0x0000026debee4000 DEOPT PACKING pc=0x0000026dd9afc474 sp=0x0000009a533fbc20
Event: 25.426 Thread 0x0000026debee4000 DEOPT UNPACKING pc=0x0000026dd1cc78af sp=0x0000009a533fbbf8 mode 2
Event: 25.426 Thread 0x0000026debee4000 Uncommon trap: trap_request=0xffffff4d fr.pc=0x0000026dd9b12de8 relative=0x0000000000000668
Event: 25.426 Thread 0x0000026debee4000 Uncommon trap: reason=unstable_if action=reinterpret pc=0x0000026dd9b12de8 method=org.objectweb.asm.MethodWriter.visitInsn(I)V @ 32 c2
Event: 25.426 Thread 0x0000026debee4000 DEOPT PACKING pc=0x0000026dd9b12de8 sp=0x0000009a533fbda0
Event: 25.426 Thread 0x0000026debee4000 DEOPT UNPACKING pc=0x0000026dd1cc78af sp=0x0000009a533fbd80 mode 2
Event: 25.426 Thread 0x0000026debee4000 Uncommon trap: trap_request=0xffffff4d fr.pc=0x0000026dd9ae6144 relative=0x0000000000000704
Event: 25.426 Thread 0x0000026debee4000 Uncommon trap: reason=unstable_if action=reinterpret pc=0x0000026dd9ae6144 method=org.objectweb.asm.MethodWriter.visitMethodInsn(ILjava/lang/String;Ljava/lang/String;Ljava/lang/String;Z)V @ 89 c2
Event: 25.426 Thread 0x0000026debee4000 DEOPT PACKING pc=0x0000026dd9ae6144 sp=0x0000009a533fbd90
Event: 25.426 Thread 0x0000026debee4000 DEOPT UNPACKING pc=0x0000026dd1cc78af sp=0x0000009a533fbd48 mode 2
Event: 25.426 Thread 0x0000026debee4000 Uncommon trap: trap_request=0xffffff4d fr.pc=0x0000026dd9bb7918 relative=0x00000000000005d8
Event: 25.426 Thread 0x0000026debee4000 Uncommon trap: reason=unstable_if action=reinterpret pc=0x0000026dd9bb7918 method=org.objectweb.asm.MethodWriter.endCurrentBasicBlockWithNoSuccessor()V @ 5 c2
Event: 25.426 Thread 0x0000026debee4000 DEOPT PACKING pc=0x0000026dd9bb7918 sp=0x0000009a533fbd30
Event: 25.426 Thread 0x0000026debee4000 DEOPT UNPACKING pc=0x0000026dd1cc78af sp=0x0000009a533fbd10 mode 2
Event: 25.426 Thread 0x0000026debee4000 Uncommon trap: trap_request=0xffffff4d fr.pc=0x0000026dd9bc6cdc relative=0x000000000000009c
Event: 25.426 Thread 0x0000026debee4000 Uncommon trap: reason=unstable_if action=reinterpret pc=0x0000026dd9bc6cdc method=org.objectweb.asm.MethodWriter.visitMaxs(II)V @ 35 c2
Event: 25.426 Thread 0x0000026debee4000 DEOPT PACKING pc=0x0000026dd9bc6cdc sp=0x0000009a533fbde0
Event: 25.426 Thread 0x0000026debee4000 DEOPT UNPACKING pc=0x0000026dd1cc78af sp=0x0000009a533fbd78 mode 2

Classes redefined (0 events):
No events

Internal exceptions (20 events):
Event: 20.795 Thread 0x0000026debee4000 Exception <a 'java/lang/NoSuchMethodError'{0x0000000093025a50}: <clinit>> (0x0000000093025a50) thrown at [./src/hotspot/share/prims/jni.cpp, line 1362]
Event: 20.796 Thread 0x0000026debee4000 Exception <a 'java/lang/NoSuchMethodError'{0x0000000093037818}: <clinit>> (0x0000000093037818) thrown at [./src/hotspot/share/prims/jni.cpp, line 1362]
Event: 20.814 Thread 0x0000026debee4000 Exception <a 'java/lang/NoSuchMethodError'{0x00000000930e48d0}: 'java.lang.Object java.lang.invoke.DirectMethodHandle$Holder.invokeSpecial(java.lang.Object, java.lang.Object, int, int, java.lang.Object, int, java.lang.Object, java.lang.Object)'> (0x00000000930e48d0) thrown at [./src/hotspot/share/interpreter/linkResolver.cpp, line 773]
Event: 20.814 Thread 0x0000026debee4000 Exception <a 'java/lang/NoSuchMethodError'{0x00000000930e8c58}: 'java.lang.Object java.lang.invoke.DelegatingMethodHandle$Holder.reinvoke_L(java.lang.Object, int, int, java.lang.Object, int, java.lang.Object, java.lang.Object)'> (0x00000000930e8c58) thrown at [./src/hotspot/share/interpreter/linkResolver.cpp, line 773]
Event: 20.817 Thread 0x0000026debee4000 Exception <a 'java/lang/NoSuchMethodError'{0x0000000092f14190}: 'java.lang.Object java.lang.invoke.DirectMethodHandle$Holder.invokeStatic(java.lang.Object, java.lang.Object, java.lang.Object, java.lang.Object, java.lang.Object, java.lang.Object, java.lang.Object, java.lang.Object, int)'> (0x0000000092f14190) thrown at [./src/hotspot/share/interpreter/linkResolver.cpp, line 773]
Event: 20.819 Thread 0x0000026debee4000 Exception <a 'java/lang/NoSuchMethodError'{0x0000000092f2f430}: 'java.lang.Object java.lang.invoke.DirectMethodHandle$Holder.invokeStatic(java.lang.Object, java.lang.Object, java.lang.Object, java.lang.Object, java.lang.Object, java.lang.Object, java.lang.Object, java.lang.Object, int, int)'> (0x0000000092f2f430) thrown at [./src/hotspot/share/interpreter/linkResolver.cpp, line 773]
Event: 20.820 Thread 0x0000026debee4000 Exception <a 'java/lang/NoSuchMethodError'{0x0000000092f4b810}: 'java.lang.Object java.lang.invoke.DirectMethodHandle$Holder.invokeStatic(java.lang.Object, java.lang.Object, java.lang.Object, java.lang.Object, java.lang.Object, java.lang.Object, java.lang.Object, java.lang.Object, int, int, java.lang.Object)'> (0x0000000092f4b810) thrown at [./src/hotspot/share/interpreter/linkResolver.cpp, line 773]
Event: 20.822 Thread 0x0000026debee4000 Exception <a 'java/lang/NoSuchMethodError'{0x0000000092f68d88}: 'java.lang.Object java.lang.invoke.DirectMethodHandle$Holder.invokeStatic(java.lang.Object, java.lang.Object, java.lang.Object, java.lang.Object, java.lang.Object, java.lang.Object, java.lang.Object, java.lang.Object, int, int, java.lang.Object, java.lang.Object)'> (0x0000000092f68d88) thrown at [./src/hotspot/share/interpreter/linkResolver.cpp, line 773]
Event: 20.846 Thread 0x0000026debee4000 Exception <a 'java/lang/NoSuchMethodError'{0x0000000092f9bae0}: <clinit>> (0x0000000092f9bae0) thrown at [./src/hotspot/share/prims/jni.cpp, line 1362]
Event: 20.849 Thread 0x0000026debee4000 Exception <a 'java/lang/NoSuchMethodError'{0x0000000092d83980}: <clinit>> (0x0000000092d83980) thrown at [./src/hotspot/share/prims/jni.cpp, line 1362]
Event: 20.853 Thread 0x0000026deeef6000 Exception <a 'java/lang/InterruptedException'{0x0000000092dc4140}> (0x0000000092dc4140) thrown at [./src/hotspot/share/runtime/objectMonitor.cpp, line 1635]
Event: 20.854 Thread 0x0000026deeef6000 Exception <a 'java/lang/NoSuchMethodError'{0x0000000092dcbf50}: 'java.lang.Object java.lang.invoke.DirectMethodHandle$Holder.invokeStatic(java.lang.Object, java.lang.Object, int, java.lang.Object, long)'> (0x0000000092dcbf50) thrown at [./src/hotspot/share/interpreter/linkResolver.cpp, line 773]
Event: 20.864 Thread 0x0000026debee4000 Exception <a 'java/lang/NoSuchMethodError'{0x0000000092c07420}: <clinit>> (0x0000000092c07420) thrown at [./src/hotspot/share/prims/jni.cpp, line 1362]
Event: 20.865 Thread 0x0000026debee4000 Exception <a 'java/lang/NoSuchMethodError'{0x0000000092c19820}: <clinit>> (0x0000000092c19820) thrown at [./src/hotspot/share/prims/jni.cpp, line 1362]
Event: 20.866 Thread 0x0000026debee4000 Exception <a 'java/lang/NoSuchMethodError'{0x0000000092c2b5f0}: <clinit>> (0x0000000092c2b5f0) thrown at [./src/hotspot/share/prims/jni.cpp, line 1362]
Event: 20.873 Thread 0x0000026debee4000 Exception <a 'java/lang/NoSuchMethodError'{0x0000000092c85a50}: <clinit>> (0x0000000092c85a50) thrown at [./src/hotspot/share/prims/jni.cpp, line 1362]
Event: 20.902 Thread 0x0000026debee4000 Exception <a 'java/lang/NoSuchMethodError'{0x0000000092a3fce8}: <clinit>> (0x0000000092a3fce8) thrown at [./src/hotspot/share/prims/jni.cpp, line 1362]
Event: 20.927 Thread 0x0000026deeefe000 Exception <a 'java/lang/NoSuchMethodError'{0x000000009280ea50}: 'java.lang.Object java.lang.invoke.DirectMethodHandle$Holder.invokeStatic(java.lang.Object, java.lang.Object, java.lang.Object, java.lang.Object, java.lang.Object, java.lang.Object, java.lang.Object, java.lang.Object, java.lang.Object, java.lang.Object, java.lang.Object, java.lang.Object, java.lang.Object, int)'> (0x000000009280ea50) thrown at [./src/hotspot/share/interpreter/linkResolver.cpp, line 773]
Event: 20.929 Thread 0x0000026deeefe000 Exception <a 'java/lang/NoSuchMethodError'{0x000000009281b4c8}: 'java.lang.Object java.lang.invoke.DirectMethodHandle$Holder.invokeStatic(java.lang.Object, java.lang.Object, java.lang.Object, java.lang.Object, java.lang.Object, java.lang.Object, java.lang.Object, java.lang.Object, java.lang.Object, java.lang.Object, java.lang.Object, java.lang.Object, java.lang.Object, int, int)'> (0x000000009281b4c8) thrown at [./src/hotspot/share/interpreter/linkResolver.cpp, line 773]
Event: 20.944 Thread 0x0000026df0679800 Exception <a 'sun/nio/fs/WindowsException'{0x00000000927aeb88}> (0x00000000927aeb88) thrown at [./src/hotspot/share/prims/jni.cpp, line 615]

Events (20 events):
Event: 25.425 loading class org/gradle/internal/normalization/java/impl/AnnotationMember done
Event: 25.425 loading class org/gradle/internal/normalization/java/impl/ParameterAnnotationMember
Event: 25.425 loading class org/gradle/internal/normalization/java/impl/ParameterAnnotationMember done
Event: 25.426 loading class org/gradle/internal/hash/HashCode
Event: 25.426 loading class org/gradle/internal/hash/HashCode done
Event: 25.426 loading class org/gradle/internal/hash/HashCode
Event: 25.426 loading class org/gradle/internal/hash/HashCode done
Event: 25.427 loading class org/gradle/internal/normalization/java/impl/InnerClassMember
Event: 25.427 loading class org/gradle/internal/normalization/java/impl/InnerClassMember done
Event: 25.428 loading class org/gradle/internal/normalization/java/impl/FieldMember
Event: 25.428 loading class org/gradle/internal/normalization/java/impl/FieldMember done
Event: 25.428 loading class com/google/common/collect/Ordering$ArbitraryOrderingHolder
Event: 25.428 loading class com/google/common/collect/Ordering$ArbitraryOrderingHolder done
Event: 25.428 loading class com/google/common/collect/Ordering$ArbitraryOrdering
Event: 25.428 loading class com/google/common/collect/Ordering$ArbitraryOrdering done
Event: 25.429 loading class com/google/common/collect/MapMakerInternalMap$WeakKeyStrongValueEntry$Helper
Event: 25.429 loading class com/google/common/collect/MapMakerInternalMap$WeakKeyStrongValueEntry$Helper done
Event: 25.430 loading class com/google/common/collect/MapMakerInternalMap$WeakKeyStrongValueSegment
Event: 25.430 loading class com/google/common/collect/MapMakerInternalMap$WeakKeyStrongValueSegment done
Event: 25.582 Executing VM operation: G1CollectForAllocation


Dynamic libraries:
0x00007ff75d990000 - 0x00007ff75d99a000 	C:\Program Files\Android\Android Studio\jre\bin\java.exe
0x00007fffa3670000 - 0x00007fffa3865000 	C:\WINDOWS\SYSTEM32\ntdll.dll
0x00007fffa30b0000 - 0x00007fffa316d000 	C:\WINDOWS\System32\KERNEL32.DLL
0x00007fffa1170000 - 0x00007fffa1438000 	C:\WINDOWS\System32\KERNELBASE.dll
0x00007fffa1070000 - 0x00007fffa1170000 	C:\WINDOWS\System32\ucrtbase.dll
0x00007fff9c5e0000 - 0x00007fff9c5f7000 	C:\Program Files\Android\Android Studio\jre\bin\VCRUNTIME140.dll
0x00007fff879a0000 - 0x00007fff879b9000 	C:\Program Files\Android\Android Studio\jre\bin\jli.dll
0x00007fffa2dc0000 - 0x00007fffa2f60000 	C:\WINDOWS\System32\USER32.dll
0x00007fffa0fc0000 - 0x00007fffa0fe2000 	C:\WINDOWS\System32\win32u.dll
0x00007fff812c0000 - 0x00007fff8155a000 	C:\WINDOWS\WinSxS\amd64_microsoft.windows.common-controls_6595b64144ccf1df_6.0.19041.844_none_ca00b6081b84eb1d\COMCTL32.dll
0x00007fffa31a0000 - 0x00007fffa31ca000 	C:\WINDOWS\System32\GDI32.dll
0x00007fffa2cb0000 - 0x00007fffa2d4e000 	C:\WINDOWS\System32\msvcrt.dll
0x00007fffa0e10000 - 0x00007fffa0f1b000 	C:\WINDOWS\System32\gdi32full.dll
0x00007fffa0f20000 - 0x00007fffa0fbd000 	C:\WINDOWS\System32\msvcp_win.dll
0x00007fffa3170000 - 0x00007fffa31a0000 	C:\WINDOWS\System32\IMM32.DLL
0x00007fff87860000 - 0x00007fff878fd000 	C:\Program Files\Android\Android Studio\jre\bin\msvcp140.dll
0x00007fff5a260000 - 0x00007fff5ad2f000 	C:\Program Files\Android\Android Studio\jre\bin\server\jvm.dll
0x00007fffa20d0000 - 0x00007fffa217c000 	C:\WINDOWS\System32\ADVAPI32.dll
0x00007fffa1cb0000 - 0x00007fffa1d4b000 	C:\WINDOWS\System32\sechost.dll
0x00007fffa1e60000 - 0x00007fffa1f8b000 	C:\WINDOWS\System32\RPCRT4.dll
0x00007fffa3510000 - 0x00007fffa3518000 	C:\WINDOWS\System32\PSAPI.DLL
0x00007fff829b0000 - 0x00007fff829b9000 	C:\WINDOWS\SYSTEM32\WSOCK32.dll
0x00007fff99630000 - 0x00007fff9963a000 	C:\WINDOWS\SYSTEM32\VERSION.dll
0x00007fff86a90000 - 0x00007fff86ab7000 	C:\WINDOWS\SYSTEM32\WINMM.dll
0x00007fffa2d50000 - 0x00007fffa2dbb000 	C:\WINDOWS\System32\WS2_32.dll
0x00007fff9f680000 - 0x00007fff9f692000 	C:\WINDOWS\SYSTEM32\kernel.appcore.dll
0x00007fff7f510000 - 0x00007fff7f521000 	C:\Program Files\Android\Android Studio\jre\bin\verify.dll
0x00007fff9ea80000 - 0x00007fff9ec64000 	C:\WINDOWS\SYSTEM32\DBGHELP.DLL
0x00007fff89070000 - 0x00007fff8909c000 	C:\WINDOWS\SYSTEM32\dbgcore.DLL
0x00007fffa1440000 - 0x00007fffa14c0000 	C:\WINDOWS\System32\bcryptPrimitives.dll
0x00007fff7e880000 - 0x00007fff7e8a9000 	C:\Program Files\Android\Android Studio\jre\bin\java.dll
0x00007fff7f500000 - 0x00007fff7f50b000 	C:\Program Files\Android\Android Studio\jre\bin\jimage.dll
0x00007fff7e400000 - 0x00007fff7e418000 	C:\Program Files\Android\Android Studio\jre\bin\zip.dll
0x00007fffa2560000 - 0x00007fffa2ca2000 	C:\WINDOWS\System32\SHELL32.dll
0x00007fff9eed0000 - 0x00007fff9f661000 	C:\WINDOWS\SYSTEM32\windows.storage.dll
0x00007fffa2180000 - 0x00007fffa24d5000 	C:\WINDOWS\System32\combase.dll
0x00007fffa0820000 - 0x00007fffa084c000 	C:\WINDOWS\SYSTEM32\Wldp.dll
0x00007fffa3580000 - 0x00007fffa362e000 	C:\WINDOWS\System32\SHCORE.dll
0x00007fffa3520000 - 0x00007fffa3575000 	C:\WINDOWS\System32\shlwapi.dll
0x00007fffa0cf0000 - 0x00007fffa0d0f000 	C:\WINDOWS\SYSTEM32\profapi.dll
0x00007fff7e3e0000 - 0x00007fff7e3fa000 	C:\Program Files\Android\Android Studio\jre\bin\net.dll
0x00007fff9b680000 - 0x00007fff9b78b000 	C:\WINDOWS\SYSTEM32\WINHTTP.dll
0x00007fffa0590000 - 0x00007fffa05fa000 	C:\WINDOWS\system32\mswsock.dll
0x00007fff7de10000 - 0x00007fff7de24000 	C:\Program Files\Android\Android Studio\jre\bin\nio.dll
0x00007fff9b030000 - 0x00007fff9b057000 	C:\Users\enzo.tazarine\.gradle\native\8bec1ad78214c89d9ad589b4d07fe93259594b29d510b10fafb7a158f7737e5d\windows-amd64\native-platform.dll
0x00007fff99170000 - 0x00007fff992ad000 	C:\Users\enzo.tazarine\.gradle\native\53dbd7edfb1c66fb8903c78663c9afc45aea4f116125fa6feffd364cf09443e8\windows-amd64\native-platform-file-events.dll
0x00007fff7f4f0000 - 0x00007fff7f4fa000 	C:\Program Files\Android\Android Studio\jre\bin\management.dll
0x00007fff7de00000 - 0x00007fff7de0c000 	C:\Program Files\Android\Android Studio\jre\bin\management_ext.dll
0x00007fffa0760000 - 0x00007fffa0778000 	C:\WINDOWS\SYSTEM32\CRYPTSP.dll
0x00007fff9fec0000 - 0x00007fff9fef4000 	C:\WINDOWS\system32\rsaenh.dll
0x00007fffa1040000 - 0x00007fffa1067000 	C:\WINDOWS\System32\bcrypt.dll
0x00007fffa0cb0000 - 0x00007fffa0cde000 	C:\WINDOWS\SYSTEM32\USERENV.dll
0x00007fffa0780000 - 0x00007fffa078c000 	C:\WINDOWS\SYSTEM32\CRYPTBASE.dll
0x00007fffa0230000 - 0x00007fffa026b000 	C:\WINDOWS\SYSTEM32\IPHLPAPI.DLL
0x00007fffa1f90000 - 0x00007fffa1f98000 	C:\WINDOWS\System32\NSI.dll
0x00007fff97260000 - 0x00007fff97277000 	C:\WINDOWS\SYSTEM32\dhcpcsvc6.DLL
0x00007fff97b10000 - 0x00007fff97b2d000 	C:\WINDOWS\SYSTEM32\dhcpcsvc.DLL
0x00007fffa0280000 - 0x00007fffa034c000 	C:\WINDOWS\SYSTEM32\DNSAPI.dll
0x00007fff9c5b0000 - 0x00007fff9c5b8000 	C:\Program Files\Android\Android Studio\jre\bin\rmi.dll

dbghelp: loaded successfully - version: 4.0.5 - missing functions: none
symbol engine: initialized successfully - sym options: 0x614 - pdb path: .;C:\Program Files\Android\Android Studio\jre\bin;C:\WINDOWS\SYSTEM32;C:\WINDOWS\WinSxS\amd64_microsoft.windows.common-controls_6595b64144ccf1df_6.0.19041.844_none_ca00b6081b84eb1d;C:\Program Files\Android\Android Studio\jre\bin\server;C:\Users\enzo.tazarine\.gradle\native\8bec1ad78214c89d9ad589b4d07fe93259594b29d510b10fafb7a158f7737e5d\windows-amd64;C:\Users\enzo.tazarine\.gradle\native\53dbd7edfb1c66fb8903c78663c9afc45aea4f116125fa6feffd364cf09443e8\windows-amd64

VM Arguments:
jvm_args: --add-opens=java.base/java.util=ALL-UNNAMED --add-opens=java.base/java.lang=ALL-UNNAMED --add-opens=java.base/java.lang.invoke=ALL-UNNAMED --add-opens=java.base/java.util=ALL-UNNAMED --add-opens=java.prefs/java.util.prefs=ALL-UNNAMED --add-opens=java.prefs/java.util.prefs=ALL-UNNAMED --add-opens=java.base/java.nio.charset=ALL-UNNAMED --add-opens=java.base/java.net=ALL-UNNAMED --add-opens=java.base/java.util.concurrent.atomic=ALL-UNNAMED -Xmx2048m -Dfile.encoding=UTF-8 -Duser.country=FR -Duser.language=fr -Duser.variant 
java_command: org.gradle.launcher.daemon.bootstrap.GradleDaemon 7.0.2
java_class_path (initial): C:\Users\enzo.tazarine\.gradle\wrapper\dists\gradle-7.0.2-bin\857tjihv64xamwrf0h14cai3r\gradle-7.0.2\lib\gradle-launcher-7.0.2.jar
Launcher Type: SUN_STANDARD

[Global flags]
     intx CICompilerCount                          = 4                                         {product} {ergonomic}
     uint ConcGCThreads                            = 2                                         {product} {ergonomic}
     uint G1ConcRefinementThreads                  = 8                                         {product} {ergonomic}
   size_t G1HeapRegionSize                         = 1048576                                   {product} {ergonomic}
    uintx GCDrainStackTargetSize                   = 64                                        {product} {ergonomic}
   size_t InitialHeapSize                          = 266338304                                 {product} {ergonomic}
   size_t MarkStackSize                            = 4194304                                   {product} {ergonomic}
   size_t MaxHeapSize                              = 2147483648                                {product} {command line}
   size_t MaxNewSize                               = 1287651328                                {product} {ergonomic}
   size_t MinHeapDeltaBytes                        = 1048576                                   {product} {ergonomic}
    uintx NonNMethodCodeHeapSize                   = 5836300                                {pd product} {ergonomic}
    uintx NonProfiledCodeHeapSize                  = 122910970                              {pd product} {ergonomic}
    uintx ProfiledCodeHeapSize                     = 122910970                              {pd product} {ergonomic}
    uintx ReservedCodeCacheSize                    = 251658240                              {pd product} {ergonomic}
     bool SegmentedCodeCache                       = true                                      {product} {ergonomic}
     bool UseCompressedClassPointers               = true                                 {lp64_product} {ergonomic}
     bool UseCompressedOops                        = true                                 {lp64_product} {ergonomic}
     bool UseG1GC                                  = true                                      {product} {ergonomic}
     bool UseLargePagesIndividualAllocation        = false                                  {pd product} {ergonomic}

Logging:
Log output configuration:
 #0: stdout all=warning uptime,level,tags
 #1: stderr all=off uptime,level,tags

Environment Variables:
PATH=C:\Program Files (x86)\Common Files\Oracle\Java\javapath;C:\WINDOWS\system32;C:\WINDOWS;C:\WINDOWS\System32\Wbem;C:\WINDOWS\System32\WindowsPowerShell\v1.0\;C:\WINDOWS\System32\OpenSSH\;C:\Program Files\Microsoft SQL Server\Client SDK\ODBC\110\Tools\Binn\;C:\Program Files (x86)\Microsoft SQL Server\120\Tools\Binn\;C:\Program Files\Microsoft SQL Server\120\Tools\Binn\;C:\Program Files\Microsoft SQL Server\120\DTS\Binn\;C:\Program Files (x86)\Microsoft SQL Server\120\Tools\Binn\ManagementStudio\;C:\Program Files (x86)\Microsoft SQL Server\120\DTS\Binn\;C:\Program Files\nodejs\;C:\Program Files\Git\cmd;C:\altera\91\modelsim_ase\win32aloem;C:\Users\enzo.tazarine\AppData\Local\Microsoft\WindowsApps;C:\Users\enzo.tazarine\AppData\Local\Programs\Microsoft VS Code\bin;C:\Users\enzo.tazarine\AppData\Roaming\npm
USERNAME=enzo.tazarine
OS=Windows_NT
PROCESSOR_IDENTIFIER=Intel64 Family 6 Model 142 Stepping 12, GenuineIntel



---------------  S Y S T E M  ---------------

OS: Windows 10 , 64 bit Build 19041 (10.0.19041.928)
OS uptime: 0 days 11:10 hours

CPU:total 8 (initial active 8) (4 cores per cpu, 2 threads per core) family 6 model 142 stepping 12 microcode 0xd6, cmov, cx8, fxsr, mmx, sse, sse2, sse3, ssse3, sse4.1, sse4.2, popcnt, avx, avx2, aes, clmul, erms, 3dnowpref, lzcnt, ht, tsc, tscinvbit, bmi1, bmi2, adx, fma

Memory: 4k page, system-wide physical 16157M (5203M free)
TotalPageFile size 34790M (AvailPageFile size 36M)
current process WorkingSet (physical memory assigned to process): 599M, peak: 634M
current process commit charge ("private bytes"): 647M, peak: 711M

vm_info: OpenJDK 64-Bit Server VM (11.0.10+0-b96-7249189) for windows-amd64 JRE (11.0.10+0-b96-7249189), built on Mar 31 2021 21:44:00 by "builder" with MS VC++ 14.0 (VS2015)

END.
