#
# There is insufficient memory for the Java Runtime Environment to continue.
# Native memory allocation (malloc) failed to allocate 1500816 bytes for Chunk::new
# Possible reasons:
#   The system is out of physical RAM or swap space
#   The process is running with CompressedOops enabled, and the Java Heap may be blocking the growth of the native heap
# Possible solutions:
#   Reduce memory load on the system
#   Increase physical memory or swap space
#   Check if swap backing store is full
#   Decrease Java heap size (-Xmx/-Xms)
#   Decrease number of Java threads
#   Decrease Java thread stack sizes (-Xss)
#   Set larger code cache with -XX:ReservedCodeCacheSize=
#   JVM is running with Unscaled Compressed Oops mode in which the Java heap is
#     placed in the first 4GB address space. The Java Heap base address is the
#     maximum limit for the native heap growth. Please use -XX:HeapBaseMinAddress
#     to set the Java Heap base and to place the Java Heap above 4GB virtual address.
# This output file may be truncated or incomplete.
#
#  Out of Memory Error (./src/hotspot/share/memory/arena.cpp:197), pid=5464, tid=12432
#
# JRE version: OpenJDK Runtime Environment (11.0.10) (build 11.0.10+0-b96-7249189)
# Java VM: OpenJDK 64-Bit Server VM (11.0.10+0-b96-7249189, mixed mode, tiered, compressed oops, g1 gc, windows-amd64)
# No core dump will be written. Minidumps are not enabled by default on client versions of Windows
#

---------------  S U M M A R Y ------------

Command Line: --add-opens=java.base/java.util=ALL-UNNAMED --add-opens=java.base/java.lang=ALL-UNNAMED --add-opens=java.base/java.lang.invoke=ALL-UNNAMED --add-opens=java.base/java.util=ALL-UNNAMED --add-opens=java.prefs/java.util.prefs=ALL-UNNAMED --add-opens=java.prefs/java.util.prefs=ALL-UNNAMED --add-opens=java.base/java.nio.charset=ALL-UNNAMED --add-opens=java.base/java.net=ALL-UNNAMED --add-opens=java.base/java.util.concurrent.atomic=ALL-UNNAMED -Xmx2048m -Dfile.encoding=UTF-8 -Duser.country=FR -Duser.language=fr -Duser.variant org.gradle.launcher.daemon.bootstrap.GradleDaemon 7.0.2

Host: Intel(R) Core(TM) i7-10510U CPU @ 1.80GHz, 8 cores, 15G,  Windows 10 , 64 bit Build 19041 (10.0.19041.928)
Time: Mon Feb 14 02:55:49 2022 Paris, Madrid elapsed time: 3.468415 seconds (0d 0h 0m 3s)

---------------  T H R E A D  ---------------

Current thread (0x000001fcca226000):  JavaThread "C2 CompilerThread0" daemon [_thread_in_native, id=12432, stack(0x000000abfc700000,0x000000abfc800000)]


Current CompileTask:
C2:   3468 2188   !   4       java.net.URLClassLoader$1::run (63 bytes)

Stack: [0x000000abfc700000,0x000000abfc800000]
Native frames: (J=compiled Java code, j=interpreted, Vv=VM code, C=native code)
V  [jvm.dll+0x5ecfaa]
V  [jvm.dll+0x722bd5]
V  [jvm.dll+0x72412d]
V  [jvm.dll+0x7247e3]
V  [jvm.dll+0x242928]
V  [jvm.dll+0xbc4fc]
V  [jvm.dll+0xbca0c]
V  [jvm.dll+0x352d7d]
V  [jvm.dll+0x19800c]
V  [jvm.dll+0x1fb70e]
V  [jvm.dll+0x1fa7f4]
V  [jvm.dll+0x18354c]
V  [jvm.dll+0x208ee7]
V  [jvm.dll+0x207731]
V  [jvm.dll+0x6eb1cf]
V  [jvm.dll+0x6e3d45]
V  [jvm.dll+0x5ebe96]
C  [ucrtbase.dll+0x21bb2]
C  [KERNEL32.DLL+0x17034]
C  [ntdll.dll+0x52651]


---------------  P R O C E S S  ---------------

Threads class SMR info:
_java_thread_list=0x000001fccfb480a0, length=31, elements={
0x000001fcaed0b800, 0x000001fcca1ad800, 0x000001fcca1ae800, 0x000001fcca210800,
0x000001fcca211800, 0x000001fcca214000, 0x000001fcca226000, 0x000001fcca229800,
0x000001fcca235000, 0x000001fcca39c800, 0x000001fcca39f000, 0x000001fcca39b000,
0x000001fcca39b800, 0x000001fcca39f800, 0x000001fcca39d000, 0x000001fcca39a000,
0x000001fcca39e000, 0x000001fcca3a0800, 0x000001fccc60d000, 0x000001fccc60c800,
0x000001fccc613800, 0x000001fccc611000, 0x000001fccc60e000, 0x000001fccd861800,
0x000001fccc610800, 0x000001fccc614800, 0x000001fccc60f800, 0x000001fccc612000,
0x000001fccc613000, 0x000001fccdabd000, 0x000001fccc60e800
}

Java Threads: ( => current thread )
  0x000001fcaed0b800 JavaThread "main" [_thread_blocked, id=1668, stack(0x000000abfbb00000,0x000000abfbc00000)]
  0x000001fcca1ad800 JavaThread "Reference Handler" daemon [_thread_blocked, id=13624, stack(0x000000abfc200000,0x000000abfc300000)]
  0x000001fcca1ae800 JavaThread "Finalizer" daemon [_thread_blocked, id=3660, stack(0x000000abfc300000,0x000000abfc400000)]
  0x000001fcca210800 JavaThread "Signal Dispatcher" daemon [_thread_blocked, id=12848, stack(0x000000abfc400000,0x000000abfc500000)]
  0x000001fcca211800 JavaThread "Attach Listener" daemon [_thread_blocked, id=10352, stack(0x000000abfc500000,0x000000abfc600000)]
  0x000001fcca214000 JavaThread "Service Thread" daemon [_thread_blocked, id=5100, stack(0x000000abfc600000,0x000000abfc700000)]
=>0x000001fcca226000 JavaThread "C2 CompilerThread0" daemon [_thread_in_native, id=12432, stack(0x000000abfc700000,0x000000abfc800000)]
  0x000001fcca229800 JavaThread "C1 CompilerThread0" daemon [_thread_in_native, id=15744, stack(0x000000abfc800000,0x000000abfc900000)]
  0x000001fcca235000 JavaThread "Sweeper thread" daemon [_thread_blocked, id=12620, stack(0x000000abfc900000,0x000000abfca00000)]
  0x000001fcca39c800 JavaThread "Common-Cleaner" daemon [_thread_blocked, id=12204, stack(0x000000abfca00000,0x000000abfcb00000)]
  0x000001fcca39f000 JavaThread "Daemon health stats" [_thread_blocked, id=16088, stack(0x000000abfd300000,0x000000abfd400000)]
  0x000001fcca39b000 JavaThread "Incoming local TCP Connector on port 55807" [_thread_in_native, id=9132, stack(0x000000abfcc00000,0x000000abfcd00000)]
  0x000001fcca39b800 JavaThread "Daemon periodic checks" [_thread_blocked, id=4216, stack(0x000000abfcd00000,0x000000abfce00000)]
  0x000001fcca39f800 JavaThread "Daemon" [_thread_blocked, id=4928, stack(0x000000abfd400000,0x000000abfd500000)]
  0x000001fcca39d000 JavaThread "Handler for socket connection from /127.0.0.1:55807 to /127.0.0.1:55808" [_thread_in_native, id=10932, stack(0x000000abfd500000,0x000000abfd600000)]
  0x000001fcca39a000 JavaThread "Cancel handler" [_thread_blocked, id=7024, stack(0x000000abfd600000,0x000000abfd700000)]
  0x000001fcca39e000 JavaThread "Daemon worker" [_thread_in_vm, id=3252, stack(0x000000abfd700000,0x000000abfd800000)]
  0x000001fcca3a0800 JavaThread "Asynchronous log dispatcher for DefaultDaemonConnection: socket connection from /127.0.0.1:55807 to /127.0.0.1:55808" [_thread_blocked, id=1136, stack(0x000000abfd800000,0x000000abfd900000)]
  0x000001fccc60d000 JavaThread "Stdin handler" [_thread_blocked, id=15584, stack(0x000000abfd900000,0x000000abfda00000)]
  0x000001fccc60c800 JavaThread "Daemon client event forwarder" [_thread_blocked, id=2284, stack(0x000000abfda00000,0x000000abfdb00000)]
  0x000001fccc613800 JavaThread "Cache worker for file hash cache (C:\Users\enzo.tazarine\.gradle\caches\7.0.2\fileHashes)" [_thread_blocked, id=14744, stack(0x000000abfdb00000,0x000000abfdc00000)]
  0x000001fccc611000 JavaThread "File lock request listener" [_thread_in_native, id=5996, stack(0x000000abfdc00000,0x000000abfdd00000)]
  0x000001fccc60e000 JavaThread "Cache worker for journal cache (C:\Users\enzo.tazarine\.gradle\caches\journal-1)" [_thread_blocked, id=15116, stack(0x000000abfe000000,0x000000abfe100000)]
  0x000001fccd861800 JavaThread "C2 CompilerThread1" daemon [_thread_in_native, id=8720, stack(0x000000abfe100000,0x000000abfe200000)]
  0x000001fccc610800 JavaThread "Cache worker for file hash cache (C:\Users\enzo.tazarine\AndroidStudioProjects\AndroidERestaurant\.gradle\7.0.2\fileHashes)" [_thread_blocked, id=8012, stack(0x000000abfe200000,0x000000abfe300000)]
  0x000001fccc614800 JavaThread "File watcher server" daemon [_thread_in_native, id=11788, stack(0x000000abfe300000,0x000000abfe400000)]
  0x000001fccc60f800 JavaThread "File watcher consumer" daemon [_thread_blocked, id=13960, stack(0x000000abfe400000,0x000000abfe500000)]
  0x000001fccc612000 JavaThread "Cache worker for checksums cache (C:\Users\enzo.tazarine\AndroidStudioProjects\AndroidERestaurant\.gradle\checksums)" [_thread_blocked, id=12932, stack(0x000000abfe500000,0x000000abfe600000)]
  0x000001fccc613000 JavaThread "Cache worker for cache directory md-supplier (C:\Users\enzo.tazarine\.gradle\caches\7.0.2\md-supplier)" [_thread_blocked, id=9172, stack(0x000000abfe600000,0x000000abfe700000)]
  0x000001fccdabd000 JavaThread "C2 CompilerThread2" daemon [_thread_in_native, id=13640, stack(0x000000abfe700000,0x000000abfe800000)]
  0x000001fccc60e800 JavaThread "Cache worker for cache directory md-rule (C:\Users\enzo.tazarine\.gradle\caches\7.0.2\md-rule)" [_thread_blocked, id=6132, stack(0x000000abfe800000,0x000000abfe900000)]

Other Threads:
  0x000001fcc996d000 VMThread "VM Thread" [stack: 0x000000abfc100000,0x000000abfc200000] [id=7252]
  0x000001fcca3da000 WatcherThread [stack: 0x000000abfcb00000,0x000000abfcc00000] [id=5476]
  0x000001fcaed24000 GCTaskThread "GC Thread#0" [stack: 0x000000abfbc00000,0x000000abfbd00000] [id=7372]
  0x000001fccac26800 GCTaskThread "GC Thread#1" [stack: 0x000000abfce00000,0x000000abfcf00000] [id=11820]
  0x000001fccb1b3800 GCTaskThread "GC Thread#2" [stack: 0x000000abfcf00000,0x000000abfd000000] [id=13188]
  0x000001fcca7ef800 GCTaskThread "GC Thread#3" [stack: 0x000000abfd000000,0x000000abfd100000] [id=17220]
  0x000001fccb28d800 GCTaskThread "GC Thread#4" [stack: 0x000000abfd100000,0x000000abfd200000] [id=11732]
  0x000001fccb28e800 GCTaskThread "GC Thread#5" [stack: 0x000000abfd200000,0x000000abfd300000] [id=15172]
  0x000001fccd6c3000 GCTaskThread "GC Thread#6" [stack: 0x000000abfdd00000,0x000000abfde00000] [id=1124]
  0x000001fccb433000 GCTaskThread "GC Thread#7" [stack: 0x000000abfde00000,0x000000abfdf00000] [id=6160]
  0x000001fcaed58000 ConcurrentGCThread "G1 Main Marker" [stack: 0x000000abfbd00000,0x000000abfbe00000] [id=8512]
  0x000001fcaed59800 ConcurrentGCThread "G1 Conc#0" [stack: 0x000000abfbe00000,0x000000abfbf00000] [id=5152]
  0x000001fccd04e800 ConcurrentGCThread "G1 Conc#1" [stack: 0x000000abfdf00000,0x000000abfe000000] [id=16176]
  0x000001fcaeded800 ConcurrentGCThread "G1 Refine#0" [stack: 0x000000abfbf00000,0x000000abfc000000] [id=11588]
  0x000001fcc97fa800 ConcurrentGCThread "G1 Young RemSet Sampling" [stack: 0x000000abfc000000,0x000000abfc100000] [id=14228]

Threads with active compile tasks:
C2 CompilerThread0   3488 2188   !   4       java.net.URLClassLoader$1::run (63 bytes)
C2 CompilerThread1   3488 2187       4       java.net.URLClassLoader$1::run (5 bytes)
C2 CompilerThread2   3488 2377       4       org.objectweb.asm.ByteVector::putUTF8 (144 bytes)

VM state:not at safepoint (normal execution)

VM Mutex/Monitor currently owned by a thread: None

Heap address: 0x0000000080000000, size: 2048 MB, Compressed Oops mode: 32-bit
Narrow klass base: 0x0000000000000000, Narrow klass shift: 3
Compressed class space size: 1073741824 Address: 0x0000000100000000

Heap:
 garbage-first heap   total 260096K, used 33379K [0x0000000080000000, 0x0000000100000000)
  region size 1024K, 18 young (18432K), 3 survivors (3072K)
 Metaspace       used 27910K, capacity 28631K, committed 28800K, reserved 1075200K
  class space    used 3708K, capacity 3933K, committed 3968K, reserved 1048576K
Heap Regions: E=young(eden), S=young(survivor), O=old, HS=humongous(starts), HC=humongous(continues), CS=collection set, F=free, A=archive, TAMS=top-at-mark-start (previous, next)
|   0|0x0000000080000000, 0x0000000080100000, 0x0000000080100000|100%| O|  |TAMS 0x0000000080000000, 0x0000000080000000| Untracked 
|   1|0x0000000080100000, 0x0000000080200000, 0x0000000080200000|100%| O|  |TAMS 0x0000000080100000, 0x0000000080100000| Untracked 
|   2|0x0000000080200000, 0x0000000080300000, 0x0000000080300000|100%| O|  |TAMS 0x0000000080200000, 0x0000000080200000| Untracked 
|   3|0x0000000080300000, 0x0000000080400000, 0x0000000080400000|100%|HS|  |TAMS 0x0000000080400000, 0x0000000080300000| Complete 
|   4|0x0000000080400000, 0x0000000080500000, 0x0000000080500000|100%|HC|  |TAMS 0x0000000080500000, 0x0000000080400000| Complete 
|   5|0x0000000080500000, 0x0000000080600000, 0x0000000080600000|100%|HC|  |TAMS 0x0000000080600000, 0x0000000080500000| Complete 
|   6|0x0000000080600000, 0x0000000080700000, 0x0000000080700000|100%| O|  |TAMS 0x0000000080700000, 0x0000000080600000| Untracked 
|   7|0x0000000080700000, 0x0000000080800000, 0x0000000080800000|100%| O|  |TAMS 0x0000000080800000, 0x0000000080700000| Untracked 
|   8|0x0000000080800000, 0x0000000080900000, 0x0000000080900000|100%| O|  |TAMS 0x0000000080900000, 0x0000000080800000| Untracked 
|   9|0x0000000080900000, 0x0000000080a00000, 0x0000000080a00000|100%| O|  |TAMS 0x0000000080937a00, 0x0000000080900000| Untracked 
|  10|0x0000000080a00000, 0x0000000080b00000, 0x0000000080b00000|100%| O|  |TAMS 0x0000000080a00000, 0x0000000080a00000| Untracked 
|  11|0x0000000080b00000, 0x0000000080c00000, 0x0000000080c00000|100%| O|  |TAMS 0x0000000080b00000, 0x0000000080b00000| Untracked 
|  12|0x0000000080c00000, 0x0000000080d00000, 0x0000000080d00000|100%| O|  |TAMS 0x0000000080c00000, 0x0000000080c00000| Untracked 
|  13|0x0000000080d00000, 0x0000000080e00000, 0x0000000080e00000|100%| O|  |TAMS 0x0000000080d00000, 0x0000000080d00000| Untracked 
|  14|0x0000000080e00000, 0x0000000080f00000, 0x0000000080f00000|100%| O|  |TAMS 0x0000000080e00000, 0x0000000080e00000| Untracked 
|  15|0x0000000080f00000, 0x0000000080ff2a00, 0x0000000081000000| 94%| O|  |TAMS 0x0000000080f00000, 0x0000000080f00000| Untracked 
|  16|0x0000000081000000, 0x0000000081000000, 0x0000000081100000|  0%| F|  |TAMS 0x0000000081000000, 0x0000000081000000| Untracked 
|  17|0x0000000081100000, 0x0000000081100000, 0x0000000081200000|  0%| F|  |TAMS 0x0000000081100000, 0x0000000081100000| Untracked 
|  18|0x0000000081200000, 0x0000000081200000, 0x0000000081300000|  0%| F|  |TAMS 0x0000000081200000, 0x0000000081200000| Untracked 
|  19|0x0000000081300000, 0x0000000081300000, 0x0000000081400000|  0%| F|  |TAMS 0x0000000081300000, 0x0000000081300000| Untracked 
|  20|0x0000000081400000, 0x0000000081400000, 0x0000000081500000|  0%| F|  |TAMS 0x0000000081400000, 0x0000000081400000| Untracked 
|  21|0x0000000081500000, 0x0000000081500000, 0x0000000081600000|  0%| F|  |TAMS 0x0000000081500000, 0x0000000081500000| Untracked 
|  22|0x0000000081600000, 0x0000000081600000, 0x0000000081700000|  0%| F|  |TAMS 0x0000000081600000, 0x0000000081600000| Untracked 
|  23|0x0000000081700000, 0x0000000081700000, 0x0000000081800000|  0%| F|  |TAMS 0x0000000081700000, 0x0000000081700000| Untracked 
|  24|0x0000000081800000, 0x0000000081800000, 0x0000000081900000|  0%| F|  |TAMS 0x0000000081800000, 0x0000000081800000| Untracked 
|  25|0x0000000081900000, 0x0000000081900000, 0x0000000081a00000|  0%| F|  |TAMS 0x0000000081900000, 0x0000000081900000| Untracked 
|  26|0x0000000081a00000, 0x0000000081a00000, 0x0000000081b00000|  0%| F|  |TAMS 0x0000000081a00000, 0x0000000081a00000| Untracked 
|  27|0x0000000081b00000, 0x0000000081b00000, 0x0000000081c00000|  0%| F|  |TAMS 0x0000000081b00000, 0x0000000081b00000| Untracked 
|  28|0x0000000081c00000, 0x0000000081c00000, 0x0000000081d00000|  0%| F|  |TAMS 0x0000000081c00000, 0x0000000081c00000| Untracked 
|  29|0x0000000081d00000, 0x0000000081d00000, 0x0000000081e00000|  0%| F|  |TAMS 0x0000000081d00000, 0x0000000081d00000| Untracked 
|  30|0x0000000081e00000, 0x0000000081e00000, 0x0000000081f00000|  0%| F|  |TAMS 0x0000000081e00000, 0x0000000081e00000| Untracked 
|  31|0x0000000081f00000, 0x0000000081f00000, 0x0000000082000000|  0%| F|  |TAMS 0x0000000081f00000, 0x0000000081f00000| Untracked 
|  32|0x0000000082000000, 0x0000000082000000, 0x0000000082100000|  0%| F|  |TAMS 0x0000000082000000, 0x0000000082000000| Untracked 
|  33|0x0000000082100000, 0x0000000082100000, 0x0000000082200000|  0%| F|  |TAMS 0x0000000082100000, 0x0000000082100000| Untracked 
|  34|0x0000000082200000, 0x0000000082200000, 0x0000000082300000|  0%| F|  |TAMS 0x0000000082200000, 0x0000000082200000| Untracked 
|  35|0x0000000082300000, 0x0000000082300000, 0x0000000082400000|  0%| F|  |TAMS 0x0000000082300000, 0x0000000082300000| Untracked 
|  36|0x0000000082400000, 0x0000000082400000, 0x0000000082500000|  0%| F|  |TAMS 0x0000000082400000, 0x0000000082400000| Untracked 
|  37|0x0000000082500000, 0x0000000082500000, 0x0000000082600000|  0%| F|  |TAMS 0x0000000082500000, 0x0000000082500000| Untracked 
|  38|0x0000000082600000, 0x0000000082600000, 0x0000000082700000|  0%| F|  |TAMS 0x0000000082600000, 0x0000000082600000| Untracked 
|  39|0x0000000082700000, 0x0000000082700000, 0x0000000082800000|  0%| F|  |TAMS 0x0000000082700000, 0x0000000082700000| Untracked 
|  40|0x0000000082800000, 0x0000000082800000, 0x0000000082900000|  0%| F|  |TAMS 0x0000000082800000, 0x0000000082800000| Untracked 
|  41|0x0000000082900000, 0x0000000082900000, 0x0000000082a00000|  0%| F|  |TAMS 0x0000000082900000, 0x0000000082900000| Untracked 
|  42|0x0000000082a00000, 0x0000000082a00000, 0x0000000082b00000|  0%| F|  |TAMS 0x0000000082a00000, 0x0000000082a00000| Untracked 
|  43|0x0000000082b00000, 0x0000000082b00000, 0x0000000082c00000|  0%| F|  |TAMS 0x0000000082b00000, 0x0000000082b00000| Untracked 
|  44|0x0000000082c00000, 0x0000000082c00000, 0x0000000082d00000|  0%| F|  |TAMS 0x0000000082c00000, 0x0000000082c00000| Untracked 
|  45|0x0000000082d00000, 0x0000000082d00000, 0x0000000082e00000|  0%| F|  |TAMS 0x0000000082d00000, 0x0000000082d00000| Untracked 
|  46|0x0000000082e00000, 0x0000000082e00000, 0x0000000082f00000|  0%| F|  |TAMS 0x0000000082e00000, 0x0000000082e00000| Untracked 
|  47|0x0000000082f00000, 0x0000000082f00000, 0x0000000083000000|  0%| F|  |TAMS 0x0000000082f00000, 0x0000000082f00000| Untracked 
|  48|0x0000000083000000, 0x0000000083000000, 0x0000000083100000|  0%| F|  |TAMS 0x0000000083000000, 0x0000000083000000| Untracked 
|  49|0x0000000083100000, 0x0000000083100000, 0x0000000083200000|  0%| F|  |TAMS 0x0000000083100000, 0x0000000083100000| Untracked 
|  50|0x0000000083200000, 0x0000000083200000, 0x0000000083300000|  0%| F|  |TAMS 0x0000000083200000, 0x0000000083200000| Untracked 
|  51|0x0000000083300000, 0x0000000083300000, 0x0000000083400000|  0%| F|  |TAMS 0x0000000083300000, 0x0000000083300000| Untracked 
|  52|0x0000000083400000, 0x0000000083400000, 0x0000000083500000|  0%| F|  |TAMS 0x0000000083400000, 0x0000000083400000| Untracked 
|  53|0x0000000083500000, 0x0000000083500000, 0x0000000083600000|  0%| F|  |TAMS 0x0000000083500000, 0x0000000083500000| Untracked 
|  54|0x0000000083600000, 0x0000000083600000, 0x0000000083700000|  0%| F|  |TAMS 0x0000000083600000, 0x0000000083600000| Untracked 
|  55|0x0000000083700000, 0x0000000083700000, 0x0000000083800000|  0%| F|  |TAMS 0x0000000083700000, 0x0000000083700000| Untracked 
|  56|0x0000000083800000, 0x0000000083800000, 0x0000000083900000|  0%| F|  |TAMS 0x0000000083800000, 0x0000000083800000| Untracked 
|  57|0x0000000083900000, 0x0000000083900000, 0x0000000083a00000|  0%| F|  |TAMS 0x0000000083900000, 0x0000000083900000| Untracked 
|  58|0x0000000083a00000, 0x0000000083a00000, 0x0000000083b00000|  0%| F|  |TAMS 0x0000000083a00000, 0x0000000083a00000| Untracked 
|  59|0x0000000083b00000, 0x0000000083b00000, 0x0000000083c00000|  0%| F|  |TAMS 0x0000000083b00000, 0x0000000083b00000| Untracked 
|  60|0x0000000083c00000, 0x0000000083c00000, 0x0000000083d00000|  0%| F|  |TAMS 0x0000000083c00000, 0x0000000083c00000| Untracked 
|  61|0x0000000083d00000, 0x0000000083d00000, 0x0000000083e00000|  0%| F|  |TAMS 0x0000000083d00000, 0x0000000083d00000| Untracked 
|  62|0x0000000083e00000, 0x0000000083e00000, 0x0000000083f00000|  0%| F|  |TAMS 0x0000000083e00000, 0x0000000083e00000| Untracked 
|  63|0x0000000083f00000, 0x0000000083f00000, 0x0000000084000000|  0%| F|  |TAMS 0x0000000083f00000, 0x0000000083f00000| Untracked 
|  64|0x0000000084000000, 0x0000000084000000, 0x0000000084100000|  0%| F|  |TAMS 0x0000000084000000, 0x0000000084000000| Untracked 
|  65|0x0000000084100000, 0x0000000084100000, 0x0000000084200000|  0%| F|  |TAMS 0x0000000084100000, 0x0000000084100000| Untracked 
|  66|0x0000000084200000, 0x0000000084200000, 0x0000000084300000|  0%| F|  |TAMS 0x0000000084200000, 0x0000000084200000| Untracked 
|  67|0x0000000084300000, 0x0000000084300000, 0x0000000084400000|  0%| F|  |TAMS 0x0000000084300000, 0x0000000084300000| Untracked 
|  68|0x0000000084400000, 0x0000000084400000, 0x0000000084500000|  0%| F|  |TAMS 0x0000000084400000, 0x0000000084400000| Untracked 
|  69|0x0000000084500000, 0x0000000084500000, 0x0000000084600000|  0%| F|  |TAMS 0x0000000084500000, 0x0000000084500000| Untracked 
|  70|0x0000000084600000, 0x0000000084600000, 0x0000000084700000|  0%| F|  |TAMS 0x0000000084600000, 0x0000000084600000| Untracked 
|  71|0x0000000084700000, 0x0000000084700000, 0x0000000084800000|  0%| F|  |TAMS 0x0000000084700000, 0x0000000084700000| Untracked 
|  72|0x0000000084800000, 0x0000000084800000, 0x0000000084900000|  0%| F|  |TAMS 0x0000000084800000, 0x0000000084800000| Untracked 
|  73|0x0000000084900000, 0x0000000084900000, 0x0000000084a00000|  0%| F|  |TAMS 0x0000000084900000, 0x0000000084900000| Untracked 
|  74|0x0000000084a00000, 0x0000000084a00000, 0x0000000084b00000|  0%| F|  |TAMS 0x0000000084a00000, 0x0000000084a00000| Untracked 
|  75|0x0000000084b00000, 0x0000000084b00000, 0x0000000084c00000|  0%| F|  |TAMS 0x0000000084b00000, 0x0000000084b00000| Untracked 
|  76|0x0000000084c00000, 0x0000000084c00000, 0x0000000084d00000|  0%| F|  |TAMS 0x0000000084c00000, 0x0000000084c00000| Untracked 
|  77|0x0000000084d00000, 0x0000000084d00000, 0x0000000084e00000|  0%| F|  |TAMS 0x0000000084d00000, 0x0000000084d00000| Untracked 
|  78|0x0000000084e00000, 0x0000000084e00000, 0x0000000084f00000|  0%| F|  |TAMS 0x0000000084e00000, 0x0000000084e00000| Untracked 
|  79|0x0000000084f00000, 0x0000000084f00000, 0x0000000085000000|  0%| F|  |TAMS 0x0000000084f00000, 0x0000000084f00000| Untracked 
|  80|0x0000000085000000, 0x0000000085000000, 0x0000000085100000|  0%| F|  |TAMS 0x0000000085000000, 0x0000000085000000| Untracked 
|  81|0x0000000085100000, 0x0000000085100000, 0x0000000085200000|  0%| F|  |TAMS 0x0000000085100000, 0x0000000085100000| Untracked 
|  82|0x0000000085200000, 0x0000000085200000, 0x0000000085300000|  0%| F|  |TAMS 0x0000000085200000, 0x0000000085200000| Untracked 
|  83|0x0000000085300000, 0x0000000085300000, 0x0000000085400000|  0%| F|  |TAMS 0x0000000085300000, 0x0000000085300000| Untracked 
|  84|0x0000000085400000, 0x0000000085400000, 0x0000000085500000|  0%| F|  |TAMS 0x0000000085400000, 0x0000000085400000| Untracked 
|  85|0x0000000085500000, 0x0000000085500000, 0x0000000085600000|  0%| F|  |TAMS 0x0000000085500000, 0x0000000085500000| Untracked 
|  86|0x0000000085600000, 0x0000000085600000, 0x0000000085700000|  0%| F|  |TAMS 0x0000000085600000, 0x0000000085600000| Untracked 
|  87|0x0000000085700000, 0x0000000085700000, 0x0000000085800000|  0%| F|  |TAMS 0x0000000085700000, 0x0000000085700000| Untracked 
|  88|0x0000000085800000, 0x0000000085800000, 0x0000000085900000|  0%| F|  |TAMS 0x0000000085800000, 0x0000000085800000| Untracked 
|  89|0x0000000085900000, 0x0000000085900000, 0x0000000085a00000|  0%| F|  |TAMS 0x0000000085900000, 0x0000000085900000| Untracked 
|  90|0x0000000085a00000, 0x0000000085a00000, 0x0000000085b00000|  0%| F|  |TAMS 0x0000000085a00000, 0x0000000085a00000| Untracked 
|  91|0x0000000085b00000, 0x0000000085b00000, 0x0000000085c00000|  0%| F|  |TAMS 0x0000000085b00000, 0x0000000085b00000| Untracked 
|  92|0x0000000085c00000, 0x0000000085c00000, 0x0000000085d00000|  0%| F|  |TAMS 0x0000000085c00000, 0x0000000085c00000| Untracked 
|  93|0x0000000085d00000, 0x0000000085d00000, 0x0000000085e00000|  0%| F|  |TAMS 0x0000000085d00000, 0x0000000085d00000| Untracked 
|  94|0x0000000085e00000, 0x0000000085e00000, 0x0000000085f00000|  0%| F|  |TAMS 0x0000000085e00000, 0x0000000085e00000| Untracked 
|  95|0x0000000085f00000, 0x0000000085f00000, 0x0000000086000000|  0%| F|  |TAMS 0x0000000085f00000, 0x0000000085f00000| Untracked 
|  96|0x0000000086000000, 0x0000000086000000, 0x0000000086100000|  0%| F|  |TAMS 0x0000000086000000, 0x0000000086000000| Untracked 
|  97|0x0000000086100000, 0x0000000086100000, 0x0000000086200000|  0%| F|  |TAMS 0x0000000086100000, 0x0000000086100000| Untracked 
|  98|0x0000000086200000, 0x0000000086200000, 0x0000000086300000|  0%| F|  |TAMS 0x0000000086200000, 0x0000000086200000| Untracked 
|  99|0x0000000086300000, 0x0000000086300000, 0x0000000086400000|  0%| F|  |TAMS 0x0000000086300000, 0x0000000086300000| Untracked 
| 100|0x0000000086400000, 0x0000000086400000, 0x0000000086500000|  0%| F|  |TAMS 0x0000000086400000, 0x0000000086400000| Untracked 
| 101|0x0000000086500000, 0x0000000086500000, 0x0000000086600000|  0%| F|  |TAMS 0x0000000086500000, 0x0000000086500000| Untracked 
| 102|0x0000000086600000, 0x0000000086600000, 0x0000000086700000|  0%| F|  |TAMS 0x0000000086600000, 0x0000000086600000| Untracked 
| 103|0x0000000086700000, 0x0000000086700000, 0x0000000086800000|  0%| F|  |TAMS 0x0000000086700000, 0x0000000086700000| Untracked 
| 104|0x0000000086800000, 0x0000000086800000, 0x0000000086900000|  0%| F|  |TAMS 0x0000000086800000, 0x0000000086800000| Untracked 
| 105|0x0000000086900000, 0x0000000086900000, 0x0000000086a00000|  0%| F|  |TAMS 0x0000000086900000, 0x0000000086900000| Untracked 
| 106|0x0000000086a00000, 0x0000000086a00000, 0x0000000086b00000|  0%| F|  |TAMS 0x0000000086a00000, 0x0000000086a00000| Untracked 
| 107|0x0000000086b00000, 0x0000000086b00000, 0x0000000086c00000|  0%| F|  |TAMS 0x0000000086b00000, 0x0000000086b00000| Untracked 
| 108|0x0000000086c00000, 0x0000000086c00000, 0x0000000086d00000|  0%| F|  |TAMS 0x0000000086c00000, 0x0000000086c00000| Untracked 
| 109|0x0000000086d00000, 0x0000000086d00000, 0x0000000086e00000|  0%| F|  |TAMS 0x0000000086d00000, 0x0000000086d00000| Untracked 
| 110|0x0000000086e00000, 0x0000000086e00000, 0x0000000086f00000|  0%| F|  |TAMS 0x0000000086e00000, 0x0000000086e00000| Untracked 
| 111|0x0000000086f00000, 0x0000000086f00000, 0x0000000087000000|  0%| F|  |TAMS 0x0000000086f00000, 0x0000000086f00000| Untracked 
| 112|0x0000000087000000, 0x0000000087000000, 0x0000000087100000|  0%| F|  |TAMS 0x0000000087000000, 0x0000000087000000| Untracked 
| 113|0x0000000087100000, 0x0000000087100000, 0x0000000087200000|  0%| F|  |TAMS 0x0000000087100000, 0x0000000087100000| Untracked 
| 114|0x0000000087200000, 0x0000000087200000, 0x0000000087300000|  0%| F|  |TAMS 0x0000000087200000, 0x0000000087200000| Untracked 
| 115|0x0000000087300000, 0x0000000087300000, 0x0000000087400000|  0%| F|  |TAMS 0x0000000087300000, 0x0000000087300000| Untracked 
| 116|0x0000000087400000, 0x0000000087400000, 0x0000000087500000|  0%| F|  |TAMS 0x0000000087400000, 0x0000000087400000| Untracked 
| 117|0x0000000087500000, 0x0000000087500000, 0x0000000087600000|  0%| F|  |TAMS 0x0000000087500000, 0x0000000087500000| Untracked 
| 118|0x0000000087600000, 0x0000000087600000, 0x0000000087700000|  0%| F|  |TAMS 0x0000000087600000, 0x0000000087600000| Untracked 
| 119|0x0000000087700000, 0x0000000087700000, 0x0000000087800000|  0%| F|  |TAMS 0x0000000087700000, 0x0000000087700000| Untracked 
| 120|0x0000000087800000, 0x0000000087800000, 0x0000000087900000|  0%| F|  |TAMS 0x0000000087800000, 0x0000000087800000| Untracked 
| 121|0x0000000087900000, 0x0000000087900000, 0x0000000087a00000|  0%| F|  |TAMS 0x0000000087900000, 0x0000000087900000| Untracked 
| 122|0x0000000087a00000, 0x0000000087a00000, 0x0000000087b00000|  0%| F|  |TAMS 0x0000000087a00000, 0x0000000087a00000| Untracked 
| 123|0x0000000087b00000, 0x0000000087b00000, 0x0000000087c00000|  0%| F|  |TAMS 0x0000000087b00000, 0x0000000087b00000| Untracked 
| 124|0x0000000087c00000, 0x0000000087c00000, 0x0000000087d00000|  0%| F|  |TAMS 0x0000000087c00000, 0x0000000087c00000| Untracked 
| 125|0x0000000087d00000, 0x0000000087d00000, 0x0000000087e00000|  0%| F|  |TAMS 0x0000000087d00000, 0x0000000087d00000| Untracked 
| 126|0x0000000087e00000, 0x0000000087e00000, 0x0000000087f00000|  0%| F|  |TAMS 0x0000000087e00000, 0x0000000087e00000| Untracked 
| 127|0x0000000087f00000, 0x0000000087f00000, 0x0000000088000000|  0%| F|  |TAMS 0x0000000087f00000, 0x0000000087f00000| Untracked 
| 128|0x0000000088000000, 0x0000000088000000, 0x0000000088100000|  0%| F|  |TAMS 0x0000000088000000, 0x0000000088000000| Untracked 
| 129|0x0000000088100000, 0x0000000088100000, 0x0000000088200000|  0%| F|  |TAMS 0x0000000088100000, 0x0000000088100000| Untracked 
| 130|0x0000000088200000, 0x0000000088200000, 0x0000000088300000|  0%| F|  |TAMS 0x0000000088200000, 0x0000000088200000| Untracked 
| 131|0x0000000088300000, 0x0000000088300000, 0x0000000088400000|  0%| F|  |TAMS 0x0000000088300000, 0x0000000088300000| Untracked 
| 132|0x0000000088400000, 0x0000000088400000, 0x0000000088500000|  0%| F|  |TAMS 0x0000000088400000, 0x0000000088400000| Untracked 
| 133|0x0000000088500000, 0x0000000088500000, 0x0000000088600000|  0%| F|  |TAMS 0x0000000088500000, 0x0000000088500000| Untracked 
| 134|0x0000000088600000, 0x0000000088600000, 0x0000000088700000|  0%| F|  |TAMS 0x0000000088600000, 0x0000000088600000| Untracked 
| 135|0x0000000088700000, 0x0000000088700000, 0x0000000088800000|  0%| F|  |TAMS 0x0000000088700000, 0x0000000088700000| Untracked 
| 136|0x0000000088800000, 0x0000000088800000, 0x0000000088900000|  0%| F|  |TAMS 0x0000000088800000, 0x0000000088800000| Untracked 
| 137|0x0000000088900000, 0x0000000088900000, 0x0000000088a00000|  0%| F|  |TAMS 0x0000000088900000, 0x0000000088900000| Untracked 
| 138|0x0000000088a00000, 0x0000000088a00000, 0x0000000088b00000|  0%| F|  |TAMS 0x0000000088a00000, 0x0000000088a00000| Untracked 
| 139|0x0000000088b00000, 0x0000000088b00000, 0x0000000088c00000|  0%| F|  |TAMS 0x0000000088b00000, 0x0000000088b00000| Untracked 
| 140|0x0000000088c00000, 0x0000000088c00000, 0x0000000088d00000|  0%| F|  |TAMS 0x0000000088c00000, 0x0000000088c00000| Untracked 
| 141|0x0000000088d00000, 0x0000000088d00000, 0x0000000088e00000|  0%| F|  |TAMS 0x0000000088d00000, 0x0000000088d00000| Untracked 
| 142|0x0000000088e00000, 0x0000000088e00000, 0x0000000088f00000|  0%| F|  |TAMS 0x0000000088e00000, 0x0000000088e00000| Untracked 
| 143|0x0000000088f00000, 0x0000000088f00000, 0x0000000089000000|  0%| F|  |TAMS 0x0000000088f00000, 0x0000000088f00000| Untracked 
| 144|0x0000000089000000, 0x0000000089000000, 0x0000000089100000|  0%| F|  |TAMS 0x0000000089000000, 0x0000000089000000| Untracked 
| 145|0x0000000089100000, 0x0000000089100000, 0x0000000089200000|  0%| F|  |TAMS 0x0000000089100000, 0x0000000089100000| Untracked 
| 146|0x0000000089200000, 0x0000000089200000, 0x0000000089300000|  0%| F|  |TAMS 0x0000000089200000, 0x0000000089200000| Untracked 
| 147|0x0000000089300000, 0x0000000089300000, 0x0000000089400000|  0%| F|  |TAMS 0x0000000089300000, 0x0000000089300000| Untracked 
| 148|0x0000000089400000, 0x0000000089400000, 0x0000000089500000|  0%| F|  |TAMS 0x0000000089400000, 0x0000000089400000| Untracked 
| 149|0x0000000089500000, 0x0000000089500000, 0x0000000089600000|  0%| F|  |TAMS 0x0000000089500000, 0x0000000089500000| Untracked 
| 150|0x0000000089600000, 0x0000000089600000, 0x0000000089700000|  0%| F|  |TAMS 0x0000000089600000, 0x0000000089600000| Untracked 
| 151|0x0000000089700000, 0x0000000089700000, 0x0000000089800000|  0%| F|  |TAMS 0x0000000089700000, 0x0000000089700000| Untracked 
| 152|0x0000000089800000, 0x0000000089800000, 0x0000000089900000|  0%| F|  |TAMS 0x0000000089800000, 0x0000000089800000| Untracked 
| 153|0x0000000089900000, 0x0000000089900000, 0x0000000089a00000|  0%| F|  |TAMS 0x0000000089900000, 0x0000000089900000| Untracked 
| 154|0x0000000089a00000, 0x0000000089a00000, 0x0000000089b00000|  0%| F|  |TAMS 0x0000000089a00000, 0x0000000089a00000| Untracked 
| 155|0x0000000089b00000, 0x0000000089b00000, 0x0000000089c00000|  0%| F|  |TAMS 0x0000000089b00000, 0x0000000089b00000| Untracked 
| 156|0x0000000089c00000, 0x0000000089c00000, 0x0000000089d00000|  0%| F|  |TAMS 0x0000000089c00000, 0x0000000089c00000| Untracked 
| 157|0x0000000089d00000, 0x0000000089d00000, 0x0000000089e00000|  0%| F|  |TAMS 0x0000000089d00000, 0x0000000089d00000| Untracked 
| 158|0x0000000089e00000, 0x0000000089e00000, 0x0000000089f00000|  0%| F|  |TAMS 0x0000000089e00000, 0x0000000089e00000| Untracked 
| 159|0x0000000089f00000, 0x0000000089f00000, 0x000000008a000000|  0%| F|  |TAMS 0x0000000089f00000, 0x0000000089f00000| Untracked 
| 160|0x000000008a000000, 0x000000008a000000, 0x000000008a100000|  0%| F|  |TAMS 0x000000008a000000, 0x000000008a000000| Untracked 
| 161|0x000000008a100000, 0x000000008a100000, 0x000000008a200000|  0%| F|  |TAMS 0x000000008a100000, 0x000000008a100000| Untracked 
| 162|0x000000008a200000, 0x000000008a200000, 0x000000008a300000|  0%| F|  |TAMS 0x000000008a200000, 0x000000008a200000| Untracked 
| 163|0x000000008a300000, 0x000000008a300000, 0x000000008a400000|  0%| F|  |TAMS 0x000000008a300000, 0x000000008a300000| Untracked 
| 164|0x000000008a400000, 0x000000008a400000, 0x000000008a500000|  0%| F|  |TAMS 0x000000008a400000, 0x000000008a400000| Untracked 
| 165|0x000000008a500000, 0x000000008a500000, 0x000000008a600000|  0%| F|  |TAMS 0x000000008a500000, 0x000000008a500000| Untracked 
| 166|0x000000008a600000, 0x000000008a600000, 0x000000008a700000|  0%| F|  |TAMS 0x000000008a600000, 0x000000008a600000| Untracked 
| 167|0x000000008a700000, 0x000000008a700000, 0x000000008a800000|  0%| F|  |TAMS 0x000000008a700000, 0x000000008a700000| Untracked 
| 168|0x000000008a800000, 0x000000008a800000, 0x000000008a900000|  0%| F|  |TAMS 0x000000008a800000, 0x000000008a800000| Untracked 
| 169|0x000000008a900000, 0x000000008a900000, 0x000000008aa00000|  0%| F|  |TAMS 0x000000008a900000, 0x000000008a900000| Untracked 
| 170|0x000000008aa00000, 0x000000008aa00000, 0x000000008ab00000|  0%| F|  |TAMS 0x000000008aa00000, 0x000000008aa00000| Untracked 
| 171|0x000000008ab00000, 0x000000008ab00000, 0x000000008ac00000|  0%| F|  |TAMS 0x000000008ab00000, 0x000000008ab00000| Untracked 
| 172|0x000000008ac00000, 0x000000008ac00000, 0x000000008ad00000|  0%| F|  |TAMS 0x000000008ac00000, 0x000000008ac00000| Untracked 
| 173|0x000000008ad00000, 0x000000008ad00000, 0x000000008ae00000|  0%| F|  |TAMS 0x000000008ad00000, 0x000000008ad00000| Untracked 
| 174|0x000000008ae00000, 0x000000008ae00000, 0x000000008af00000|  0%| F|  |TAMS 0x000000008ae00000, 0x000000008ae00000| Untracked 
| 175|0x000000008af00000, 0x000000008af00000, 0x000000008b000000|  0%| F|  |TAMS 0x000000008af00000, 0x000000008af00000| Untracked 
| 176|0x000000008b000000, 0x000000008b000000, 0x000000008b100000|  0%| F|  |TAMS 0x000000008b000000, 0x000000008b000000| Untracked 
| 177|0x000000008b100000, 0x000000008b100000, 0x000000008b200000|  0%| F|  |TAMS 0x000000008b100000, 0x000000008b100000| Untracked 
| 178|0x000000008b200000, 0x000000008b200000, 0x000000008b300000|  0%| F|  |TAMS 0x000000008b200000, 0x000000008b200000| Untracked 
| 179|0x000000008b300000, 0x000000008b300000, 0x000000008b400000|  0%| F|  |TAMS 0x000000008b300000, 0x000000008b300000| Untracked 
| 180|0x000000008b400000, 0x000000008b400000, 0x000000008b500000|  0%| F|  |TAMS 0x000000008b400000, 0x000000008b400000| Untracked 
| 181|0x000000008b500000, 0x000000008b500000, 0x000000008b600000|  0%| F|  |TAMS 0x000000008b500000, 0x000000008b500000| Untracked 
| 182|0x000000008b600000, 0x000000008b600000, 0x000000008b700000|  0%| F|  |TAMS 0x000000008b600000, 0x000000008b600000| Untracked 
| 183|0x000000008b700000, 0x000000008b700000, 0x000000008b800000|  0%| F|  |TAMS 0x000000008b700000, 0x000000008b700000| Untracked 
| 184|0x000000008b800000, 0x000000008b800000, 0x000000008b900000|  0%| F|  |TAMS 0x000000008b800000, 0x000000008b800000| Untracked 
| 185|0x000000008b900000, 0x000000008b900000, 0x000000008ba00000|  0%| F|  |TAMS 0x000000008b900000, 0x000000008b900000| Untracked 
| 186|0x000000008ba00000, 0x000000008ba00000, 0x000000008bb00000|  0%| F|  |TAMS 0x000000008ba00000, 0x000000008ba00000| Untracked 
| 187|0x000000008bb00000, 0x000000008bb00000, 0x000000008bc00000|  0%| F|  |TAMS 0x000000008bb00000, 0x000000008bb00000| Untracked 
| 188|0x000000008bc00000, 0x000000008bc00000, 0x000000008bd00000|  0%| F|  |TAMS 0x000000008bc00000, 0x000000008bc00000| Untracked 
| 189|0x000000008bd00000, 0x000000008bda6350, 0x000000008be00000| 64%| S|CS|TAMS 0x000000008bd00000, 0x000000008bd00000| Complete 
| 190|0x000000008be00000, 0x000000008bf00000, 0x000000008bf00000|100%| S|CS|TAMS 0x000000008be00000, 0x000000008be00000| Complete 
| 191|0x000000008bf00000, 0x000000008c000000, 0x000000008c000000|100%| S|CS|TAMS 0x000000008bf00000, 0x000000008bf00000| Complete 
| 192|0x000000008c000000, 0x000000008c000000, 0x000000008c100000|  0%| F|  |TAMS 0x000000008c000000, 0x000000008c000000| Untracked 
| 193|0x000000008c100000, 0x000000008c100000, 0x000000008c200000|  0%| F|  |TAMS 0x000000008c100000, 0x000000008c100000| Untracked 
| 194|0x000000008c200000, 0x000000008c200000, 0x000000008c300000|  0%| F|  |TAMS 0x000000008c200000, 0x000000008c200000| Untracked 
| 195|0x000000008c300000, 0x000000008c300000, 0x000000008c400000|  0%| F|  |TAMS 0x000000008c300000, 0x000000008c300000| Untracked 
| 196|0x000000008c400000, 0x000000008c400000, 0x000000008c500000|  0%| F|  |TAMS 0x000000008c400000, 0x000000008c400000| Untracked 
| 197|0x000000008c500000, 0x000000008c500000, 0x000000008c600000|  0%| F|  |TAMS 0x000000008c500000, 0x000000008c500000| Untracked 
| 198|0x000000008c600000, 0x000000008c600000, 0x000000008c700000|  0%| F|  |TAMS 0x000000008c600000, 0x000000008c600000| Untracked 
| 199|0x000000008c700000, 0x000000008c700000, 0x000000008c800000|  0%| F|  |TAMS 0x000000008c700000, 0x000000008c700000| Untracked 
| 200|0x000000008c800000, 0x000000008c800000, 0x000000008c900000|  0%| F|  |TAMS 0x000000008c800000, 0x000000008c800000| Untracked 
| 201|0x000000008c900000, 0x000000008c900000, 0x000000008ca00000|  0%| F|  |TAMS 0x000000008c900000, 0x000000008c900000| Untracked 
| 202|0x000000008ca00000, 0x000000008ca00000, 0x000000008cb00000|  0%| F|  |TAMS 0x000000008ca00000, 0x000000008ca00000| Untracked 
| 203|0x000000008cb00000, 0x000000008cb00000, 0x000000008cc00000|  0%| F|  |TAMS 0x000000008cb00000, 0x000000008cb00000| Untracked 
| 204|0x000000008cc00000, 0x000000008cc00000, 0x000000008cd00000|  0%| F|  |TAMS 0x000000008cc00000, 0x000000008cc00000| Untracked 
| 205|0x000000008cd00000, 0x000000008cd00000, 0x000000008ce00000|  0%| F|  |TAMS 0x000000008cd00000, 0x000000008cd00000| Untracked 
| 206|0x000000008ce00000, 0x000000008ce00000, 0x000000008cf00000|  0%| F|  |TAMS 0x000000008ce00000, 0x000000008ce00000| Untracked 
| 207|0x000000008cf00000, 0x000000008cf00000, 0x000000008d000000|  0%| F|  |TAMS 0x000000008cf00000, 0x000000008cf00000| Untracked 
| 208|0x000000008d000000, 0x000000008d000000, 0x000000008d100000|  0%| F|  |TAMS 0x000000008d000000, 0x000000008d000000| Untracked 
| 209|0x000000008d100000, 0x000000008d100000, 0x000000008d200000|  0%| F|  |TAMS 0x000000008d100000, 0x000000008d100000| Untracked 
| 210|0x000000008d200000, 0x000000008d200000, 0x000000008d300000|  0%| F|  |TAMS 0x000000008d200000, 0x000000008d200000| Untracked 
| 211|0x000000008d300000, 0x000000008d300000, 0x000000008d400000|  0%| F|  |TAMS 0x000000008d300000, 0x000000008d300000| Untracked 
| 212|0x000000008d400000, 0x000000008d400000, 0x000000008d500000|  0%| F|  |TAMS 0x000000008d400000, 0x000000008d400000| Untracked 
| 213|0x000000008d500000, 0x000000008d500000, 0x000000008d600000|  0%| F|  |TAMS 0x000000008d500000, 0x000000008d500000| Untracked 
| 214|0x000000008d600000, 0x000000008d600000, 0x000000008d700000|  0%| F|  |TAMS 0x000000008d600000, 0x000000008d600000| Untracked 
| 215|0x000000008d700000, 0x000000008d700000, 0x000000008d800000|  0%| F|  |TAMS 0x000000008d700000, 0x000000008d700000| Untracked 
| 216|0x000000008d800000, 0x000000008d800000, 0x000000008d900000|  0%| F|  |TAMS 0x000000008d800000, 0x000000008d800000| Untracked 
| 217|0x000000008d900000, 0x000000008d900000, 0x000000008da00000|  0%| F|  |TAMS 0x000000008d900000, 0x000000008d900000| Untracked 
| 218|0x000000008da00000, 0x000000008da00000, 0x000000008db00000|  0%| F|  |TAMS 0x000000008da00000, 0x000000008da00000| Untracked 
| 219|0x000000008db00000, 0x000000008db00000, 0x000000008dc00000|  0%| F|  |TAMS 0x000000008db00000, 0x000000008db00000| Untracked 
| 220|0x000000008dc00000, 0x000000008dc00000, 0x000000008dd00000|  0%| F|  |TAMS 0x000000008dc00000, 0x000000008dc00000| Untracked 
| 221|0x000000008dd00000, 0x000000008dd00000, 0x000000008de00000|  0%| F|  |TAMS 0x000000008dd00000, 0x000000008dd00000| Untracked 
| 222|0x000000008de00000, 0x000000008de00000, 0x000000008df00000|  0%| F|  |TAMS 0x000000008de00000, 0x000000008de00000| Untracked 
| 223|0x000000008df00000, 0x000000008df00000, 0x000000008e000000|  0%| F|  |TAMS 0x000000008df00000, 0x000000008df00000| Untracked 
| 224|0x000000008e000000, 0x000000008e000000, 0x000000008e100000|  0%| F|  |TAMS 0x000000008e000000, 0x000000008e000000| Untracked 
| 225|0x000000008e100000, 0x000000008e100000, 0x000000008e200000|  0%| F|  |TAMS 0x000000008e100000, 0x000000008e100000| Untracked 
| 226|0x000000008e200000, 0x000000008e200000, 0x000000008e300000|  0%| F|  |TAMS 0x000000008e200000, 0x000000008e200000| Untracked 
| 227|0x000000008e300000, 0x000000008e300000, 0x000000008e400000|  0%| F|  |TAMS 0x000000008e300000, 0x000000008e300000| Untracked 
| 228|0x000000008e400000, 0x000000008e400000, 0x000000008e500000|  0%| F|  |TAMS 0x000000008e400000, 0x000000008e400000| Untracked 
| 229|0x000000008e500000, 0x000000008e500000, 0x000000008e600000|  0%| F|  |TAMS 0x000000008e500000, 0x000000008e500000| Untracked 
| 230|0x000000008e600000, 0x000000008e600000, 0x000000008e700000|  0%| F|  |TAMS 0x000000008e600000, 0x000000008e600000| Untracked 
| 231|0x000000008e700000, 0x000000008e700000, 0x000000008e800000|  0%| F|  |TAMS 0x000000008e700000, 0x000000008e700000| Untracked 
| 232|0x000000008e800000, 0x000000008e800000, 0x000000008e900000|  0%| F|  |TAMS 0x000000008e800000, 0x000000008e800000| Untracked 
| 233|0x000000008e900000, 0x000000008e900000, 0x000000008ea00000|  0%| F|  |TAMS 0x000000008e900000, 0x000000008e900000| Untracked 
| 234|0x000000008ea00000, 0x000000008ea00000, 0x000000008eb00000|  0%| F|  |TAMS 0x000000008ea00000, 0x000000008ea00000| Untracked 
| 235|0x000000008eb00000, 0x000000008eb00000, 0x000000008ec00000|  0%| F|  |TAMS 0x000000008eb00000, 0x000000008eb00000| Untracked 
| 236|0x000000008ec00000, 0x000000008ec00000, 0x000000008ed00000|  0%| F|  |TAMS 0x000000008ec00000, 0x000000008ec00000| Untracked 
| 237|0x000000008ed00000, 0x000000008ed00000, 0x000000008ee00000|  0%| F|  |TAMS 0x000000008ed00000, 0x000000008ed00000| Untracked 
| 238|0x000000008ee00000, 0x000000008ee00000, 0x000000008ef00000|  0%| F|  |TAMS 0x000000008ee00000, 0x000000008ee00000| Untracked 
| 239|0x000000008ef00000, 0x000000008f000000, 0x000000008f000000|100%| E|  |TAMS 0x000000008ef00000, 0x000000008ef00000| Complete 
| 240|0x000000008f000000, 0x000000008f100000, 0x000000008f100000|100%| E|CS|TAMS 0x000000008f000000, 0x000000008f000000| Complete 
| 241|0x000000008f100000, 0x000000008f200000, 0x000000008f200000|100%| E|CS|TAMS 0x000000008f100000, 0x000000008f100000| Complete 
| 242|0x000000008f200000, 0x000000008f300000, 0x000000008f300000|100%| E|CS|TAMS 0x000000008f200000, 0x000000008f200000| Complete 
| 243|0x000000008f300000, 0x000000008f400000, 0x000000008f400000|100%| E|CS|TAMS 0x000000008f300000, 0x000000008f300000| Complete 
| 244|0x000000008f400000, 0x000000008f500000, 0x000000008f500000|100%| E|CS|TAMS 0x000000008f400000, 0x000000008f400000| Complete 
| 245|0x000000008f500000, 0x000000008f600000, 0x000000008f600000|100%| E|CS|TAMS 0x000000008f500000, 0x000000008f500000| Complete 
| 246|0x000000008f600000, 0x000000008f700000, 0x000000008f700000|100%| E|CS|TAMS 0x000000008f600000, 0x000000008f600000| Complete 
| 247|0x000000008f700000, 0x000000008f800000, 0x000000008f800000|100%| E|CS|TAMS 0x000000008f700000, 0x000000008f700000| Complete 
| 248|0x000000008f800000, 0x000000008f900000, 0x000000008f900000|100%| E|CS|TAMS 0x000000008f800000, 0x000000008f800000| Complete 
| 249|0x000000008f900000, 0x000000008fa00000, 0x000000008fa00000|100%| E|CS|TAMS 0x000000008f900000, 0x000000008f900000| Complete 
| 250|0x000000008fa00000, 0x000000008fb00000, 0x000000008fb00000|100%| E|CS|TAMS 0x000000008fa00000, 0x000000008fa00000| Complete 
| 251|0x000000008fb00000, 0x000000008fc00000, 0x000000008fc00000|100%| E|CS|TAMS 0x000000008fb00000, 0x000000008fb00000| Complete 
| 252|0x000000008fc00000, 0x000000008fd00000, 0x000000008fd00000|100%| E|CS|TAMS 0x000000008fc00000, 0x000000008fc00000| Complete 
| 253|0x000000008fd00000, 0x000000008fe00000, 0x000000008fe00000|100%| E|CS|TAMS 0x000000008fd00000, 0x000000008fd00000| Complete 

Card table byte_map: [0x000001fcc2670000,0x000001fcc2a70000] _byte_map_base: 0x000001fcc2270000

Marking Bits (Prev, Next): (CMBitMap*) 0x000001fcaed4f5f0, (CMBitMap*) 0x000001fcaed4f5b8
 Prev Bits: [0x000001fcc4e70000, 0x000001fcc6e70000)
 Next Bits: [0x000001fcc2e70000, 0x000001fcc4e70000)

Polling page: 0x000001fcad4b0000

Metaspace:

Usage:
  Non-class:     24.12 MB capacity,    23.67 MB ( 98%) used,   402.10 KB (  2%) free+waste,    56.56 KB ( <1%) overhead. 
      Class:      3.87 MB capacity,     3.63 MB ( 94%) used,   221.59 KB (  6%) free+waste,    28.75 KB ( <1%) overhead. 
       Both:     27.99 MB capacity,    27.30 MB ( 98%) used,   623.70 KB (  2%) free+waste,    85.31 KB ( <1%) overhead. 

Virtual space:
  Non-class space:       26.00 MB reserved,      24.25 MB ( 93%) committed 
      Class space:        1.00 GB reserved,       3.88 MB ( <1%) committed 
             Both:        1.03 GB reserved,      28.13 MB (  3%) committed 

Chunk freelists:
   Non-Class:  6.00 KB
       Class:  3.00 KB
        Both:  9.00 KB

MaxMetaspaceSize: 17179869184.00 GB
CompressedClassSpaceSize: 1.00 GB

CodeHeap 'non-profiled nmethods': size=120000Kb used=1155Kb max_used=1155Kb free=118844Kb
 bounds [0x000001fcba2d0000, 0x000001fcba540000, 0x000001fcc1800000]
CodeHeap 'profiled nmethods': size=120000Kb used=5042Kb max_used=5042Kb free=114958Kb
 bounds [0x000001fcb2da0000, 0x000001fcb3290000, 0x000001fcba2d0000]
CodeHeap 'non-nmethods': size=5760Kb used=1156Kb max_used=1201Kb free=4603Kb
 bounds [0x000001fcb2800000, 0x000001fcb2a70000, 0x000001fcb2da0000]
 total_blobs=2888 nmethods=2384 adapters=415
 compilation: enabled
              stopped_count=0, restarted_count=0
 full_count=0

Compilation events (20 events):
Event: 3.461 Thread 0x000001fcca229800 2359       3       org.objectweb.asm.ByteVector::putByteArray (49 bytes)
Event: 3.462 Thread 0x000001fcca229800 nmethod 2359 0x000001fcb327cf90 code [0x000001fcb327d160, 0x000001fcb327d418]
Event: 3.462 Thread 0x000001fcca229800 2356       3       org.objectweb.asm.MethodWriter::<init> (232 bytes)
Event: 3.463 Thread 0x000001fcca229800 nmethod 2356 0x000001fcb327d510 code [0x000001fcb327d7c0, 0x000001fcb327e518]
Event: 3.463 Thread 0x000001fcca229800 2357       3       org.objectweb.asm.MethodWriter::visitMaxs (60 bytes)
Event: 3.463 Thread 0x000001fcca229800 nmethod 2357 0x000001fcb327ea10 code [0x000001fcb327ebe0, 0x000001fcb327ee58]
Event: 3.463 Thread 0x000001fcca229800 2360       3       org.objectweb.asm.AnnotationWriter::putAnnotations (67 bytes)
Event: 3.464 Thread 0x000001fcca229800 nmethod 2360 0x000001fcb327ef10 code [0x000001fcb327f140, 0x000001fcb327f578]
Event: 3.464 Thread 0x000001fccdabd000 nmethod 2198 0x000001fcba3ed990 code [0x000001fcba3edb20, 0x000001fcba3edd38]
Event: 3.464 Thread 0x000001fccdabd000 2238       4       java.lang.StringBuilder::append (8 bytes)
Event: 3.464 Thread 0x000001fccdabd000 nmethod 2238 0x000001fcba3edf10 code [0x000001fcba3ee0a0, 0x000001fcba3ee128]
Event: 3.464 Thread 0x000001fccdabd000 2313       4       org.gradle.internal.instantiation.generator.AbstractClassGenerator$ClassGenerationHandler::visitInstanceMethod (1 bytes)
Event: 3.465 Thread 0x000001fccdabd000 nmethod 2313 0x000001fcba3ee210 code [0x000001fcba3ee3a0, 0x000001fcba3ee3f8]
Event: 3.465 Thread 0x000001fccdabd000 2196       4       java.security.CodeSource::getCertificates (98 bytes)
Event: 3.465 Thread 0x000001fccdabd000 nmethod 2196 0x000001fcba3ee490 code [0x000001fcba3ee620, 0x000001fcba3ee6b8]
Event: 3.465 Thread 0x000001fccdabd000 2361       4       jdk.internal.util.Preconditions::checkIndex (18 bytes)
Event: 3.465 Thread 0x000001fcca229800 2362       3       java.lang.Class::copyMethods (36 bytes)
Event: 3.466 Thread 0x000001fccdabd000 nmethod 2361 0x000001fcba3ee790 code [0x000001fcba3ee920, 0x000001fcba3ee998]
Event: 3.466 Thread 0x000001fccdabd000 2363       4       java.util.jar.JarFile::getVersionedEntry (85 bytes)
Event: 3.466 Thread 0x000001fcca229800 nmethod 2362 0x000001fcb327f810 code [0x000001fcb327fa60, 0x000001fcb3280438]

GC Heap History (6 events):
Event: 0.728 GC heap before
{Heap before GC invocations=0 (full 0):
 garbage-first heap   total 260096K, used 29696K [0x0000000080000000, 0x0000000100000000)
  region size 1024K, 24 young (24576K), 0 survivors (0K)
 Metaspace       used 10183K, capacity 10421K, committed 10624K, reserved 1058816K
  class space    used 1064K, capacity 1139K, committed 1152K, reserved 1048576K
}
Event: 0.734 GC heap after
{Heap after GC invocations=1 (full 0):
 garbage-first heap   total 260096K, used 9438K [0x0000000080000000, 0x0000000100000000)
  region size 1024K, 3 young (3072K), 3 survivors (3072K)
 Metaspace       used 10183K, capacity 10421K, committed 10624K, reserved 1058816K
  class space    used 1064K, capacity 1139K, committed 1152K, reserved 1048576K
}
Event: 2.601 GC heap before
{Heap before GC invocations=1 (full 0):
 garbage-first heap   total 260096K, used 107742K [0x0000000080000000, 0x0000000100000000)
  region size 1024K, 99 young (101376K), 3 survivors (3072K)
 Metaspace       used 20527K, capacity 21088K, committed 21248K, reserved 1067008K
  class space    used 2504K, capacity 2690K, committed 2816K, reserved 1048576K
}
Event: 2.610 GC heap after
{Heap after GC invocations=2 (full 0):
 garbage-first heap   total 260096K, used 16591K [0x0000000080000000, 0x0000000100000000)
  region size 1024K, 10 young (10240K), 10 survivors (10240K)
 Metaspace       used 20527K, capacity 21088K, committed 21248K, reserved 1067008K
  class space    used 2504K, capacity 2690K, committed 2816K, reserved 1048576K
}
Event: 3.279 GC heap before
{Heap before GC invocations=3 (full 0):
 garbage-first heap   total 260096K, used 79055K [0x0000000080000000, 0x0000000100000000)
  region size 1024K, 72 young (73728K), 10 survivors (10240K)
 Metaspace       used 26512K, capacity 27260K, committed 27392K, reserved 1073152K
  class space    used 3496K, capacity 3755K, committed 3840K, reserved 1048576K
}
Event: 3.289 GC heap after
{Heap after GC invocations=4 (full 0):
 garbage-first heap   total 260096K, used 19043K [0x0000000080000000, 0x0000000100000000)
  region size 1024K, 3 young (3072K), 3 survivors (3072K)
 Metaspace       used 26512K, capacity 27260K, committed 27392K, reserved 1073152K
  class space    used 3496K, capacity 3755K, committed 3840K, reserved 1048576K
}

Deoptimization events (20 events):
Event: 3.079 Thread 0x000001fcca39e000 Uncommon trap: trap_request=0xffffff7e fr.pc=0x000001fcba3d5b30 relative=0x0000000000000150
Event: 3.079 Thread 0x000001fcca39e000 Uncommon trap: reason=predicate action=maybe_recompile pc=0x000001fcba3d5b30 method=com.google.common.base.CharMatcher.indexIn(Ljava/lang/CharSequence;I)I @ 19 c2
Event: 3.079 Thread 0x000001fcca39e000 DEOPT PACKING pc=0x000001fcba3d5b30 sp=0x000000abfd7fbf30
Event: 3.079 Thread 0x000001fcca39e000 DEOPT UNPACKING pc=0x000001fcb28278af sp=0x000000abfd7fbec0 mode 2
Event: 3.116 Thread 0x000001fcca39e000 Uncommon trap: trap_request=0xffffffde fr.pc=0x000001fcba3bfa28 relative=0x00000000000002e8
Event: 3.116 Thread 0x000001fcca39e000 Uncommon trap: reason=class_check action=maybe_recompile pc=0x000001fcba3bfa28 method=java.util.Collections$SetFromMap.remove(Ljava/lang/Object;)Z @ 5 c2
Event: 3.116 Thread 0x000001fcca39e000 DEOPT PACKING pc=0x000001fcba3bfa28 sp=0x000000abfd7fc940
Event: 3.116 Thread 0x000001fcca39e000 DEOPT UNPACKING pc=0x000001fcb28278af sp=0x000000abfd7fc938 mode 2
Event: 3.116 Thread 0x000001fcca39e000 Uncommon trap: trap_request=0xffffffde fr.pc=0x000001fcba3bfa28 relative=0x00000000000002e8
Event: 3.116 Thread 0x000001fcca39e000 Uncommon trap: reason=class_check action=maybe_recompile pc=0x000001fcba3bfa28 method=java.util.Collections$SetFromMap.remove(Ljava/lang/Object;)Z @ 5 c2
Event: 3.116 Thread 0x000001fcca39e000 DEOPT PACKING pc=0x000001fcba3bfa28 sp=0x000000abfd7fc8c0
Event: 3.116 Thread 0x000001fcca39e000 DEOPT UNPACKING pc=0x000001fcb28278af sp=0x000000abfd7fc8b8 mode 2
Event: 3.364 Thread 0x000001fcca39e000 Uncommon trap: trap_request=0xffffff4d fr.pc=0x000001fcba3d814c relative=0x000000000000020c
Event: 3.364 Thread 0x000001fcca39e000 Uncommon trap: reason=unstable_if action=reinterpret pc=0x000001fcba3d814c method=java.util.HashMap.hash(Ljava/lang/Object;)I @ 1 c2
Event: 3.364 Thread 0x000001fcca39e000 DEOPT PACKING pc=0x000001fcba3d814c sp=0x000000abfd7f96d0
Event: 3.364 Thread 0x000001fcca39e000 DEOPT UNPACKING pc=0x000001fcb28278af sp=0x000000abfd7f9608 mode 2
Event: 3.364 Thread 0x000001fcca39e000 Uncommon trap: trap_request=0xffffff4d fr.pc=0x000001fcba37f4ac relative=0x000000000000008c
Event: 3.364 Thread 0x000001fcca39e000 Uncommon trap: reason=unstable_if action=reinterpret pc=0x000001fcba37f4ac method=java.util.HashMap.hash(Ljava/lang/Object;)I @ 1 c2
Event: 3.364 Thread 0x000001fcca39e000 DEOPT PACKING pc=0x000001fcba37f4ac sp=0x000000abfd7f9450
Event: 3.364 Thread 0x000001fcca39e000 DEOPT UNPACKING pc=0x000001fcb28278af sp=0x000000abfd7f93e8 mode 2

Classes redefined (0 events):
No events

Internal exceptions (20 events):
Event: 2.631 Thread 0x000001fcca39e000 Exception <a 'java/lang/NoSuchMethodError'{0x000000008fc717a0}: 'void java.lang.invoke.DirectMethodHandle$Holder.invokeStatic(java.lang.Object, java.lang.Object, java.lang.Object, java.lang.Object, java.lang.Object)'> (0x000000008fc717a0) thrown at [./src/hotspot/share/interpreter/linkResolver.cpp, line 773]
Event: 2.686 Thread 0x000001fcca39e000 Exception <a 'java/lang/NoSuchMethodError'{0x000000008f716808}: 'void java.lang.invoke.DirectMethodHandle$Holder.invokeSpecial(java.lang.Object, java.lang.Object)'> (0x000000008f716808) thrown at [./src/hotspot/share/interpreter/linkResolver.cpp, line 773]
Event: 2.713 Thread 0x000001fcca39e000 Exception <a 'java/lang/NoSuchMethodError'{0x000000008f553260}: 'java.lang.Object java.lang.invoke.DirectMethodHandle$Holder.invokeSpecial(java.lang.Object, java.lang.Object, java.lang.Object, java.lang.Object, java.lang.Object, java.lang.Object, java.lang.Object, java.lang.Object, java.lang.Object)'> (0x000000008f553260) thrown at [./src/hotspot/share/interpreter/linkResolver.cpp, line 773]
Event: 2.771 Thread 0x000001fcca39e000 Exception <a 'java/lang/NoSuchMethodError'{0x000000008eb2d818}: 'java.lang.Object java.lang.invoke.DirectMethodHandle$Holder.invokeVirtual(java.lang.Object, java.lang.Object, java.lang.Object, java.lang.Object)'> (0x000000008eb2d818) thrown at [./src/hotspot/share/interpreter/linkResolver.cpp, line 773]
Event: 2.789 Thread 0x000001fcca39e000 Exception <a 'java/lang/NoSuchMethodError'{0x000000008e9f8100}: 'java.lang.Object java.lang.invoke.Invokers$Holder.invoker(java.lang.Object, java.lang.Object, java.lang.Object, java.lang.Object, java.lang.Object)'> (0x000000008e9f8100) thrown at [./src/hotspot/share/interpreter/linkResolver.cpp, line 773]
Event: 2.857 Thread 0x000001fcca39e000 Exception <a 'java/lang/NoSuchMethodError'{0x000000008e4496c0}: 'void java.lang.invoke.DirectMethodHandle$Holder.invokeSpecial(java.lang.Object, java.lang.Object, java.lang.Object, java.lang.Object, java.lang.Object, java.lang.Object)'> (0x000000008e4496c0) thrown at [./src/hotspot/share/interpreter/linkResolver.cpp, line 773]
Event: 2.869 Thread 0x000001fcca39e000 Exception <a 'java/lang/NoSuchMethodError'{0x000000008e330d78}: 'void java.lang.invoke.DirectMethodHandle$Holder.invokeSpecial(java.lang.Object, java.lang.Object, java.lang.Object, java.lang.Object, java.lang.Object, java.lang.Object, java.lang.Object)'> (0x000000008e330d78) thrown at [./src/hotspot/share/interpreter/linkResolver.cpp, line 773]
Event: 2.869 Thread 0x000001fcca39e000 Exception <a 'java/lang/NoSuchMethodError'{0x000000008e338fc0}: 'java.lang.Object java.lang.invoke.Invokers$Holder.linkToTargetMethod(java.lang.Object, java.lang.Object, java.lang.Object, java.lang.Object, java.lang.Object, java.lang.Object)'> (0x000000008e338fc0) thrown at [./src/hotspot/share/interpreter/linkResolver.cpp, line 773]
Event: 3.016 Thread 0x000001fcca39e000 Exception <a 'java/lang/NoSuchMethodError'{0x000000008d681d08}: 'void java.lang.invoke.DirectMethodHandle$Holder.invokeStaticInit(java.lang.Object, java.lang.Object)'> (0x000000008d681d08) thrown at [./src/hotspot/share/interpreter/linkResolver.cpp, line 773]
Event: 3.108 Thread 0x000001fcca39e000 Exception <a 'java/lang/NoSuchMethodError'{0x000000008d0da2d0}: 'void java.lang.invoke.DirectMethodHandle$Holder.invokeStatic(java.lang.Object, java.lang.Object, java.lang.Object, java.lang.Object)'> (0x000000008d0da2d0) thrown at [./src/hotspot/share/interpreter/linkResolver.cpp, line 773]
Event: 3.111 Thread 0x000001fcca39e000 Exception <a 'java/lang/NoSuchMethodError'{0x000000008d0edd50}: 'int java.lang.invoke.DirectMethodHandle$Holder.invokeInterface(java.lang.Object, java.lang.Object)'> (0x000000008d0edd50) thrown at [./src/hotspot/share/interpreter/linkResolver.cpp, line 773]
Event: 3.237 Thread 0x000001fcca39e000 Exception <a 'java/lang/NoSuchMethodError'{0x000000008c44b7c8}: 'java.lang.Object java.lang.invoke.DirectMethodHandle$Holder.invokeSpecialIFC(java.lang.Object, java.lang.Object, java.lang.Object, java.lang.Object)'> (0x000000008c44b7c8) thrown at [./src/hotspot/share/interpreter/linkResolver.cpp, line 773]
Event: 3.248 Thread 0x000001fcca39e000 Exception <a 'java/lang/NoSuchMethodError'{0x000000008c3378f8}: 'java.lang.Object java.lang.invoke.DirectMethodHandle$Holder.invokeSpecial(java.lang.Object, java.lang.Object, java.lang.Object, java.lang.Object, java.lang.Object, java.lang.Object, java.lang.Object, java.lang.Object, java.lang.Object, java.lang.Object, java.lang.Object, java.lang.Object, java.lang.Object)'> (0x000000008c3378f8) thrown at [./src/hotspot/share/interpreter/linkResolver.cpp, line 773]
Event: 3.248 Thread 0x000001fcca39e000 Exception <a 'java/lang/NoSuchMethodError'{0x000000008c348b80}: 'java.lang.Object java.lang.invoke.DirectMethodHandle$Holder.invokeSpecial(java.lang.Object, java.lang.Object, java.lang.Object, java.lang.Object, java.lang.Object, java.lang.Object, java.lang.Object, java.lang.Object, java.lang.Object, java.lang.Object, java.lang.Object, java.lang.Object)'> (0x000000008c348b80) thrown at [./src/hotspot/share/interpreter/linkResolver.cpp, line 773]
Event: 3.249 Thread 0x000001fcca39e000 Exception <a 'java/lang/NoSuchMethodError'{0x000000008c34dca8}: 'java.lang.Object java.lang.invoke.Invokers$Holder.linkToTargetMethod(java.lang.Object, java.lang.Object, java.lang.Object, java.lang.Object, java.lang.Object, java.lang.Object, java.lang.Object, java.lang.Object, java.lang.Object, java.lang.Object, java.lang.Object)'> (0x000000008c34dca8) thrown at [./src/hotspot/share/interpreter/linkResolver.cpp, line 773]
Event: 3.258 Thread 0x000001fcca39e000 Exception <a 'java/lang/NoSuchMethodError'{0x000000008c2a5080}: 'java.lang.Object java.lang.invoke.DirectMethodHandle$Holder.invokeSpecial(java.lang.Object, java.lang.Object, java.lang.Object, java.lang.Object, java.lang.Object, java.lang.Object, java.lang.Object, java.lang.Object, java.lang.Object, java.lang.Object, java.lang.Object, java.lang.Object, java.lang.Object, java.lang.Object)'> (0x000000008c2a5080) thrown at [./src/hotspot/share/interpreter/linkResolver.cpp, line 773]
Event: 3.259 Thread 0x000001fcca39e000 Exception <a 'java/lang/NoSuchMethodError'{0x000000008c2b6678}: 'java.lang.Object java.lang.invoke.Invokers$Holder.linkToTargetMethod(java.lang.Object, java.lang.Object, java.lang.Object, java.lang.Object, java.lang.Object, java.lang.Object, java.lang.Object, java.lang.Object, java.lang.Object, java.lang.Object, java.lang.Object, java.lang.Object)'> (0x000000008c2b6678) thrown at [./src/hotspot/share/interpreter/linkResolver.cpp, line 773]
Event: 3.264 Thread 0x000001fcca39e000 Exception <a 'java/lang/NoSuchMethodError'{0x000000008c14d648}: 'java.lang.Object java.lang.invoke.DirectMethodHandle$Holder.invokeStaticInit(java.lang.Object, java.lang.Object, java.lang.Object, java.lang.Object)'> (0x000000008c14d648) thrown at [./src/hotspot/share/interpreter/linkResolver.cpp, line 773]
Event: 3.364 Thread 0x000001fcca39e000 Implicit null exception at 0x000001fcba3d7f75 to 0x000001fcba3d813c
Event: 3.364 Thread 0x000001fcca39e000 Implicit null exception at 0x000001fcba37f42f to 0x000001fcba37f49d

Events (20 events):
Event: 3.457 loading class org/gradle/api/Transformer done
Event: 3.459 Thread 0x000001fccc60e800 Thread added: 0x000001fccc60e800
Event: 3.460 loading class org/gradle/api/attributes/Category
Event: 3.460 loading class org/gradle/api/attributes/Category done
Event: 3.462 loading class org/gradle/internal/rules/RuleActionValidator
Event: 3.462 loading class org/gradle/internal/rules/RuleActionValidator done
Event: 3.462 loading class org/gradle/internal/rules/RuleActionAdapter
Event: 3.462 loading class org/gradle/internal/rules/RuleActionAdapter done
Event: 3.463 loading class org/gradle/api/internal/artifacts/ComponentMetadataProcessor
Event: 3.463 loading class org/gradle/api/internal/artifacts/ComponentMetadataProcessor done
Event: 3.464 loading class org/gradle/internal/rules/SpecRuleAction
Event: 3.464 loading class org/gradle/internal/rules/SpecRuleAction done
Event: 3.464 loading class org/gradle/api/internal/artifacts/dsl/SpecConfigurableRule
Event: 3.464 loading class org/gradle/api/internal/artifacts/dsl/SpecConfigurableRule done
Event: 3.465 loading class org/gradle/internal/rules/RuleAction
Event: 3.465 loading class org/gradle/internal/rules/RuleAction done
Event: 3.465 loading class org/gradle/internal/action/ConfigurableRule
Event: 3.465 loading class org/gradle/internal/action/ConfigurableRule done
Event: 3.465 loading class org/gradle/api/internal/artifacts/dsl/ComponentMetadataRuleContainer
Event: 3.465 loading class org/gradle/api/internal/artifacts/dsl/ComponentMetadataRuleContainer done


Dynamic libraries:
0x00007ff75d990000 - 0x00007ff75d99a000 	C:\Program Files\Android\Android Studio\jre\bin\java.exe
0x00007fffa3670000 - 0x00007fffa3865000 	C:\WINDOWS\SYSTEM32\ntdll.dll
0x00007fffa30b0000 - 0x00007fffa316d000 	C:\WINDOWS\System32\KERNEL32.DLL
0x00007fffa1170000 - 0x00007fffa1438000 	C:\WINDOWS\System32\KERNELBASE.dll
0x00007fffa1070000 - 0x00007fffa1170000 	C:\WINDOWS\System32\ucrtbase.dll
0x00007fff879a0000 - 0x00007fff879b9000 	C:\Program Files\Android\Android Studio\jre\bin\jli.dll
0x00007fff9c5e0000 - 0x00007fff9c5f7000 	C:\Program Files\Android\Android Studio\jre\bin\VCRUNTIME140.dll
0x00007fffa2dc0000 - 0x00007fffa2f60000 	C:\WINDOWS\System32\USER32.dll
0x00007fffa0fc0000 - 0x00007fffa0fe2000 	C:\WINDOWS\System32\win32u.dll
0x00007fff812c0000 - 0x00007fff8155a000 	C:\WINDOWS\WinSxS\amd64_microsoft.windows.common-controls_6595b64144ccf1df_6.0.19041.844_none_ca00b6081b84eb1d\COMCTL32.dll
0x00007fffa31a0000 - 0x00007fffa31ca000 	C:\WINDOWS\System32\GDI32.dll
0x00007fffa2cb0000 - 0x00007fffa2d4e000 	C:\WINDOWS\System32\msvcrt.dll
0x00007fffa0e10000 - 0x00007fffa0f1b000 	C:\WINDOWS\System32\gdi32full.dll
0x00007fffa0f20000 - 0x00007fffa0fbd000 	C:\WINDOWS\System32\msvcp_win.dll
0x00007fffa3170000 - 0x00007fffa31a0000 	C:\WINDOWS\System32\IMM32.DLL
0x00007fff87860000 - 0x00007fff878fd000 	C:\Program Files\Android\Android Studio\jre\bin\msvcp140.dll
0x00007fff5a260000 - 0x00007fff5ad2f000 	C:\Program Files\Android\Android Studio\jre\bin\server\jvm.dll
0x00007fffa20d0000 - 0x00007fffa217c000 	C:\WINDOWS\System32\ADVAPI32.dll
0x00007fffa1cb0000 - 0x00007fffa1d4b000 	C:\WINDOWS\System32\sechost.dll
0x00007fffa1e60000 - 0x00007fffa1f8b000 	C:\WINDOWS\System32\RPCRT4.dll
0x00007fffa3510000 - 0x00007fffa3518000 	C:\WINDOWS\System32\PSAPI.DLL
0x00007fff829b0000 - 0x00007fff829b9000 	C:\WINDOWS\SYSTEM32\WSOCK32.dll
0x00007fff86a90000 - 0x00007fff86ab7000 	C:\WINDOWS\SYSTEM32\WINMM.dll
0x00007fffa2d50000 - 0x00007fffa2dbb000 	C:\WINDOWS\System32\WS2_32.dll
0x00007fff99630000 - 0x00007fff9963a000 	C:\WINDOWS\SYSTEM32\VERSION.dll
0x00007fff9f680000 - 0x00007fff9f692000 	C:\WINDOWS\SYSTEM32\kernel.appcore.dll
0x00007fff7f510000 - 0x00007fff7f521000 	C:\Program Files\Android\Android Studio\jre\bin\verify.dll
0x00007fff9ea80000 - 0x00007fff9ec64000 	C:\WINDOWS\SYSTEM32\DBGHELP.DLL
0x00007fff89070000 - 0x00007fff8909c000 	C:\WINDOWS\SYSTEM32\dbgcore.DLL
0x00007fffa1440000 - 0x00007fffa14c0000 	C:\WINDOWS\System32\bcryptPrimitives.dll
0x00007fff7e880000 - 0x00007fff7e8a9000 	C:\Program Files\Android\Android Studio\jre\bin\java.dll
0x00007fff7f500000 - 0x00007fff7f50b000 	C:\Program Files\Android\Android Studio\jre\bin\jimage.dll
0x00007fff7e400000 - 0x00007fff7e418000 	C:\Program Files\Android\Android Studio\jre\bin\zip.dll
0x00007fffa2560000 - 0x00007fffa2ca2000 	C:\WINDOWS\System32\SHELL32.dll
0x00007fff9eed0000 - 0x00007fff9f661000 	C:\WINDOWS\SYSTEM32\windows.storage.dll
0x00007fffa2180000 - 0x00007fffa24d5000 	C:\WINDOWS\System32\combase.dll
0x00007fffa0820000 - 0x00007fffa084c000 	C:\WINDOWS\SYSTEM32\Wldp.dll
0x00007fffa3580000 - 0x00007fffa362e000 	C:\WINDOWS\System32\SHCORE.dll
0x00007fffa3520000 - 0x00007fffa3575000 	C:\WINDOWS\System32\shlwapi.dll
0x00007fffa0cf0000 - 0x00007fffa0d0f000 	C:\WINDOWS\SYSTEM32\profapi.dll
0x00007fff7e3e0000 - 0x00007fff7e3fa000 	C:\Program Files\Android\Android Studio\jre\bin\net.dll
0x00007fff9b680000 - 0x00007fff9b78b000 	C:\WINDOWS\SYSTEM32\WINHTTP.dll
0x00007fffa0590000 - 0x00007fffa05fa000 	C:\WINDOWS\system32\mswsock.dll
0x00007fff7de10000 - 0x00007fff7de24000 	C:\Program Files\Android\Android Studio\jre\bin\nio.dll
0x00007fff9b030000 - 0x00007fff9b057000 	C:\Users\enzo.tazarine\.gradle\native\8bec1ad78214c89d9ad589b4d07fe93259594b29d510b10fafb7a158f7737e5d\windows-amd64\native-platform.dll
0x00007fff99170000 - 0x00007fff992ad000 	C:\Users\enzo.tazarine\.gradle\native\53dbd7edfb1c66fb8903c78663c9afc45aea4f116125fa6feffd364cf09443e8\windows-amd64\native-platform-file-events.dll
0x00007fff7f4f0000 - 0x00007fff7f4fa000 	C:\Program Files\Android\Android Studio\jre\bin\management.dll
0x00007fff7de00000 - 0x00007fff7de0c000 	C:\Program Files\Android\Android Studio\jre\bin\management_ext.dll
0x00007fffa0760000 - 0x00007fffa0778000 	C:\WINDOWS\SYSTEM32\CRYPTSP.dll
0x00007fff9fec0000 - 0x00007fff9fef4000 	C:\WINDOWS\system32\rsaenh.dll
0x00007fffa1040000 - 0x00007fffa1067000 	C:\WINDOWS\System32\bcrypt.dll
0x00007fffa0cb0000 - 0x00007fffa0cde000 	C:\WINDOWS\SYSTEM32\USERENV.dll
0x00007fffa0780000 - 0x00007fffa078c000 	C:\WINDOWS\SYSTEM32\CRYPTBASE.dll
0x00007fffa0230000 - 0x00007fffa026b000 	C:\WINDOWS\SYSTEM32\IPHLPAPI.DLL
0x00007fffa1f90000 - 0x00007fffa1f98000 	C:\WINDOWS\System32\NSI.dll
0x00007fff97260000 - 0x00007fff97277000 	C:\WINDOWS\SYSTEM32\dhcpcsvc6.DLL
0x00007fff97b10000 - 0x00007fff97b2d000 	C:\WINDOWS\SYSTEM32\dhcpcsvc.DLL
0x00007fffa0280000 - 0x00007fffa034c000 	C:\WINDOWS\SYSTEM32\DNSAPI.dll

dbghelp: loaded successfully - version: 4.0.5 - missing functions: none
symbol engine: initialized successfully - sym options: 0x614 - pdb path: .;C:\Program Files\Android\Android Studio\jre\bin;C:\WINDOWS\SYSTEM32;C:\WINDOWS\WinSxS\amd64_microsoft.windows.common-controls_6595b64144ccf1df_6.0.19041.844_none_ca00b6081b84eb1d;C:\Program Files\Android\Android Studio\jre\bin\server;C:\Users\enzo.tazarine\.gradle\native\8bec1ad78214c89d9ad589b4d07fe93259594b29d510b10fafb7a158f7737e5d\windows-amd64;C:\Users\enzo.tazarine\.gradle\native\53dbd7edfb1c66fb8903c78663c9afc45aea4f116125fa6feffd364cf09443e8\windows-amd64

VM Arguments:
jvm_args: --add-opens=java.base/java.util=ALL-UNNAMED --add-opens=java.base/java.lang=ALL-UNNAMED --add-opens=java.base/java.lang.invoke=ALL-UNNAMED --add-opens=java.base/java.util=ALL-UNNAMED --add-opens=java.prefs/java.util.prefs=ALL-UNNAMED --add-opens=java.prefs/java.util.prefs=ALL-UNNAMED --add-opens=java.base/java.nio.charset=ALL-UNNAMED --add-opens=java.base/java.net=ALL-UNNAMED --add-opens=java.base/java.util.concurrent.atomic=ALL-UNNAMED -Xmx2048m -Dfile.encoding=UTF-8 -Duser.country=FR -Duser.language=fr -Duser.variant 
java_command: org.gradle.launcher.daemon.bootstrap.GradleDaemon 7.0.2
java_class_path (initial): C:\Users\enzo.tazarine\.gradle\wrapper\dists\gradle-7.0.2-bin\857tjihv64xamwrf0h14cai3r\gradle-7.0.2\lib\gradle-launcher-7.0.2.jar
Launcher Type: SUN_STANDARD

[Global flags]
     intx CICompilerCount                          = 4                                         {product} {ergonomic}
     uint ConcGCThreads                            = 2                                         {product} {ergonomic}
     uint G1ConcRefinementThreads                  = 8                                         {product} {ergonomic}
   size_t G1HeapRegionSize                         = 1048576                                   {product} {ergonomic}
    uintx GCDrainStackTargetSize                   = 64                                        {product} {ergonomic}
   size_t InitialHeapSize                          = 266338304                                 {product} {ergonomic}
   size_t MarkStackSize                            = 4194304                                   {product} {ergonomic}
   size_t MaxHeapSize                              = 2147483648                                {product} {command line}
   size_t MaxNewSize                               = 1287651328                                {product} {ergonomic}
   size_t MinHeapDeltaBytes                        = 1048576                                   {product} {ergonomic}
    uintx NonNMethodCodeHeapSize                   = 5836300                                {pd product} {ergonomic}
    uintx NonProfiledCodeHeapSize                  = 122910970                              {pd product} {ergonomic}
    uintx ProfiledCodeHeapSize                     = 122910970                              {pd product} {ergonomic}
    uintx ReservedCodeCacheSize                    = 251658240                              {pd product} {ergonomic}
     bool SegmentedCodeCache                       = true                                      {product} {ergonomic}
     bool UseCompressedClassPointers               = true                                 {lp64_product} {ergonomic}
     bool UseCompressedOops                        = true                                 {lp64_product} {ergonomic}
     bool UseG1GC                                  = true                                      {product} {ergonomic}
     bool UseLargePagesIndividualAllocation        = false                                  {pd product} {ergonomic}

Logging:
Log output configuration:
 #0: stdout all=warning uptime,level,tags
 #1: stderr all=off uptime,level,tags

Environment Variables:
PATH=C:\Program Files (x86)\Common Files\Oracle\Java\javapath;C:\WINDOWS\system32;C:\WINDOWS;C:\WINDOWS\System32\Wbem;C:\WINDOWS\System32\WindowsPowerShell\v1.0\;C:\WINDOWS\System32\OpenSSH\;C:\Program Files\Microsoft SQL Server\Client SDK\ODBC\110\Tools\Binn\;C:\Program Files (x86)\Microsoft SQL Server\120\Tools\Binn\;C:\Program Files\Microsoft SQL Server\120\Tools\Binn\;C:\Program Files\Microsoft SQL Server\120\DTS\Binn\;C:\Program Files (x86)\Microsoft SQL Server\120\Tools\Binn\ManagementStudio\;C:\Program Files (x86)\Microsoft SQL Server\120\DTS\Binn\;C:\Program Files\nodejs\;C:\Program Files\Git\cmd;C:\altera\91\modelsim_ase\win32aloem;C:\Users\enzo.tazarine\AppData\Local\Microsoft\WindowsApps;C:\Users\enzo.tazarine\AppData\Local\Programs\Microsoft VS Code\bin;C:\Users\enzo.tazarine\AppData\Roaming\npm
USERNAME=enzo.tazarine
OS=Windows_NT
PROCESSOR_IDENTIFIER=Intel64 Family 6 Model 142 Stepping 12, GenuineIntel



---------------  S Y S T E M  ---------------

OS: Windows 10 , 64 bit Build 19041 (10.0.19041.928)
OS uptime: 0 days 11:15 hours

CPU:total 8 (initial active 8) (4 cores per cpu, 2 threads per core) family 6 model 142 stepping 12 microcode 0xd6, cmov, cx8, fxsr, mmx, sse, sse2, sse3, ssse3, sse4.1, sse4.2, popcnt, avx, avx2, aes, clmul, erms, 3dnowpref, lzcnt, ht, tsc, tscinvbit, bmi1, bmi2, adx, fma

Memory: 4k page, system-wide physical 16157M (4702M free)
TotalPageFile size 34790M (AvailPageFile size 5M)
current process WorkingSet (physical memory assigned to process): 262M, peak: 264M
current process commit charge ("private bytes"): 436M, peak: 437M

vm_info: OpenJDK 64-Bit Server VM (11.0.10+0-b96-7249189) for windows-amd64 JRE (11.0.10+0-b96-7249189), built on Mar 31 2021 21:44:00 by "builder" with MS VC++ 14.0 (VS2015)

END.
