#
# There is insufficient memory for the Java Runtime Environment to continue.
# Native memory allocation (malloc) failed to allocate 1549936 bytes for Chunk::new
# Possible reasons:
#   The system is out of physical RAM or swap space
#   The process is running with CompressedOops enabled, and the Java Heap may be blocking the growth of the native heap
# Possible solutions:
#   Reduce memory load on the system
#   Increase physical memory or swap space
#   Check if swap backing store is full
#   Decrease Java heap size (-Xmx/-Xms)
#   Decrease number of Java threads
#   Decrease Java thread stack sizes (-Xss)
#   Set larger code cache with -XX:ReservedCodeCacheSize=
#   JVM is running with Unscaled Compressed Oops mode in which the Java heap is
#     placed in the first 4GB address space. The Java Heap base address is the
#     maximum limit for the native heap growth. Please use -XX:HeapBaseMinAddress
#     to set the Java Heap base and to place the Java Heap above 4GB virtual address.
# This output file may be truncated or incomplete.
#
#  Out of Memory Error (./src/hotspot/share/memory/arena.cpp:197), pid=1016, tid=6732
#
# JRE version: OpenJDK Runtime Environment (11.0.10) (build 11.0.10+0-b96-7249189)
# Java VM: OpenJDK 64-Bit Server VM (11.0.10+0-b96-7249189, mixed mode, tiered, compressed oops, g1 gc, windows-amd64)
# No core dump will be written. Minidumps are not enabled by default on client versions of Windows
#

---------------  S U M M A R Y ------------

Command Line: --add-opens=java.base/java.util=ALL-UNNAMED --add-opens=java.base/java.lang=ALL-UNNAMED --add-opens=java.base/java.lang.invoke=ALL-UNNAMED --add-opens=java.base/java.util=ALL-UNNAMED --add-opens=java.prefs/java.util.prefs=ALL-UNNAMED --add-opens=java.prefs/java.util.prefs=ALL-UNNAMED --add-opens=java.base/java.nio.charset=ALL-UNNAMED --add-opens=java.base/java.net=ALL-UNNAMED --add-opens=java.base/java.util.concurrent.atomic=ALL-UNNAMED -Xmx2048m -Dfile.encoding=UTF-8 -Duser.country=FR -Duser.language=fr -Duser.variant org.gradle.launcher.daemon.bootstrap.GradleDaemon 7.0.2

Host: Intel(R) Core(TM) i7-10510U CPU @ 1.80GHz, 8 cores, 15G,  Windows 10 , 64 bit Build 19041 (10.0.19041.928)
Time: Mon Feb 14 02:56:43 2022 Paris, Madrid elapsed time: 4.116987 seconds (0d 0h 0m 4s)

---------------  T H R E A D  ---------------

Current thread (0x00000266cfeb7800):  JavaThread "C2 CompilerThread0" daemon [_thread_in_native, id=6732, stack(0x0000007a39f00000,0x0000007a3a000000)]


Current CompileTask:
C2:   4117 3069       4       java.util.AbstractCollection::addAll (42 bytes)

Stack: [0x0000007a39f00000,0x0000007a3a000000]
Native frames: (J=compiled Java code, j=interpreted, Vv=VM code, C=native code)
V  [jvm.dll+0x5ecfaa]
V  [jvm.dll+0x722bd5]
V  [jvm.dll+0x72412d]
V  [jvm.dll+0x7247e3]
V  [jvm.dll+0x242928]
V  [jvm.dll+0xbc4fc]
V  [jvm.dll+0xbca0c]
V  [jvm.dll+0x352d7d]
V  [jvm.dll+0x320ad3]
V  [jvm.dll+0x31ffca]
V  [jvm.dll+0x1fb602]
V  [jvm.dll+0x1fa7f4]
V  [jvm.dll+0x18354c]
V  [jvm.dll+0x208ee7]
V  [jvm.dll+0x207731]
V  [jvm.dll+0x6eb1cf]
V  [jvm.dll+0x6e3d45]
V  [jvm.dll+0x5ebe96]
C  [ucrtbase.dll+0x21bb2]
C  [KERNEL32.DLL+0x17034]
C  [ntdll.dll+0x52651]


---------------  P R O C E S S  ---------------

Threads class SMR info:
_java_thread_list=0x00000266d538cc10, length=40, elements={
0x00000266b49ac800, 0x00000266cfe52800, 0x00000266cfe5c000, 0x00000266cf61e000,
0x00000266cfeb0800, 0x00000266cfeb4800, 0x00000266cfeb7800, 0x00000266cfec1800,
0x00000266cfecc000, 0x00000266d0027800, 0x00000266d15f0800, 0x00000266d021b800,
0x00000266d2b4b800, 0x00000266d1555000, 0x00000266d0519000, 0x00000266d1ee5000,
0x00000266d1ee6000, 0x00000266d258d800, 0x00000266d1f26000, 0x00000266d2bda800,
0x00000266d2bdc000, 0x00000266d2bdb800, 0x00000266d2bdd000, 0x00000266d104e000,
0x00000266d2bdd800, 0x00000266d2bde800, 0x00000266d2bd9000, 0x00000266d2bdf800,
0x00000266d2bd9800, 0x00000266d3534000, 0x00000266d3539000, 0x00000266d353a000,
0x00000266d353a800, 0x00000266d3537800, 0x00000266d3535000, 0x00000266d3538000,
0x00000266d353b800, 0x00000266d3eb4800, 0x00000266d3535800, 0x00000266d353c800
}

Java Threads: ( => current thread )
  0x00000266b49ac800 JavaThread "main" [_thread_blocked, id=3320, stack(0x0000007a39300000,0x0000007a39400000)]
  0x00000266cfe52800 JavaThread "Reference Handler" daemon [_thread_blocked, id=4712, stack(0x0000007a39a00000,0x0000007a39b00000)]
  0x00000266cfe5c000 JavaThread "Finalizer" daemon [_thread_blocked, id=8448, stack(0x0000007a39b00000,0x0000007a39c00000)]
  0x00000266cf61e000 JavaThread "Signal Dispatcher" daemon [_thread_blocked, id=10908, stack(0x0000007a39c00000,0x0000007a39d00000)]
  0x00000266cfeb0800 JavaThread "Attach Listener" daemon [_thread_blocked, id=10912, stack(0x0000007a39d00000,0x0000007a39e00000)]
  0x00000266cfeb4800 JavaThread "Service Thread" daemon [_thread_blocked, id=8708, stack(0x0000007a39e00000,0x0000007a39f00000)]
=>0x00000266cfeb7800 JavaThread "C2 CompilerThread0" daemon [_thread_in_native, id=6732, stack(0x0000007a39f00000,0x0000007a3a000000)]
  0x00000266cfec1800 JavaThread "C1 CompilerThread0" daemon [_thread_blocked, id=9884, stack(0x0000007a3a000000,0x0000007a3a100000)]
  0x00000266cfecc000 JavaThread "Sweeper thread" daemon [_thread_blocked, id=11292, stack(0x0000007a3a100000,0x0000007a3a200000)]
  0x00000266d0027800 JavaThread "Common-Cleaner" daemon [_thread_blocked, id=11336, stack(0x0000007a3a200000,0x0000007a3a300000)]
  0x00000266d15f0800 JavaThread "Daemon health stats" [_thread_blocked, id=8576, stack(0x0000007a3ab00000,0x0000007a3ac00000)]
  0x00000266d021b800 JavaThread "Incoming local TCP Connector on port 55853" [_thread_in_native, id=16808, stack(0x0000007a3a400000,0x0000007a3a500000)]
  0x00000266d2b4b800 JavaThread "Daemon periodic checks" [_thread_blocked, id=6412, stack(0x0000007a3a500000,0x0000007a3a600000)]
  0x00000266d1555000 JavaThread "Daemon" [_thread_blocked, id=7572, stack(0x0000007a3ac00000,0x0000007a3ad00000)]
  0x00000266d0519000 JavaThread "Handler for socket connection from /127.0.0.1:55853 to /127.0.0.1:55854" [_thread_in_native, id=14984, stack(0x0000007a3ad00000,0x0000007a3ae00000)]
  0x00000266d1ee5000 JavaThread "Cancel handler" [_thread_blocked, id=2092, stack(0x0000007a3ae00000,0x0000007a3af00000)]
  0x00000266d1ee6000 JavaThread "Daemon worker" [_thread_in_vm, id=12652, stack(0x0000007a3af00000,0x0000007a3b000000)]
  0x00000266d258d800 JavaThread "Asynchronous log dispatcher for DefaultDaemonConnection: socket connection from /127.0.0.1:55853 to /127.0.0.1:55854" [_thread_blocked, id=7456, stack(0x0000007a3b000000,0x0000007a3b100000)]
  0x00000266d1f26000 JavaThread "Stdin handler" [_thread_blocked, id=14232, stack(0x0000007a3b100000,0x0000007a3b200000)]
  0x00000266d2bda800 JavaThread "Daemon client event forwarder" [_thread_blocked, id=16760, stack(0x0000007a3b200000,0x0000007a3b300000)]
  0x00000266d2bdc000 JavaThread "Cache worker for file hash cache (C:\Users\enzo.tazarine\.gradle\caches\7.0.2\fileHashes)" [_thread_blocked, id=12576, stack(0x0000007a3b300000,0x0000007a3b400000)]
  0x00000266d2bdb800 JavaThread "File lock request listener" [_thread_in_native, id=11908, stack(0x0000007a3b400000,0x0000007a3b500000)]
  0x00000266d2bdd000 JavaThread "Cache worker for journal cache (C:\Users\enzo.tazarine\.gradle\caches\journal-1)" [_thread_blocked, id=1244, stack(0x0000007a3b800000,0x0000007a3b900000)]
  0x00000266d104e000 JavaThread "C2 CompilerThread1" daemon [_thread_in_native, id=17064, stack(0x0000007a3b900000,0x0000007a3ba00000)]
  0x00000266d2bdd800 JavaThread "Cache worker for file hash cache (C:\Users\enzo.tazarine\AndroidStudioProjects\AndroidERestaurant\.gradle\7.0.2\fileHashes)" [_thread_blocked, id=17308, stack(0x0000007a3ba00000,0x0000007a3bb00000)]
  0x00000266d2bde800 JavaThread "File watcher server" daemon [_thread_in_native, id=11116, stack(0x0000007a3bb00000,0x0000007a3bc00000)]
  0x00000266d2bd9000 JavaThread "File watcher consumer" daemon [_thread_blocked, id=16320, stack(0x0000007a3bc00000,0x0000007a3bd00000)]
  0x00000266d2bdf800 JavaThread "jar transforms" [_thread_blocked, id=7956, stack(0x0000007a3bd00000,0x0000007a3be00000)]
  0x00000266d2bd9800 JavaThread "jar transforms Thread 2" [_thread_blocked, id=7876, stack(0x0000007a3be00000,0x0000007a3bf00000)]
  0x00000266d3534000 JavaThread "jar transforms Thread 3" [_thread_blocked, id=5160, stack(0x0000007a3bf00000,0x0000007a3c000000)]
  0x00000266d3539000 JavaThread "jar transforms Thread 4" [_thread_blocked, id=1956, stack(0x0000007a3c000000,0x0000007a3c100000)]
  0x00000266d353a000 JavaThread "jar transforms Thread 5" [_thread_blocked, id=16536, stack(0x0000007a3c100000,0x0000007a3c200000)]
  0x00000266d353a800 JavaThread "jar transforms Thread 6" [_thread_blocked, id=14532, stack(0x0000007a3c200000,0x0000007a3c300000)]
  0x00000266d3537800 JavaThread "jar transforms Thread 7" [_thread_blocked, id=8944, stack(0x0000007a3c300000,0x0000007a3c400000)]
  0x00000266d3535000 JavaThread "jar transforms Thread 8" [_thread_blocked, id=14096, stack(0x0000007a3c400000,0x0000007a3c500000)]
  0x00000266d3538000 JavaThread "Cache worker for checksums cache (C:\Users\enzo.tazarine\AndroidStudioProjects\AndroidERestaurant\.gradle\checksums)" [_thread_blocked, id=15016, stack(0x0000007a3c500000,0x0000007a3c600000)]
  0x00000266d353b800 JavaThread "Cache worker for cache directory md-supplier (C:\Users\enzo.tazarine\.gradle\caches\7.0.2\md-supplier)" [_thread_blocked, id=12864, stack(0x0000007a3c600000,0x0000007a3c700000)]
  0x00000266d3eb4800 JavaThread "C2 CompilerThread2" daemon [_thread_in_native, id=16860, stack(0x0000007a3c700000,0x0000007a3c800000)]
  0x00000266d3535800 JavaThread "Cache worker for cache directory md-rule (C:\Users\enzo.tazarine\.gradle\caches\7.0.2\md-rule)" [_thread_blocked, id=11768, stack(0x0000007a3c800000,0x0000007a3c900000)]
  0x00000266d353c800 JavaThread "Cache worker for execution history cache (C:\Users\enzo.tazarine\.gradle\caches\7.0.2\executionHistory)" [_thread_blocked, id=16468, stack(0x0000007a3c900000,0x0000007a3ca00000)]

Other Threads:
  0x00000266cf613000 VMThread "VM Thread" [stack: 0x0000007a39900000,0x0000007a39a00000] [id=10680]
  0x00000266d0088800 WatcherThread [stack: 0x0000007a3a300000,0x0000007a3a400000] [id=10376]
  0x00000266b49c5000 GCTaskThread "GC Thread#0" [stack: 0x0000007a39400000,0x0000007a39500000] [id=10328]
  0x00000266d0f79800 GCTaskThread "GC Thread#1" [stack: 0x0000007a3a600000,0x0000007a3a700000] [id=13108]
  0x00000266d0f7a800 GCTaskThread "GC Thread#2" [stack: 0x0000007a3a700000,0x0000007a3a800000] [id=15580]
  0x00000266d0c08000 GCTaskThread "GC Thread#3" [stack: 0x0000007a3a800000,0x0000007a3a900000] [id=13560]
  0x00000266d0c08800 GCTaskThread "GC Thread#4" [stack: 0x0000007a3a900000,0x0000007a3aa00000] [id=10344]
  0x00000266d0795800 GCTaskThread "GC Thread#5" [stack: 0x0000007a3aa00000,0x0000007a3ab00000] [id=16936]
  0x00000266d22e2800 GCTaskThread "GC Thread#6" [stack: 0x0000007a3b500000,0x0000007a3b600000] [id=15396]
  0x00000266d118b800 GCTaskThread "GC Thread#7" [stack: 0x0000007a3b600000,0x0000007a3b700000] [id=12196]
  0x00000266b49fb000 ConcurrentGCThread "G1 Main Marker" [stack: 0x0000007a39500000,0x0000007a39600000] [id=8456]
  0x00000266b49fc800 ConcurrentGCThread "G1 Conc#0" [stack: 0x0000007a39600000,0x0000007a39700000] [id=10332]
  0x00000266d2207000 ConcurrentGCThread "G1 Conc#1" [stack: 0x0000007a3b700000,0x0000007a3b800000] [id=7560]
  0x00000266b4a8e800 ConcurrentGCThread "G1 Refine#0" [stack: 0x0000007a39700000,0x0000007a39800000] [id=9512]
  0x00000266cf49c800 ConcurrentGCThread "G1 Young RemSet Sampling" [stack: 0x0000007a39800000,0x0000007a39900000] [id=10564]

Threads with active compile tasks:
C2 CompilerThread0   4132 3069       4       java.util.AbstractCollection::addAll (42 bytes)
C1 CompilerThread0   4132 3086   !   3       sun.nio.fs.WindowsPath::getPathForWin32Calls (138 bytes)
C2 CompilerThread1   4132 2892       4       jdk.internal.loader.URLClassPath::getResource (74 bytes)
C2 CompilerThread2   4132 3044   !   4       jdk.internal.loader.URLClassPath$JarLoader::getResource (353 bytes)

VM state:not at safepoint (normal execution)

VM Mutex/Monitor currently owned by a thread:  ([mutex/lock_event])
[0x00000266b49a9160] Compile_lock - owner thread: 0x0000000000000000

Heap address: 0x0000000080000000, size: 2048 MB, Compressed Oops mode: 32-bit
Narrow klass base: 0x0000000000000000, Narrow klass shift: 3
Compressed class space size: 1073741824 Address: 0x0000000100000000

Heap:
 garbage-first heap   total 260096K, used 42884K [0x0000000080000000, 0x0000000100000000)
  region size 1024K, 17 young (17408K), 8 survivors (8192K)
 Metaspace       used 37060K, capacity 37996K, committed 38272K, reserved 1083392K
  class space    used 4833K, capacity 5190K, committed 5248K, reserved 1048576K
Heap Regions: E=young(eden), S=young(survivor), O=old, HS=humongous(starts), HC=humongous(continues), CS=collection set, F=free, A=archive, TAMS=top-at-mark-start (previous, next)
|   0|0x0000000080000000, 0x0000000080100000, 0x0000000080100000|100%| O|  |TAMS 0x0000000080100000, 0x0000000080000000| Untracked 
|   1|0x0000000080100000, 0x0000000080200000, 0x0000000080200000|100%| O|  |TAMS 0x0000000080200000, 0x0000000080100000| Untracked 
|   2|0x0000000080200000, 0x0000000080300000, 0x0000000080300000|100%| O|  |TAMS 0x0000000080300000, 0x0000000080200000| Untracked 
|   3|0x0000000080300000, 0x0000000080400000, 0x0000000080400000|100%|HS|  |TAMS 0x0000000080400000, 0x0000000080300000| Complete 
|   4|0x0000000080400000, 0x0000000080500000, 0x0000000080500000|100%|HC|  |TAMS 0x0000000080500000, 0x0000000080400000| Complete 
|   5|0x0000000080500000, 0x0000000080600000, 0x0000000080600000|100%|HC|  |TAMS 0x0000000080600000, 0x0000000080500000| Complete 
|   6|0x0000000080600000, 0x0000000080700000, 0x0000000080700000|100%| O|  |TAMS 0x0000000080700000, 0x0000000080600000| Untracked 
|   7|0x0000000080700000, 0x0000000080800000, 0x0000000080800000|100%| O|  |TAMS 0x0000000080800000, 0x0000000080700000| Untracked 
|   8|0x0000000080800000, 0x0000000080900000, 0x0000000080900000|100%| O|  |TAMS 0x0000000080900000, 0x0000000080800000| Untracked 
|   9|0x0000000080900000, 0x0000000080a00000, 0x0000000080a00000|100%| O|  |TAMS 0x0000000080a00000, 0x0000000080900000| Untracked 
|  10|0x0000000080a00000, 0x0000000080b00000, 0x0000000080b00000|100%| O|  |TAMS 0x0000000080b00000, 0x0000000080a00000| Untracked 
|  11|0x0000000080b00000, 0x0000000080c00000, 0x0000000080c00000|100%| O|  |TAMS 0x0000000080c00000, 0x0000000080b00000| Untracked 
|  12|0x0000000080c00000, 0x0000000080d00000, 0x0000000080d00000|100%| O|  |TAMS 0x0000000080d00000, 0x0000000080c00000| Untracked 
|  13|0x0000000080d00000, 0x0000000080e00000, 0x0000000080e00000|100%| O|  |TAMS 0x0000000080e00000, 0x0000000080d00000| Untracked 
|  14|0x0000000080e00000, 0x0000000080f00000, 0x0000000080f00000|100%| O|  |TAMS 0x0000000080f00000, 0x0000000080e00000| Untracked 
|  15|0x0000000080f00000, 0x0000000080fe1000, 0x0000000081000000| 87%| O|  |TAMS 0x0000000080fe1000, 0x0000000080f00000| Untracked 
|  16|0x0000000081000000, 0x0000000081100000, 0x0000000081100000|100%|HS|  |TAMS 0x0000000081100000, 0x0000000081000000| Complete 
|  17|0x0000000081100000, 0x0000000081200000, 0x0000000081200000|100%|HC|  |TAMS 0x0000000081200000, 0x0000000081100000| Complete 
|  18|0x0000000081200000, 0x0000000081300000, 0x0000000081300000|100%|HS|  |TAMS 0x0000000081300000, 0x0000000081200000| Complete 
|  19|0x0000000081300000, 0x0000000081400000, 0x0000000081400000|100%|HC|  |TAMS 0x0000000081400000, 0x0000000081300000| Complete 
|  20|0x0000000081400000, 0x0000000081500000, 0x0000000081500000|100%|HC|  |TAMS 0x0000000081500000, 0x0000000081400000| Complete 
|  21|0x0000000081500000, 0x0000000081600000, 0x0000000081600000|100%|HS|  |TAMS 0x0000000081600000, 0x0000000081500000| Complete 
|  22|0x0000000081600000, 0x0000000081700000, 0x0000000081700000|100%|HC|  |TAMS 0x0000000081700000, 0x0000000081600000| Complete 
|  23|0x0000000081700000, 0x0000000081800000, 0x0000000081800000|100%|HC|  |TAMS 0x0000000081800000, 0x0000000081700000| Complete 
|  24|0x0000000081800000, 0x0000000081900000, 0x0000000081900000|100%|HC|  |TAMS 0x0000000081900000, 0x0000000081800000| Complete 
|  25|0x0000000081900000, 0x0000000081a00000, 0x0000000081a00000|100%|HC|  |TAMS 0x0000000081a00000, 0x0000000081900000| Complete 
|  26|0x0000000081a00000, 0x0000000081a00000, 0x0000000081b00000|  0%| F|  |TAMS 0x0000000081a00000, 0x0000000081a00000| Untracked 
|  27|0x0000000081b00000, 0x0000000081b00000, 0x0000000081c00000|  0%| F|  |TAMS 0x0000000081b00000, 0x0000000081b00000| Untracked 
|  28|0x0000000081c00000, 0x0000000081c00000, 0x0000000081d00000|  0%| F|  |TAMS 0x0000000081c00000, 0x0000000081c00000| Untracked 
|  29|0x0000000081d00000, 0x0000000081d00000, 0x0000000081e00000|  0%| F|  |TAMS 0x0000000081d00000, 0x0000000081d00000| Untracked 
|  30|0x0000000081e00000, 0x0000000081e00000, 0x0000000081f00000|  0%| F|  |TAMS 0x0000000081e00000, 0x0000000081e00000| Untracked 
|  31|0x0000000081f00000, 0x0000000081f00000, 0x0000000082000000|  0%| F|  |TAMS 0x0000000081f00000, 0x0000000081f00000| Untracked 
|  32|0x0000000082000000, 0x0000000082000000, 0x0000000082100000|  0%| F|  |TAMS 0x0000000082000000, 0x0000000082000000| Untracked 
|  33|0x0000000082100000, 0x0000000082100000, 0x0000000082200000|  0%| F|  |TAMS 0x0000000082100000, 0x0000000082100000| Untracked 
|  34|0x0000000082200000, 0x0000000082200000, 0x0000000082300000|  0%| F|  |TAMS 0x0000000082200000, 0x0000000082200000| Untracked 
|  35|0x0000000082300000, 0x0000000082300000, 0x0000000082400000|  0%| F|  |TAMS 0x0000000082300000, 0x0000000082300000| Untracked 
|  36|0x0000000082400000, 0x0000000082400000, 0x0000000082500000|  0%| F|  |TAMS 0x0000000082400000, 0x0000000082400000| Untracked 
|  37|0x0000000082500000, 0x0000000082500000, 0x0000000082600000|  0%| F|  |TAMS 0x0000000082500000, 0x0000000082500000| Untracked 
|  38|0x0000000082600000, 0x0000000082600000, 0x0000000082700000|  0%| F|  |TAMS 0x0000000082600000, 0x0000000082600000| Untracked 
|  39|0x0000000082700000, 0x0000000082700000, 0x0000000082800000|  0%| F|  |TAMS 0x0000000082700000, 0x0000000082700000| Untracked 
|  40|0x0000000082800000, 0x0000000082800000, 0x0000000082900000|  0%| F|  |TAMS 0x0000000082800000, 0x0000000082800000| Untracked 
|  41|0x0000000082900000, 0x0000000082900000, 0x0000000082a00000|  0%| F|  |TAMS 0x0000000082900000, 0x0000000082900000| Untracked 
|  42|0x0000000082a00000, 0x0000000082a00000, 0x0000000082b00000|  0%| F|  |TAMS 0x0000000082a00000, 0x0000000082a00000| Untracked 
|  43|0x0000000082b00000, 0x0000000082b00000, 0x0000000082c00000|  0%| F|  |TAMS 0x0000000082b00000, 0x0000000082b00000| Untracked 
|  44|0x0000000082c00000, 0x0000000082c00000, 0x0000000082d00000|  0%| F|  |TAMS 0x0000000082c00000, 0x0000000082c00000| Untracked 
|  45|0x0000000082d00000, 0x0000000082d00000, 0x0000000082e00000|  0%| F|  |TAMS 0x0000000082d00000, 0x0000000082d00000| Untracked 
|  46|0x0000000082e00000, 0x0000000082e00000, 0x0000000082f00000|  0%| F|  |TAMS 0x0000000082e00000, 0x0000000082e00000| Untracked 
|  47|0x0000000082f00000, 0x0000000082f00000, 0x0000000083000000|  0%| F|  |TAMS 0x0000000082f00000, 0x0000000082f00000| Untracked 
|  48|0x0000000083000000, 0x0000000083000000, 0x0000000083100000|  0%| F|  |TAMS 0x0000000083000000, 0x0000000083000000| Untracked 
|  49|0x0000000083100000, 0x0000000083100000, 0x0000000083200000|  0%| F|  |TAMS 0x0000000083100000, 0x0000000083100000| Untracked 
|  50|0x0000000083200000, 0x0000000083200000, 0x0000000083300000|  0%| F|  |TAMS 0x0000000083200000, 0x0000000083200000| Untracked 
|  51|0x0000000083300000, 0x0000000083300000, 0x0000000083400000|  0%| F|  |TAMS 0x0000000083300000, 0x0000000083300000| Untracked 
|  52|0x0000000083400000, 0x0000000083400000, 0x0000000083500000|  0%| F|  |TAMS 0x0000000083400000, 0x0000000083400000| Untracked 
|  53|0x0000000083500000, 0x0000000083500000, 0x0000000083600000|  0%| F|  |TAMS 0x0000000083500000, 0x0000000083500000| Untracked 
|  54|0x0000000083600000, 0x0000000083600000, 0x0000000083700000|  0%| F|  |TAMS 0x0000000083600000, 0x0000000083600000| Untracked 
|  55|0x0000000083700000, 0x0000000083700000, 0x0000000083800000|  0%| F|  |TAMS 0x0000000083700000, 0x0000000083700000| Untracked 
|  56|0x0000000083800000, 0x0000000083800000, 0x0000000083900000|  0%| F|  |TAMS 0x0000000083800000, 0x0000000083800000| Untracked 
|  57|0x0000000083900000, 0x0000000083900000, 0x0000000083a00000|  0%| F|  |TAMS 0x0000000083900000, 0x0000000083900000| Untracked 
|  58|0x0000000083a00000, 0x0000000083a00000, 0x0000000083b00000|  0%| F|  |TAMS 0x0000000083a00000, 0x0000000083a00000| Untracked 
|  59|0x0000000083b00000, 0x0000000083b00000, 0x0000000083c00000|  0%| F|  |TAMS 0x0000000083b00000, 0x0000000083b00000| Untracked 
|  60|0x0000000083c00000, 0x0000000083c00000, 0x0000000083d00000|  0%| F|  |TAMS 0x0000000083c00000, 0x0000000083c00000| Untracked 
|  61|0x0000000083d00000, 0x0000000083d00000, 0x0000000083e00000|  0%| F|  |TAMS 0x0000000083d00000, 0x0000000083d00000| Untracked 
|  62|0x0000000083e00000, 0x0000000083e00000, 0x0000000083f00000|  0%| F|  |TAMS 0x0000000083e00000, 0x0000000083e00000| Untracked 
|  63|0x0000000083f00000, 0x0000000083f00000, 0x0000000084000000|  0%| F|  |TAMS 0x0000000083f00000, 0x0000000083f00000| Untracked 
|  64|0x0000000084000000, 0x0000000084000000, 0x0000000084100000|  0%| F|  |TAMS 0x0000000084000000, 0x0000000084000000| Untracked 
|  65|0x0000000084100000, 0x0000000084100000, 0x0000000084200000|  0%| F|  |TAMS 0x0000000084100000, 0x0000000084100000| Untracked 
|  66|0x0000000084200000, 0x0000000084200000, 0x0000000084300000|  0%| F|  |TAMS 0x0000000084200000, 0x0000000084200000| Untracked 
|  67|0x0000000084300000, 0x0000000084300000, 0x0000000084400000|  0%| F|  |TAMS 0x0000000084300000, 0x0000000084300000| Untracked 
|  68|0x0000000084400000, 0x0000000084400000, 0x0000000084500000|  0%| F|  |TAMS 0x0000000084400000, 0x0000000084400000| Untracked 
|  69|0x0000000084500000, 0x0000000084500000, 0x0000000084600000|  0%| F|  |TAMS 0x0000000084500000, 0x0000000084500000| Untracked 
|  70|0x0000000084600000, 0x0000000084600000, 0x0000000084700000|  0%| F|  |TAMS 0x0000000084600000, 0x0000000084600000| Untracked 
|  71|0x0000000084700000, 0x0000000084700000, 0x0000000084800000|  0%| F|  |TAMS 0x0000000084700000, 0x0000000084700000| Untracked 
|  72|0x0000000084800000, 0x0000000084800000, 0x0000000084900000|  0%| F|  |TAMS 0x0000000084800000, 0x0000000084800000| Untracked 
|  73|0x0000000084900000, 0x0000000084900000, 0x0000000084a00000|  0%| F|  |TAMS 0x0000000084900000, 0x0000000084900000| Untracked 
|  74|0x0000000084a00000, 0x0000000084a00000, 0x0000000084b00000|  0%| F|  |TAMS 0x0000000084a00000, 0x0000000084a00000| Untracked 
|  75|0x0000000084b00000, 0x0000000084b00000, 0x0000000084c00000|  0%| F|  |TAMS 0x0000000084b00000, 0x0000000084b00000| Untracked 
|  76|0x0000000084c00000, 0x0000000084c00000, 0x0000000084d00000|  0%| F|  |TAMS 0x0000000084c00000, 0x0000000084c00000| Untracked 
|  77|0x0000000084d00000, 0x0000000084d00000, 0x0000000084e00000|  0%| F|  |TAMS 0x0000000084d00000, 0x0000000084d00000| Untracked 
|  78|0x0000000084e00000, 0x0000000084e00000, 0x0000000084f00000|  0%| F|  |TAMS 0x0000000084e00000, 0x0000000084e00000| Untracked 
|  79|0x0000000084f00000, 0x0000000084f00000, 0x0000000085000000|  0%| F|  |TAMS 0x0000000084f00000, 0x0000000084f00000| Untracked 
|  80|0x0000000085000000, 0x0000000085000000, 0x0000000085100000|  0%| F|  |TAMS 0x0000000085000000, 0x0000000085000000| Untracked 
|  81|0x0000000085100000, 0x0000000085100000, 0x0000000085200000|  0%| F|  |TAMS 0x0000000085100000, 0x0000000085100000| Untracked 
|  82|0x0000000085200000, 0x0000000085200000, 0x0000000085300000|  0%| F|  |TAMS 0x0000000085200000, 0x0000000085200000| Untracked 
|  83|0x0000000085300000, 0x0000000085300000, 0x0000000085400000|  0%| F|  |TAMS 0x0000000085300000, 0x0000000085300000| Untracked 
|  84|0x0000000085400000, 0x0000000085400000, 0x0000000085500000|  0%| F|  |TAMS 0x0000000085400000, 0x0000000085400000| Untracked 
|  85|0x0000000085500000, 0x0000000085500000, 0x0000000085600000|  0%| F|  |TAMS 0x0000000085500000, 0x0000000085500000| Untracked 
|  86|0x0000000085600000, 0x0000000085600000, 0x0000000085700000|  0%| F|  |TAMS 0x0000000085600000, 0x0000000085600000| Untracked 
|  87|0x0000000085700000, 0x0000000085700000, 0x0000000085800000|  0%| F|  |TAMS 0x0000000085700000, 0x0000000085700000| Untracked 
|  88|0x0000000085800000, 0x0000000085800000, 0x0000000085900000|  0%| F|  |TAMS 0x0000000085800000, 0x0000000085800000| Untracked 
|  89|0x0000000085900000, 0x0000000085900000, 0x0000000085a00000|  0%| F|  |TAMS 0x0000000085900000, 0x0000000085900000| Untracked 
|  90|0x0000000085a00000, 0x0000000085a00000, 0x0000000085b00000|  0%| F|  |TAMS 0x0000000085a00000, 0x0000000085a00000| Untracked 
|  91|0x0000000085b00000, 0x0000000085b00000, 0x0000000085c00000|  0%| F|  |TAMS 0x0000000085b00000, 0x0000000085b00000| Untracked 
|  92|0x0000000085c00000, 0x0000000085c00000, 0x0000000085d00000|  0%| F|  |TAMS 0x0000000085c00000, 0x0000000085c00000| Untracked 
|  93|0x0000000085d00000, 0x0000000085d00000, 0x0000000085e00000|  0%| F|  |TAMS 0x0000000085d00000, 0x0000000085d00000| Untracked 
|  94|0x0000000085e00000, 0x0000000085e00000, 0x0000000085f00000|  0%| F|  |TAMS 0x0000000085e00000, 0x0000000085e00000| Untracked 
|  95|0x0000000085f00000, 0x0000000085f00000, 0x0000000086000000|  0%| F|  |TAMS 0x0000000085f00000, 0x0000000085f00000| Untracked 
|  96|0x0000000086000000, 0x0000000086000000, 0x0000000086100000|  0%| F|  |TAMS 0x0000000086000000, 0x0000000086000000| Untracked 
|  97|0x0000000086100000, 0x0000000086100000, 0x0000000086200000|  0%| F|  |TAMS 0x0000000086100000, 0x0000000086100000| Untracked 
|  98|0x0000000086200000, 0x0000000086200000, 0x0000000086300000|  0%| F|  |TAMS 0x0000000086200000, 0x0000000086200000| Untracked 
|  99|0x0000000086300000, 0x0000000086300000, 0x0000000086400000|  0%| F|  |TAMS 0x0000000086300000, 0x0000000086300000| Untracked 
| 100|0x0000000086400000, 0x0000000086400000, 0x0000000086500000|  0%| F|  |TAMS 0x0000000086400000, 0x0000000086400000| Untracked 
| 101|0x0000000086500000, 0x0000000086500000, 0x0000000086600000|  0%| F|  |TAMS 0x0000000086500000, 0x0000000086500000| Untracked 
| 102|0x0000000086600000, 0x0000000086600000, 0x0000000086700000|  0%| F|  |TAMS 0x0000000086600000, 0x0000000086600000| Untracked 
| 103|0x0000000086700000, 0x0000000086700000, 0x0000000086800000|  0%| F|  |TAMS 0x0000000086700000, 0x0000000086700000| Untracked 
| 104|0x0000000086800000, 0x0000000086800000, 0x0000000086900000|  0%| F|  |TAMS 0x0000000086800000, 0x0000000086800000| Untracked 
| 105|0x0000000086900000, 0x0000000086900000, 0x0000000086a00000|  0%| F|  |TAMS 0x0000000086900000, 0x0000000086900000| Untracked 
| 106|0x0000000086a00000, 0x0000000086a00000, 0x0000000086b00000|  0%| F|  |TAMS 0x0000000086a00000, 0x0000000086a00000| Untracked 
| 107|0x0000000086b00000, 0x0000000086b00000, 0x0000000086c00000|  0%| F|  |TAMS 0x0000000086b00000, 0x0000000086b00000| Untracked 
| 108|0x0000000086c00000, 0x0000000086c00000, 0x0000000086d00000|  0%| F|  |TAMS 0x0000000086c00000, 0x0000000086c00000| Untracked 
| 109|0x0000000086d00000, 0x0000000086d00000, 0x0000000086e00000|  0%| F|  |TAMS 0x0000000086d00000, 0x0000000086d00000| Untracked 
| 110|0x0000000086e00000, 0x0000000086e00000, 0x0000000086f00000|  0%| F|  |TAMS 0x0000000086e00000, 0x0000000086e00000| Untracked 
| 111|0x0000000086f00000, 0x0000000086f00000, 0x0000000087000000|  0%| F|  |TAMS 0x0000000086f00000, 0x0000000086f00000| Untracked 
| 112|0x0000000087000000, 0x0000000087000000, 0x0000000087100000|  0%| F|  |TAMS 0x0000000087000000, 0x0000000087000000| Untracked 
| 113|0x0000000087100000, 0x0000000087100000, 0x0000000087200000|  0%| F|  |TAMS 0x0000000087100000, 0x0000000087100000| Untracked 
| 114|0x0000000087200000, 0x0000000087200000, 0x0000000087300000|  0%| F|  |TAMS 0x0000000087200000, 0x0000000087200000| Untracked 
| 115|0x0000000087300000, 0x0000000087300000, 0x0000000087400000|  0%| F|  |TAMS 0x0000000087300000, 0x0000000087300000| Untracked 
| 116|0x0000000087400000, 0x0000000087400000, 0x0000000087500000|  0%| F|  |TAMS 0x0000000087400000, 0x0000000087400000| Untracked 
| 117|0x0000000087500000, 0x0000000087500000, 0x0000000087600000|  0%| F|  |TAMS 0x0000000087500000, 0x0000000087500000| Untracked 
| 118|0x0000000087600000, 0x0000000087600000, 0x0000000087700000|  0%| F|  |TAMS 0x0000000087600000, 0x0000000087600000| Untracked 
| 119|0x0000000087700000, 0x0000000087700000, 0x0000000087800000|  0%| F|  |TAMS 0x0000000087700000, 0x0000000087700000| Untracked 
| 120|0x0000000087800000, 0x0000000087800000, 0x0000000087900000|  0%| F|  |TAMS 0x0000000087800000, 0x0000000087800000| Untracked 
| 121|0x0000000087900000, 0x0000000087900000, 0x0000000087a00000|  0%| F|  |TAMS 0x0000000087900000, 0x0000000087900000| Untracked 
| 122|0x0000000087a00000, 0x0000000087a00000, 0x0000000087b00000|  0%| F|  |TAMS 0x0000000087a00000, 0x0000000087a00000| Untracked 
| 123|0x0000000087b00000, 0x0000000087b00000, 0x0000000087c00000|  0%| F|  |TAMS 0x0000000087b00000, 0x0000000087b00000| Untracked 
| 124|0x0000000087c00000, 0x0000000087c00000, 0x0000000087d00000|  0%| F|  |TAMS 0x0000000087c00000, 0x0000000087c00000| Untracked 
| 125|0x0000000087d00000, 0x0000000087d00000, 0x0000000087e00000|  0%| F|  |TAMS 0x0000000087d00000, 0x0000000087d00000| Untracked 
| 126|0x0000000087e00000, 0x0000000087e00000, 0x0000000087f00000|  0%| F|  |TAMS 0x0000000087e00000, 0x0000000087e00000| Untracked 
| 127|0x0000000087f00000, 0x0000000087f00000, 0x0000000088000000|  0%| F|  |TAMS 0x0000000087f00000, 0x0000000087f00000| Untracked 
| 128|0x0000000088000000, 0x0000000088000000, 0x0000000088100000|  0%| F|  |TAMS 0x0000000088000000, 0x0000000088000000| Untracked 
| 129|0x0000000088100000, 0x0000000088100000, 0x0000000088200000|  0%| F|  |TAMS 0x0000000088100000, 0x0000000088100000| Untracked 
| 130|0x0000000088200000, 0x0000000088200000, 0x0000000088300000|  0%| F|  |TAMS 0x0000000088200000, 0x0000000088200000| Untracked 
| 131|0x0000000088300000, 0x0000000088300000, 0x0000000088400000|  0%| F|  |TAMS 0x0000000088300000, 0x0000000088300000| Untracked 
| 132|0x0000000088400000, 0x0000000088400000, 0x0000000088500000|  0%| F|  |TAMS 0x0000000088400000, 0x0000000088400000| Untracked 
| 133|0x0000000088500000, 0x0000000088500000, 0x0000000088600000|  0%| F|  |TAMS 0x0000000088500000, 0x0000000088500000| Untracked 
| 134|0x0000000088600000, 0x0000000088600000, 0x0000000088700000|  0%| F|  |TAMS 0x0000000088600000, 0x0000000088600000| Untracked 
| 135|0x0000000088700000, 0x0000000088700000, 0x0000000088800000|  0%| F|  |TAMS 0x0000000088700000, 0x0000000088700000| Untracked 
| 136|0x0000000088800000, 0x0000000088800000, 0x0000000088900000|  0%| F|  |TAMS 0x0000000088800000, 0x0000000088800000| Untracked 
| 137|0x0000000088900000, 0x0000000088900000, 0x0000000088a00000|  0%| F|  |TAMS 0x0000000088900000, 0x0000000088900000| Untracked 
| 138|0x0000000088a00000, 0x0000000088a00000, 0x0000000088b00000|  0%| F|  |TAMS 0x0000000088a00000, 0x0000000088a00000| Untracked 
| 139|0x0000000088b00000, 0x0000000088b00000, 0x0000000088c00000|  0%| F|  |TAMS 0x0000000088b00000, 0x0000000088b00000| Untracked 
| 140|0x0000000088c00000, 0x0000000088c00000, 0x0000000088d00000|  0%| F|  |TAMS 0x0000000088c00000, 0x0000000088c00000| Untracked 
| 141|0x0000000088d00000, 0x0000000088d00000, 0x0000000088e00000|  0%| F|  |TAMS 0x0000000088d00000, 0x0000000088d00000| Untracked 
| 142|0x0000000088e00000, 0x0000000088e00000, 0x0000000088f00000|  0%| F|  |TAMS 0x0000000088e00000, 0x0000000088e00000| Untracked 
| 143|0x0000000088f00000, 0x0000000088f00000, 0x0000000089000000|  0%| F|  |TAMS 0x0000000088f00000, 0x0000000088f00000| Untracked 
| 144|0x0000000089000000, 0x0000000089100000, 0x0000000089100000|100%| S|CS|TAMS 0x0000000089000000, 0x0000000089000000| Complete 
| 145|0x0000000089100000, 0x0000000089200000, 0x0000000089200000|100%| S|CS|TAMS 0x0000000089100000, 0x0000000089100000| Complete 
| 146|0x0000000089200000, 0x0000000089300000, 0x0000000089300000|100%| S|CS|TAMS 0x0000000089200000, 0x0000000089200000| Complete 
| 147|0x0000000089300000, 0x0000000089400000, 0x0000000089400000|100%| S|CS|TAMS 0x0000000089300000, 0x0000000089300000| Complete 
| 148|0x0000000089400000, 0x0000000089500000, 0x0000000089500000|100%| S|CS|TAMS 0x0000000089400000, 0x0000000089400000| Complete 
| 149|0x0000000089500000, 0x0000000089600000, 0x0000000089600000|100%| S|CS|TAMS 0x0000000089500000, 0x0000000089500000| Complete 
| 150|0x0000000089600000, 0x0000000089700000, 0x0000000089700000|100%| S|CS|TAMS 0x0000000089600000, 0x0000000089600000| Complete 
| 151|0x0000000089700000, 0x0000000089800000, 0x0000000089800000|100%| S|CS|TAMS 0x0000000089700000, 0x0000000089700000| Complete 
| 152|0x0000000089800000, 0x0000000089800000, 0x0000000089900000|  0%| F|  |TAMS 0x0000000089800000, 0x0000000089800000| Untracked 
| 153|0x0000000089900000, 0x0000000089900000, 0x0000000089a00000|  0%| F|  |TAMS 0x0000000089900000, 0x0000000089900000| Untracked 
| 154|0x0000000089a00000, 0x0000000089a00000, 0x0000000089b00000|  0%| F|  |TAMS 0x0000000089a00000, 0x0000000089a00000| Untracked 
| 155|0x0000000089b00000, 0x0000000089b00000, 0x0000000089c00000|  0%| F|  |TAMS 0x0000000089b00000, 0x0000000089b00000| Untracked 
| 156|0x0000000089c00000, 0x0000000089c00000, 0x0000000089d00000|  0%| F|  |TAMS 0x0000000089c00000, 0x0000000089c00000| Untracked 
| 157|0x0000000089d00000, 0x0000000089d00000, 0x0000000089e00000|  0%| F|  |TAMS 0x0000000089d00000, 0x0000000089d00000| Untracked 
| 158|0x0000000089e00000, 0x0000000089e00000, 0x0000000089f00000|  0%| F|  |TAMS 0x0000000089e00000, 0x0000000089e00000| Untracked 
| 159|0x0000000089f00000, 0x0000000089f00000, 0x000000008a000000|  0%| F|  |TAMS 0x0000000089f00000, 0x0000000089f00000| Untracked 
| 160|0x000000008a000000, 0x000000008a000000, 0x000000008a100000|  0%| F|  |TAMS 0x000000008a000000, 0x000000008a000000| Untracked 
| 161|0x000000008a100000, 0x000000008a100000, 0x000000008a200000|  0%| F|  |TAMS 0x000000008a100000, 0x000000008a100000| Untracked 
| 162|0x000000008a200000, 0x000000008a200000, 0x000000008a300000|  0%| F|  |TAMS 0x000000008a200000, 0x000000008a200000| Untracked 
| 163|0x000000008a300000, 0x000000008a300000, 0x000000008a400000|  0%| F|  |TAMS 0x000000008a300000, 0x000000008a300000| Untracked 
| 164|0x000000008a400000, 0x000000008a400000, 0x000000008a500000|  0%| F|  |TAMS 0x000000008a400000, 0x000000008a400000| Untracked 
| 165|0x000000008a500000, 0x000000008a500000, 0x000000008a600000|  0%| F|  |TAMS 0x000000008a500000, 0x000000008a500000| Untracked 
| 166|0x000000008a600000, 0x000000008a600000, 0x000000008a700000|  0%| F|  |TAMS 0x000000008a600000, 0x000000008a600000| Untracked 
| 167|0x000000008a700000, 0x000000008a700000, 0x000000008a800000|  0%| F|  |TAMS 0x000000008a700000, 0x000000008a700000| Untracked 
| 168|0x000000008a800000, 0x000000008a800000, 0x000000008a900000|  0%| F|  |TAMS 0x000000008a800000, 0x000000008a800000| Untracked 
| 169|0x000000008a900000, 0x000000008a900000, 0x000000008aa00000|  0%| F|  |TAMS 0x000000008a900000, 0x000000008a900000| Untracked 
| 170|0x000000008aa00000, 0x000000008aa00000, 0x000000008ab00000|  0%| F|  |TAMS 0x000000008aa00000, 0x000000008aa00000| Untracked 
| 171|0x000000008ab00000, 0x000000008ab00000, 0x000000008ac00000|  0%| F|  |TAMS 0x000000008ab00000, 0x000000008ab00000| Untracked 
| 172|0x000000008ac00000, 0x000000008ac00000, 0x000000008ad00000|  0%| F|  |TAMS 0x000000008ac00000, 0x000000008ac00000| Untracked 
| 173|0x000000008ad00000, 0x000000008ad00000, 0x000000008ae00000|  0%| F|  |TAMS 0x000000008ad00000, 0x000000008ad00000| Untracked 
| 174|0x000000008ae00000, 0x000000008ae00000, 0x000000008af00000|  0%| F|  |TAMS 0x000000008ae00000, 0x000000008ae00000| Untracked 
| 175|0x000000008af00000, 0x000000008af00000, 0x000000008b000000|  0%| F|  |TAMS 0x000000008af00000, 0x000000008af00000| Untracked 
| 176|0x000000008b000000, 0x000000008b000000, 0x000000008b100000|  0%| F|  |TAMS 0x000000008b000000, 0x000000008b000000| Untracked 
| 177|0x000000008b100000, 0x000000008b100000, 0x000000008b200000|  0%| F|  |TAMS 0x000000008b100000, 0x000000008b100000| Untracked 
| 178|0x000000008b200000, 0x000000008b200000, 0x000000008b300000|  0%| F|  |TAMS 0x000000008b200000, 0x000000008b200000| Untracked 
| 179|0x000000008b300000, 0x000000008b300000, 0x000000008b400000|  0%| F|  |TAMS 0x000000008b300000, 0x000000008b300000| Untracked 
| 180|0x000000008b400000, 0x000000008b400000, 0x000000008b500000|  0%| F|  |TAMS 0x000000008b400000, 0x000000008b400000| Untracked 
| 181|0x000000008b500000, 0x000000008b500000, 0x000000008b600000|  0%| F|  |TAMS 0x000000008b500000, 0x000000008b500000| Untracked 
| 182|0x000000008b600000, 0x000000008b600000, 0x000000008b700000|  0%| F|  |TAMS 0x000000008b600000, 0x000000008b600000| Untracked 
| 183|0x000000008b700000, 0x000000008b700000, 0x000000008b800000|  0%| F|  |TAMS 0x000000008b700000, 0x000000008b700000| Untracked 
| 184|0x000000008b800000, 0x000000008b800000, 0x000000008b900000|  0%| F|  |TAMS 0x000000008b800000, 0x000000008b800000| Untracked 
| 185|0x000000008b900000, 0x000000008b900000, 0x000000008ba00000|  0%| F|  |TAMS 0x000000008b900000, 0x000000008b900000| Untracked 
| 186|0x000000008ba00000, 0x000000008ba00000, 0x000000008bb00000|  0%| F|  |TAMS 0x000000008ba00000, 0x000000008ba00000| Untracked 
| 187|0x000000008bb00000, 0x000000008bb00000, 0x000000008bc00000|  0%| F|  |TAMS 0x000000008bb00000, 0x000000008bb00000| Untracked 
| 188|0x000000008bc00000, 0x000000008bc00000, 0x000000008bd00000|  0%| F|  |TAMS 0x000000008bc00000, 0x000000008bc00000| Untracked 
| 189|0x000000008bd00000, 0x000000008bd00000, 0x000000008be00000|  0%| F|  |TAMS 0x000000008bd00000, 0x000000008bd00000| Untracked 
| 190|0x000000008be00000, 0x000000008be00000, 0x000000008bf00000|  0%| F|  |TAMS 0x000000008be00000, 0x000000008be00000| Untracked 
| 191|0x000000008bf00000, 0x000000008bf00000, 0x000000008c000000|  0%| F|  |TAMS 0x000000008bf00000, 0x000000008bf00000| Untracked 
| 192|0x000000008c000000, 0x000000008c000000, 0x000000008c100000|  0%| F|  |TAMS 0x000000008c000000, 0x000000008c000000| Untracked 
| 193|0x000000008c100000, 0x000000008c100000, 0x000000008c200000|  0%| F|  |TAMS 0x000000008c100000, 0x000000008c100000| Untracked 
| 194|0x000000008c200000, 0x000000008c200000, 0x000000008c300000|  0%| F|  |TAMS 0x000000008c200000, 0x000000008c200000| Untracked 
| 195|0x000000008c300000, 0x000000008c300000, 0x000000008c400000|  0%| F|  |TAMS 0x000000008c300000, 0x000000008c300000| Untracked 
| 196|0x000000008c400000, 0x000000008c400000, 0x000000008c500000|  0%| F|  |TAMS 0x000000008c400000, 0x000000008c400000| Untracked 
| 197|0x000000008c500000, 0x000000008c500000, 0x000000008c600000|  0%| F|  |TAMS 0x000000008c500000, 0x000000008c500000| Untracked 
| 198|0x000000008c600000, 0x000000008c600000, 0x000000008c700000|  0%| F|  |TAMS 0x000000008c600000, 0x000000008c600000| Untracked 
| 199|0x000000008c700000, 0x000000008c700000, 0x000000008c800000|  0%| F|  |TAMS 0x000000008c700000, 0x000000008c700000| Untracked 
| 200|0x000000008c800000, 0x000000008c800000, 0x000000008c900000|  0%| F|  |TAMS 0x000000008c800000, 0x000000008c800000| Untracked 
| 201|0x000000008c900000, 0x000000008c900000, 0x000000008ca00000|  0%| F|  |TAMS 0x000000008c900000, 0x000000008c900000| Untracked 
| 202|0x000000008ca00000, 0x000000008ca00000, 0x000000008cb00000|  0%| F|  |TAMS 0x000000008ca00000, 0x000000008ca00000| Untracked 
| 203|0x000000008cb00000, 0x000000008cb00000, 0x000000008cc00000|  0%| F|  |TAMS 0x000000008cb00000, 0x000000008cb00000| Untracked 
| 204|0x000000008cc00000, 0x000000008cc00000, 0x000000008cd00000|  0%| F|  |TAMS 0x000000008cc00000, 0x000000008cc00000| Untracked 
| 205|0x000000008cd00000, 0x000000008cd00000, 0x000000008ce00000|  0%| F|  |TAMS 0x000000008cd00000, 0x000000008cd00000| Untracked 
| 206|0x000000008ce00000, 0x000000008ce00000, 0x000000008cf00000|  0%| F|  |TAMS 0x000000008ce00000, 0x000000008ce00000| Untracked 
| 207|0x000000008cf00000, 0x000000008cf00000, 0x000000008d000000|  0%| F|  |TAMS 0x000000008cf00000, 0x000000008cf00000| Untracked 
| 208|0x000000008d000000, 0x000000008d000000, 0x000000008d100000|  0%| F|  |TAMS 0x000000008d000000, 0x000000008d000000| Untracked 
| 209|0x000000008d100000, 0x000000008d100000, 0x000000008d200000|  0%| F|  |TAMS 0x000000008d100000, 0x000000008d100000| Untracked 
| 210|0x000000008d200000, 0x000000008d200000, 0x000000008d300000|  0%| F|  |TAMS 0x000000008d200000, 0x000000008d200000| Untracked 
| 211|0x000000008d300000, 0x000000008d300000, 0x000000008d400000|  0%| F|  |TAMS 0x000000008d300000, 0x000000008d300000| Untracked 
| 212|0x000000008d400000, 0x000000008d400000, 0x000000008d500000|  0%| F|  |TAMS 0x000000008d400000, 0x000000008d400000| Untracked 
| 213|0x000000008d500000, 0x000000008d500000, 0x000000008d600000|  0%| F|  |TAMS 0x000000008d500000, 0x000000008d500000| Untracked 
| 214|0x000000008d600000, 0x000000008d600000, 0x000000008d700000|  0%| F|  |TAMS 0x000000008d600000, 0x000000008d600000| Untracked 
| 215|0x000000008d700000, 0x000000008d700000, 0x000000008d800000|  0%| F|  |TAMS 0x000000008d700000, 0x000000008d700000| Untracked 
| 216|0x000000008d800000, 0x000000008d800000, 0x000000008d900000|  0%| F|  |TAMS 0x000000008d800000, 0x000000008d800000| Untracked 
| 217|0x000000008d900000, 0x000000008d900000, 0x000000008da00000|  0%| F|  |TAMS 0x000000008d900000, 0x000000008d900000| Untracked 
| 218|0x000000008da00000, 0x000000008da00000, 0x000000008db00000|  0%| F|  |TAMS 0x000000008da00000, 0x000000008da00000| Untracked 
| 219|0x000000008db00000, 0x000000008db00000, 0x000000008dc00000|  0%| F|  |TAMS 0x000000008db00000, 0x000000008db00000| Untracked 
| 220|0x000000008dc00000, 0x000000008dc00000, 0x000000008dd00000|  0%| F|  |TAMS 0x000000008dc00000, 0x000000008dc00000| Untracked 
| 221|0x000000008dd00000, 0x000000008dd00000, 0x000000008de00000|  0%| F|  |TAMS 0x000000008dd00000, 0x000000008dd00000| Untracked 
| 222|0x000000008de00000, 0x000000008de00000, 0x000000008df00000|  0%| F|  |TAMS 0x000000008de00000, 0x000000008de00000| Untracked 
| 223|0x000000008df00000, 0x000000008df00000, 0x000000008e000000|  0%| F|  |TAMS 0x000000008df00000, 0x000000008df00000| Untracked 
| 224|0x000000008e000000, 0x000000008e000000, 0x000000008e100000|  0%| F|  |TAMS 0x000000008e000000, 0x000000008e000000| Untracked 
| 225|0x000000008e100000, 0x000000008e100000, 0x000000008e200000|  0%| F|  |TAMS 0x000000008e100000, 0x000000008e100000| Untracked 
| 226|0x000000008e200000, 0x000000008e200000, 0x000000008e300000|  0%| F|  |TAMS 0x000000008e200000, 0x000000008e200000| Untracked 
| 227|0x000000008e300000, 0x000000008e300000, 0x000000008e400000|  0%| F|  |TAMS 0x000000008e300000, 0x000000008e300000| Untracked 
| 228|0x000000008e400000, 0x000000008e400000, 0x000000008e500000|  0%| F|  |TAMS 0x000000008e400000, 0x000000008e400000| Untracked 
| 229|0x000000008e500000, 0x000000008e500000, 0x000000008e600000|  0%| F|  |TAMS 0x000000008e500000, 0x000000008e500000| Untracked 
| 230|0x000000008e600000, 0x000000008e600000, 0x000000008e700000|  0%| F|  |TAMS 0x000000008e600000, 0x000000008e600000| Untracked 
| 231|0x000000008e700000, 0x000000008e700000, 0x000000008e800000|  0%| F|  |TAMS 0x000000008e700000, 0x000000008e700000| Untracked 
| 232|0x000000008e800000, 0x000000008e800000, 0x000000008e900000|  0%| F|  |TAMS 0x000000008e800000, 0x000000008e800000| Untracked 
| 233|0x000000008e900000, 0x000000008e900000, 0x000000008ea00000|  0%| F|  |TAMS 0x000000008e900000, 0x000000008e900000| Untracked 
| 234|0x000000008ea00000, 0x000000008ea00000, 0x000000008eb00000|  0%| F|  |TAMS 0x000000008ea00000, 0x000000008ea00000| Untracked 
| 235|0x000000008eb00000, 0x000000008eb00000, 0x000000008ec00000|  0%| F|  |TAMS 0x000000008eb00000, 0x000000008eb00000| Untracked 
| 236|0x000000008ec00000, 0x000000008ec00000, 0x000000008ed00000|  0%| F|  |TAMS 0x000000008ec00000, 0x000000008ec00000| Untracked 
| 237|0x000000008ed00000, 0x000000008ed00000, 0x000000008ee00000|  0%| F|  |TAMS 0x000000008ed00000, 0x000000008ed00000| Untracked 
| 238|0x000000008ee00000, 0x000000008ee00000, 0x000000008ef00000|  0%| F|  |TAMS 0x000000008ee00000, 0x000000008ee00000| Untracked 
| 239|0x000000008ef00000, 0x000000008ef00000, 0x000000008f000000|  0%| F|  |TAMS 0x000000008ef00000, 0x000000008ef00000| Untracked 
| 240|0x000000008f000000, 0x000000008f000000, 0x000000008f100000|  0%| F|  |TAMS 0x000000008f000000, 0x000000008f000000| Untracked 
| 241|0x000000008f100000, 0x000000008f100000, 0x000000008f200000|  0%| F|  |TAMS 0x000000008f100000, 0x000000008f100000| Untracked 
| 242|0x000000008f200000, 0x000000008f200000, 0x000000008f300000|  0%| F|  |TAMS 0x000000008f200000, 0x000000008f200000| Untracked 
| 243|0x000000008f300000, 0x000000008f300000, 0x000000008f400000|  0%| F|  |TAMS 0x000000008f300000, 0x000000008f300000| Untracked 
| 244|0x000000008f400000, 0x000000008f400000, 0x000000008f500000|  0%| F|  |TAMS 0x000000008f400000, 0x000000008f400000| Untracked 
| 245|0x000000008f500000, 0x000000008f5f8858, 0x000000008f600000| 97%| E|  |TAMS 0x000000008f500000, 0x000000008f500000| Complete 
| 246|0x000000008f600000, 0x000000008f700000, 0x000000008f700000|100%| E|CS|TAMS 0x000000008f600000, 0x000000008f600000| Complete 
| 247|0x000000008f700000, 0x000000008f800000, 0x000000008f800000|100%| E|CS|TAMS 0x000000008f700000, 0x000000008f700000| Complete 
| 248|0x000000008f800000, 0x000000008f900000, 0x000000008f900000|100%| E|CS|TAMS 0x000000008f800000, 0x000000008f800000| Complete 
| 249|0x000000008f900000, 0x000000008fa00000, 0x000000008fa00000|100%| E|CS|TAMS 0x000000008f900000, 0x000000008f900000| Complete 
| 250|0x000000008fa00000, 0x000000008fb00000, 0x000000008fb00000|100%| E|CS|TAMS 0x000000008fa00000, 0x000000008fa00000| Complete 
| 251|0x000000008fb00000, 0x000000008fc00000, 0x000000008fc00000|100%| E|CS|TAMS 0x000000008fb00000, 0x000000008fb00000| Complete 
| 252|0x000000008fc00000, 0x000000008fd00000, 0x000000008fd00000|100%| E|CS|TAMS 0x000000008fc00000, 0x000000008fc00000| Complete 
| 253|0x000000008fd00000, 0x000000008fe00000, 0x000000008fe00000|100%| E|CS|TAMS 0x000000008fd00000, 0x000000008fd00000| Complete 

Card table byte_map: [0x00000266c8310000,0x00000266c8710000] _byte_map_base: 0x00000266c7f10000

Marking Bits (Prev, Next): (CMBitMap*) 0x00000266b49f2488, (CMBitMap*) 0x00000266b49f24c0
 Prev Bits: [0x00000266c8b10000, 0x00000266cab10000)
 Next Bits: [0x00000266cab10000, 0x00000266ccb10000)

Polling page: 0x00000266b30d0000

Metaspace:

Usage:
  Non-class:     32.10 MB capacity,    31.54 MB ( 98%) used,   488.29 KB (  1%) free+waste,    87.13 KB ( <1%) overhead. 
      Class:      5.07 MB capacity,     4.72 MB ( 93%) used,   309.13 KB (  6%) free+waste,    42.88 KB ( <1%) overhead. 
       Both:     37.17 MB capacity,    36.26 MB ( 98%) used,   797.41 KB (  2%) free+waste,   130.00 KB ( <1%) overhead. 

Virtual space:
  Non-class space:       34.00 MB reserved,      32.25 MB ( 95%) committed 
      Class space:        1.00 GB reserved,       5.13 MB ( <1%) committed 
             Both:        1.03 GB reserved,      37.38 MB (  4%) committed 

Chunk freelists:
   Non-Class:  26.00 KB
       Class:  26.00 KB
        Both:  52.00 KB

MaxMetaspaceSize: 17179869184.00 GB
CompressedClassSpaceSize: 1.00 GB

CodeHeap 'non-profiled nmethods': size=120000Kb used=1625Kb max_used=1625Kb free=118374Kb
 bounds [0x00000266bff70000, 0x00000266c01e0000, 0x00000266c74a0000]
CodeHeap 'profiled nmethods': size=120000Kb used=6362Kb max_used=6362Kb free=113637Kb
 bounds [0x00000266b8a40000, 0x00000266b9080000, 0x00000266bff70000]
CodeHeap 'non-nmethods': size=5760Kb used=1515Kb max_used=1515Kb free=4245Kb
 bounds [0x00000266b84a0000, 0x00000266b8710000, 0x00000266b8a40000]
 total_blobs=3713 nmethods=3087 adapters=537
 compilation: enabled
              stopped_count=0, restarted_count=0
 full_count=0

Compilation events (20 events):
Event: 4.051 Thread 0x00000266cfec1800 3068       3       java.util.AbstractCollection::toArray (70 bytes)
Event: 4.052 Thread 0x00000266cfec1800 nmethod 3068 0x00000266b906b990 code [0x00000266b906bbe0, 0x00000266b906c508]
Event: 4.052 Thread 0x00000266cfec1800 3070       1       java.lang.reflect.Field::getDeclaringClass (5 bytes)
Event: 4.052 Thread 0x00000266cfec1800 nmethod 3070 0x00000266c0105190 code [0x00000266c0105340, 0x00000266c01053f8]
Event: 4.052 Thread 0x00000266cfec1800 3067       3       java.util.TreeMap::colorOf (13 bytes)
Event: 4.052 Thread 0x00000266cfec1800 nmethod 3067 0x00000266b906c790 code [0x00000266b906c940, 0x00000266b906ca78]
Event: 4.053 Thread 0x00000266cfec1800 3071       1       groovy.lang.MetaProperty::getName (5 bytes)
Event: 4.053 Thread 0x00000266cfec1800 nmethod 3071 0x00000266c0105490 code [0x00000266c0105640, 0x00000266c01056f8]
Event: 4.053 Thread 0x00000266cfec1800 3072       3       org.codehaus.groovy.reflection.CachedMethod::getReturnType (8 bytes)
Event: 4.053 Thread 0x00000266cfec1800 nmethod 3072 0x00000266b906cb10 code [0x00000266b906ccc0, 0x00000266b906cdd8]
Event: 4.053 Thread 0x00000266cfec1800 3073       3       java.beans.MethodRef::get (91 bytes)
Event: 4.054 Thread 0x00000266cfec1800 nmethod 3073 0x00000266b906ce90 code [0x00000266b906d100, 0x00000266b906dcb8]
Event: 4.054 Thread 0x00000266cfec1800 3074       3       org.codehaus.groovy.util.ReferenceManager$CallBackedManager::removeStallEntries0 (51 bytes)
Event: 4.055 Thread 0x00000266cfec1800 nmethod 3074 0x00000266b906df90 code [0x00000266b906e1c0, 0x00000266b906ea98]
Event: 4.055 Thread 0x00000266cfec1800 3075       3       org.codehaus.groovy.util.ComplexKeyHashMap::hash (31 bytes)
Event: 4.055 Thread 0x00000266cfec1800 nmethod 3075 0x00000266b906ed10 code [0x00000266b906eec0, 0x00000266b906efb8]
Event: 4.074 Thread 0x00000266cfec1800 3076       1       org.gradle.launcher.daemon.server.exec.DaemonConnectionBackedEventConsumer::access$000 (5 bytes)
Event: 4.074 Thread 0x00000266cfec1800 nmethod 3076 0x00000266c0105790 code [0x00000266c0105940, 0x00000266c01059d8]
Event: 4.114 Thread 0x00000266cfec1800 3077       3       sun.nio.fs.WindowsPathParser::isSlash (18 bytes)
Event: 4.114 Thread 0x00000266cfec1800 nmethod 3077 0x00000266b906f090 code [0x00000266b906f240, 0x00000266b906f3b8]

GC Heap History (8 events):
Event: 0.625 GC heap before
{Heap before GC invocations=0 (full 0):
 garbage-first heap   total 260096K, used 29696K [0x0000000080000000, 0x0000000100000000)
  region size 1024K, 24 young (24576K), 0 survivors (0K)
 Metaspace       used 10187K, capacity 10421K, committed 10624K, reserved 1058816K
  class space    used 1064K, capacity 1139K, committed 1152K, reserved 1048576K
}
Event: 0.629 GC heap after
{Heap after GC invocations=1 (full 0):
 garbage-first heap   total 260096K, used 9181K [0x0000000080000000, 0x0000000100000000)
  region size 1024K, 3 young (3072K), 3 survivors (3072K)
 Metaspace       used 10187K, capacity 10421K, committed 10624K, reserved 1058816K
  class space    used 1064K, capacity 1139K, committed 1152K, reserved 1048576K
}
Event: 2.373 GC heap before
{Heap before GC invocations=1 (full 0):
 garbage-first heap   total 260096K, used 106461K [0x0000000080000000, 0x0000000100000000)
  region size 1024K, 98 young (100352K), 3 survivors (3072K)
 Metaspace       used 20522K, capacity 21119K, committed 21248K, reserved 1067008K
  class space    used 2512K, capacity 2733K, committed 2816K, reserved 1048576K
}
Event: 2.383 GC heap after
{Heap after GC invocations=2 (full 0):
 garbage-first heap   total 260096K, used 16735K [0x0000000080000000, 0x0000000100000000)
  region size 1024K, 11 young (11264K), 11 survivors (11264K)
 Metaspace       used 20522K, capacity 21119K, committed 21248K, reserved 1067008K
  class space    used 2512K, capacity 2733K, committed 2816K, reserved 1048576K
}
Event: 2.543 GC heap before
{Heap before GC invocations=3 (full 0):
 garbage-first heap   total 260096K, used 35167K [0x0000000080000000, 0x0000000100000000)
  region size 1024K, 29 young (29696K), 11 survivors (11264K)
 Metaspace       used 22122K, capacity 22782K, committed 23040K, reserved 1069056K
  class space    used 2806K, capacity 3013K, committed 3072K, reserved 1048576K
}
Event: 2.549 GC heap after
{Heap after GC invocations=4 (full 0):
 garbage-first heap   total 260096K, used 17236K [0x0000000080000000, 0x0000000100000000)
  region size 1024K, 1 young (1024K), 1 survivors (1024K)
 Metaspace       used 22122K, capacity 22782K, committed 23040K, reserved 1069056K
  class space    used 2806K, capacity 3013K, committed 3072K, reserved 1048576K
}
Event: 3.934 GC heap before
{Heap before GC invocations=4 (full 0):
 garbage-first heap   total 260096K, used 129876K [0x0000000080000000, 0x0000000100000000)
  region size 1024K, 102 young (104448K), 1 survivors (1024K)
 Metaspace       used 34837K, capacity 35719K, committed 35840K, reserved 1081344K
  class space    used 4560K, capacity 4899K, committed 4992K, reserved 1048576K
}
Event: 3.947 GC heap after
{Heap after GC invocations=5 (full 0):
 garbage-first heap   total 260096K, used 34692K [0x0000000080000000, 0x0000000100000000)
  region size 1024K, 8 young (8192K), 8 survivors (8192K)
 Metaspace       used 34837K, capacity 35719K, committed 35840K, reserved 1081344K
  class space    used 4560K, capacity 4899K, committed 4992K, reserved 1048576K
}

Deoptimization events (20 events):
Event: 3.722 Thread 0x00000266d1ee6000 DEOPT PACKING pc=0x00000266c008f4a0 sp=0x0000007a3aff8e80
Event: 3.722 Thread 0x00000266d1ee6000 DEOPT UNPACKING pc=0x00000266b84c78af sp=0x0000007a3aff8e38 mode 2
Event: 3.722 Thread 0x00000266d1ee6000 Uncommon trap: trap_request=0xffffffde fr.pc=0x00000266c008f4a0 relative=0x0000000000000920
Event: 3.722 Thread 0x00000266d1ee6000 Uncommon trap: reason=class_check action=maybe_recompile pc=0x00000266c008f4a0 method=java.io.BufferedInputStream.read([BII)I @ 101 c2
Event: 3.722 Thread 0x00000266d1ee6000 DEOPT PACKING pc=0x00000266c008f4a0 sp=0x0000007a3aff8e80
Event: 3.722 Thread 0x00000266d1ee6000 DEOPT UNPACKING pc=0x00000266b84c78af sp=0x0000007a3aff8e38 mode 2
Event: 4.030 Thread 0x00000266d1ee6000 DEOPT PACKING pc=0x00000266b8ecb979 sp=0x0000007a3aff5a40
Event: 4.030 Thread 0x00000266d1ee6000 DEOPT UNPACKING pc=0x00000266b84c76ce sp=0x0000007a3aff4f88 mode 0
Event: 4.035 Thread 0x00000266d1ee6000 Uncommon trap: trap_request=0xffffff5c fr.pc=0x00000266c0009220 relative=0x0000000000000e60
Event: 4.035 Thread 0x00000266d1ee6000 Uncommon trap: reason=speculate_null_assert action=make_not_entrant pc=0x00000266c0009220 method=jdk.internal.loader.URLClassPath$JarLoader.getResource(Ljava/lang/String;ZLjava/util/Set;)Ljdk/internal/loader/Resource; @ 17 c2
Event: 4.035 Thread 0x00000266d1ee6000 DEOPT PACKING pc=0x00000266c0009220 sp=0x0000007a3aff4aa0
Event: 4.035 Thread 0x00000266d1ee6000 DEOPT UNPACKING pc=0x00000266b84c78af sp=0x0000007a3aff4a48 mode 2
Event: 4.114 Thread 0x00000266d1ee6000 Uncommon trap: trap_request=0xffffff4d fr.pc=0x00000266bfff885c relative=0x000000000000141c
Event: 4.114 Thread 0x00000266d1ee6000 Uncommon trap: reason=unstable_if action=reinterpret pc=0x00000266bfff885c method=sun.nio.fs.WindowsPathParser.isSlash(C)Z @ 9 c2
Event: 4.114 Thread 0x00000266d1ee6000 DEOPT PACKING pc=0x00000266bfff885c sp=0x0000007a3aff8af0
Event: 4.114 Thread 0x00000266d1ee6000 DEOPT UNPACKING pc=0x00000266b84c78af sp=0x0000007a3aff8a80 mode 2
Event: 4.114 Thread 0x00000266d1ee6000 Uncommon trap: trap_request=0xffffff4d fr.pc=0x00000266bff85cdc relative=0x000000000000003c
Event: 4.114 Thread 0x00000266d1ee6000 Uncommon trap: reason=unstable_if action=reinterpret pc=0x00000266bff85cdc method=sun.nio.fs.WindowsPathParser.isSlash(C)Z @ 9 c2
Event: 4.114 Thread 0x00000266d1ee6000 DEOPT PACKING pc=0x00000266bff85cdc sp=0x0000007a3aff8af0
Event: 4.114 Thread 0x00000266d1ee6000 DEOPT UNPACKING pc=0x00000266b84c78af sp=0x0000007a3aff8a78 mode 2

Classes redefined (0 events):
No events

Internal exceptions (20 events):
Event: 3.276 Thread 0x00000266d1ee6000 Implicit null exception at 0x00000266c001f6af to 0x00000266c001f71d
Event: 3.608 Thread 0x00000266d1ee6000 Exception <a 'java/lang/NoSuchMethodError'{0x000000008a45cb80}: 'int java.lang.invoke.DirectMethodHandle$Holder.invokeStatic(java.lang.Object, java.lang.Object, java.lang.Object, java.lang.Object, java.lang.Object)'> (0x000000008a45cb80) thrown at [./src/hotspot/share/interpreter/linkResolver.cpp, line 773]
Event: 3.616 Thread 0x00000266d353a000 Exception <a 'sun/nio/fs/WindowsException'{0x000000008da8b738}> (0x000000008da8b738) thrown at [./src/hotspot/share/prims/jni.cpp, line 615]
Event: 3.677 Thread 0x00000266d353a000 Exception <a 'sun/nio/fs/WindowsException'{0x000000008a3ee168}> (0x000000008a3ee168) thrown at [./src/hotspot/share/prims/jni.cpp, line 615]
Event: 3.677 Thread 0x00000266d353a000 Exception <a 'sun/nio/fs/WindowsException'{0x000000008a3ee398}> (0x000000008a3ee398) thrown at [./src/hotspot/share/prims/jni.cpp, line 615]
Event: 3.703 Thread 0x00000266d1ee6000 Exception <a 'java/lang/NoSuchMethodError'{0x000000008a2fc808}: 'void java.lang.invoke.DirectMethodHandle$Holder.invokeStaticInit(java.lang.Object, java.lang.Object, java.lang.Object, java.lang.Object)'> (0x000000008a2fc808) thrown at [./src/hotspot/share/interpreter/linkResolver.cpp, line 773]
Event: 3.777 Thread 0x00000266d1ee6000 Exception <a 'java/lang/NoSuchMethodError'{0x0000000089d13e70}: 'void java.lang.invoke.DirectMethodHandle$Holder.invokeStaticInit(java.lang.Object, java.lang.Object, java.lang.Object)'> (0x0000000089d13e70) thrown at [./src/hotspot/share/interpreter/linkResolver.cpp, line 773]
Event: 3.781 Thread 0x00000266d1ee6000 Exception <a 'java/lang/NoSuchMethodError'{0x0000000089d39680}: 'void java.lang.invoke.DirectMethodHandle$Holder.invokeStaticInit(java.lang.Object, java.lang.Object, java.lang.Object, java.lang.Object, java.lang.Object)'> (0x0000000089d39680) thrown at [./src/hotspot/share/interpreter/linkResolver.cpp, line 773]
Event: 3.819 Thread 0x00000266d1ee6000 Exception <a 'java/lang/NoSuchMethodError'{0x0000000089dafbc8}: 'int java.lang.invoke.DirectMethodHandle$Holder.invokeStaticInit(java.lang.Object, java.lang.Object, java.lang.Object, java.lang.Object)'> (0x0000000089dafbc8) thrown at [./src/hotspot/share/interpreter/linkResolver.cpp, line 773]
Event: 3.820 Thread 0x00000266d1ee6000 Exception <a 'java/lang/IncompatibleClassChangeError'{0x0000000089db93d0}: Found class java.lang.Object, but interface was expected> (0x0000000089db93d0) thrown at [./src/hotspot/share/interpreter/linkResolver.cpp, line 839]
Event: 4.027 Thread 0x00000266d1ee6000 Exception <a 'java/lang/NoSuchMethodError'{0x000000008fa841f8}: 'java.lang.Object java.lang.invoke.DirectMethodHandle$Holder.invokeStatic(java.lang.Object, java.lang.Object, java.lang.Object, java.lang.Object, java.lang.Object, java.lang.Object, java.lang.Object, java.lang.Object, java.lang.Object, java.lang.Object, java.lang.Object, int)'> (0x000000008fa841f8) thrown at [./src/hotspot/share/interpreter/linkResolver.cpp, line 773]
Event: 4.029 Thread 0x00000266d1ee6000 Exception <a 'java/lang/NoSuchMethodError'{0x000000008faa2b98}: 'java.lang.Object java.lang.invoke.DirectMethodHandle$Holder.invokeStatic(java.lang.Object, java.lang.Object, java.lang.Object, java.lang.Object, java.lang.Object, java.lang.Object, java.lang.Object, java.lang.Object, java.lang.Object, java.lang.Object, java.lang.Object, int, int)'> (0x000000008faa2b98) thrown at [./src/hotspot/share/interpreter/linkResolver.cpp, line 773]
Event: 4.031 Thread 0x00000266d1ee6000 Exception <a 'java/lang/NoSuchMethodError'{0x000000008fac23c8}: 'java.lang.Object java.lang.invoke.DirectMethodHandle$Holder.invokeStatic(java.lang.Object, java.lang.Object, java.lang.Object, java.lang.Object, java.lang.Object, java.lang.Object, java.lang.Object, java.lang.Object, java.lang.Object, java.lang.Object, java.lang.Object, int, int, java.lang.Object)'> (0x000000008fac23c8) thrown at [./src/hotspot/share/interpreter/linkResolver.cpp, line 773]
Event: 4.033 Thread 0x00000266d1ee6000 Exception <a 'java/lang/NoSuchMethodError'{0x000000008fae34c0}: 'java.lang.Object java.lang.invoke.DirectMethodHandle$Holder.invokeStatic(java.lang.Object, java.lang.Object, java.lang.Object, java.lang.Object, java.lang.Object, java.lang.Object, java.lang.Object, java.lang.Object, java.lang.Object, java.lang.Object, java.lang.Object, int, int, java.lang.Object, java.lang.Object)'> (0x000000008fae34c0) thrown at [./src/hotspot/share/interpreter/linkResolver.cpp, line 773]
Event: 4.036 Thread 0x00000266d1ee6000 Exception <a 'java/lang/ClassNotFoundException'{0x000000008f913750}: groovy/lang/ExpandoMetaClassBeanInfo> (0x000000008f913750) thrown at [./src/hotspot/share/classfile/systemDictionary.cpp, line 231]
Event: 4.037 Thread 0x00000266d1ee6000 Exception <a 'java/lang/ClassNotFoundException'{0x000000008f933a88}: groovy/lang/MetaClassImplBeanInfo> (0x000000008f933a88) thrown at [./src/hotspot/share/classfile/systemDictionary.cpp, line 231]
Event: 4.038 Thread 0x00000266d1ee6000 Exception <a 'java/lang/ClassNotFoundException'{0x000000008f93ccd0}: java/lang/ObjectBeanInfo> (0x000000008f93ccd0) thrown at [./src/hotspot/share/classfile/systemDictionary.cpp, line 231]
Event: 4.039 Thread 0x00000266d1ee6000 Exception <a 'java/lang/ClassNotFoundException'{0x000000008f948350}: java/lang/ObjectCustomizer> (0x000000008f948350) thrown at [./src/hotspot/share/classfile/systemDictionary.cpp, line 231]
Event: 4.045 Thread 0x00000266d1ee6000 Exception <a 'java/lang/ClassNotFoundException'{0x000000008f96f3e8}: groovy/lang/MetaClassImplCustomizer> (0x000000008f96f3e8) thrown at [./src/hotspot/share/classfile/systemDictionary.cpp, line 231]
Event: 4.047 Thread 0x00000266d1ee6000 Exception <a 'java/lang/ClassNotFoundException'{0x000000008f9af368}: groovy/lang/ExpandoMetaClassCustomizer> (0x000000008f9af368) thrown at [./src/hotspot/share/classfile/systemDictionary.cpp, line 231]

Events (20 events):
Event: 4.085 loading class org/codehaus/groovy/GroovyExceptionInterface
Event: 4.085 loading class org/codehaus/groovy/GroovyExceptionInterface done
Event: 4.086 loading class org/codehaus/groovy/control/io/NullWriter
Event: 4.086 loading class org/codehaus/groovy/control/io/NullWriter done
Event: 4.086 loading class org/apache/groovy/util/Maps
Event: 4.086 loading class org/apache/groovy/util/Maps done
Event: 4.112 loading class org/codehaus/groovy/vmplugin/v9/ClassFinder
Event: 4.112 loading class org/codehaus/groovy/vmplugin/v9/ClassFinder done
Event: 4.113 loading class org/codehaus/groovy/vmplugin/v9/ClassFindFailedException
Event: 4.113 loading class org/codehaus/groovy/vmplugin/v9/ClassFindFailedException done
Event: 4.113 loading class java/nio/file/FileSystemAlreadyExistsException
Event: 4.113 loading class java/nio/file/FileSystemAlreadyExistsException done
Event: 4.113 loading class sun/nio/fs/WindowsUriSupport
Event: 4.113 loading class sun/nio/fs/WindowsUriSupport done
Event: 4.114 loading class java/nio/file/AccessMode
Event: 4.114 loading class java/nio/file/AccessMode done
Event: 4.114 loading class java/nio/file/spi/FileSystemProvider$1
Event: 4.114 loading class java/nio/file/spi/FileSystemProvider$1 done
Event: 4.115 loading class java/nio/file/FileSystemNotFoundException
Event: 4.115 loading class java/nio/file/FileSystemNotFoundException done


Dynamic libraries:
0x00007ff75d990000 - 0x00007ff75d99a000 	C:\Program Files\Android\Android Studio\jre\bin\java.exe
0x00007fffa3670000 - 0x00007fffa3865000 	C:\WINDOWS\SYSTEM32\ntdll.dll
0x00007fffa30b0000 - 0x00007fffa316d000 	C:\WINDOWS\System32\KERNEL32.DLL
0x00007fffa1170000 - 0x00007fffa1438000 	C:\WINDOWS\System32\KERNELBASE.dll
0x00007fffa1070000 - 0x00007fffa1170000 	C:\WINDOWS\System32\ucrtbase.dll
0x00007fff879a0000 - 0x00007fff879b9000 	C:\Program Files\Android\Android Studio\jre\bin\jli.dll
0x00007fff9c5e0000 - 0x00007fff9c5f7000 	C:\Program Files\Android\Android Studio\jre\bin\VCRUNTIME140.dll
0x00007fffa2dc0000 - 0x00007fffa2f60000 	C:\WINDOWS\System32\USER32.dll
0x00007fffa0fc0000 - 0x00007fffa0fe2000 	C:\WINDOWS\System32\win32u.dll
0x00007fff812c0000 - 0x00007fff8155a000 	C:\WINDOWS\WinSxS\amd64_microsoft.windows.common-controls_6595b64144ccf1df_6.0.19041.844_none_ca00b6081b84eb1d\COMCTL32.dll
0x00007fffa2cb0000 - 0x00007fffa2d4e000 	C:\WINDOWS\System32\msvcrt.dll
0x00007fffa31a0000 - 0x00007fffa31ca000 	C:\WINDOWS\System32\GDI32.dll
0x00007fffa0e10000 - 0x00007fffa0f1b000 	C:\WINDOWS\System32\gdi32full.dll
0x00007fffa0f20000 - 0x00007fffa0fbd000 	C:\WINDOWS\System32\msvcp_win.dll
0x00007fffa3170000 - 0x00007fffa31a0000 	C:\WINDOWS\System32\IMM32.DLL
0x00007fff87860000 - 0x00007fff878fd000 	C:\Program Files\Android\Android Studio\jre\bin\msvcp140.dll
0x00007fff5a260000 - 0x00007fff5ad2f000 	C:\Program Files\Android\Android Studio\jre\bin\server\jvm.dll
0x00007fffa20d0000 - 0x00007fffa217c000 	C:\WINDOWS\System32\ADVAPI32.dll
0x00007fffa1cb0000 - 0x00007fffa1d4b000 	C:\WINDOWS\System32\sechost.dll
0x00007fffa1e60000 - 0x00007fffa1f8b000 	C:\WINDOWS\System32\RPCRT4.dll
0x00007fffa3510000 - 0x00007fffa3518000 	C:\WINDOWS\System32\PSAPI.DLL
0x00007fff829b0000 - 0x00007fff829b9000 	C:\WINDOWS\SYSTEM32\WSOCK32.dll
0x00007fff86a90000 - 0x00007fff86ab7000 	C:\WINDOWS\SYSTEM32\WINMM.dll
0x00007fff99630000 - 0x00007fff9963a000 	C:\WINDOWS\SYSTEM32\VERSION.dll
0x00007fffa2d50000 - 0x00007fffa2dbb000 	C:\WINDOWS\System32\WS2_32.dll
0x00007fff9f680000 - 0x00007fff9f692000 	C:\WINDOWS\SYSTEM32\kernel.appcore.dll
0x00007fff7f510000 - 0x00007fff7f521000 	C:\Program Files\Android\Android Studio\jre\bin\verify.dll
0x00007fff9ea80000 - 0x00007fff9ec64000 	C:\WINDOWS\SYSTEM32\DBGHELP.DLL
0x00007fff89070000 - 0x00007fff8909c000 	C:\WINDOWS\SYSTEM32\dbgcore.DLL
0x00007fffa1440000 - 0x00007fffa14c0000 	C:\WINDOWS\System32\bcryptPrimitives.dll
0x00007fff7e880000 - 0x00007fff7e8a9000 	C:\Program Files\Android\Android Studio\jre\bin\java.dll
0x00007fff7f500000 - 0x00007fff7f50b000 	C:\Program Files\Android\Android Studio\jre\bin\jimage.dll
0x00007fff7e400000 - 0x00007fff7e418000 	C:\Program Files\Android\Android Studio\jre\bin\zip.dll
0x00007fffa2560000 - 0x00007fffa2ca2000 	C:\WINDOWS\System32\SHELL32.dll
0x00007fff9eed0000 - 0x00007fff9f661000 	C:\WINDOWS\SYSTEM32\windows.storage.dll
0x00007fffa2180000 - 0x00007fffa24d5000 	C:\WINDOWS\System32\combase.dll
0x00007fffa0820000 - 0x00007fffa084c000 	C:\WINDOWS\SYSTEM32\Wldp.dll
0x00007fffa3580000 - 0x00007fffa362e000 	C:\WINDOWS\System32\SHCORE.dll
0x00007fffa3520000 - 0x00007fffa3575000 	C:\WINDOWS\System32\shlwapi.dll
0x00007fffa0cf0000 - 0x00007fffa0d0f000 	C:\WINDOWS\SYSTEM32\profapi.dll
0x00007fff7e3e0000 - 0x00007fff7e3fa000 	C:\Program Files\Android\Android Studio\jre\bin\net.dll
0x00007fff9b680000 - 0x00007fff9b78b000 	C:\WINDOWS\SYSTEM32\WINHTTP.dll
0x00007fffa0590000 - 0x00007fffa05fa000 	C:\WINDOWS\system32\mswsock.dll
0x00007fff7de10000 - 0x00007fff7de24000 	C:\Program Files\Android\Android Studio\jre\bin\nio.dll
0x00007fff9b030000 - 0x00007fff9b057000 	C:\Users\enzo.tazarine\.gradle\native\8bec1ad78214c89d9ad589b4d07fe93259594b29d510b10fafb7a158f7737e5d\windows-amd64\native-platform.dll
0x00007fff99170000 - 0x00007fff992ad000 	C:\Users\enzo.tazarine\.gradle\native\53dbd7edfb1c66fb8903c78663c9afc45aea4f116125fa6feffd364cf09443e8\windows-amd64\native-platform-file-events.dll
0x00007fff7f4f0000 - 0x00007fff7f4fa000 	C:\Program Files\Android\Android Studio\jre\bin\management.dll
0x00007fff7de00000 - 0x00007fff7de0c000 	C:\Program Files\Android\Android Studio\jre\bin\management_ext.dll
0x00007fffa0760000 - 0x00007fffa0778000 	C:\WINDOWS\SYSTEM32\CRYPTSP.dll
0x00007fff9fec0000 - 0x00007fff9fef4000 	C:\WINDOWS\system32\rsaenh.dll
0x00007fffa1040000 - 0x00007fffa1067000 	C:\WINDOWS\System32\bcrypt.dll
0x00007fffa0cb0000 - 0x00007fffa0cde000 	C:\WINDOWS\SYSTEM32\USERENV.dll
0x00007fffa0780000 - 0x00007fffa078c000 	C:\WINDOWS\SYSTEM32\CRYPTBASE.dll
0x00007fffa0230000 - 0x00007fffa026b000 	C:\WINDOWS\SYSTEM32\IPHLPAPI.DLL
0x00007fffa1f90000 - 0x00007fffa1f98000 	C:\WINDOWS\System32\NSI.dll
0x00007fff97260000 - 0x00007fff97277000 	C:\WINDOWS\SYSTEM32\dhcpcsvc6.DLL
0x00007fff97b10000 - 0x00007fff97b2d000 	C:\WINDOWS\SYSTEM32\dhcpcsvc.DLL
0x00007fffa0280000 - 0x00007fffa034c000 	C:\WINDOWS\SYSTEM32\DNSAPI.dll

dbghelp: loaded successfully - version: 4.0.5 - missing functions: none
symbol engine: initialized successfully - sym options: 0x614 - pdb path: .;C:\Program Files\Android\Android Studio\jre\bin;C:\WINDOWS\SYSTEM32;C:\WINDOWS\WinSxS\amd64_microsoft.windows.common-controls_6595b64144ccf1df_6.0.19041.844_none_ca00b6081b84eb1d;C:\Program Files\Android\Android Studio\jre\bin\server;C:\Users\enzo.tazarine\.gradle\native\8bec1ad78214c89d9ad589b4d07fe93259594b29d510b10fafb7a158f7737e5d\windows-amd64;C:\Users\enzo.tazarine\.gradle\native\53dbd7edfb1c66fb8903c78663c9afc45aea4f116125fa6feffd364cf09443e8\windows-amd64

VM Arguments:
jvm_args: --add-opens=java.base/java.util=ALL-UNNAMED --add-opens=java.base/java.lang=ALL-UNNAMED --add-opens=java.base/java.lang.invoke=ALL-UNNAMED --add-opens=java.base/java.util=ALL-UNNAMED --add-opens=java.prefs/java.util.prefs=ALL-UNNAMED --add-opens=java.prefs/java.util.prefs=ALL-UNNAMED --add-opens=java.base/java.nio.charset=ALL-UNNAMED --add-opens=java.base/java.net=ALL-UNNAMED --add-opens=java.base/java.util.concurrent.atomic=ALL-UNNAMED -Xmx2048m -Dfile.encoding=UTF-8 -Duser.country=FR -Duser.language=fr -Duser.variant 
java_command: org.gradle.launcher.daemon.bootstrap.GradleDaemon 7.0.2
java_class_path (initial): C:\Users\enzo.tazarine\.gradle\wrapper\dists\gradle-7.0.2-bin\857tjihv64xamwrf0h14cai3r\gradle-7.0.2\lib\gradle-launcher-7.0.2.jar
Launcher Type: SUN_STANDARD

[Global flags]
     intx CICompilerCount                          = 4                                         {product} {ergonomic}
     uint ConcGCThreads                            = 2                                         {product} {ergonomic}
     uint G1ConcRefinementThreads                  = 8                                         {product} {ergonomic}
   size_t G1HeapRegionSize                         = 1048576                                   {product} {ergonomic}
    uintx GCDrainStackTargetSize                   = 64                                        {product} {ergonomic}
   size_t InitialHeapSize                          = 266338304                                 {product} {ergonomic}
   size_t MarkStackSize                            = 4194304                                   {product} {ergonomic}
   size_t MaxHeapSize                              = 2147483648                                {product} {command line}
   size_t MaxNewSize                               = 1287651328                                {product} {ergonomic}
   size_t MinHeapDeltaBytes                        = 1048576                                   {product} {ergonomic}
    uintx NonNMethodCodeHeapSize                   = 5836300                                {pd product} {ergonomic}
    uintx NonProfiledCodeHeapSize                  = 122910970                              {pd product} {ergonomic}
    uintx ProfiledCodeHeapSize                     = 122910970                              {pd product} {ergonomic}
    uintx ReservedCodeCacheSize                    = 251658240                              {pd product} {ergonomic}
     bool SegmentedCodeCache                       = true                                      {product} {ergonomic}
     bool UseCompressedClassPointers               = true                                 {lp64_product} {ergonomic}
     bool UseCompressedOops                        = true                                 {lp64_product} {ergonomic}
     bool UseG1GC                                  = true                                      {product} {ergonomic}
     bool UseLargePagesIndividualAllocation        = false                                  {pd product} {ergonomic}

Logging:
Log output configuration:
 #0: stdout all=warning uptime,level,tags
 #1: stderr all=off uptime,level,tags

Environment Variables:
PATH=C:\Program Files (x86)\Common Files\Oracle\Java\javapath;C:\WINDOWS\system32;C:\WINDOWS;C:\WINDOWS\System32\Wbem;C:\WINDOWS\System32\WindowsPowerShell\v1.0\;C:\WINDOWS\System32\OpenSSH\;C:\Program Files\Microsoft SQL Server\Client SDK\ODBC\110\Tools\Binn\;C:\Program Files (x86)\Microsoft SQL Server\120\Tools\Binn\;C:\Program Files\Microsoft SQL Server\120\Tools\Binn\;C:\Program Files\Microsoft SQL Server\120\DTS\Binn\;C:\Program Files (x86)\Microsoft SQL Server\120\Tools\Binn\ManagementStudio\;C:\Program Files (x86)\Microsoft SQL Server\120\DTS\Binn\;C:\Program Files\nodejs\;C:\Program Files\Git\cmd;C:\altera\91\modelsim_ase\win32aloem;C:\Users\enzo.tazarine\AppData\Local\Microsoft\WindowsApps;C:\Users\enzo.tazarine\AppData\Local\Programs\Microsoft VS Code\bin;C:\Users\enzo.tazarine\AppData\Roaming\npm
USERNAME=enzo.tazarine
OS=Windows_NT
PROCESSOR_IDENTIFIER=Intel64 Family 6 Model 142 Stepping 12, GenuineIntel



---------------  S Y S T E M  ---------------

OS: Windows 10 , 64 bit Build 19041 (10.0.19041.928)
OS uptime: 0 days 11:16 hours

CPU:total 8 (initial active 8) (4 cores per cpu, 2 threads per core) family 6 model 142 stepping 12 microcode 0xd6, cmov, cx8, fxsr, mmx, sse, sse2, sse3, ssse3, sse4.1, sse4.2, popcnt, avx, avx2, aes, clmul, erms, 3dnowpref, lzcnt, ht, tsc, tscinvbit, bmi1, bmi2, adx, fma

Memory: 4k page, system-wide physical 16157M (4629M free)
TotalPageFile size 34790M (AvailPageFile size 6M)
current process WorkingSet (physical memory assigned to process): 299M, peak: 299M
current process commit charge ("private bytes"): 457M, peak: 458M

vm_info: OpenJDK 64-Bit Server VM (11.0.10+0-b96-7249189) for windows-amd64 JRE (11.0.10+0-b96-7249189), built on Mar 31 2021 21:44:00 by "builder" with MS VC++ 14.0 (VS2015)

END.
