#
# There is insufficient memory for the Java Runtime Environment to continue.
# Native memory allocation (malloc) failed to allocate 958096 bytes for Chunk::new
# Possible reasons:
#   The system is out of physical RAM or swap space
#   The process is running with CompressedOops enabled, and the Java Heap may be blocking the growth of the native heap
# Possible solutions:
#   Reduce memory load on the system
#   Increase physical memory or swap space
#   Check if swap backing store is full
#   Decrease Java heap size (-Xmx/-Xms)
#   Decrease number of Java threads
#   Decrease Java thread stack sizes (-Xss)
#   Set larger code cache with -XX:ReservedCodeCacheSize=
#   JVM is running with Unscaled Compressed Oops mode in which the Java heap is
#     placed in the first 4GB address space. The Java Heap base address is the
#     maximum limit for the native heap growth. Please use -XX:HeapBaseMinAddress
#     to set the Java Heap base and to place the Java Heap above 4GB virtual address.
# This output file may be truncated or incomplete.
#
#  Out of Memory Error (./src/hotspot/share/memory/arena.cpp:197), pid=13028, tid=14880
#
# JRE version: OpenJDK Runtime Environment (11.0.10) (build 11.0.10+0-b96-7249189)
# Java VM: OpenJDK 64-Bit Server VM (11.0.10+0-b96-7249189, mixed mode, tiered, compressed oops, g1 gc, windows-amd64)
# No core dump will be written. Minidumps are not enabled by default on client versions of Windows
#

---------------  S U M M A R Y ------------

Command Line: --add-opens=java.base/java.util=ALL-UNNAMED --add-opens=java.base/java.lang=ALL-UNNAMED --add-opens=java.base/java.lang.invoke=ALL-UNNAMED --add-opens=java.base/java.util=ALL-UNNAMED --add-opens=java.prefs/java.util.prefs=ALL-UNNAMED --add-opens=java.prefs/java.util.prefs=ALL-UNNAMED --add-opens=java.base/java.nio.charset=ALL-UNNAMED --add-opens=java.base/java.net=ALL-UNNAMED --add-opens=java.base/java.util.concurrent.atomic=ALL-UNNAMED -Xmx2048m -Dfile.encoding=UTF-8 -Duser.country=FR -Duser.language=fr -Duser.variant org.gradle.launcher.daemon.bootstrap.GradleDaemon 7.0.2

Host: Intel(R) Core(TM) i7-10510U CPU @ 1.80GHz, 8 cores, 15G,  Windows 10 , 64 bit Build 19041 (10.0.19041.928)
Time: Mon Feb 14 02:51:50 2022 Paris, Madrid elapsed time: 37.418410 seconds (0d 0h 0m 37s)

---------------  T H R E A D  ---------------

Current thread (0x000001a3bf253800):  JavaThread "C2 CompilerThread2" daemon [_thread_in_native, id=14880, stack(0x0000009b02600000,0x0000009b02700000)]


Current CompileTask:
C2:  37418 14075       4       org.gradle.api.internal.artifacts.result.DefaultResolutionResult::eachElement (92 bytes)

Stack: [0x0000009b02600000,0x0000009b02700000]
Native frames: (J=compiled Java code, j=interpreted, Vv=VM code, C=native code)
V  [jvm.dll+0x5ecfaa]
V  [jvm.dll+0x722bd5]
V  [jvm.dll+0x72412d]
V  [jvm.dll+0x7247e3]
V  [jvm.dll+0x242928]
V  [jvm.dll+0xbc4fc]
V  [jvm.dll+0xbca0c]
V  [jvm.dll+0x2b4fd4]
V  [jvm.dll+0x506028]
V  [jvm.dll+0x1fcbde]
V  [jvm.dll+0x1fa77f]
V  [jvm.dll+0x18354c]
V  [jvm.dll+0x208ee7]
V  [jvm.dll+0x207731]
V  [jvm.dll+0x6eb1cf]
V  [jvm.dll+0x6e3d45]
V  [jvm.dll+0x5ebe96]
C  [ucrtbase.dll+0x21bb2]
C  [KERNEL32.DLL+0x17034]
C  [ntdll.dll+0x52651]


---------------  P R O C E S S  ---------------

Threads class SMR info:
_java_thread_list=0x000001a3c4ac4d50, length=69, elements={
0x000001a3a038a800, 0x000001a3bb81e800, 0x000001a3bb81f000, 0x000001a3bb881800,
0x000001a3bb883800, 0x000001a3bb884800, 0x000001a3bb897000, 0x000001a3bb898000,
0x000001a3bb89c000, 0x000001a3bb9fb800, 0x000001a3bdd8c800, 0x000001a3bd0dc800,
0x000001a3bbbee800, 0x000001a3bc079000, 0x000001a3be6b0800, 0x000001a3be29e800,
0x000001a3be29c000, 0x000001a3be384000, 0x000001a3be381000, 0x000001a3be386000,
0x000001a3be381800, 0x000001a3be382800, 0x000001a3be389000, 0x000001a3be383800,
0x000001a3be38d000, 0x000001a3bc130000, 0x000001a3bc12b000, 0x000001a3bf1be000,
0x000001a3bf1bf000, 0x000001a3bf1c0000, 0x000001a3bf1bc800, 0x000001a3be385000,
0x000001a3be380000, 0x000001a3be37f800, 0x000001a3be38c800, 0x000001a3be386800,
0x000001a3be38a000, 0x000001a3be38b800, 0x000001a3bc12f000, 0x000001a3bc129800,
0x000001a3bc12a800, 0x000001a3bf510000, 0x000001a3bc12c000, 0x000001a3bc12d800,
0x000001a3bc12c800, 0x000001a3bc12e800, 0x000001a3bf1bd800, 0x000001a3bf1bb000,
0x000001a3bf1c1800, 0x000001a3bf1bb800, 0x000001a3be29d800, 0x000001a3bf253800,
0x000001a3bcf99000, 0x000001a3bcf95800, 0x000001a3bcf98000, 0x000001a3bcf97000,
0x000001a3bcf99800, 0x000001a3bcf9a800, 0x000001a3bcf9b800, 0x000001a3bcf9c000,
0x000001a3bcf96800, 0x000001a3bcd6e800, 0x000001a3bcd6d000, 0x000001a3bcd6f800,
0x000001a3bcd6b000, 0x000001a3bcd71800, 0x000001a3bcd6d800, 0x000001a3bcd71000,
0x000001a3bcd6c000
}

Java Threads: ( => current thread )
  0x000001a3a038a800 JavaThread "main" [_thread_blocked, id=11032, stack(0x0000009b7df00000,0x0000009b7e000000)]
  0x000001a3bb81e800 JavaThread "Reference Handler" daemon [_thread_blocked, id=15092, stack(0x0000009b7e600000,0x0000009b7e700000)]
  0x000001a3bb81f000 JavaThread "Finalizer" daemon [_thread_blocked, id=11124, stack(0x0000009b7e700000,0x0000009b7e800000)]
  0x000001a3bb881800 JavaThread "Signal Dispatcher" daemon [_thread_blocked, id=15188, stack(0x0000009b7e800000,0x0000009b7e900000)]
  0x000001a3bb883800 JavaThread "Attach Listener" daemon [_thread_blocked, id=7344, stack(0x0000009b7e900000,0x0000009b7ea00000)]
  0x000001a3bb884800 JavaThread "Service Thread" daemon [_thread_blocked, id=3156, stack(0x0000009b7ea00000,0x0000009b7eb00000)]
  0x000001a3bb897000 JavaThread "C2 CompilerThread0" daemon [_thread_in_native, id=1744, stack(0x0000009b7eb00000,0x0000009b7ec00000)]
  0x000001a3bb898000 JavaThread "C1 CompilerThread0" daemon [_thread_blocked, id=7140, stack(0x0000009b7ec00000,0x0000009b7ed00000)]
  0x000001a3bb89c000 JavaThread "Sweeper thread" daemon [_thread_blocked, id=16276, stack(0x0000009b7ed00000,0x0000009b7ee00000)]
  0x000001a3bb9fb800 JavaThread "Common-Cleaner" daemon [_thread_blocked, id=9696, stack(0x0000009b7ee00000,0x0000009b7ef00000)]
  0x000001a3bdd8c800 JavaThread "Daemon health stats" [_thread_blocked, id=17080, stack(0x0000009b7f700000,0x0000009b7f800000)]
  0x000001a3bd0dc800 JavaThread "Incoming local TCP Connector on port 58422" [_thread_in_native, id=12860, stack(0x0000009b7f000000,0x0000009b7f100000)]
  0x000001a3bbbee800 JavaThread "Daemon periodic checks" [_thread_blocked, id=4860, stack(0x0000009b7f100000,0x0000009b7f200000)]
  0x000001a3bc079000 JavaThread "Daemon" [_thread_blocked, id=1928, stack(0x0000009b7f800000,0x0000009b7f900000)]
  0x000001a3be6b0800 JavaThread "Daemon worker" [_thread_blocked, id=9176, stack(0x0000009b7fb00000,0x0000009b7fc00000)]
  0x000001a3be29e800 JavaThread "Cache worker for file hash cache (C:\Users\enzo.tazarine\.gradle\caches\7.0.2\fileHashes)" [_thread_blocked, id=11352, stack(0x0000009b7ff00000,0x0000009b80000000)]
  0x000001a3be29c000 JavaThread "File lock request listener" [_thread_in_native, id=16568, stack(0x0000009b00000000,0x0000009b00100000)]
  0x000001a3be384000 JavaThread "Cache worker for journal cache (C:\Users\enzo.tazarine\.gradle\caches\journal-1)" [_thread_blocked, id=6132, stack(0x0000009b00400000,0x0000009b00500000)]
  0x000001a3be381000 JavaThread "File watcher server" daemon [_thread_in_native, id=10372, stack(0x0000009b00700000,0x0000009b00800000)]
  0x000001a3be386000 JavaThread "File watcher consumer" daemon [_thread_blocked, id=2332, stack(0x0000009b00800000,0x0000009b00900000)]
  0x000001a3be381800 JavaThread "Cache worker for execution history cache (C:\Users\enzo.tazarine\.gradle\caches\7.0.2\executionHistory)" [_thread_blocked, id=16760, stack(0x0000009b00d00000,0x0000009b00e00000)]
  0x000001a3be382800 JavaThread "jar transforms" [_thread_blocked, id=14232, stack(0x0000009b00e00000,0x0000009b00f00000)]
  0x000001a3be389000 JavaThread "jar transforms Thread 2" [_thread_blocked, id=2152, stack(0x0000009b00f00000,0x0000009b01000000)]
  0x000001a3be383800 JavaThread "Cache worker for file content cache (C:\Users\enzo.tazarine\.gradle\caches\7.0.2\fileContent)" [_thread_blocked, id=10584, stack(0x0000009b01000000,0x0000009b01100000)]
  0x000001a3be38d000 JavaThread "jar transforms Thread 3" [_thread_blocked, id=16832, stack(0x0000009b01200000,0x0000009b01300000)]
  0x000001a3bc130000 JavaThread "jar transforms Thread 4" [_thread_blocked, id=13556, stack(0x0000009b01c00000,0x0000009b01d00000)]
  0x000001a3bc12b000 JavaThread "jar transforms Thread 5" [_thread_blocked, id=5980, stack(0x0000009b01d00000,0x0000009b01e00000)]
  0x000001a3bf1be000 JavaThread "jar transforms Thread 6" [_thread_blocked, id=17248, stack(0x0000009b01e00000,0x0000009b01f00000)]
  0x000001a3bf1bf000 JavaThread "jar transforms Thread 7" [_thread_blocked, id=12220, stack(0x0000009b01f00000,0x0000009b02000000)]
  0x000001a3bf1c0000 JavaThread "jar transforms Thread 8" [_thread_blocked, id=12680, stack(0x0000009b02000000,0x0000009b02100000)]
  0x000001a3bf1bc800 JavaThread "Memory manager" [_thread_blocked, id=15504, stack(0x0000009b02100000,0x0000009b02200000)]
  0x000001a3be385000 JavaThread "Handler for socket connection from /127.0.0.1:58422 to /127.0.0.1:58453" [_thread_in_native, id=128, stack(0x0000009b00500000,0x0000009b00600000)]
  0x000001a3be380000 JavaThread "Cancel handler" [_thread_blocked, id=2932, stack(0x0000009b00600000,0x0000009b00700000)]
  0x000001a3be37f800 JavaThread "Asynchronous log dispatcher for DefaultDaemonConnection: socket connection from /127.0.0.1:58422 to /127.0.0.1:58453" [_thread_blocked, id=12844, stack(0x0000009b00900000,0x0000009b00a00000)]
  0x000001a3be38c800 JavaThread "Stdin handler" [_thread_blocked, id=8932, stack(0x0000009b00a00000,0x0000009b00b00000)]
  0x000001a3be386800 JavaThread "Daemon client event forwarder" [_thread_blocked, id=17376, stack(0x0000009b00b00000,0x0000009b00c00000)]
  0x000001a3be38a000 JavaThread "Cache worker for file hash cache (C:\Users\enzo.tazarine\AndroidStudioProjects\AndroidERestaurant\.gradle\7.0.2\fileHashes)" [_thread_blocked, id=13128, stack(0x0000009b00c00000,0x0000009b00d00000)]
  0x000001a3be38b800 JavaThread "Cache worker for checksums cache (C:\Users\enzo.tazarine\AndroidStudioProjects\AndroidERestaurant\.gradle\checksums)" [_thread_blocked, id=13800, stack(0x0000009b01100000,0x0000009b01200000)]
  0x000001a3bc12f000 JavaThread "Cache worker for cache directory md-supplier (C:\Users\enzo.tazarine\.gradle\caches\7.0.2\md-supplier)" [_thread_blocked, id=11900, stack(0x0000009b01300000,0x0000009b01400000)]
  0x000001a3bc129800 JavaThread "Cache worker for cache directory md-rule (C:\Users\enzo.tazarine\.gradle\caches\7.0.2\md-rule)" [_thread_blocked, id=2600, stack(0x0000009b01400000,0x0000009b01500000)]
  0x000001a3bc12a800 JavaThread "Cache worker for dependencies-accessors (C:\Users\enzo.tazarine\AndroidStudioProjects\AndroidERestaurant\.gradle\7.0.2\dependencies-accessors)" [_thread_blocked, id=13120, stack(0x0000009b01500000,0x0000009b01600000)]
  0x000001a3bf510000 JavaThread "C2 CompilerThread1" daemon [_thread_in_native, id=17232, stack(0x0000009b01600000,0x0000009b01700000)]
  0x000001a3bc12c000 JavaThread "Cache worker for Build Output Cleanup Cache (C:\Users\enzo.tazarine\AndroidStudioProjects\AndroidERestaurant\.gradle\buildOutputCleanup)" [_thread_blocked, id=17068, stack(0x0000009b01700000,0x0000009b01800000)]
  0x000001a3bc12d800 JavaThread "Build operations" [_thread_blocked, id=8884, stack(0x0000009b01800000,0x0000009b01900000)]
  0x000001a3bc12c800 JavaThread "Build operations Thread 2" [_thread_in_vm, id=16748, stack(0x0000009b01900000,0x0000009b01a00000)]
  0x000001a3bc12e800 JavaThread "Build operations Thread 3" [_thread_blocked, id=9552, stack(0x0000009b01a00000,0x0000009b01b00000)]
  0x000001a3bf1bd800 JavaThread "Build operations Thread 4" [_thread_in_native, id=14892, stack(0x0000009b01b00000,0x0000009b01c00000)]
  0x000001a3bf1bb000 JavaThread "Build operations Thread 5" [_thread_in_native, id=15976, stack(0x0000009b02200000,0x0000009b02300000)]
  0x000001a3bf1c1800 JavaThread "Build operations Thread 6" [_thread_in_native, id=17004, stack(0x0000009b02300000,0x0000009b02400000)]
  0x000001a3bf1bb800 JavaThread "Build operations Thread 7" [_thread_blocked, id=2092, stack(0x0000009b02400000,0x0000009b02500000)]
  0x000001a3be29d800 JavaThread "Build operations Thread 8" [_thread_blocked, id=8576, stack(0x0000009b02500000,0x0000009b02600000)]
=>0x000001a3bf253800 JavaThread "C2 CompilerThread2" daemon [_thread_in_native, id=14880, stack(0x0000009b02600000,0x0000009b02700000)]
  0x000001a3bcf99000 JavaThread "build event listener" [_thread_blocked, id=17084, stack(0x0000009b02700000,0x0000009b02800000)]
  0x000001a3bcf95800 JavaThread "Execution worker for ':'" [_thread_blocked, id=4692, stack(0x0000009b02800000,0x0000009b02900000)]
  0x000001a3bcf98000 JavaThread "Execution worker for ':' Thread 2" [_thread_blocked, id=2188, stack(0x0000009b02900000,0x0000009b02a00000)]
  0x000001a3bcf97000 JavaThread "Execution worker for ':' Thread 3" [_thread_blocked, id=9056, stack(0x0000009b02a00000,0x0000009b02b00000)]
  0x000001a3bcf99800 JavaThread "Execution worker for ':' Thread 4" [_thread_blocked, id=4648, stack(0x0000009b02b00000,0x0000009b02c00000)]
  0x000001a3bcf9a800 JavaThread "Execution worker for ':' Thread 5" [_thread_blocked, id=13552, stack(0x0000009b02c00000,0x0000009b02d00000)]
  0x000001a3bcf9b800 JavaThread "Execution worker for ':' Thread 6" [_thread_blocked, id=16960, stack(0x0000009b02d00000,0x0000009b02e00000)]
  0x000001a3bcf9c000 JavaThread "Execution worker for ':' Thread 7" [_thread_blocked, id=10768, stack(0x0000009b02e00000,0x0000009b02f00000)]
  0x000001a3bcf96800 JavaThread "Cache worker for execution history cache (C:\Users\enzo.tazarine\AndroidStudioProjects\AndroidERestaurant\.gradle\7.0.2\executionHistory)" [_thread_blocked, id=13812, stack(0x0000009b02f00000,0x0000009b03000000)]
  0x000001a3bcd6e800 JavaThread "WorkerExecutor Queue" [_thread_blocked, id=6244, stack(0x0000009b03000000,0x0000009b03100000)]
  0x000001a3bcd6d000 JavaThread "WorkerExecutor Queue Thread 2" [_thread_blocked, id=13512, stack(0x0000009b03300000,0x0000009b03400000)]
  0x000001a3bcd6f800 JavaThread "WorkerExecutor Queue Thread 3" [_thread_blocked, id=12272, stack(0x0000009b03900000,0x0000009b03a00000)]
  0x000001a3bcd6b000 JavaThread "WorkerExecutor Queue Thread 4" [_thread_blocked, id=8012, stack(0x0000009b03a00000,0x0000009b03b00000)]
  0x000001a3bcd71800 JavaThread "WorkerExecutor Queue Thread 5" [_thread_blocked, id=3496, stack(0x0000009b03b00000,0x0000009b03c00000)]
  0x000001a3bcd6d800 JavaThread "WorkerExecutor Queue Thread 6" [_thread_blocked, id=15116, stack(0x0000009b03c00000,0x0000009b03d00000)]
  0x000001a3bcd71000 JavaThread "WorkerExecutor Queue Thread 7" [_thread_blocked, id=9872, stack(0x0000009b03d00000,0x0000009b03e00000)]
  0x000001a3bcd6c000 JavaThread "WorkerExecutor Queue Thread 8" [_thread_blocked, id=4964, stack(0x0000009b03e00000,0x0000009b03f00000)]

Other Threads:
  0x000001a3bafde800 VMThread "VM Thread" [stack: 0x0000009b7e500000,0x0000009b7e600000] [id=15564]
  0x000001a3bba48800 WatcherThread [stack: 0x0000009b7ef00000,0x0000009b7f000000] [id=16940]
  0x000001a3a03a3000 GCTaskThread "GC Thread#0" [stack: 0x0000009b7e000000,0x0000009b7e100000] [id=17340]
  0x000001a3bc7d9800 GCTaskThread "GC Thread#1" [stack: 0x0000009b7f200000,0x0000009b7f300000] [id=17108]
  0x000001a3bc947800 GCTaskThread "GC Thread#2" [stack: 0x0000009b7f300000,0x0000009b7f400000] [id=8004]
  0x000001a3bca1e000 GCTaskThread "GC Thread#3" [stack: 0x0000009b7f400000,0x0000009b7f500000] [id=8588]
  0x000001a3bc70a800 GCTaskThread "GC Thread#4" [stack: 0x0000009b7f500000,0x0000009b7f600000] [id=5776]
  0x000001a3bbfc9800 GCTaskThread "GC Thread#5" [stack: 0x0000009b7f600000,0x0000009b7f700000] [id=11360]
  0x000001a3be902800 GCTaskThread "GC Thread#6" [stack: 0x0000009b00100000,0x0000009b00200000] [id=17160]
  0x000001a3bd4e7800 GCTaskThread "GC Thread#7" [stack: 0x0000009b00200000,0x0000009b00300000] [id=5864]
  0x000001a3a03d8000 ConcurrentGCThread "G1 Main Marker" [stack: 0x0000009b7e100000,0x0000009b7e200000] [id=13072]
  0x000001a3a03d9800 ConcurrentGCThread "G1 Conc#0" [stack: 0x0000009b7e200000,0x0000009b7e300000] [id=8504]
  0x000001a3bcf73800 ConcurrentGCThread "G1 Conc#1" [stack: 0x0000009b00300000,0x0000009b00400000] [id=9448]
  0x000001a3bae6a800 ConcurrentGCThread "G1 Refine#0" [stack: 0x0000009b7e300000,0x0000009b7e400000] [id=17360]
  0x000001a3c2952800 ConcurrentGCThread "G1 Refine#1" [stack: 0x0000009b03400000,0x0000009b03500000] [id=6388]
  0x000001a3c2956000 ConcurrentGCThread "G1 Refine#2" [stack: 0x0000009b03500000,0x0000009b03600000] [id=1500]
  0x000001a3c2956800 ConcurrentGCThread "G1 Refine#3" [stack: 0x0000009b03600000,0x0000009b03700000] [id=13328]
  0x000001a3c2953000 ConcurrentGCThread "G1 Refine#4" [stack: 0x0000009b03700000,0x0000009b03800000] [id=8652]
  0x000001a3c2957800 ConcurrentGCThread "G1 Refine#5" [stack: 0x0000009b03800000,0x0000009b03900000] [id=16104]
  0x000001a3bae6b800 ConcurrentGCThread "G1 Young RemSet Sampling" [stack: 0x0000009b7e400000,0x0000009b7e500000] [id=8260]

Threads with active compile tasks:
C2 CompilerThread0  37451 14145       4       java.util.zip.ZipFile$Source::getEntryPos (206 bytes)
C2 CompilerThread1  37451 14147       4       com.android.tools.r8.utils.k0::a (50 bytes)
C2 CompilerThread2  37451 14075       4       org.gradle.api.internal.artifacts.result.DefaultResolutionResult::eachElement (92 bytes)

VM state:not at safepoint (normal execution)

VM Mutex/Monitor currently owned by a thread: None

OutOfMemory and StackOverflow Exception counts:
OutOfMemoryError java_heap_errors=2
LinkageErrors=138

Heap address: 0x0000000080000000, size: 2048 MB, Compressed Oops mode: 32-bit
Narrow klass base: 0x0000000000000000, Narrow klass shift: 3
Compressed class space size: 1073741824 Address: 0x0000000100000000

Heap:
 garbage-first heap   total 260096K, used 198183K [0x0000000080000000, 0x0000000100000000)
  region size 1024K, 96 young (98304K), 9 survivors (9216K)
 Metaspace       used 100795K, capacity 103253K, committed 103424K, reserved 1138688K
  class space    used 12598K, capacity 13501K, committed 13568K, reserved 1048576K
Heap Regions: E=young(eden), S=young(survivor), O=old, HS=humongous(starts), HC=humongous(continues), CS=collection set, F=free, A=archive, TAMS=top-at-mark-start (previous, next)
|   0|0x0000000080000000, 0x0000000080100000, 0x0000000080100000|100%| O|  |TAMS 0x0000000080100000, 0x0000000080000000| Untracked 
|   1|0x0000000080100000, 0x0000000080200000, 0x0000000080200000|100%| O|  |TAMS 0x0000000080200000, 0x0000000080100000| Untracked 
|   2|0x0000000080200000, 0x0000000080300000, 0x0000000080300000|100%| O|  |TAMS 0x0000000080300000, 0x0000000080200000| Untracked 
|   3|0x0000000080300000, 0x0000000080400000, 0x0000000080400000|100%|HS|  |TAMS 0x0000000080400000, 0x0000000080300000| Complete 
|   4|0x0000000080400000, 0x0000000080500000, 0x0000000080500000|100%|HC|  |TAMS 0x0000000080500000, 0x0000000080400000| Complete 
|   5|0x0000000080500000, 0x0000000080600000, 0x0000000080600000|100%|HC|  |TAMS 0x0000000080600000, 0x0000000080500000| Complete 
|   6|0x0000000080600000, 0x0000000080700000, 0x0000000080700000|100%| O|  |TAMS 0x0000000080700000, 0x0000000080600000| Untracked 
|   7|0x0000000080700000, 0x0000000080800000, 0x0000000080800000|100%| O|  |TAMS 0x0000000080800000, 0x0000000080700000| Untracked 
|   8|0x0000000080800000, 0x0000000080900000, 0x0000000080900000|100%| O|  |TAMS 0x0000000080900000, 0x0000000080800000| Untracked 
|   9|0x0000000080900000, 0x0000000080a00000, 0x0000000080a00000|100%| O|  |TAMS 0x0000000080a00000, 0x0000000080900000| Untracked 
|  10|0x0000000080a00000, 0x0000000080b00000, 0x0000000080b00000|100%| O|  |TAMS 0x0000000080b00000, 0x0000000080a00000| Untracked 
|  11|0x0000000080b00000, 0x0000000080c00000, 0x0000000080c00000|100%| O|  |TAMS 0x0000000080c00000, 0x0000000080b00000| Untracked 
|  12|0x0000000080c00000, 0x0000000080d00000, 0x0000000080d00000|100%| O|  |TAMS 0x0000000080d00000, 0x0000000080c00000| Untracked 
|  13|0x0000000080d00000, 0x0000000080e00000, 0x0000000080e00000|100%| O|  |TAMS 0x0000000080e00000, 0x0000000080d00000| Untracked 
|  14|0x0000000080e00000, 0x0000000080f00000, 0x0000000080f00000|100%| O|  |TAMS 0x0000000080f00000, 0x0000000080e00000| Untracked 
|  15|0x0000000080f00000, 0x0000000081000000, 0x0000000081000000|100%| O|  |TAMS 0x0000000081000000, 0x0000000080f00000| Untracked 
|  16|0x0000000081000000, 0x0000000081100000, 0x0000000081100000|100%|HS|  |TAMS 0x0000000081100000, 0x0000000081000000| Complete 
|  17|0x0000000081100000, 0x0000000081200000, 0x0000000081200000|100%|HS|  |TAMS 0x0000000081200000, 0x0000000081100000| Complete 
|  18|0x0000000081200000, 0x0000000081300000, 0x0000000081300000|100%|HS|  |TAMS 0x0000000081300000, 0x0000000081200000| Complete 
|  19|0x0000000081300000, 0x0000000081400000, 0x0000000081400000|100%|HS|  |TAMS 0x0000000081400000, 0x0000000081300000| Complete 
|  20|0x0000000081400000, 0x0000000081500000, 0x0000000081500000|100%|HC|  |TAMS 0x0000000081500000, 0x0000000081400000| Complete 
|  21|0x0000000081500000, 0x0000000081600000, 0x0000000081600000|100%|HC|  |TAMS 0x0000000081600000, 0x0000000081500000| Complete 
|  22|0x0000000081600000, 0x0000000081700000, 0x0000000081700000|100%|HS|  |TAMS 0x0000000081700000, 0x0000000081600000| Complete 
|  23|0x0000000081700000, 0x0000000081800000, 0x0000000081800000|100%|HC|  |TAMS 0x0000000081800000, 0x0000000081700000| Complete 
|  24|0x0000000081800000, 0x0000000081900000, 0x0000000081900000|100%| O|  |TAMS 0x0000000081900000, 0x0000000081800000| Untracked 
|  25|0x0000000081900000, 0x0000000081a00000, 0x0000000081a00000|100%| O|  |TAMS 0x0000000081a00000, 0x0000000081900000| Untracked 
|  26|0x0000000081a00000, 0x0000000081b00000, 0x0000000081b00000|100%| O|  |TAMS 0x0000000081b00000, 0x0000000081a00000| Untracked 
|  27|0x0000000081b00000, 0x0000000081c00000, 0x0000000081c00000|100%| O|  |TAMS 0x0000000081c00000, 0x0000000081b00000| Untracked 
|  28|0x0000000081c00000, 0x0000000081d00000, 0x0000000081d00000|100%| O|  |TAMS 0x0000000081d00000, 0x0000000081c00000| Untracked 
|  29|0x0000000081d00000, 0x0000000081e00000, 0x0000000081e00000|100%| O|  |TAMS 0x0000000081e00000, 0x0000000081d00000| Untracked 
|  30|0x0000000081e00000, 0x0000000081f00000, 0x0000000081f00000|100%| O|  |TAMS 0x0000000081f00000, 0x0000000081e00000| Untracked 
|  31|0x0000000081f00000, 0x0000000082000000, 0x0000000082000000|100%| O|  |TAMS 0x0000000082000000, 0x0000000081f00000| Untracked 
|  32|0x0000000082000000, 0x0000000082100000, 0x0000000082100000|100%| O|  |TAMS 0x0000000082100000, 0x0000000082000000| Untracked 
|  33|0x0000000082100000, 0x0000000082200000, 0x0000000082200000|100%| O|  |TAMS 0x0000000082200000, 0x0000000082100000| Untracked 
|  34|0x0000000082200000, 0x0000000082300000, 0x0000000082300000|100%| O|  |TAMS 0x0000000082300000, 0x0000000082200000| Untracked 
|  35|0x0000000082300000, 0x0000000082400000, 0x0000000082400000|100%| O|  |TAMS 0x0000000082400000, 0x0000000082300000| Untracked 
|  36|0x0000000082400000, 0x0000000082500000, 0x0000000082500000|100%| O|  |TAMS 0x0000000082500000, 0x0000000082400000| Untracked 
|  37|0x0000000082500000, 0x0000000082600000, 0x0000000082600000|100%| O|  |TAMS 0x0000000082600000, 0x0000000082500000| Untracked 
|  38|0x0000000082600000, 0x0000000082700000, 0x0000000082700000|100%| O|  |TAMS 0x0000000082700000, 0x0000000082600000| Untracked 
|  39|0x0000000082700000, 0x0000000082800000, 0x0000000082800000|100%| O|  |TAMS 0x0000000082800000, 0x0000000082700000| Untracked 
|  40|0x0000000082800000, 0x0000000082900000, 0x0000000082900000|100%| O|  |TAMS 0x0000000082900000, 0x0000000082800000| Untracked 
|  41|0x0000000082900000, 0x0000000082a00000, 0x0000000082a00000|100%| O|  |TAMS 0x0000000082a00000, 0x0000000082900000| Untracked 
|  42|0x0000000082a00000, 0x0000000082b00000, 0x0000000082b00000|100%| O|  |TAMS 0x0000000082b00000, 0x0000000082a00000| Untracked 
|  43|0x0000000082b00000, 0x0000000082c00000, 0x0000000082c00000|100%| O|  |TAMS 0x0000000082c00000, 0x0000000082b00000| Untracked 
|  44|0x0000000082c00000, 0x0000000082d00000, 0x0000000082d00000|100%| O|  |TAMS 0x0000000082d00000, 0x0000000082c00000| Untracked 
|  45|0x0000000082d00000, 0x0000000082e00000, 0x0000000082e00000|100%| O|  |TAMS 0x0000000082e00000, 0x0000000082d00000| Untracked 
|  46|0x0000000082e00000, 0x0000000082f00000, 0x0000000082f00000|100%| O|  |TAMS 0x0000000082e8b800, 0x0000000082e00000| Untracked 
|  47|0x0000000082f00000, 0x0000000083000000, 0x0000000083000000|100%| O|  |TAMS 0x0000000082f00000, 0x0000000082f00000| Untracked 
|  48|0x0000000083000000, 0x0000000083100000, 0x0000000083100000|100%| O|  |TAMS 0x0000000083000000, 0x0000000083000000| Untracked 
|  49|0x0000000083100000, 0x0000000083200000, 0x0000000083200000|100%| O|  |TAMS 0x0000000083100000, 0x0000000083100000| Untracked 
|  50|0x0000000083200000, 0x0000000083300000, 0x0000000083300000|100%| O|  |TAMS 0x0000000083200000, 0x0000000083200000| Untracked 
|  51|0x0000000083300000, 0x0000000083400000, 0x0000000083400000|100%| O|  |TAMS 0x0000000083300000, 0x0000000083300000| Untracked 
|  52|0x0000000083400000, 0x0000000083500000, 0x0000000083500000|100%| O|  |TAMS 0x0000000083400000, 0x0000000083400000| Untracked 
|  53|0x0000000083500000, 0x0000000083600000, 0x0000000083600000|100%| O|  |TAMS 0x0000000083500000, 0x0000000083500000| Untracked 
|  54|0x0000000083600000, 0x0000000083700000, 0x0000000083700000|100%| O|  |TAMS 0x0000000083600000, 0x0000000083600000| Untracked 
|  55|0x0000000083700000, 0x0000000083800000, 0x0000000083800000|100%| O|  |TAMS 0x0000000083700000, 0x0000000083700000| Untracked 
|  56|0x0000000083800000, 0x0000000083900000, 0x0000000083900000|100%| O|  |TAMS 0x0000000083800000, 0x0000000083800000| Untracked 
|  57|0x0000000083900000, 0x0000000083900000, 0x0000000083a00000|  0%| F|  |TAMS 0x0000000083900000, 0x0000000083900000| Untracked 
|  58|0x0000000083a00000, 0x0000000083b00000, 0x0000000083b00000|100%| O|  |TAMS 0x0000000083a00000, 0x0000000083a00000| Untracked 
|  59|0x0000000083b00000, 0x0000000083c00000, 0x0000000083c00000|100%|HS|  |TAMS 0x0000000083b00000, 0x0000000083b00000| Complete 
|  60|0x0000000083c00000, 0x0000000083d00000, 0x0000000083d00000|100%|HS|  |TAMS 0x0000000083c00000, 0x0000000083c00000| Complete 
|  61|0x0000000083d00000, 0x0000000083e00000, 0x0000000083e00000|100%|HC|  |TAMS 0x0000000083d00000, 0x0000000083d00000| Complete 
|  62|0x0000000083e00000, 0x0000000083e00000, 0x0000000083f00000|  0%| F|  |TAMS 0x0000000083e00000, 0x0000000083e00000| Untracked 
|  63|0x0000000083f00000, 0x0000000083f00000, 0x0000000084000000|  0%| F|  |TAMS 0x0000000083f00000, 0x0000000083f00000| Untracked 
|  64|0x0000000084000000, 0x0000000084000000, 0x0000000084100000|  0%| F|  |TAMS 0x0000000084000000, 0x0000000084000000| Untracked 
|  65|0x0000000084100000, 0x0000000084100000, 0x0000000084200000|  0%| F|  |TAMS 0x0000000084100000, 0x0000000084100000| Untracked 
|  66|0x0000000084200000, 0x0000000084200000, 0x0000000084300000|  0%| F|  |TAMS 0x0000000084200000, 0x0000000084200000| Untracked 
|  67|0x0000000084300000, 0x0000000084300000, 0x0000000084400000|  0%| F|  |TAMS 0x0000000084300000, 0x0000000084300000| Untracked 
|  68|0x0000000084400000, 0x0000000084500000, 0x0000000084500000|100%| O|  |TAMS 0x0000000084400000, 0x0000000084400000| Untracked 
|  69|0x0000000084500000, 0x0000000084600000, 0x0000000084600000|100%| O|  |TAMS 0x0000000084500000, 0x0000000084500000| Untracked 
|  70|0x0000000084600000, 0x0000000084700000, 0x0000000084700000|100%| O|  |TAMS 0x0000000084600000, 0x0000000084600000| Untracked 
|  71|0x0000000084700000, 0x0000000084800000, 0x0000000084800000|100%| O|  |TAMS 0x0000000084700000, 0x0000000084700000| Untracked 
|  72|0x0000000084800000, 0x0000000084900000, 0x0000000084900000|100%| O|  |TAMS 0x0000000084800000, 0x0000000084800000| Untracked 
|  73|0x0000000084900000, 0x0000000084a00000, 0x0000000084a00000|100%| O|  |TAMS 0x0000000084900000, 0x0000000084900000| Untracked 
|  74|0x0000000084a00000, 0x0000000084b00000, 0x0000000084b00000|100%| O|  |TAMS 0x0000000084a00000, 0x0000000084a00000| Untracked 
|  75|0x0000000084b00000, 0x0000000084c00000, 0x0000000084c00000|100%| O|  |TAMS 0x0000000084b00000, 0x0000000084b00000| Untracked 
|  76|0x0000000084c00000, 0x0000000084d00000, 0x0000000084d00000|100%| O|  |TAMS 0x0000000084c00000, 0x0000000084c00000| Untracked 
|  77|0x0000000084d00000, 0x0000000084e00000, 0x0000000084e00000|100%| O|  |TAMS 0x0000000084d00000, 0x0000000084d00000| Untracked 
|  78|0x0000000084e00000, 0x0000000084f00000, 0x0000000084f00000|100%| O|  |TAMS 0x0000000084e00000, 0x0000000084e00000| Untracked 
|  79|0x0000000084f00000, 0x0000000085000000, 0x0000000085000000|100%| O|  |TAMS 0x0000000084f00000, 0x0000000084f00000| Untracked 
|  80|0x0000000085000000, 0x0000000085100000, 0x0000000085100000|100%| O|  |TAMS 0x0000000085000000, 0x0000000085000000| Untracked 
|  81|0x0000000085100000, 0x0000000085200000, 0x0000000085200000|100%| O|  |TAMS 0x0000000085100000, 0x0000000085100000| Untracked 
|  82|0x0000000085200000, 0x0000000085300000, 0x0000000085300000|100%| O|  |TAMS 0x0000000085200000, 0x0000000085200000| Untracked 
|  83|0x0000000085300000, 0x0000000085400000, 0x0000000085400000|100%| O|  |TAMS 0x0000000085300000, 0x0000000085300000| Untracked 
|  84|0x0000000085400000, 0x0000000085500000, 0x0000000085500000|100%| O|  |TAMS 0x0000000085400000, 0x0000000085400000| Untracked 
|  85|0x0000000085500000, 0x0000000085600000, 0x0000000085600000|100%| O|  |TAMS 0x0000000085500000, 0x0000000085500000| Untracked 
|  86|0x0000000085600000, 0x0000000085700000, 0x0000000085700000|100%| O|  |TAMS 0x0000000085600000, 0x0000000085600000| Untracked 
|  87|0x0000000085700000, 0x0000000085800000, 0x0000000085800000|100%| O|  |TAMS 0x0000000085700000, 0x0000000085700000| Untracked 
|  88|0x0000000085800000, 0x0000000085900000, 0x0000000085900000|100%| O|  |TAMS 0x0000000085800000, 0x0000000085800000| Untracked 
|  89|0x0000000085900000, 0x0000000085a00000, 0x0000000085a00000|100%| O|  |TAMS 0x0000000085900000, 0x0000000085900000| Untracked 
|  90|0x0000000085a00000, 0x0000000085a00000, 0x0000000085b00000|  0%| F|  |TAMS 0x0000000085a00000, 0x0000000085a00000| Untracked 
|  91|0x0000000085b00000, 0x0000000085b00000, 0x0000000085c00000|  0%| F|  |TAMS 0x0000000085b00000, 0x0000000085b00000| Untracked 
|  92|0x0000000085c00000, 0x0000000085c00000, 0x0000000085d00000|  0%| F|  |TAMS 0x0000000085c00000, 0x0000000085c00000| Untracked 
|  93|0x0000000085d00000, 0x0000000085d00000, 0x0000000085e00000|  0%| F|  |TAMS 0x0000000085d00000, 0x0000000085d00000| Untracked 
|  94|0x0000000085e00000, 0x0000000085e00000, 0x0000000085f00000|  0%| F|  |TAMS 0x0000000085e00000, 0x0000000085e00000| Untracked 
|  95|0x0000000085f00000, 0x0000000085f00000, 0x0000000086000000|  0%| F|  |TAMS 0x0000000085f00000, 0x0000000085f00000| Untracked 
|  96|0x0000000086000000, 0x0000000086100000, 0x0000000086100000|100%| O|  |TAMS 0x0000000086000000, 0x0000000086000000| Untracked 
|  97|0x0000000086100000, 0x0000000086200000, 0x0000000086200000|100%| O|  |TAMS 0x0000000086100000, 0x0000000086100000| Untracked 
|  98|0x0000000086200000, 0x0000000086300000, 0x0000000086300000|100%| O|  |TAMS 0x0000000086200000, 0x0000000086200000| Untracked 
|  99|0x0000000086300000, 0x0000000086400000, 0x0000000086400000|100%| O|  |TAMS 0x0000000086300000, 0x0000000086300000| Untracked 
| 100|0x0000000086400000, 0x0000000086500000, 0x0000000086500000|100%| O|  |TAMS 0x0000000086400000, 0x0000000086400000| Untracked 
| 101|0x0000000086500000, 0x0000000086600000, 0x0000000086600000|100%| O|  |TAMS 0x0000000086500000, 0x0000000086500000| Untracked 
| 102|0x0000000086600000, 0x0000000086700000, 0x0000000086700000|100%| O|  |TAMS 0x0000000086600000, 0x0000000086600000| Untracked 
| 103|0x0000000086700000, 0x0000000086800000, 0x0000000086800000|100%| O|  |TAMS 0x0000000086700000, 0x0000000086700000| Untracked 
| 104|0x0000000086800000, 0x0000000086900000, 0x0000000086900000|100%| O|  |TAMS 0x0000000086800000, 0x0000000086800000| Untracked 
| 105|0x0000000086900000, 0x0000000086900000, 0x0000000086a00000|  0%| F|  |TAMS 0x0000000086900000, 0x0000000086900000| Untracked 
| 106|0x0000000086a00000, 0x0000000086a00000, 0x0000000086b00000|  0%| F|  |TAMS 0x0000000086a00000, 0x0000000086a00000| Untracked 
| 107|0x0000000086b00000, 0x0000000086b00000, 0x0000000086c00000|  0%| F|  |TAMS 0x0000000086b00000, 0x0000000086b00000| Untracked 
| 108|0x0000000086c00000, 0x0000000086c00000, 0x0000000086d00000|  0%| F|  |TAMS 0x0000000086c00000, 0x0000000086c00000| Untracked 
| 109|0x0000000086d00000, 0x0000000086d00000, 0x0000000086e00000|  0%| F|  |TAMS 0x0000000086d00000, 0x0000000086d00000| Untracked 
| 110|0x0000000086e00000, 0x0000000086e00000, 0x0000000086f00000|  0%| F|  |TAMS 0x0000000086e00000, 0x0000000086e00000| Untracked 
| 111|0x0000000086f00000, 0x0000000086f00000, 0x0000000087000000|  0%| F|  |TAMS 0x0000000086f00000, 0x0000000086f00000| Untracked 
| 112|0x0000000087000000, 0x0000000087100000, 0x0000000087100000|100%| O|  |TAMS 0x0000000087000000, 0x0000000087000000| Untracked 
| 113|0x0000000087100000, 0x0000000087200000, 0x0000000087200000|100%| O|  |TAMS 0x0000000087100000, 0x0000000087100000| Untracked 
| 114|0x0000000087200000, 0x0000000087300000, 0x0000000087300000|100%| O|  |TAMS 0x0000000087200000, 0x0000000087200000| Untracked 
| 115|0x0000000087300000, 0x0000000087400000, 0x0000000087400000|100%| O|  |TAMS 0x0000000087300000, 0x0000000087300000| Untracked 
| 116|0x0000000087400000, 0x0000000087500000, 0x0000000087500000|100%| O|  |TAMS 0x0000000087400000, 0x0000000087400000| Untracked 
| 117|0x0000000087500000, 0x0000000087500000, 0x0000000087600000|  0%| F|  |TAMS 0x0000000087500000, 0x0000000087500000| Untracked 
| 118|0x0000000087600000, 0x0000000087600000, 0x0000000087700000|  0%| F|  |TAMS 0x0000000087600000, 0x0000000087600000| Untracked 
| 119|0x0000000087700000, 0x0000000087700000, 0x0000000087800000|  0%| F|  |TAMS 0x0000000087700000, 0x0000000087700000| Untracked 
| 120|0x0000000087800000, 0x0000000087800000, 0x0000000087900000|  0%| F|  |TAMS 0x0000000087800000, 0x0000000087800000| Untracked 
| 121|0x0000000087900000, 0x0000000087900000, 0x0000000087a00000|  0%| F|  |TAMS 0x0000000087900000, 0x0000000087900000| Untracked 
| 122|0x0000000087a00000, 0x0000000087a00000, 0x0000000087b00000|  0%| F|  |TAMS 0x0000000087a00000, 0x0000000087a00000| Untracked 
| 123|0x0000000087b00000, 0x0000000087b00000, 0x0000000087c00000|  0%| F|  |TAMS 0x0000000087b00000, 0x0000000087b00000| Untracked 
| 124|0x0000000087c00000, 0x0000000087d00000, 0x0000000087d00000|100%| O|  |TAMS 0x0000000087c00000, 0x0000000087c00000| Untracked 
| 125|0x0000000087d00000, 0x0000000087e00000, 0x0000000087e00000|100%| O|  |TAMS 0x0000000087d00000, 0x0000000087d00000| Untracked 
| 126|0x0000000087e00000, 0x0000000087ece600, 0x0000000087f00000| 80%| O|  |TAMS 0x0000000087e00000, 0x0000000087e00000| Untracked 
| 127|0x0000000087f00000, 0x0000000087f00000, 0x0000000088000000|  0%| F|  |TAMS 0x0000000087f00000, 0x0000000087f00000| Untracked 
| 128|0x0000000088000000, 0x0000000088000000, 0x0000000088100000|  0%| F|  |TAMS 0x0000000088000000, 0x0000000088000000| Untracked 
| 129|0x0000000088100000, 0x0000000088100000, 0x0000000088200000|  0%| F|  |TAMS 0x0000000088100000, 0x0000000088100000| Untracked 
| 130|0x0000000088200000, 0x0000000088200000, 0x0000000088300000|  0%| F|  |TAMS 0x0000000088200000, 0x0000000088200000| Untracked 
| 131|0x0000000088300000, 0x0000000088300000, 0x0000000088400000|  0%| F|  |TAMS 0x0000000088300000, 0x0000000088300000| Untracked 
| 132|0x0000000088400000, 0x0000000088400000, 0x0000000088500000|  0%| F|  |TAMS 0x0000000088400000, 0x0000000088400000| Untracked 
| 133|0x0000000088500000, 0x0000000088500000, 0x0000000088600000|  0%| F|  |TAMS 0x0000000088500000, 0x0000000088500000| Untracked 
| 134|0x0000000088600000, 0x0000000088600000, 0x0000000088700000|  0%| F|  |TAMS 0x0000000088600000, 0x0000000088600000| Untracked 
| 135|0x0000000088700000, 0x0000000088700000, 0x0000000088800000|  0%| F|  |TAMS 0x0000000088700000, 0x0000000088700000| Untracked 
| 136|0x0000000088800000, 0x0000000088800000, 0x0000000088900000|  0%| F|  |TAMS 0x0000000088800000, 0x0000000088800000| Untracked 
| 137|0x0000000088900000, 0x0000000088900000, 0x0000000088a00000|  0%| F|  |TAMS 0x0000000088900000, 0x0000000088900000| Untracked 
| 138|0x0000000088a00000, 0x0000000088a00000, 0x0000000088b00000|  0%| F|  |TAMS 0x0000000088a00000, 0x0000000088a00000| Untracked 
| 139|0x0000000088b00000, 0x0000000088b00000, 0x0000000088c00000|  0%| F|  |TAMS 0x0000000088b00000, 0x0000000088b00000| Untracked 
| 140|0x0000000088c00000, 0x0000000088c00000, 0x0000000088d00000|  0%| F|  |TAMS 0x0000000088c00000, 0x0000000088c00000| Untracked 
| 141|0x0000000088d00000, 0x0000000088d00000, 0x0000000088e00000|  0%| F|  |TAMS 0x0000000088d00000, 0x0000000088d00000| Untracked 
| 142|0x0000000088e00000, 0x0000000088e00000, 0x0000000088f00000|  0%| F|  |TAMS 0x0000000088e00000, 0x0000000088e00000| Untracked 
| 143|0x0000000088f00000, 0x0000000088f00000, 0x0000000089000000|  0%| F|  |TAMS 0x0000000088f00000, 0x0000000088f00000| Untracked 
| 144|0x0000000089000000, 0x00000000890bb8a8, 0x0000000089100000| 73%| S|CS|TAMS 0x0000000089000000, 0x0000000089000000| Complete 
| 145|0x0000000089100000, 0x0000000089200000, 0x0000000089200000|100%| S|CS|TAMS 0x0000000089100000, 0x0000000089100000| Complete 
| 146|0x0000000089200000, 0x0000000089300000, 0x0000000089300000|100%| S|CS|TAMS 0x0000000089200000, 0x0000000089200000| Complete 
| 147|0x0000000089300000, 0x0000000089400000, 0x0000000089400000|100%| S|CS|TAMS 0x0000000089300000, 0x0000000089300000| Complete 
| 148|0x0000000089400000, 0x0000000089500000, 0x0000000089500000|100%| S|CS|TAMS 0x0000000089400000, 0x0000000089400000| Complete 
| 149|0x0000000089500000, 0x0000000089600000, 0x0000000089600000|100%| S|CS|TAMS 0x0000000089500000, 0x0000000089500000| Complete 
| 150|0x0000000089600000, 0x0000000089700000, 0x0000000089700000|100%| S|CS|TAMS 0x0000000089600000, 0x0000000089600000| Complete 
| 151|0x0000000089700000, 0x0000000089700000, 0x0000000089800000|  0%| F|  |TAMS 0x0000000089700000, 0x0000000089700000| Untracked 
| 152|0x0000000089800000, 0x0000000089900000, 0x0000000089900000|100%| S|CS|TAMS 0x0000000089800000, 0x0000000089800000| Complete 
| 153|0x0000000089900000, 0x0000000089a00000, 0x0000000089a00000|100%| S|CS|TAMS 0x0000000089900000, 0x0000000089900000| Complete 
| 154|0x0000000089a00000, 0x0000000089a00000, 0x0000000089b00000|  0%| F|  |TAMS 0x0000000089a00000, 0x0000000089a00000| Untracked 
| 155|0x0000000089b00000, 0x0000000089b00000, 0x0000000089c00000|  0%| F|  |TAMS 0x0000000089b00000, 0x0000000089b00000| Untracked 
| 156|0x0000000089c00000, 0x0000000089c00000, 0x0000000089d00000|  0%| F|  |TAMS 0x0000000089c00000, 0x0000000089c00000| Untracked 
| 157|0x0000000089d00000, 0x0000000089d00000, 0x0000000089e00000|  0%| F|  |TAMS 0x0000000089d00000, 0x0000000089d00000| Untracked 
| 158|0x0000000089e00000, 0x0000000089e00000, 0x0000000089f00000|  0%| F|  |TAMS 0x0000000089e00000, 0x0000000089e00000| Untracked 
| 159|0x0000000089f00000, 0x0000000089f00000, 0x000000008a000000|  0%| F|  |TAMS 0x0000000089f00000, 0x0000000089f00000| Untracked 
| 160|0x000000008a000000, 0x000000008a000000, 0x000000008a100000|  0%| F|  |TAMS 0x000000008a000000, 0x000000008a000000| Untracked 
| 161|0x000000008a100000, 0x000000008a100000, 0x000000008a200000|  0%| F|  |TAMS 0x000000008a100000, 0x000000008a100000| Untracked 
| 162|0x000000008a200000, 0x000000008a200000, 0x000000008a300000|  0%| F|  |TAMS 0x000000008a200000, 0x000000008a200000| Untracked 
| 163|0x000000008a300000, 0x000000008a300000, 0x000000008a400000|  0%| F|  |TAMS 0x000000008a300000, 0x000000008a300000| Untracked 
| 164|0x000000008a400000, 0x000000008a400000, 0x000000008a500000|  0%| F|  |TAMS 0x000000008a400000, 0x000000008a400000| Untracked 
| 165|0x000000008a500000, 0x000000008a5cb1a8, 0x000000008a600000| 79%| E|  |TAMS 0x000000008a500000, 0x000000008a500000| Complete 
| 166|0x000000008a600000, 0x000000008a700000, 0x000000008a700000|100%| E|CS|TAMS 0x000000008a600000, 0x000000008a600000| Complete 
| 167|0x000000008a700000, 0x000000008a800000, 0x000000008a800000|100%| E|CS|TAMS 0x000000008a700000, 0x000000008a700000| Complete 
| 168|0x000000008a800000, 0x000000008a900000, 0x000000008a900000|100%| E|  |TAMS 0x000000008a800000, 0x000000008a800000| Complete 
| 169|0x000000008a900000, 0x000000008aa00000, 0x000000008aa00000|100%| E|CS|TAMS 0x000000008a900000, 0x000000008a900000| Complete 
| 170|0x000000008aa00000, 0x000000008ab00000, 0x000000008ab00000|100%| E|CS|TAMS 0x000000008aa00000, 0x000000008aa00000| Complete 
| 171|0x000000008ab00000, 0x000000008ac00000, 0x000000008ac00000|100%| E|CS|TAMS 0x000000008ab00000, 0x000000008ab00000| Complete 
| 172|0x000000008ac00000, 0x000000008ad00000, 0x000000008ad00000|100%| E|CS|TAMS 0x000000008ac00000, 0x000000008ac00000| Complete 
| 173|0x000000008ad00000, 0x000000008ae00000, 0x000000008ae00000|100%| E|CS|TAMS 0x000000008ad00000, 0x000000008ad00000| Complete 
| 174|0x000000008ae00000, 0x000000008af00000, 0x000000008af00000|100%| E|CS|TAMS 0x000000008ae00000, 0x000000008ae00000| Complete 
| 175|0x000000008af00000, 0x000000008b000000, 0x000000008b000000|100%| E|CS|TAMS 0x000000008af00000, 0x000000008af00000| Complete 
| 176|0x000000008b000000, 0x000000008b100000, 0x000000008b100000|100%| E|CS|TAMS 0x000000008b000000, 0x000000008b000000| Complete 
| 177|0x000000008b100000, 0x000000008b200000, 0x000000008b200000|100%| E|CS|TAMS 0x000000008b100000, 0x000000008b100000| Complete 
| 178|0x000000008b200000, 0x000000008b300000, 0x000000008b300000|100%| E|CS|TAMS 0x000000008b200000, 0x000000008b200000| Complete 
| 179|0x000000008b300000, 0x000000008b400000, 0x000000008b400000|100%| E|CS|TAMS 0x000000008b300000, 0x000000008b300000| Complete 
| 180|0x000000008b400000, 0x000000008b500000, 0x000000008b500000|100%| E|CS|TAMS 0x000000008b400000, 0x000000008b400000| Complete 
| 181|0x000000008b500000, 0x000000008b600000, 0x000000008b600000|100%| E|CS|TAMS 0x000000008b500000, 0x000000008b500000| Complete 
| 182|0x000000008b600000, 0x000000008b700000, 0x000000008b700000|100%| E|CS|TAMS 0x000000008b600000, 0x000000008b600000| Complete 
| 183|0x000000008b700000, 0x000000008b800000, 0x000000008b800000|100%| E|CS|TAMS 0x000000008b700000, 0x000000008b700000| Complete 
| 184|0x000000008b800000, 0x000000008b900000, 0x000000008b900000|100%| E|CS|TAMS 0x000000008b800000, 0x000000008b800000| Complete 
| 185|0x000000008b900000, 0x000000008ba00000, 0x000000008ba00000|100%| E|CS|TAMS 0x000000008b900000, 0x000000008b900000| Complete 
| 186|0x000000008ba00000, 0x000000008bb00000, 0x000000008bb00000|100%| E|CS|TAMS 0x000000008ba00000, 0x000000008ba00000| Complete 
| 187|0x000000008bb00000, 0x000000008bc00000, 0x000000008bc00000|100%| E|CS|TAMS 0x000000008bb00000, 0x000000008bb00000| Complete 
| 188|0x000000008bc00000, 0x000000008bd00000, 0x000000008bd00000|100%| E|CS|TAMS 0x000000008bc00000, 0x000000008bc00000| Complete 
| 189|0x000000008bd00000, 0x000000008be00000, 0x000000008be00000|100%| E|CS|TAMS 0x000000008bd00000, 0x000000008bd00000| Complete 
| 190|0x000000008be00000, 0x000000008bf00000, 0x000000008bf00000|100%| E|CS|TAMS 0x000000008be00000, 0x000000008be00000| Complete 
| 191|0x000000008bf00000, 0x000000008c000000, 0x000000008c000000|100%| E|CS|TAMS 0x000000008bf00000, 0x000000008bf00000| Complete 
| 192|0x000000008c000000, 0x000000008c100000, 0x000000008c100000|100%| E|CS|TAMS 0x000000008c000000, 0x000000008c000000| Complete 
| 193|0x000000008c100000, 0x000000008c200000, 0x000000008c200000|100%| E|CS|TAMS 0x000000008c100000, 0x000000008c100000| Complete 
| 194|0x000000008c200000, 0x000000008c300000, 0x000000008c300000|100%| E|CS|TAMS 0x000000008c200000, 0x000000008c200000| Complete 
| 195|0x000000008c300000, 0x000000008c400000, 0x000000008c400000|100%| E|CS|TAMS 0x000000008c300000, 0x000000008c300000| Complete 
| 196|0x000000008c400000, 0x000000008c500000, 0x000000008c500000|100%| E|CS|TAMS 0x000000008c400000, 0x000000008c400000| Complete 
| 197|0x000000008c500000, 0x000000008c600000, 0x000000008c600000|100%| E|CS|TAMS 0x000000008c500000, 0x000000008c500000| Complete 
| 198|0x000000008c600000, 0x000000008c700000, 0x000000008c700000|100%| E|CS|TAMS 0x000000008c600000, 0x000000008c600000| Complete 
| 199|0x000000008c700000, 0x000000008c800000, 0x000000008c800000|100%| E|CS|TAMS 0x000000008c700000, 0x000000008c700000| Complete 
| 200|0x000000008c800000, 0x000000008c900000, 0x000000008c900000|100%| E|CS|TAMS 0x000000008c800000, 0x000000008c800000| Complete 
| 201|0x000000008c900000, 0x000000008ca00000, 0x000000008ca00000|100%| E|CS|TAMS 0x000000008c900000, 0x000000008c900000| Complete 
| 202|0x000000008ca00000, 0x000000008cb00000, 0x000000008cb00000|100%| E|CS|TAMS 0x000000008ca00000, 0x000000008ca00000| Complete 
| 203|0x000000008cb00000, 0x000000008cc00000, 0x000000008cc00000|100%| E|CS|TAMS 0x000000008cb00000, 0x000000008cb00000| Complete 
| 204|0x000000008cc00000, 0x000000008cd00000, 0x000000008cd00000|100%| E|CS|TAMS 0x000000008cc00000, 0x000000008cc00000| Complete 
| 205|0x000000008cd00000, 0x000000008ce00000, 0x000000008ce00000|100%| E|CS|TAMS 0x000000008cd00000, 0x000000008cd00000| Complete 
| 206|0x000000008ce00000, 0x000000008cf00000, 0x000000008cf00000|100%| E|CS|TAMS 0x000000008ce00000, 0x000000008ce00000| Complete 
| 207|0x000000008cf00000, 0x000000008d000000, 0x000000008d000000|100%| E|CS|TAMS 0x000000008cf00000, 0x000000008cf00000| Complete 
| 208|0x000000008d000000, 0x000000008d100000, 0x000000008d100000|100%| E|CS|TAMS 0x000000008d000000, 0x000000008d000000| Complete 
| 209|0x000000008d100000, 0x000000008d200000, 0x000000008d200000|100%| E|CS|TAMS 0x000000008d100000, 0x000000008d100000| Complete 
| 210|0x000000008d200000, 0x000000008d300000, 0x000000008d300000|100%| E|CS|TAMS 0x000000008d200000, 0x000000008d200000| Complete 
| 211|0x000000008d300000, 0x000000008d400000, 0x000000008d400000|100%| E|CS|TAMS 0x000000008d300000, 0x000000008d300000| Complete 
| 212|0x000000008d400000, 0x000000008d500000, 0x000000008d500000|100%| E|CS|TAMS 0x000000008d400000, 0x000000008d400000| Complete 
| 213|0x000000008d500000, 0x000000008d600000, 0x000000008d600000|100%| E|CS|TAMS 0x000000008d500000, 0x000000008d500000| Complete 
| 214|0x000000008d600000, 0x000000008d700000, 0x000000008d700000|100%| E|CS|TAMS 0x000000008d600000, 0x000000008d600000| Complete 
| 215|0x000000008d700000, 0x000000008d800000, 0x000000008d800000|100%| E|CS|TAMS 0x000000008d700000, 0x000000008d700000| Complete 
| 216|0x000000008d800000, 0x000000008d900000, 0x000000008d900000|100%| E|CS|TAMS 0x000000008d800000, 0x000000008d800000| Complete 
| 217|0x000000008d900000, 0x000000008da00000, 0x000000008da00000|100%| E|CS|TAMS 0x000000008d900000, 0x000000008d900000| Complete 
| 218|0x000000008da00000, 0x000000008db00000, 0x000000008db00000|100%| E|CS|TAMS 0x000000008da00000, 0x000000008da00000| Complete 
| 219|0x000000008db00000, 0x000000008dc00000, 0x000000008dc00000|100%| E|CS|TAMS 0x000000008db00000, 0x000000008db00000| Complete 
| 220|0x000000008dc00000, 0x000000008dd00000, 0x000000008dd00000|100%| E|CS|TAMS 0x000000008dc00000, 0x000000008dc00000| Complete 
| 221|0x000000008dd00000, 0x000000008de00000, 0x000000008de00000|100%| E|CS|TAMS 0x000000008dd00000, 0x000000008dd00000| Complete 
| 222|0x000000008de00000, 0x000000008df00000, 0x000000008df00000|100%| E|CS|TAMS 0x000000008de00000, 0x000000008de00000| Complete 
| 223|0x000000008df00000, 0x000000008e000000, 0x000000008e000000|100%| E|CS|TAMS 0x000000008df00000, 0x000000008df00000| Complete 
| 224|0x000000008e000000, 0x000000008e100000, 0x000000008e100000|100%| E|CS|TAMS 0x000000008e000000, 0x000000008e000000| Complete 
| 225|0x000000008e100000, 0x000000008e200000, 0x000000008e200000|100%| E|CS|TAMS 0x000000008e100000, 0x000000008e100000| Complete 
| 226|0x000000008e200000, 0x000000008e300000, 0x000000008e300000|100%| E|CS|TAMS 0x000000008e200000, 0x000000008e200000| Complete 
| 227|0x000000008e300000, 0x000000008e400000, 0x000000008e400000|100%| E|CS|TAMS 0x000000008e300000, 0x000000008e300000| Complete 
| 228|0x000000008e400000, 0x000000008e500000, 0x000000008e500000|100%| E|CS|TAMS 0x000000008e400000, 0x000000008e400000| Complete 
| 229|0x000000008e500000, 0x000000008e600000, 0x000000008e600000|100%| E|CS|TAMS 0x000000008e500000, 0x000000008e500000| Complete 
| 230|0x000000008e600000, 0x000000008e700000, 0x000000008e700000|100%| E|CS|TAMS 0x000000008e600000, 0x000000008e600000| Complete 
| 231|0x000000008e700000, 0x000000008e800000, 0x000000008e800000|100%| E|CS|TAMS 0x000000008e700000, 0x000000008e700000| Complete 
| 232|0x000000008e800000, 0x000000008e900000, 0x000000008e900000|100%| E|CS|TAMS 0x000000008e800000, 0x000000008e800000| Complete 
| 233|0x000000008e900000, 0x000000008ea00000, 0x000000008ea00000|100%| E|CS|TAMS 0x000000008e900000, 0x000000008e900000| Complete 
| 234|0x000000008ea00000, 0x000000008eb00000, 0x000000008eb00000|100%| E|CS|TAMS 0x000000008ea00000, 0x000000008ea00000| Complete 
| 235|0x000000008eb00000, 0x000000008ec00000, 0x000000008ec00000|100%| E|CS|TAMS 0x000000008eb00000, 0x000000008eb00000| Complete 
| 236|0x000000008ec00000, 0x000000008ed00000, 0x000000008ed00000|100%| E|CS|TAMS 0x000000008ec00000, 0x000000008ec00000| Complete 
| 237|0x000000008ed00000, 0x000000008ee00000, 0x000000008ee00000|100%| E|CS|TAMS 0x000000008ed00000, 0x000000008ed00000| Complete 
| 238|0x000000008ee00000, 0x000000008ef00000, 0x000000008ef00000|100%| E|CS|TAMS 0x000000008ee00000, 0x000000008ee00000| Complete 
| 239|0x000000008ef00000, 0x000000008f000000, 0x000000008f000000|100%| E|CS|TAMS 0x000000008ef00000, 0x000000008ef00000| Complete 
| 240|0x000000008f000000, 0x000000008f100000, 0x000000008f100000|100%| E|CS|TAMS 0x000000008f000000, 0x000000008f000000| Complete 
| 241|0x000000008f100000, 0x000000008f200000, 0x000000008f200000|100%| E|CS|TAMS 0x000000008f100000, 0x000000008f100000| Complete 
| 242|0x000000008f200000, 0x000000008f300000, 0x000000008f300000|100%| E|CS|TAMS 0x000000008f200000, 0x000000008f200000| Complete 
| 243|0x000000008f300000, 0x000000008f400000, 0x000000008f400000|100%| E|CS|TAMS 0x000000008f300000, 0x000000008f300000| Complete 
| 244|0x000000008f400000, 0x000000008f500000, 0x000000008f500000|100%| E|CS|TAMS 0x000000008f400000, 0x000000008f400000| Complete 
| 245|0x000000008f500000, 0x000000008f600000, 0x000000008f600000|100%| E|CS|TAMS 0x000000008f500000, 0x000000008f500000| Complete 
| 246|0x000000008f600000, 0x000000008f700000, 0x000000008f700000|100%| E|CS|TAMS 0x000000008f600000, 0x000000008f600000| Complete 
| 247|0x000000008f700000, 0x000000008f800000, 0x000000008f800000|100%| E|CS|TAMS 0x000000008f700000, 0x000000008f700000| Complete 
| 248|0x000000008f800000, 0x000000008f900000, 0x000000008f900000|100%| E|CS|TAMS 0x000000008f800000, 0x000000008f800000| Complete 
| 249|0x000000008f900000, 0x000000008fa00000, 0x000000008fa00000|100%| E|CS|TAMS 0x000000008f900000, 0x000000008f900000| Complete 
| 250|0x000000008fa00000, 0x000000008fb00000, 0x000000008fb00000|100%| E|CS|TAMS 0x000000008fa00000, 0x000000008fa00000| Complete 
| 251|0x000000008fb00000, 0x000000008fc00000, 0x000000008fc00000|100%| E|CS|TAMS 0x000000008fb00000, 0x000000008fb00000| Complete 
| 252|0x000000008fc00000, 0x000000008fd00000, 0x000000008fd00000|100%| E|CS|TAMS 0x000000008fc00000, 0x000000008fc00000| Complete 
| 253|0x000000008fd00000, 0x000000008fe00000, 0x000000008fe00000|100%| E|CS|TAMS 0x000000008fd00000, 0x000000008fd00000| Complete 

Card table byte_map: [0x000001a3b3ce0000,0x000001a3b40e0000] _byte_map_base: 0x000001a3b38e0000

Marking Bits (Prev, Next): (CMBitMap*) 0x000001a3a03cf1d8, (CMBitMap*) 0x000001a3a03cf210
 Prev Bits: [0x000001a3b44e0000, 0x000001a3b64e0000)
 Next Bits: [0x000001a3b64e0000, 0x000001a3b84e0000)

Polling page: 0x000001a39eb20000

Metaspace:

Usage:
  Non-class:     87.77 MB capacity,    86.18 MB ( 98%) used,     1.31 MB (  1%) free+waste,   281.69 KB ( <1%) overhead. 
      Class:     13.18 MB capacity,    12.31 MB ( 93%) used,   770.74 KB (  6%) free+waste,   125.25 KB ( <1%) overhead. 
       Both:    100.96 MB capacity,    98.49 MB ( 98%) used,     2.07 MB (  2%) free+waste,   406.94 KB ( <1%) overhead. 

Virtual space:
  Non-class space:       88.00 MB reserved,      88.00 MB (100%) committed 
      Class space:        1.00 GB reserved,      13.25 MB (  1%) committed 
             Both:        1.09 GB reserved,     101.25 MB (  9%) committed 

Chunk freelists:
   Non-Class:  40.00 KB
       Class:  3.00 KB
        Both:  43.00 KB

MaxMetaspaceSize: 17179869184.00 GB
CompressedClassSpaceSize: 1.00 GB

CodeHeap 'non-profiled nmethods': size=120000Kb used=8419Kb max_used=8419Kb free=111580Kb
 bounds [0x000001a3ab950000, 0x000001a3ac190000, 0x000001a3b2e80000]
CodeHeap 'profiled nmethods': size=120000Kb used=30047Kb max_used=30047Kb free=89952Kb
 bounds [0x000001a3a4420000, 0x000001a3a6180000, 0x000001a3ab950000]
CodeHeap 'non-nmethods': size=5760Kb used=2305Kb max_used=2371Kb free=3454Kb
 bounds [0x000001a3a3e80000, 0x000001a3a40f0000, 0x000001a3a4420000]
 total_blobs=14882 nmethods=13967 adapters=826
 compilation: enabled
              stopped_count=0, restarted_count=0
 full_count=0

Compilation events (20 events):
Event: 37.390 Thread 0x000001a3bb898000 nmethod 14119 0x000001a3a6168c10 code [0x000001a3a6168de0, 0x000001a3a6168fe8]
Event: 37.390 Thread 0x000001a3bb898000 14115       3       com.android.tools.r8.BaseCommand$Builder$$Lambda$1151/0x0000000100cfb840::<init> (20 bytes)
Event: 37.390 Thread 0x000001a3bb898000 nmethod 14115 0x000001a3a6169110 code [0x000001a3a61692c0, 0x000001a3a6169538]
Event: 37.390 Thread 0x000001a3bb898000 14120       3       com.android.tools.r8.utils.c$b::a (17 bytes)
Event: 37.390 Thread 0x000001a3bf510000 14121       4       sun.nio.fs.WindowsFileAttributes::<init> (57 bytes)
Event: 37.391 Thread 0x000001a3bb898000 nmethod 14120 0x000001a3a6169610 code [0x000001a3a6169820, 0x000001a3a6169dd8]
Event: 37.391 Thread 0x000001a3bf510000 nmethod 14121 0x000001a3ac174b90 code [0x000001a3ac174d20, 0x000001a3ac174db8]
Event: 37.391 Thread 0x000001a3bf510000 14122       4       sun.nio.fs.WindowsPath::getFileName (87 bytes)
Event: 37.397 Thread 0x000001a3bb898000 14123       3       org.gradle.internal.logging.serializer.ProgressStartEventSerializer::write (10 bytes)
Event: 37.397 Thread 0x000001a3bb898000 nmethod 14123 0x000001a3a616a010 code [0x000001a3a616a1e0, 0x000001a3a616a408]
Event: 37.397 Thread 0x000001a3bb898000 14125       3       org.gradle.internal.logging.serializer.ProgressStartEventSerializer::write (383 bytes)
Event: 37.401 Thread 0x000001a3bb898000 nmethod 14125 0x000001a3a616a510 code [0x000001a3a616a8e0, 0x000001a3a616c588]
Event: 37.401 Thread 0x000001a3bb898000 14126       3       org.gradle.internal.operations.OperationIdentifier::equals (47 bytes)
Event: 37.402 Thread 0x000001a3bb898000 nmethod 14126 0x000001a3a616ce10 code [0x000001a3a616cfe0, 0x000001a3a616d358]
Event: 37.407 Thread 0x000001a3bb898000 14128       3       java.util.zip.ZipFile$CleanableResource::clean (10 bytes)
Event: 37.407 Thread 0x000001a3bb898000 nmethod 14128 0x000001a3a616d490 code [0x000001a3a616d640, 0x000001a3a616d808]
Event: 37.411 Thread 0x000001a3bb898000 14130   !   3       java.util.concurrent.ConcurrentHashMap::putVal (432 bytes)
Event: 37.414 Thread 0x000001a3bb897000 nmethod 13449% 0x000001a3ac174e10 code [0x000001a3ac175780, 0x000001a3ac1801e0]
Event: 37.414 Thread 0x000001a3bb897000 14127       4       sun.nio.fs.NativeBuffers::getNativeBufferFromCache (51 bytes)
Event: 37.414 Thread 0x000001a3bb898000 nmethod 14130 0x000001a3a616d910 code [0x000001a3a616dca0, 0x000001a3a616fdd8]

GC Heap History (20 events):
Event: 8.691 GC heap before
{Heap before GC invocations=7 (full 0):
 garbage-first heap   total 260096K, used 168731K [0x0000000080000000, 0x0000000100000000)
  region size 1024K, 141 young (144384K), 12 survivors (12288K)
 Metaspace       used 55807K, capacity 57264K, committed 57600K, reserved 1099776K
  class space    used 7069K, capacity 7583K, committed 7680K, reserved 1048576K
}
Event: 8.711 GC heap after
{Heap after GC invocations=8 (full 0):
 garbage-first heap   total 260096K, used 48144K [0x0000000080000000, 0x0000000100000000)
  region size 1024K, 18 young (18432K), 18 survivors (18432K)
 Metaspace       used 55807K, capacity 57264K, committed 57600K, reserved 1099776K
  class space    used 7069K, capacity 7583K, committed 7680K, reserved 1048576K
}
Event: 9.050 GC heap before
{Heap before GC invocations=8 (full 0):
 garbage-first heap   total 260096K, used 64528K [0x0000000080000000, 0x0000000100000000)
  region size 1024K, 35 young (35840K), 18 survivors (18432K)
 Metaspace       used 58606K, capacity 60038K, committed 60160K, reserved 1101824K
  class space    used 7442K, capacity 7998K, committed 8064K, reserved 1048576K
}
Event: 9.080 GC heap after
{Heap after GC invocations=9 (full 0):
 garbage-first heap   total 260096K, used 50611K [0x0000000080000000, 0x0000000100000000)
  region size 1024K, 3 young (3072K), 3 survivors (3072K)
 Metaspace       used 58606K, capacity 60038K, committed 60160K, reserved 1101824K
  class space    used 7442K, capacity 7998K, committed 8064K, reserved 1048576K
}
Event: 10.900 GC heap before
{Heap before GC invocations=10 (full 0):
 garbage-first heap   total 260096K, used 169395K [0x0000000080000000, 0x0000000100000000)
  region size 1024K, 119 young (121856K), 3 survivors (3072K)
 Metaspace       used 67560K, capacity 69072K, committed 69120K, reserved 1110016K
  class space    used 8616K, capacity 9178K, committed 9216K, reserved 1048576K
}
Event: 10.923 GC heap after
{Heap after GC invocations=11 (full 0):
 garbage-first heap   total 260096K, used 58109K [0x0000000080000000, 0x0000000100000000)
  region size 1024K, 11 young (11264K), 11 survivors (11264K)
 Metaspace       used 67560K, capacity 69072K, committed 69120K, reserved 1110016K
  class space    used 8616K, capacity 9178K, committed 9216K, reserved 1048576K
}
Event: 28.482 GC heap before
{Heap before GC invocations=12 (full 0):
 garbage-first heap   total 260096K, used 177917K [0x0000000080000000, 0x0000000100000000)
  region size 1024K, 128 young (131072K), 11 survivors (11264K)
 Metaspace       used 77223K, capacity 79074K, committed 79232K, reserved 1118208K
  class space    used 10061K, capacity 10757K, committed 10880K, reserved 1048576K
}
Event: 28.500 GC heap after
{Heap after GC invocations=13 (full 0):
 garbage-first heap   total 260096K, used 66364K [0x0000000080000000, 0x0000000100000000)
  region size 1024K, 9 young (9216K), 9 survivors (9216K)
 Metaspace       used 77223K, capacity 79074K, committed 79232K, reserved 1118208K
  class space    used 10061K, capacity 10757K, committed 10880K, reserved 1048576K
}
Event: 30.556 GC heap before
{Heap before GC invocations=13 (full 0):
 garbage-first heap   total 260096K, used 185148K [0x0000000080000000, 0x0000000100000000)
  region size 1024K, 126 young (129024K), 9 survivors (9216K)
 Metaspace       used 84402K, capacity 86524K, committed 86784K, reserved 1124352K
  class space    used 10929K, capacity 11712K, committed 11776K, reserved 1048576K
}
Event: 30.572 GC heap after
{Heap after GC invocations=14 (full 0):
 garbage-first heap   total 260096K, used 74747K [0x0000000080000000, 0x0000000100000000)
  region size 1024K, 16 young (16384K), 16 survivors (16384K)
 Metaspace       used 84402K, capacity 86524K, committed 86784K, reserved 1124352K
  class space    used 10929K, capacity 11712K, committed 11776K, reserved 1048576K
}
Event: 32.812 GC heap before
{Heap before GC invocations=14 (full 0):
 garbage-first heap   total 260096K, used 203771K [0x0000000080000000, 0x0000000100000000)
  region size 1024K, 132 young (135168K), 16 survivors (16384K)
 Metaspace       used 86568K, capacity 88863K, committed 89088K, reserved 1126400K
  class space    used 11130K, capacity 11953K, committed 12032K, reserved 1048576K
}
Event: 32.861 GC heap after
{Heap after GC invocations=15 (full 0):
 garbage-first heap   total 260096K, used 99018K [0x0000000080000000, 0x0000000100000000)
  region size 1024K, 17 young (17408K), 17 survivors (17408K)
 Metaspace       used 86568K, capacity 88863K, committed 89088K, reserved 1126400K
  class space    used 11130K, capacity 11953K, committed 12032K, reserved 1048576K
}
Event: 34.205 GC heap before
{Heap before GC invocations=15 (full 0):
 garbage-first heap   total 260096K, used 205514K [0x0000000080000000, 0x0000000100000000)
  region size 1024K, 107 young (109568K), 17 survivors (17408K)
 Metaspace       used 89127K, capacity 91409K, committed 91648K, reserved 1128448K
  class space    used 11428K, capacity 12234K, committed 12288K, reserved 1048576K
}
Event: 34.228 GC heap after
{Heap after GC invocations=16 (full 0):
 garbage-first heap   total 260096K, used 103225K [0x0000000080000000, 0x0000000100000000)
  region size 1024K, 3 young (3072K), 3 survivors (3072K)
 Metaspace       used 89127K, capacity 91409K, committed 91648K, reserved 1128448K
  class space    used 11428K, capacity 12234K, committed 12288K, reserved 1048576K
}
Event: 35.067 GC heap before
{Heap before GC invocations=16 (full 0):
 garbage-first heap   total 260096K, used 196409K [0x0000000080000000, 0x0000000100000000)
  region size 1024K, 95 young (97280K), 3 survivors (3072K)
 Metaspace       used 93529K, capacity 95857K, committed 96128K, reserved 1132544K
  class space    used 11756K, capacity 12592K, committed 12672K, reserved 1048576K
}
Event: 35.077 GC heap after
{Heap after GC invocations=17 (full 0):
 garbage-first heap   total 260096K, used 106423K [0x0000000080000000, 0x0000000100000000)
  region size 1024K, 7 young (7168K), 7 survivors (7168K)
 Metaspace       used 93529K, capacity 95857K, committed 96128K, reserved 1132544K
  class space    used 11756K, capacity 12592K, committed 12672K, reserved 1048576K
}
Event: 36.038 GC heap before
{Heap before GC invocations=17 (full 0):
 garbage-first heap   total 260096K, used 199607K [0x0000000080000000, 0x0000000100000000)
  region size 1024K, 99 young (101376K), 7 survivors (7168K)
 Metaspace       used 96643K, capacity 98897K, committed 99072K, reserved 1134592K
  class space    used 12118K, capacity 12961K, committed 13056K, reserved 1048576K
}
Event: 36.044 GC heap after
{Heap after GC invocations=18 (full 0):
 garbage-first heap   total 260096K, used 103493K [0x0000000080000000, 0x0000000100000000)
  region size 1024K, 4 young (4096K), 4 survivors (4096K)
 Metaspace       used 96643K, capacity 98897K, committed 99072K, reserved 1134592K
  class space    used 12118K, capacity 12961K, committed 13056K, reserved 1048576K
}
Event: 37.224 GC heap before
{Heap before GC invocations=18 (full 0):
 garbage-first heap   total 260096K, used 205893K [0x0000000080000000, 0x0000000100000000)
  region size 1024K, 101 young (103424K), 4 survivors (4096K)
 Metaspace       used 99733K, capacity 102167K, committed 102272K, reserved 1138688K
  class space    used 12462K, capacity 13354K, committed 13440K, reserved 1048576K
}
Event: 37.236 GC heap after
{Heap after GC invocations=19 (full 0):
 garbage-first heap   total 260096K, used 111143K [0x0000000080000000, 0x0000000100000000)
  region size 1024K, 9 young (9216K), 9 survivors (9216K)
 Metaspace       used 99733K, capacity 102167K, committed 102272K, reserved 1138688K
  class space    used 12462K, capacity 13354K, committed 13440K, reserved 1048576K
}

Deoptimization events (20 events):
Event: 37.405 Thread 0x000001a3bf1bb000 Uncommon trap: trap_request=0xffffffde fr.pc=0x000001a3abbba754 relative=0x0000000000000514
Event: 37.405 Thread 0x000001a3bf1bb000 Uncommon trap: reason=class_check action=maybe_recompile pc=0x000001a3abbba754 method=java.lang.Throwable.<init>(Ljava/lang/String;Ljava/lang/Throwable;)V @ 24 c2
Event: 37.405 Thread 0x000001a3bf1bb000 DEOPT PACKING pc=0x000001a3abbba754 sp=0x0000009b022fade0
Event: 37.405 Thread 0x000001a3bf1bb000 DEOPT UNPACKING pc=0x000001a3a3ea78af sp=0x0000009b022fada8 mode 2
Event: 37.406 Thread 0x000001a3bf1bb000 Uncommon trap: trap_request=0xffffff4d fr.pc=0x000001a3abaf5b14 relative=0x00000000000009b4
Event: 37.406 Thread 0x000001a3bf1bb000 Uncommon trap: reason=unstable_if action=reinterpret pc=0x000001a3abaf5b14 method=java.util.zip.ZipFile$CleanableResource.releaseInflater(Ljava/util/zip/Inflater;)V @ 6 c2
Event: 37.406 Thread 0x000001a3bf1bb000 DEOPT PACKING pc=0x000001a3abaf5b14 sp=0x0000009b022facf0
Event: 37.406 Thread 0x000001a3bf1bb000 DEOPT UNPACKING pc=0x000001a3a3ea78af sp=0x0000009b022fac68 mode 2
Event: 37.408 Thread 0x000001a3bc12c800 Uncommon trap: trap_request=0xffffff4d fr.pc=0x000001a3abe9d9dc relative=0x000000000000185c
Event: 37.408 Thread 0x000001a3bc12c800 Uncommon trap: reason=unstable_if action=reinterpret pc=0x000001a3abe9d9dc method=java.util.concurrent.ConcurrentHashMap.putVal(Ljava/lang/Object;Ljava/lang/Object;Z)Ljava/lang/Object; @ 162 c2
Event: 37.408 Thread 0x000001a3bc12c800 DEOPT PACKING pc=0x000001a3abe9d9dc sp=0x0000009b019f5f40
Event: 37.408 Thread 0x000001a3bc12c800 DEOPT UNPACKING pc=0x000001a3a3ea78af sp=0x0000009b019f5ef8 mode 2
Event: 37.408 Thread 0x000001a3bc12c800 Uncommon trap: trap_request=0xffffff4d fr.pc=0x000001a3abe96d54 relative=0x0000000000000174
Event: 37.408 Thread 0x000001a3bc12c800 Uncommon trap: reason=unstable_if action=reinterpret pc=0x000001a3abe96d54 method=com.google.common.collect.MapMakerInternalMap$Segment.getEntry(Ljava/lang/Object;I)Lcom/google/common/collect/MapMakerInternalMap$InternalEntry; @ 63 c2
Event: 37.408 Thread 0x000001a3bc12c800 DEOPT PACKING pc=0x000001a3abe96d54 sp=0x0000009b019f5e20
Event: 37.408 Thread 0x000001a3bc12c800 DEOPT UNPACKING pc=0x000001a3a3ea78af sp=0x0000009b019f5dd8 mode 2
Event: 37.411 Thread 0x000001a3bf1bb000 Uncommon trap: trap_request=0xffffffde fr.pc=0x000001a3abbba754 relative=0x0000000000000514
Event: 37.411 Thread 0x000001a3bf1bb000 Uncommon trap: reason=class_check action=maybe_recompile pc=0x000001a3abbba754 method=java.lang.Throwable.<init>(Ljava/lang/String;Ljava/lang/Throwable;)V @ 24 c2
Event: 37.411 Thread 0x000001a3bf1bb000 DEOPT PACKING pc=0x000001a3abbba754 sp=0x0000009b022fdd60
Event: 37.411 Thread 0x000001a3bf1bb000 DEOPT UNPACKING pc=0x000001a3a3ea78af sp=0x0000009b022fdd28 mode 2

Classes redefined (0 events):
No events

Internal exceptions (20 events):
Event: 35.256 Thread 0x000001a3bcf9a800 Exception <a 'sun/nio/fs/WindowsException'{0x000000008ec69718}> (0x000000008ec69718) thrown at [./src/hotspot/share/prims/jni.cpp, line 615]
Event: 35.257 Thread 0x000001a3bcf9a800 Exception <a 'sun/nio/fs/WindowsException'{0x000000008ec6a610}> (0x000000008ec6a610) thrown at [./src/hotspot/share/prims/jni.cpp, line 615]
Event: 35.257 Thread 0x000001a3bcf9a800 Exception <a 'sun/nio/fs/WindowsException'{0x000000008ec6a970}> (0x000000008ec6a970) thrown at [./src/hotspot/share/prims/jni.cpp, line 615]
Event: 35.257 Thread 0x000001a3bcf9a800 Exception <a 'sun/nio/fs/WindowsException'{0x000000008ec6b830}> (0x000000008ec6b830) thrown at [./src/hotspot/share/prims/jni.cpp, line 615]
Event: 35.257 Thread 0x000001a3bcf9a800 Exception <a 'sun/nio/fs/WindowsException'{0x000000008ec6bb58}> (0x000000008ec6bb58) thrown at [./src/hotspot/share/prims/jni.cpp, line 615]
Event: 35.257 Thread 0x000001a3bcf9a800 Exception <a 'sun/nio/fs/WindowsException'{0x000000008ec6ca00}> (0x000000008ec6ca00) thrown at [./src/hotspot/share/prims/jni.cpp, line 615]
Event: 35.335 Thread 0x000001a3bcf9a800 Implicit null exception at 0x000001a3abf845df to 0x000001a3abf84728
Event: 35.348 Thread 0x000001a3bcd6d000 Implicit null exception at 0x000001a3ac08206f to 0x000001a3ac082ab8
Event: 35.348 Thread 0x000001a3bcd6d000 Implicit null exception at 0x000001a3ac08206f to 0x000001a3ac082ab8
Event: 35.349 Thread 0x000001a3bcd6d000 Implicit null exception at 0x000001a3ac08206f to 0x000001a3ac082ab8
Event: 35.349 Thread 0x000001a3bcd6d000 Implicit null exception at 0x000001a3ac08206f to 0x000001a3ac082ab8
Event: 36.709 Thread 0x000001a3be6b0800 Exception <a 'sun/nio/fs/WindowsException'{0x000000008eedb5c8}> (0x000000008eedb5c8) thrown at [./src/hotspot/share/prims/jni.cpp, line 615]
Event: 36.709 Thread 0x000001a3be6b0800 Exception <a 'sun/nio/fs/WindowsException'{0x000000008eedcca0}> (0x000000008eedcca0) thrown at [./src/hotspot/share/prims/jni.cpp, line 615]
Event: 36.719 Thread 0x000001a3bcd6b000 Exception <a 'sun/nio/fs/WindowsException'{0x000000008d5a0d88}> (0x000000008d5a0d88) thrown at [./src/hotspot/share/prims/jni.cpp, line 615]
Event: 37.381 Thread 0x000001a3bc12c800 Exception <a 'sun/nio/fs/WindowsException'{0x000000008c2571d0}> (0x000000008c2571d0) thrown at [./src/hotspot/share/prims/jni.cpp, line 615]
Event: 37.384 Thread 0x000001a3bc12d800 Exception <a 'sun/nio/fs/WindowsException'{0x000000008ccac258}> (0x000000008ccac258) thrown at [./src/hotspot/share/prims/jni.cpp, line 615]
Event: 37.384 Thread 0x000001a3bf1bb800 Exception <a 'sun/nio/fs/WindowsException'{0x000000008c4f33e8}> (0x000000008c4f33e8) thrown at [./src/hotspot/share/prims/jni.cpp, line 615]
Event: 37.391 Thread 0x000001a3bc12e800 Exception <a 'sun/nio/fs/WindowsException'{0x000000008be53d30}> (0x000000008be53d30) thrown at [./src/hotspot/share/prims/jni.cpp, line 615]
Event: 37.405 Thread 0x000001a3bf1bb000 Exception <a 'java/lang/OutOfMemoryError'{0x000000008ba5e820}> (0x000000008ba5e820) thrown at [./src/hotspot/share/prims/jni.cpp, line 636]
Event: 37.406 Thread 0x000001a3bf1bb000 Implicit null exception at 0x000001a3abaf519b to 0x000001a3abaf5afc

Events (20 events):
Event: 37.408 loading class com/android/tools/r8/internal/dG
Event: 37.408 loading class com/android/tools/r8/internal/dG done
Event: 37.409 loading class org/gradle/internal/execution/history/changes/ChangeDetectorVisitor
Event: 37.409 loading class org/gradle/internal/execution/history/changes/ChangeDetectorVisitor done
Event: 37.409 loading class com/android/tools/r8/internal/f7
Event: 37.409 loading class com/android/tools/r8/internal/f7 done
Event: 37.410 loading class com/android/tools/r8/internal/X2
Event: 37.410 loading class com/android/tools/r8/internal/X2 done
Event: 37.411 loading class com/android/tools/r8/internal/dv
Event: 37.411 loading class com/android/tools/r8/internal/dv done
Event: 37.411 loading class com/android/tools/r8/internal/D1
Event: 37.411 loading class com/android/tools/r8/internal/D1 done
Event: 37.414 loading class com/android/tools/r8/internal/f8
Event: 37.414 loading class com/android/tools/r8/internal/f8 done
Event: 37.415 loading class com/android/tools/r8/internal/l8
Event: 37.415 loading class com/android/tools/r8/internal/l8 done
Event: 37.415 loading class com/android/tools/r8/internal/i8
Event: 37.415 loading class com/android/tools/r8/internal/i8 done
Event: 37.416 loading class com/android/tools/r8/internal/j8
Event: 37.416 loading class com/android/tools/r8/internal/j8 done


Dynamic libraries:
0x00007ff75d990000 - 0x00007ff75d99a000 	C:\Program Files\Android\Android Studio\jre\bin\java.exe
0x00007fffa3670000 - 0x00007fffa3865000 	C:\WINDOWS\SYSTEM32\ntdll.dll
0x00007fffa30b0000 - 0x00007fffa316d000 	C:\WINDOWS\System32\KERNEL32.DLL
0x00007fffa1170000 - 0x00007fffa1438000 	C:\WINDOWS\System32\KERNELBASE.dll
0x00007fffa1070000 - 0x00007fffa1170000 	C:\WINDOWS\System32\ucrtbase.dll
0x00007fff879a0000 - 0x00007fff879b9000 	C:\Program Files\Android\Android Studio\jre\bin\jli.dll
0x00007fff9c5e0000 - 0x00007fff9c5f7000 	C:\Program Files\Android\Android Studio\jre\bin\VCRUNTIME140.dll
0x00007fffa2dc0000 - 0x00007fffa2f60000 	C:\WINDOWS\System32\USER32.dll
0x00007fffa0fc0000 - 0x00007fffa0fe2000 	C:\WINDOWS\System32\win32u.dll
0x00007fff812c0000 - 0x00007fff8155a000 	C:\WINDOWS\WinSxS\amd64_microsoft.windows.common-controls_6595b64144ccf1df_6.0.19041.844_none_ca00b6081b84eb1d\COMCTL32.dll
0x00007fffa31a0000 - 0x00007fffa31ca000 	C:\WINDOWS\System32\GDI32.dll
0x00007fffa2cb0000 - 0x00007fffa2d4e000 	C:\WINDOWS\System32\msvcrt.dll
0x00007fffa0e10000 - 0x00007fffa0f1b000 	C:\WINDOWS\System32\gdi32full.dll
0x00007fffa0f20000 - 0x00007fffa0fbd000 	C:\WINDOWS\System32\msvcp_win.dll
0x00007fffa3170000 - 0x00007fffa31a0000 	C:\WINDOWS\System32\IMM32.DLL
0x00007fff87860000 - 0x00007fff878fd000 	C:\Program Files\Android\Android Studio\jre\bin\msvcp140.dll
0x00007fff5a260000 - 0x00007fff5ad2f000 	C:\Program Files\Android\Android Studio\jre\bin\server\jvm.dll
0x00007fffa20d0000 - 0x00007fffa217c000 	C:\WINDOWS\System32\ADVAPI32.dll
0x00007fffa1cb0000 - 0x00007fffa1d4b000 	C:\WINDOWS\System32\sechost.dll
0x00007fffa1e60000 - 0x00007fffa1f8b000 	C:\WINDOWS\System32\RPCRT4.dll
0x00007fffa3510000 - 0x00007fffa3518000 	C:\WINDOWS\System32\PSAPI.DLL
0x00007fff829b0000 - 0x00007fff829b9000 	C:\WINDOWS\SYSTEM32\WSOCK32.dll
0x00007fff86a90000 - 0x00007fff86ab7000 	C:\WINDOWS\SYSTEM32\WINMM.dll
0x00007fff99630000 - 0x00007fff9963a000 	C:\WINDOWS\SYSTEM32\VERSION.dll
0x00007fffa2d50000 - 0x00007fffa2dbb000 	C:\WINDOWS\System32\WS2_32.dll
0x00007fff9f680000 - 0x00007fff9f692000 	C:\WINDOWS\SYSTEM32\kernel.appcore.dll
0x00007fff7f510000 - 0x00007fff7f521000 	C:\Program Files\Android\Android Studio\jre\bin\verify.dll
0x00007fff9ea80000 - 0x00007fff9ec64000 	C:\WINDOWS\SYSTEM32\DBGHELP.DLL
0x00007fff89070000 - 0x00007fff8909c000 	C:\WINDOWS\SYSTEM32\dbgcore.DLL
0x00007fffa1440000 - 0x00007fffa14c0000 	C:\WINDOWS\System32\bcryptPrimitives.dll
0x00007fff7e880000 - 0x00007fff7e8a9000 	C:\Program Files\Android\Android Studio\jre\bin\java.dll
0x00007fff7f500000 - 0x00007fff7f50b000 	C:\Program Files\Android\Android Studio\jre\bin\jimage.dll
0x00007fff7e400000 - 0x00007fff7e418000 	C:\Program Files\Android\Android Studio\jre\bin\zip.dll
0x00007fffa2560000 - 0x00007fffa2ca2000 	C:\WINDOWS\System32\SHELL32.dll
0x00007fff9eed0000 - 0x00007fff9f661000 	C:\WINDOWS\SYSTEM32\windows.storage.dll
0x00007fffa2180000 - 0x00007fffa24d5000 	C:\WINDOWS\System32\combase.dll
0x00007fffa0820000 - 0x00007fffa084c000 	C:\WINDOWS\SYSTEM32\Wldp.dll
0x00007fffa3580000 - 0x00007fffa362e000 	C:\WINDOWS\System32\SHCORE.dll
0x00007fffa3520000 - 0x00007fffa3575000 	C:\WINDOWS\System32\shlwapi.dll
0x00007fffa0cf0000 - 0x00007fffa0d0f000 	C:\WINDOWS\SYSTEM32\profapi.dll
0x00007fff7e3e0000 - 0x00007fff7e3fa000 	C:\Program Files\Android\Android Studio\jre\bin\net.dll
0x00007fff9b680000 - 0x00007fff9b78b000 	C:\WINDOWS\SYSTEM32\WINHTTP.dll
0x00007fffa0590000 - 0x00007fffa05fa000 	C:\WINDOWS\system32\mswsock.dll
0x00007fff7de10000 - 0x00007fff7de24000 	C:\Program Files\Android\Android Studio\jre\bin\nio.dll
0x00007fff9b030000 - 0x00007fff9b057000 	C:\Users\enzo.tazarine\.gradle\native\8bec1ad78214c89d9ad589b4d07fe93259594b29d510b10fafb7a158f7737e5d\windows-amd64\native-platform.dll
0x00007fff99170000 - 0x00007fff992ad000 	C:\Users\enzo.tazarine\.gradle\native\53dbd7edfb1c66fb8903c78663c9afc45aea4f116125fa6feffd364cf09443e8\windows-amd64\native-platform-file-events.dll
0x00007fff7f4f0000 - 0x00007fff7f4fa000 	C:\Program Files\Android\Android Studio\jre\bin\management.dll
0x00007fff7de00000 - 0x00007fff7de0c000 	C:\Program Files\Android\Android Studio\jre\bin\management_ext.dll
0x00007fffa0760000 - 0x00007fffa0778000 	C:\WINDOWS\SYSTEM32\CRYPTSP.dll
0x00007fff9fec0000 - 0x00007fff9fef4000 	C:\WINDOWS\system32\rsaenh.dll
0x00007fffa1040000 - 0x00007fffa1067000 	C:\WINDOWS\System32\bcrypt.dll
0x00007fffa0cb0000 - 0x00007fffa0cde000 	C:\WINDOWS\SYSTEM32\USERENV.dll
0x00007fffa0780000 - 0x00007fffa078c000 	C:\WINDOWS\SYSTEM32\CRYPTBASE.dll
0x00007fffa0230000 - 0x00007fffa026b000 	C:\WINDOWS\SYSTEM32\IPHLPAPI.DLL
0x00007fffa1f90000 - 0x00007fffa1f98000 	C:\WINDOWS\System32\NSI.dll
0x00007fff97260000 - 0x00007fff97277000 	C:\WINDOWS\SYSTEM32\dhcpcsvc6.DLL
0x00007fff97b10000 - 0x00007fff97b2d000 	C:\WINDOWS\SYSTEM32\dhcpcsvc.DLL
0x00007fffa0280000 - 0x00007fffa034c000 	C:\WINDOWS\SYSTEM32\DNSAPI.dll

dbghelp: loaded successfully - version: 4.0.5 - missing functions: none
symbol engine: initialized successfully - sym options: 0x614 - pdb path: .;C:\Program Files\Android\Android Studio\jre\bin;C:\WINDOWS\SYSTEM32;C:\WINDOWS\WinSxS\amd64_microsoft.windows.common-controls_6595b64144ccf1df_6.0.19041.844_none_ca00b6081b84eb1d;C:\Program Files\Android\Android Studio\jre\bin\server;C:\Users\enzo.tazarine\.gradle\native\8bec1ad78214c89d9ad589b4d07fe93259594b29d510b10fafb7a158f7737e5d\windows-amd64;C:\Users\enzo.tazarine\.gradle\native\53dbd7edfb1c66fb8903c78663c9afc45aea4f116125fa6feffd364cf09443e8\windows-amd64

VM Arguments:
jvm_args: --add-opens=java.base/java.util=ALL-UNNAMED --add-opens=java.base/java.lang=ALL-UNNAMED --add-opens=java.base/java.lang.invoke=ALL-UNNAMED --add-opens=java.base/java.util=ALL-UNNAMED --add-opens=java.prefs/java.util.prefs=ALL-UNNAMED --add-opens=java.prefs/java.util.prefs=ALL-UNNAMED --add-opens=java.base/java.nio.charset=ALL-UNNAMED --add-opens=java.base/java.net=ALL-UNNAMED --add-opens=java.base/java.util.concurrent.atomic=ALL-UNNAMED -Xmx2048m -Dfile.encoding=UTF-8 -Duser.country=FR -Duser.language=fr -Duser.variant 
java_command: org.gradle.launcher.daemon.bootstrap.GradleDaemon 7.0.2
java_class_path (initial): C:\Users\enzo.tazarine\.gradle\wrapper\dists\gradle-7.0.2-bin\857tjihv64xamwrf0h14cai3r\gradle-7.0.2\lib\gradle-launcher-7.0.2.jar
Launcher Type: SUN_STANDARD

[Global flags]
     intx CICompilerCount                          = 4                                         {product} {ergonomic}
     uint ConcGCThreads                            = 2                                         {product} {ergonomic}
     uint G1ConcRefinementThreads                  = 8                                         {product} {ergonomic}
   size_t G1HeapRegionSize                         = 1048576                                   {product} {ergonomic}
    uintx GCDrainStackTargetSize                   = 64                                        {product} {ergonomic}
   size_t InitialHeapSize                          = 266338304                                 {product} {ergonomic}
   size_t MarkStackSize                            = 4194304                                   {product} {ergonomic}
   size_t MaxHeapSize                              = 2147483648                                {product} {command line}
   size_t MaxNewSize                               = 1287651328                                {product} {ergonomic}
   size_t MinHeapDeltaBytes                        = 1048576                                   {product} {ergonomic}
    uintx NonNMethodCodeHeapSize                   = 5836300                                {pd product} {ergonomic}
    uintx NonProfiledCodeHeapSize                  = 122910970                              {pd product} {ergonomic}
    uintx ProfiledCodeHeapSize                     = 122910970                              {pd product} {ergonomic}
    uintx ReservedCodeCacheSize                    = 251658240                              {pd product} {ergonomic}
     bool SegmentedCodeCache                       = true                                      {product} {ergonomic}
     bool UseCompressedClassPointers               = true                                 {lp64_product} {ergonomic}
     bool UseCompressedOops                        = true                                 {lp64_product} {ergonomic}
     bool UseG1GC                                  = true                                      {product} {ergonomic}
     bool UseLargePagesIndividualAllocation        = false                                  {pd product} {ergonomic}

Logging:
Log output configuration:
 #0: stdout all=warning uptime,level,tags
 #1: stderr all=off uptime,level,tags

Environment Variables:
PATH=C:\Program Files (x86)\Common Files\Oracle\Java\javapath;C:\WINDOWS\system32;C:\WINDOWS;C:\WINDOWS\System32\Wbem;C:\WINDOWS\System32\WindowsPowerShell\v1.0\;C:\WINDOWS\System32\OpenSSH\;C:\Program Files\Microsoft SQL Server\Client SDK\ODBC\110\Tools\Binn\;C:\Program Files (x86)\Microsoft SQL Server\120\Tools\Binn\;C:\Program Files\Microsoft SQL Server\120\Tools\Binn\;C:\Program Files\Microsoft SQL Server\120\DTS\Binn\;C:\Program Files (x86)\Microsoft SQL Server\120\Tools\Binn\ManagementStudio\;C:\Program Files (x86)\Microsoft SQL Server\120\DTS\Binn\;C:\Program Files\nodejs\;C:\Program Files\Git\cmd;C:\altera\91\modelsim_ase\win32aloem;C:\Users\enzo.tazarine\AppData\Local\Microsoft\WindowsApps;C:\Users\enzo.tazarine\AppData\Local\Programs\Microsoft VS Code\bin;C:\Users\enzo.tazarine\AppData\Roaming\npm
USERNAME=enzo.tazarine
OS=Windows_NT
PROCESSOR_IDENTIFIER=Intel64 Family 6 Model 142 Stepping 12, GenuineIntel



---------------  S Y S T E M  ---------------

OS: Windows 10 , 64 bit Build 19041 (10.0.19041.928)
OS uptime: 0 days 11:11 hours

CPU:total 8 (initial active 8) (4 cores per cpu, 2 threads per core) family 6 model 142 stepping 12 microcode 0xd6, cmov, cx8, fxsr, mmx, sse, sse2, sse3, ssse3, sse4.1, sse4.2, popcnt, avx, avx2, aes, clmul, erms, 3dnowpref, lzcnt, ht, tsc, tscinvbit, bmi1, bmi2, adx, fma

Memory: 4k page, system-wide physical 16157M (4897M free)
TotalPageFile size 34790M (AvailPageFile size 0M)
current process WorkingSet (physical memory assigned to process): 573M, peak: 573M
current process commit charge ("private bytes"): 619M, peak: 619M

vm_info: OpenJDK 64-Bit Server VM (11.0.10+0-b96-7249189) for windows-amd64 JRE (11.0.10+0-b96-7249189), built on Mar 31 2021 21:44:00 by "builder" with MS VC++ 14.0 (VS2015)

END.
