#
# There is insufficient memory for the Java Runtime Environment to continue.
# Native memory allocation (mmap) failed to map 250609664 bytes for Failed to commit area from 0x0000000090000000 to 0x000000009ef00000 of length 250609664.
# Possible reasons:
#   The system is out of physical RAM or swap space
#   The process is running with CompressedOops enabled, and the Java Heap may be blocking the growth of the native heap
# Possible solutions:
#   Reduce memory load on the system
#   Increase physical memory or swap space
#   Check if swap backing store is full
#   Decrease Java heap size (-Xmx/-Xms)
#   Decrease number of Java threads
#   Decrease Java thread stack sizes (-Xss)
#   Set larger code cache with -XX:ReservedCodeCacheSize=
#   JVM is running with Unscaled Compressed Oops mode in which the Java heap is
#     placed in the first 4GB address space. The Java Heap base address is the
#     maximum limit for the native heap growth. Please use -XX:HeapBaseMinAddress
#     to set the Java Heap base and to place the Java Heap above 4GB virtual address.
# This output file may be truncated or incomplete.
#
#  Out of Memory Error (./src/hotspot/os/windows/os_windows.cpp:3301), pid=1504, tid=13436
#
# JRE version: OpenJDK Runtime Environment (11.0.10) (build 11.0.10+0-b96-7249189)
# Java VM: OpenJDK 64-Bit Server VM (11.0.10+0-b96-7249189, mixed mode, tiered, compressed oops, g1 gc, windows-amd64)
# No core dump will be written. Minidumps are not enabled by default on client versions of Windows
#

---------------  S U M M A R Y ------------

Command Line: --add-opens=java.base/java.util=ALL-UNNAMED --add-opens=java.base/java.lang=ALL-UNNAMED --add-opens=java.base/java.lang.invoke=ALL-UNNAMED --add-opens=java.base/java.util=ALL-UNNAMED --add-opens=java.prefs/java.util.prefs=ALL-UNNAMED --add-opens=java.prefs/java.util.prefs=ALL-UNNAMED --add-opens=java.base/java.nio.charset=ALL-UNNAMED --add-opens=java.base/java.net=ALL-UNNAMED --add-opens=java.base/java.util.concurrent.atomic=ALL-UNNAMED -Xmx2048m -Dfile.encoding=UTF-8 -Duser.country=FR -Duser.language=fr -Duser.variant org.gradle.launcher.daemon.bootstrap.GradleDaemon 7.0.2

Host: Intel(R) Core(TM) i7-10510U CPU @ 1.80GHz, 8 cores, 15G,  Windows 10 , 64 bit Build 19041 (10.0.19041.928)
Time: Mon Feb 14 02:50:28 2022 Paris, Madrid elapsed time: 39231.630459 seconds (0d 10h 53m 51s)

---------------  T H R E A D  ---------------

Current thread (0x000001f2ff6fd800):  VMThread "VM Thread" [stack: 0x000000b774b00000,0x000000b774c00000] [id=13436]

Stack: [0x000000b774b00000,0x000000b774c00000]
[error occurred during error reporting (printing stack bounds), id 0xc0000005, EXCEPTION_ACCESS_VIOLATION (0xc0000005) at pc=0x000001f280000f2d]

Native frames: (J=compiled Java code, j=interpreted, Vv=VM code, C=native code)
V  [jvm.dll+0x5ecfaa]
V  [jvm.dll+0x722bd5]
V  [jvm.dll+0x72412d]
V  [jvm.dll+0x724745]
V  [jvm.dll+0x7246fb]
V  [jvm.dll+0x5ec348]
V  [jvm.dll+0x5ecad8]
C  [ntdll.dll+0xa207f]
C  [ntdll.dll+0x51454]
C  [ntdll.dll+0xa0bae]
C  0x000001f280000f2d

VM_Operation (0x000000b77a5fe640): G1CollectForAllocation, mode: safepoint, requested by thread 0x000001f2926c6000


---------------  P R O C E S S  ---------------

Threads class SMR info:
_java_thread_list=0x000001f2976ac230, length=89, elements={
0x000001f2f3a2f000, 0x000001f2ff701800, 0x000001f2ff703000, 0x000001f2ff763800,
0x000001f2ff765000, 0x000001f2ff767000, 0x000001f2ff774000, 0x000001f2ff77a800,
0x000001f2ff77c000, 0x000001f2ff8d6000, 0x000001f290194000, 0x000001f2912b4800,
0x000001f29099d000, 0x000001f290bce800, 0x000001f290bcf800, 0x000001f290bcd800,
0x000001f290bca800, 0x000001f290bcd000, 0x000001f290bd1000, 0x000001f290bcc000,
0x000001f2926ba000, 0x000001f2926ba800, 0x000001f2926bb800, 0x000001f2926b8000,
0x000001f2926bc800, 0x000001f2926bd000, 0x000001f2926c3800, 0x000001f2926c4800,
0x000001f297041000, 0x000001f295c6a000, 0x000001f295c70800, 0x000001f295c71000,
0x000001f295c72000, 0x000001f295c73800, 0x000001f29ba4d800, 0x000001f29ba4e000,
0x000001f29b254000, 0x000001f29b253800, 0x000001f29b255000, 0x000001f297044000,
0x000001f297046000, 0x000001f297048000, 0x000001f297043800, 0x000001f297046800,
0x000001f29704a000, 0x000001f29704a800, 0x000001f297045000, 0x000001f29704d000,
0x000001f29704b800, 0x000001f29704c800, 0x000001f29704e000, 0x000001f29704f000,
0x000001f29704f800, 0x000001f29ba4c800, 0x000001f29ba4a000, 0x000001f29ba4b000,
0x000001f29ba50800, 0x000001f29ba4f000, 0x000001f29ba51800, 0x000001f29ba4f800,
0x000001f29ba4b800, 0x000001f29ba54000, 0x000001f29ba53000, 0x000001f29ba54800,
0x000001f29ba58000, 0x000001f29ba57000, 0x000001f29ba56800, 0x000001f29ba52000,
0x000001f295c69000, 0x000001f295c66000, 0x000001f295c6a800, 0x000001f295c6c800,
0x000001f295c66800, 0x000001f295c6d000, 0x000001f295c6e000, 0x000001f295c68000,
0x000001f295c73000, 0x000001f295c74800, 0x000001f295c6f000, 0x000001f295c6f800,
0x000001f2926c1000, 0x000001f2926be000, 0x000001f2926bf000, 0x000001f2926c5800,
0x000001f2926c6000, 0x000001f29b256000, 0x000001f29b251800, 0x000001f29b250000,
0x000001f29b252800
}

Java Threads: ( => current thread )
  0x000001f2f3a2f000 JavaThread "main" [_thread_blocked, id=6444, stack(0x000000b774500000,0x000000b774600000)]
  0x000001f2ff701800 JavaThread "Reference Handler" daemon [_thread_blocked, id=1720, stack(0x000000b774c00000,0x000000b774d00000)]
  0x000001f2ff703000 JavaThread "Finalizer" daemon [_thread_blocked, id=13316, stack(0x000000b774d00000,0x000000b774e00000)]
  0x000001f2ff763800 JavaThread "Signal Dispatcher" daemon [_thread_blocked, id=6024, stack(0x000000b774e00000,0x000000b774f00000)]
  0x000001f2ff765000 JavaThread "Attach Listener" daemon [_thread_blocked, id=13080, stack(0x000000b774f00000,0x000000b775000000)]
  0x000001f2ff767000 JavaThread "Service Thread" daemon [_thread_blocked, id=12812, stack(0x000000b775000000,0x000000b775100000)]
  0x000001f2ff774000 JavaThread "C2 CompilerThread0" daemon [_thread_in_native, id=1796, stack(0x000000b775100000,0x000000b775200000)]
  0x000001f2ff77a800 JavaThread "C1 CompilerThread0" daemon [_thread_blocked, id=6976, stack(0x000000b775200000,0x000000b775300000)]
  0x000001f2ff77c000 JavaThread "Sweeper thread" daemon [_thread_blocked, id=7932, stack(0x000000b775300000,0x000000b775400000)]
  0x000001f2ff8d6000 JavaThread "Common-Cleaner" daemon [_thread_blocked, id=3280, stack(0x000000b775400000,0x000000b775500000)]
  0x000001f290194000 JavaThread "Daemon health stats" [_thread_blocked, id=12448, stack(0x000000b775d00000,0x000000b775e00000)]
  0x000001f2912b4800 JavaThread "Incoming local TCP Connector on port 57413" [_thread_in_native, id=15216, stack(0x000000b775600000,0x000000b775700000)]
  0x000001f29099d000 JavaThread "Daemon periodic checks" [_thread_blocked, id=3944, stack(0x000000b775c00000,0x000000b775d00000)]
  0x000001f290bce800 JavaThread "Cache worker for file hash cache (C:\Users\enzo.tazarine\.gradle\caches\7.0.2\fileHashes)" [_thread_blocked, id=7952, stack(0x000000b776500000,0x000000b776600000)]
  0x000001f290bcf800 JavaThread "File lock request listener" [_thread_in_native, id=4308, stack(0x000000b776600000,0x000000b776700000)]
  0x000001f290bcd800 JavaThread "Cache worker for journal cache (C:\Users\enzo.tazarine\.gradle\caches\journal-1)" [_thread_blocked, id=3248, stack(0x000000b776a00000,0x000000b776b00000)]
  0x000001f290bca800 JavaThread "File watcher server" daemon [_thread_blocked, id=13504, stack(0x000000b776d00000,0x000000b776e00000)]
  0x000001f290bcd000 JavaThread "File watcher consumer" daemon [_thread_blocked, id=11672, stack(0x000000b776e00000,0x000000b776f00000)]
  0x000001f290bd1000 JavaThread "jar transforms" [_thread_blocked, id=9956, stack(0x000000b776f00000,0x000000b777000000)]
  0x000001f290bcc000 JavaThread "jar transforms Thread 2" [_thread_blocked, id=4636, stack(0x000000b777000000,0x000000b777100000)]
  0x000001f2926ba000 JavaThread "jar transforms Thread 3" [_thread_blocked, id=4576, stack(0x000000b777100000,0x000000b777200000)]
  0x000001f2926ba800 JavaThread "jar transforms Thread 4" [_thread_blocked, id=12800, stack(0x000000b777200000,0x000000b777300000)]
  0x000001f2926bb800 JavaThread "jar transforms Thread 5" [_thread_blocked, id=15500, stack(0x000000b777300000,0x000000b777400000)]
  0x000001f2926b8000 JavaThread "jar transforms Thread 6" [_thread_blocked, id=1224, stack(0x000000b777400000,0x000000b777500000)]
  0x000001f2926bc800 JavaThread "jar transforms Thread 7" [_thread_blocked, id=6484, stack(0x000000b777500000,0x000000b777600000)]
  0x000001f2926bd000 JavaThread "jar transforms Thread 8" [_thread_blocked, id=14276, stack(0x000000b777600000,0x000000b777700000)]
  0x000001f2926c3800 JavaThread "Cache worker for execution history cache (C:\Users\enzo.tazarine\.gradle\caches\7.0.2\executionHistory)" [_thread_blocked, id=12524, stack(0x000000b777b00000,0x000000b777c00000)]
  0x000001f2926c4800 JavaThread "Cache worker for file content cache (C:\Users\enzo.tazarine\.gradle\caches\7.0.2\fileContent)" [_thread_blocked, id=13032, stack(0x000000b777c00000,0x000000b777d00000)]
  0x000001f297041000 JavaThread "Memory manager" [_thread_blocked, id=6524, stack(0x000000b778700000,0x000000b778800000)]
  0x000001f295c6a000 JavaThread "RMI Scheduler(0)" daemon [_thread_blocked, id=5012, stack(0x000000b776300000,0x000000b776400000)]
  0x000001f295c70800 JavaThread "RMI GC Daemon" daemon [_thread_blocked, id=1008, stack(0x000000b779700000,0x000000b779800000)]
  0x000001f295c71000 JavaThread "RMI TCP Accept-0" daemon [_thread_in_native, id=2404, stack(0x000000b779800000,0x000000b779900000)]
  0x000001f295c72000 JavaThread "RMI Reaper" [_thread_blocked, id=8552, stack(0x000000b779900000,0x000000b779a00000)]
  0x000001f295c73800 JavaThread "Cache worker for Java compile cache (C:\Users\enzo.tazarine\.gradle\caches\7.0.2\javaCompile)" [_thread_blocked, id=8720, stack(0x000000b779600000,0x000000b779700000)]
  0x000001f29ba4d800 JavaThread "ForkJoinPool.commonPool-worker-5" daemon [_thread_blocked, id=13912, stack(0x000000b77a000000,0x000000b77a100000)]
  0x000001f29ba4e000 JavaThread "ForkJoinPool.commonPool-worker-7" daemon [_thread_blocked, id=9144, stack(0x000000b77a100000,0x000000b77a200000)]
  0x000001f29b254000 JavaThread "ForkJoinPool.commonPool-worker-13" daemon [_thread_blocked, id=11468, stack(0x000000b778d00000,0x000000b778e00000)]
  0x000001f29b253800 JavaThread "Daemon Thread 51" [_thread_blocked, id=13940, stack(0x000000b774200000,0x000000b774300000)]
  0x000001f29b255000 JavaThread "Daemon worker Thread 51" [_thread_blocked, id=3456, stack(0x000000b775e00000,0x000000b775f00000)]
  0x000001f297044000 JavaThread "Handler for socket connection from /127.0.0.1:57413 to /127.0.0.1:58388" [_thread_in_native, id=10216, stack(0x000000b774300000,0x000000b774400000)]
  0x000001f297046000 JavaThread "Cancel handler" [_thread_blocked, id=5272, stack(0x000000b774400000,0x000000b774500000)]
  0x000001f297048000 JavaThread "Asynchronous log dispatcher for DefaultDaemonConnection: socket connection from /127.0.0.1:57413 to /127.0.0.1:58388" [_thread_blocked, id=16952, stack(0x000000b775f00000,0x000000b776000000)]
  0x000001f297043800 JavaThread "Stdin handler" [_thread_blocked, id=12932, stack(0x000000b776000000,0x000000b776100000)]
  0x000001f297046800 JavaThread "Daemon client event forwarder" [_thread_blocked, id=11516, stack(0x000000b776100000,0x000000b776200000)]
  0x000001f29704a000 JavaThread "Cache worker for file hash cache (C:\Users\enzo.tazarine\AndroidStudioProjects\AndroidERestaurant\.gradle\7.0.2\fileHashes)" [_thread_blocked, id=10144, stack(0x000000b776200000,0x000000b776300000)]
  0x000001f29704a800 JavaThread "Cache worker for checksums cache (C:\Users\enzo.tazarine\AndroidStudioProjects\AndroidERestaurant\.gradle\checksums)" [_thread_blocked, id=14448, stack(0x000000b776400000,0x000000b776500000)]
  0x000001f297045000 JavaThread "Cache worker for cache directory md-supplier (C:\Users\enzo.tazarine\.gradle\caches\7.0.2\md-supplier)" [_thread_blocked, id=5796, stack(0x000000b776b00000,0x000000b776c00000)]
  0x000001f29704d000 JavaThread "Cache worker for cache directory md-rule (C:\Users\enzo.tazarine\.gradle\caches\7.0.2\md-rule)" [_thread_blocked, id=472, stack(0x000000b776c00000,0x000000b776d00000)]
  0x000001f29704b800 JavaThread "Cache worker for dependencies-accessors (C:\Users\enzo.tazarine\AndroidStudioProjects\AndroidERestaurant\.gradle\7.0.2\dependencies-accessors)" [_thread_blocked, id=9220, stack(0x000000b777700000,0x000000b777800000)]
  0x000001f29704c800 JavaThread "Cache worker for Build Output Cleanup Cache (C:\Users\enzo.tazarine\AndroidStudioProjects\AndroidERestaurant\.gradle\buildOutputCleanup)" [_thread_blocked, id=268, stack(0x000000b777800000,0x000000b777900000)]
  0x000001f29704e000 JavaThread "Build operations" [_thread_blocked, id=3888, stack(0x000000b777900000,0x000000b777a00000)]
  0x000001f29704f000 JavaThread "Build operations Thread 2" [_thread_blocked, id=13088, stack(0x000000b777a00000,0x000000b777b00000)]
  0x000001f29704f800 JavaThread "Build operations Thread 3" [_thread_blocked, id=15248, stack(0x000000b777d00000,0x000000b777e00000)]
  0x000001f29ba4c800 JavaThread "Build operations Thread 4" [_thread_blocked, id=16784, stack(0x000000b777e00000,0x000000b777f00000)]
  0x000001f29ba4a000 JavaThread "Build operations Thread 5" [_thread_blocked, id=8064, stack(0x000000b777f00000,0x000000b778000000)]
  0x000001f29ba4b000 JavaThread "Build operations Thread 6" [_thread_blocked, id=8852, stack(0x000000b778000000,0x000000b778100000)]
  0x000001f29ba50800 JavaThread "Build operations Thread 7" [_thread_blocked, id=10140, stack(0x000000b778100000,0x000000b778200000)]
  0x000001f29ba4f000 JavaThread "Build operations Thread 8" [_thread_blocked, id=1948, stack(0x000000b778200000,0x000000b778300000)]
  0x000001f29ba51800 JavaThread "build event listener" [_thread_blocked, id=16644, stack(0x000000b778300000,0x000000b778400000)]
  0x000001f29ba4f800 JavaThread "Execution worker for ':'" [_thread_blocked, id=3940, stack(0x000000b778400000,0x000000b778500000)]
  0x000001f29ba4b800 JavaThread "Execution worker for ':' Thread 2" [_thread_blocked, id=15052, stack(0x000000b778500000,0x000000b778600000)]
  0x000001f29ba54000 JavaThread "Execution worker for ':' Thread 3" [_thread_blocked, id=4676, stack(0x000000b778600000,0x000000b778700000)]
  0x000001f29ba53000 JavaThread "Execution worker for ':' Thread 4" [_thread_blocked, id=17028, stack(0x000000b778800000,0x000000b778900000)]
  0x000001f29ba54800 JavaThread "Execution worker for ':' Thread 5" [_thread_blocked, id=2856, stack(0x000000b778900000,0x000000b778a00000)]
  0x000001f29ba58000 JavaThread "Execution worker for ':' Thread 6" [_thread_blocked, id=17276, stack(0x000000b778a00000,0x000000b778b00000)]
  0x000001f29ba57000 JavaThread "Execution worker for ':' Thread 7" [_thread_blocked, id=17176, stack(0x000000b778b00000,0x000000b778c00000)]
  0x000001f29ba56800 JavaThread "Cache worker for execution history cache (C:\Users\enzo.tazarine\AndroidStudioProjects\AndroidERestaurant\.gradle\7.0.2\executionHistory)" [_thread_blocked, id=14124, stack(0x000000b778c00000,0x000000b778d00000)]
  0x000001f29ba52000 JavaThread "WorkerExecutor Queue" [_thread_blocked, id=14488, stack(0x000000b778e00000,0x000000b778f00000)]
  0x000001f295c69000 JavaThread "WorkerExecutor Queue Thread 2" [_thread_blocked, id=1240, stack(0x000000b779100000,0x000000b779200000)]
  0x000001f295c66000 JavaThread "WorkerExecutor Queue Thread 3" [_thread_blocked, id=13960, stack(0x000000b778f00000,0x000000b779000000)]
  0x000001f295c6a800 JavaThread "C2 CompilerThread1" daemon [_thread_in_native, id=4744, stack(0x000000b779000000,0x000000b779100000)]
  0x000001f295c6c800 JavaThread "C2 CompilerThread2" daemon [_thread_in_native, id=10772, stack(0x000000b779200000,0x000000b779300000)]
  0x000001f295c66800 JavaThread "WorkerExecutor Queue Thread 4" [_thread_blocked, id=6700, stack(0x000000b779300000,0x000000b779400000)]
  0x000001f295c6d000 JavaThread "WorkerExecutor Queue Thread 5" [_thread_blocked, id=11364, stack(0x000000b779400000,0x000000b779500000)]
  0x000001f295c6e000 JavaThread "WorkerExecutor Queue Thread 6" [_thread_blocked, id=6496, stack(0x000000b779500000,0x000000b779600000)]
  0x000001f295c68000 JavaThread "WorkerExecutor Queue Thread 7" [_thread_blocked, id=7096, stack(0x000000b779a00000,0x000000b779b00000)]
  0x000001f295c73000 JavaThread "WorkerExecutor Queue Thread 8" [_thread_blocked, id=13516, stack(0x000000b779b00000,0x000000b779c00000)]
  0x000001f295c74800 JavaThread "WorkerExecutor Queue Thread 9" [_thread_blocked, id=16260, stack(0x000000b779c00000,0x000000b779d00000)]
  0x000001f295c6f000 JavaThread "pool-189-thread-1" [_thread_blocked, id=10540, stack(0x000000b779d00000,0x000000b779e00000)]
  0x000001f295c6f800 JavaThread "stderr" [_thread_in_native, id=6744, stack(0x000000b779e00000,0x000000b779f00000)]
  0x000001f2926c1000 JavaThread "stdout" [_thread_in_native, id=7912, stack(0x000000b779f00000,0x000000b77a000000)]
  0x000001f2926be000 JavaThread "ForkJoinPool-7-worker-3" daemon [_thread_blocked, id=4036, stack(0x000000b77a200000,0x000000b77a300000)]
  0x000001f2926bf000 JavaThread "ForkJoinPool-7-worker-5" daemon [_thread_blocked, id=6324, stack(0x000000b77a300000,0x000000b77a400000)]
  0x000001f2926c5800 JavaThread "ForkJoinPool-7-worker-7" daemon [_thread_blocked, id=13664, stack(0x000000b77a400000,0x000000b77a500000)]
  0x000001f2926c6000 JavaThread "ForkJoinPool-7-worker-9" daemon [_thread_blocked, id=16444, stack(0x000000b77a500000,0x000000b77a600000)]
  0x000001f29b256000 JavaThread "ForkJoinPool-7-worker-11" daemon [_thread_blocked, id=8416, stack(0x000000b77a600000,0x000000b77a700000)]
  0x000001f29b251800 JavaThread "ForkJoinPool-7-worker-13" daemon [_thread_blocked, id=7512, stack(0x000000b77a700000,0x000000b77a800000)]
  0x000001f29b250000 JavaThread "ForkJoinPool-7-worker-15" daemon [_thread_blocked, id=10836, stack(0x000000b77a800000,0x000000b77a900000)]
  0x000001f29b252800 JavaThread "ForkJoinPool-7-worker-1" daemon [_thread_blocked, id=14252, stack(0x000000b77a900000,0x000000b77aa00000)]

Other Threads:
=>0x000001f2ff6fd800 VMThread "VM Thread" [stack: 0x000000b774b00000,0x000000b774c00000] [id=13436]
  0x000001f2ff9a1800 WatcherThread [stack: 0x000000b775500000,0x000000b775600000] [id=6000]
  0x000001f2f3a47000 GCTaskThread "GC Thread#0" [stack: 0x000000b774600000,0x000000b774700000] [id=1508]
  0x000001f28f54c000 GCTaskThread "GC Thread#1" [stack: 0x000000b775700000,0x000000b775800000] [id=14568]
  0x000001f28fbb3800 GCTaskThread "GC Thread#2" [stack: 0x000000b775800000,0x000000b775900000] [id=1236]
  0x000001f28fce6800 GCTaskThread "GC Thread#3" [stack: 0x000000b775900000,0x000000b775a00000] [id=10396]
  0x000001f28fa0e800 GCTaskThread "GC Thread#4" [stack: 0x000000b775a00000,0x000000b775b00000] [id=4736]
  0x000001f28fbae800 GCTaskThread "GC Thread#5" [stack: 0x000000b775b00000,0x000000b775c00000] [id=3136]
  0x000001f29121d000 GCTaskThread "GC Thread#6" [stack: 0x000000b776700000,0x000000b776800000] [id=6984]
  0x000001f292199000 GCTaskThread "GC Thread#7" [stack: 0x000000b776800000,0x000000b776900000] [id=5836]
  0x000001f2f3a78800 ConcurrentGCThread "G1 Main Marker" [stack: 0x000000b774700000,0x000000b774800000] [id=8028]
  0x000001f2f3a7a000 ConcurrentGCThread "G1 Conc#0" [stack: 0x000000b774800000,0x000000b774900000] [id=2776]
  0x000001f2912e0000 ConcurrentGCThread "G1 Conc#1" [stack: 0x000000b776900000,0x000000b776a00000] [id=13520]
  0x000001f2fed4a800 ConcurrentGCThread "G1 Refine#0" [stack: 0x000000b774900000,0x000000b774a00000] [id=3520]
  0x000001f2fed4b800 ConcurrentGCThread "G1 Young RemSet Sampling" [stack: 0x000000b774a00000,0x000000b774b00000] [id=15608]

Threads with active compile tasks:
C2 CompilerThread039231665 46484 %     4       com.android.tools.r8.dex.j::a @ 315 (1038 bytes)
C2 CompilerThread139231665 46462       4       com.android.tools.r8.dex.j::e (654 bytes)
C2 CompilerThread239231666 46499       4       com.android.tools.r8.code.w1::a (4137 bytes)

VM state:at safepoint (normal execution)

VM Mutex/Monitor currently owned by a thread:  ([mutex/lock_event])
[0x000001f2f3a2b170] Threads_lock - owner thread: 0x000001f2ff6fd800
[0x000001f2f3a2b4d0] Heap_lock - owner thread: 0x000001f2926c6000

Heap address: 0x0000000080000000, size: 2048 MB, Compressed Oops mode: 32-bit
Narrow klass base: 0x0000000000000000, Narrow klass shift: 3
Compressed class space size: 1073741824 Address: 0x0000000100000000

Heap:
 garbage-first heap   total 506880K, used 202091K [0x0000000080000000, 0x0000000100000000)
  region size 1024K, 2 young (2048K), 2 survivors (2048K)
 Metaspace       used 165210K, capacity 171031K, committed 174120K, reserved 1200128K
  class space    used 19921K, capacity 21943K, committed 22732K, reserved 1048576K
Heap Regions: E=young(eden), S=young(survivor), O=old, HS=humongous(starts), HC=humongous(continues), CS=collection set, F=free, A=archive, TAMS=top-at-mark-start (previous, next)
|   0|0x0000000080000000, 0x0000000080100000, 0x0000000080100000|100%| O|  |TAMS 0x0000000080100000, 0x0000000080000000| Untracked 
|   1|0x0000000080100000, 0x0000000080200000, 0x0000000080200000|100%| O|  |TAMS 0x0000000080200000, 0x0000000080100000| Untracked 
|   2|0x0000000080200000, 0x0000000080300000, 0x0000000080300000|100%| O|  |TAMS 0x0000000080300000, 0x0000000080200000| Untracked 
|   3|0x0000000080300000, 0x0000000080400000, 0x0000000080400000|100%|HS|  |TAMS 0x0000000080400000, 0x0000000080300000| Complete 
|   4|0x0000000080400000, 0x0000000080500000, 0x0000000080500000|100%|HC|  |TAMS 0x0000000080500000, 0x0000000080400000| Complete 
|   5|0x0000000080500000, 0x0000000080600000, 0x0000000080600000|100%|HC|  |TAMS 0x0000000080600000, 0x0000000080500000| Complete 
|   6|0x0000000080600000, 0x0000000080700000, 0x0000000080700000|100%| O|  |TAMS 0x0000000080700000, 0x0000000080600000| Untracked 
|   7|0x0000000080700000, 0x0000000080800000, 0x0000000080800000|100%| O|  |TAMS 0x0000000080800000, 0x0000000080700000| Untracked 
|   8|0x0000000080800000, 0x0000000080900000, 0x0000000080900000|100%| O|  |TAMS 0x0000000080900000, 0x0000000080800000| Untracked 
|   9|0x0000000080900000, 0x0000000080a00000, 0x0000000080a00000|100%| O|  |TAMS 0x0000000080a00000, 0x0000000080900000| Untracked 
|  10|0x0000000080a00000, 0x0000000080b00000, 0x0000000080b00000|100%| O|  |TAMS 0x0000000080b00000, 0x0000000080a00000| Untracked 
|  11|0x0000000080b00000, 0x0000000080c00000, 0x0000000080c00000|100%| O|  |TAMS 0x0000000080c00000, 0x0000000080b00000| Untracked 
|  12|0x0000000080c00000, 0x0000000080d00000, 0x0000000080d00000|100%| O|  |TAMS 0x0000000080d00000, 0x0000000080c00000| Complete 
|  13|0x0000000080d00000, 0x0000000080e00000, 0x0000000080e00000|100%| O|  |TAMS 0x0000000080e00000, 0x0000000080d00000| Untracked 
|  14|0x0000000080e00000, 0x0000000080f00000, 0x0000000080f00000|100%| O|  |TAMS 0x0000000080f00000, 0x0000000080e00000| Complete 
|  15|0x0000000080f00000, 0x0000000081000000, 0x0000000081000000|100%|HS|  |TAMS 0x0000000081000000, 0x0000000080f00000| Complete 
|  16|0x0000000081000000, 0x0000000081100000, 0x0000000081100000|100%|HC|  |TAMS 0x0000000081100000, 0x0000000081000000| Complete 
|  17|0x0000000081100000, 0x0000000081200000, 0x0000000081200000|100%|HS|  |TAMS 0x0000000081200000, 0x0000000081100000| Complete 
|  18|0x0000000081200000, 0x0000000081300000, 0x0000000081300000|100%|HC|  |TAMS 0x0000000081300000, 0x0000000081200000| Complete 
|  19|0x0000000081300000, 0x0000000081400000, 0x0000000081400000|100%|HC|  |TAMS 0x0000000081400000, 0x0000000081300000| Complete 
|  20|0x0000000081400000, 0x0000000081500000, 0x0000000081500000|100%|HS|  |TAMS 0x0000000081500000, 0x0000000081400000| Complete 
|  21|0x0000000081500000, 0x0000000081600000, 0x0000000081600000|100%|HC|  |TAMS 0x0000000081600000, 0x0000000081500000| Complete 
|  22|0x0000000081600000, 0x0000000081700000, 0x0000000081700000|100%|HC|  |TAMS 0x0000000081700000, 0x0000000081600000| Complete 
|  23|0x0000000081700000, 0x0000000081800000, 0x0000000081800000|100%|HC|  |TAMS 0x0000000081800000, 0x0000000081700000| Complete 
|  24|0x0000000081800000, 0x0000000081900000, 0x0000000081900000|100%|HC|  |TAMS 0x0000000081900000, 0x0000000081800000| Complete 
|  25|0x0000000081900000, 0x0000000081a00000, 0x0000000081a00000|100%| O|  |TAMS 0x0000000081a00000, 0x0000000081900000| Untracked 
|  26|0x0000000081a00000, 0x0000000081b00000, 0x0000000081b00000|100%| O|  |TAMS 0x0000000081b00000, 0x0000000081a00000| Complete 
|  27|0x0000000081b00000, 0x0000000081c00000, 0x0000000081c00000|100%|HS|  |TAMS 0x0000000081c00000, 0x0000000081b00000| Complete 
|  28|0x0000000081c00000, 0x0000000081d00000, 0x0000000081d00000|100%| O|  |TAMS 0x0000000081d00000, 0x0000000081c00000| Complete 
|  29|0x0000000081d00000, 0x0000000081e00000, 0x0000000081e00000|100%| O|  |TAMS 0x0000000081e00000, 0x0000000081d00000| Complete 
|  30|0x0000000081e00000, 0x0000000081f00000, 0x0000000081f00000|100%| O|  |TAMS 0x0000000081f00000, 0x0000000081e00000| Untracked 
|  31|0x0000000081f00000, 0x0000000081f00000, 0x0000000082000000|  0%| F|  |TAMS 0x0000000081f00000, 0x0000000081f00000| Untracked 
|  32|0x0000000082000000, 0x0000000082100000, 0x0000000082100000|100%| O|  |TAMS 0x0000000082100000, 0x0000000082000000| Untracked 
|  33|0x0000000082100000, 0x0000000082100000, 0x0000000082200000|  0%| F|  |TAMS 0x0000000082100000, 0x0000000082100000| Untracked 
|  34|0x0000000082200000, 0x0000000082300000, 0x0000000082300000|100%| O|  |TAMS 0x0000000082300000, 0x0000000082200000| Untracked 
|  35|0x0000000082300000, 0x0000000082400000, 0x0000000082400000|100%| O|  |TAMS 0x0000000082400000, 0x0000000082300000| Complete 
|  36|0x0000000082400000, 0x0000000082500000, 0x0000000082500000|100%|HS|  |TAMS 0x0000000082500000, 0x0000000082400000| Complete 
|  37|0x0000000082500000, 0x0000000082600000, 0x0000000082600000|100%| O|  |TAMS 0x0000000082600000, 0x0000000082500000| Complete 
|  38|0x0000000082600000, 0x0000000082700000, 0x0000000082700000|100%|HS|  |TAMS 0x0000000082700000, 0x0000000082600000| Complete 
|  39|0x0000000082700000, 0x0000000082800000, 0x0000000082800000|100%| O|  |TAMS 0x0000000082800000, 0x0000000082700000| Untracked 
|  40|0x0000000082800000, 0x0000000082900000, 0x0000000082900000|100%| O|  |TAMS 0x0000000082900000, 0x0000000082800000| Complete 
|  41|0x0000000082900000, 0x0000000082a00000, 0x0000000082a00000|100%| O|  |TAMS 0x0000000082a00000, 0x0000000082900000| Untracked 
|  42|0x0000000082a00000, 0x0000000082b00000, 0x0000000082b00000|100%| O|  |TAMS 0x0000000082b00000, 0x0000000082a00000| Complete 
|  43|0x0000000082b00000, 0x0000000082c00000, 0x0000000082c00000|100%| O|  |TAMS 0x0000000082c00000, 0x0000000082b00000| Complete 
|  44|0x0000000082c00000, 0x0000000082d00000, 0x0000000082d00000|100%| O|  |TAMS 0x0000000082d00000, 0x0000000082c00000| Complete 
|  45|0x0000000082d00000, 0x0000000082e00000, 0x0000000082e00000|100%| O|  |TAMS 0x0000000082e00000, 0x0000000082d00000| Complete 
|  46|0x0000000082e00000, 0x0000000082f00000, 0x0000000082f00000|100%| O|  |TAMS 0x0000000082f00000, 0x0000000082e00000| Untracked 
|  47|0x0000000082f00000, 0x0000000083000000, 0x0000000083000000|100%| O|  |TAMS 0x0000000083000000, 0x0000000082f00000| Complete 
|  48|0x0000000083000000, 0x0000000083100000, 0x0000000083100000|100%| O|  |TAMS 0x0000000083100000, 0x0000000083000000| Complete 
|  49|0x0000000083100000, 0x0000000083200000, 0x0000000083200000|100%| O|  |TAMS 0x0000000083200000, 0x0000000083100000| Untracked 
|  50|0x0000000083200000, 0x0000000083300000, 0x0000000083300000|100%|HS|  |TAMS 0x0000000083200000, 0x0000000083200000| Complete 
|  51|0x0000000083300000, 0x0000000083400000, 0x0000000083400000|100%|HS|  |TAMS 0x0000000083400000, 0x0000000083300000| Complete 
|  52|0x0000000083400000, 0x0000000083500000, 0x0000000083500000|100%|HS|  |TAMS 0x0000000083500000, 0x0000000083400000| Complete 
|  53|0x0000000083500000, 0x0000000083600000, 0x0000000083600000|100%|HS|  |TAMS 0x0000000083600000, 0x0000000083500000| Complete 
|  54|0x0000000083600000, 0x0000000083700000, 0x0000000083700000|100%|HC|  |TAMS 0x0000000083700000, 0x0000000083600000| Complete 
|  55|0x0000000083700000, 0x0000000083800000, 0x0000000083800000|100%|HC|  |TAMS 0x0000000083800000, 0x0000000083700000| Complete 
|  56|0x0000000083800000, 0x0000000083900000, 0x0000000083900000|100%|HS|  |TAMS 0x0000000083900000, 0x0000000083800000| Complete 
|  57|0x0000000083900000, 0x0000000083a00000, 0x0000000083a00000|100%|HC|  |TAMS 0x0000000083a00000, 0x0000000083900000| Complete 
|  58|0x0000000083a00000, 0x0000000083b00000, 0x0000000083b00000|100%| O|  |TAMS 0x0000000083b00000, 0x0000000083a00000| Untracked 
|  59|0x0000000083b00000, 0x0000000083c00000, 0x0000000083c00000|100%| O|  |TAMS 0x0000000083c00000, 0x0000000083b00000| Untracked 
|  60|0x0000000083c00000, 0x0000000083d00000, 0x0000000083d00000|100%|HS|  |TAMS 0x0000000083c00000, 0x0000000083c00000| Complete 
|  61|0x0000000083d00000, 0x0000000083e00000, 0x0000000083e00000|100%| O|  |TAMS 0x0000000083e00000, 0x0000000083d00000| Untracked 
|  62|0x0000000083e00000, 0x0000000083f00000, 0x0000000083f00000|100%| O|  |TAMS 0x0000000083f00000, 0x0000000083e00000| Complete 
|  63|0x0000000083f00000, 0x0000000084000000, 0x0000000084000000|100%| O|  |TAMS 0x0000000084000000, 0x0000000083f00000| Untracked 
|  64|0x0000000084000000, 0x0000000084100000, 0x0000000084100000|100%| O|  |TAMS 0x0000000084100000, 0x0000000084000000| Untracked 
|  65|0x0000000084100000, 0x0000000084200000, 0x0000000084200000|100%| O|  |TAMS 0x0000000084200000, 0x0000000084100000| Complete 
|  66|0x0000000084200000, 0x0000000084300000, 0x0000000084300000|100%|HS|  |TAMS 0x0000000084300000, 0x0000000084200000| Complete 
|  67|0x0000000084300000, 0x0000000084400000, 0x0000000084400000|100%| O|  |TAMS 0x0000000084300000, 0x0000000084300000| Untracked 
|  68|0x0000000084400000, 0x0000000084500000, 0x0000000084500000|100%| O|  |TAMS 0x0000000084400000, 0x0000000084400000| Untracked 
|  69|0x0000000084500000, 0x0000000084600000, 0x0000000084600000|100%| O|  |TAMS 0x0000000084600000, 0x0000000084500000| Complete 
|  70|0x0000000084600000, 0x0000000084700000, 0x0000000084700000|100%| O|  |TAMS 0x0000000084700000, 0x0000000084600000| Complete 
|  71|0x0000000084700000, 0x0000000084800000, 0x0000000084800000|100%| O|  |TAMS 0x0000000084700000, 0x0000000084700000| Untracked 
|  72|0x0000000084800000, 0x0000000084900000, 0x0000000084900000|100%| O|  |TAMS 0x0000000084800000, 0x0000000084800000| Untracked 
|  73|0x0000000084900000, 0x0000000084a00000, 0x0000000084a00000|100%| O|  |TAMS 0x0000000084a00000, 0x0000000084900000| Untracked 
|  74|0x0000000084a00000, 0x0000000084b00000, 0x0000000084b00000|100%| O|  |TAMS 0x0000000084a00000, 0x0000000084a00000| Untracked 
|  75|0x0000000084b00000, 0x0000000084b00000, 0x0000000084c00000|  0%| F|  |TAMS 0x0000000084b00000, 0x0000000084b00000| Untracked 
|  76|0x0000000084c00000, 0x0000000084d00000, 0x0000000084d00000|100%|HS|  |TAMS 0x0000000084d00000, 0x0000000084c00000| Complete 
|  77|0x0000000084d00000, 0x0000000084e00000, 0x0000000084e00000|100%|HC|  |TAMS 0x0000000084e00000, 0x0000000084d00000| Complete 
|  78|0x0000000084e00000, 0x0000000084f00000, 0x0000000084f00000|100%| O|  |TAMS 0x0000000084f00000, 0x0000000084e00000| Complete 
|  79|0x0000000084f00000, 0x0000000085000000, 0x0000000085000000|100%| O|  |TAMS 0x0000000085000000, 0x0000000084f00000| Complete 
|  80|0x0000000085000000, 0x0000000085100000, 0x0000000085100000|100%|HS|  |TAMS 0x0000000085100000, 0x0000000085000000| Complete 
|  81|0x0000000085100000, 0x0000000085200000, 0x0000000085200000|100%|HC|  |TAMS 0x0000000085200000, 0x0000000085100000| Complete 
|  82|0x0000000085200000, 0x0000000085300000, 0x0000000085300000|100%|HC|  |TAMS 0x0000000085300000, 0x0000000085200000| Complete 
|  83|0x0000000085300000, 0x0000000085400000, 0x0000000085400000|100%|HS|  |TAMS 0x0000000085400000, 0x0000000085300000| Complete 
|  84|0x0000000085400000, 0x0000000085500000, 0x0000000085500000|100%| O|  |TAMS 0x0000000085500000, 0x0000000085400000| Complete 
|  85|0x0000000085500000, 0x0000000085500000, 0x0000000085600000|  0%| F|  |TAMS 0x0000000085500000, 0x0000000085500000| Untracked 
|  86|0x0000000085600000, 0x0000000085700000, 0x0000000085700000|100%| O|  |TAMS 0x0000000085700000, 0x0000000085600000| Untracked 
|  87|0x0000000085700000, 0x0000000085800000, 0x0000000085800000|100%|HS|  |TAMS 0x0000000085800000, 0x0000000085700000| Complete 
|  88|0x0000000085800000, 0x0000000085900000, 0x0000000085900000|100%| O|  |TAMS 0x0000000085900000, 0x0000000085800000| Untracked 
|  89|0x0000000085900000, 0x0000000085a00000, 0x0000000085a00000|100%| O|  |TAMS 0x0000000085a00000, 0x0000000085900000| Complete 
|  90|0x0000000085a00000, 0x0000000085a00000, 0x0000000085b00000|  0%| F|  |TAMS 0x0000000085a00000, 0x0000000085a00000| Untracked 
|  91|0x0000000085b00000, 0x0000000085c00000, 0x0000000085c00000|100%| O|  |TAMS 0x0000000085c00000, 0x0000000085b00000| Untracked 
|  92|0x0000000085c00000, 0x0000000085d00000, 0x0000000085d00000|100%| O|  |TAMS 0x0000000085d00000, 0x0000000085c00000| Complete 
|  93|0x0000000085d00000, 0x0000000085e00000, 0x0000000085e00000|100%| O|  |TAMS 0x0000000085e00000, 0x0000000085d00000| Untracked 
|  94|0x0000000085e00000, 0x0000000085f00000, 0x0000000085f00000|100%| O|  |TAMS 0x0000000085f00000, 0x0000000085e00000| Complete 
|  95|0x0000000085f00000, 0x0000000086000000, 0x0000000086000000|100%| O|  |TAMS 0x0000000086000000, 0x0000000085f00000| Untracked 
|  96|0x0000000086000000, 0x0000000086000000, 0x0000000086100000|  0%| F|  |TAMS 0x0000000086000000, 0x0000000086000000| Untracked 
|  97|0x0000000086100000, 0x0000000086200000, 0x0000000086200000|100%| O|  |TAMS 0x0000000086200000, 0x0000000086100000| Untracked 
|  98|0x0000000086200000, 0x0000000086300000, 0x0000000086300000|100%| O|  |TAMS 0x0000000086300000, 0x0000000086200000| Complete 
|  99|0x0000000086300000, 0x0000000086400000, 0x0000000086400000|100%| O|  |TAMS 0x0000000086400000, 0x0000000086300000| Complete 
| 100|0x0000000086400000, 0x0000000086500000, 0x0000000086500000|100%| O|  |TAMS 0x0000000086500000, 0x0000000086400000| Untracked 
| 101|0x0000000086500000, 0x0000000086600000, 0x0000000086600000|100%| O|  |TAMS 0x0000000086600000, 0x0000000086500000| Complete 
| 102|0x0000000086600000, 0x0000000086700000, 0x0000000086700000|100%| O|  |TAMS 0x0000000086700000, 0x0000000086600000| Complete 
| 103|0x0000000086700000, 0x0000000086800000, 0x0000000086800000|100%| O|  |TAMS 0x0000000086800000, 0x0000000086700000| Complete 
| 104|0x0000000086800000, 0x0000000086900000, 0x0000000086900000|100%| O|  |TAMS 0x0000000086900000, 0x0000000086800000| Complete 
| 105|0x0000000086900000, 0x0000000086a00000, 0x0000000086a00000|100%| O|  |TAMS 0x0000000086a00000, 0x0000000086900000| Untracked 
| 106|0x0000000086a00000, 0x0000000086b00000, 0x0000000086b00000|100%| O|  |TAMS 0x0000000086b00000, 0x0000000086a00000| Untracked 
| 107|0x0000000086b00000, 0x0000000086c00000, 0x0000000086c00000|100%| O|  |TAMS 0x0000000086c00000, 0x0000000086b00000| Complete 
| 108|0x0000000086c00000, 0x0000000086d00000, 0x0000000086d00000|100%| O|  |TAMS 0x0000000086d00000, 0x0000000086c00000| Complete 
| 109|0x0000000086d00000, 0x0000000086e00000, 0x0000000086e00000|100%| O|  |TAMS 0x0000000086e00000, 0x0000000086d00000| Untracked 
| 110|0x0000000086e00000, 0x0000000086f00000, 0x0000000086f00000|100%| O|  |TAMS 0x0000000086f00000, 0x0000000086e00000| Untracked 
| 111|0x0000000086f00000, 0x0000000087000000, 0x0000000087000000|100%| O|  |TAMS 0x0000000087000000, 0x0000000086f00000| Untracked 
| 112|0x0000000087000000, 0x0000000087100000, 0x0000000087100000|100%| O|  |TAMS 0x0000000087100000, 0x0000000087000000| Complete 
| 113|0x0000000087100000, 0x0000000087200000, 0x0000000087200000|100%| O|  |TAMS 0x0000000087200000, 0x0000000087100000| Complete 
| 114|0x0000000087200000, 0x0000000087300000, 0x0000000087300000|100%| O|  |TAMS 0x0000000087300000, 0x0000000087200000| Untracked 
| 115|0x0000000087300000, 0x0000000087400000, 0x0000000087400000|100%| O|  |TAMS 0x0000000087300000, 0x0000000087300000| Untracked 
| 116|0x0000000087400000, 0x0000000087500000, 0x0000000087500000|100%| O|  |TAMS 0x0000000087500000, 0x0000000087400000| Untracked 
| 117|0x0000000087500000, 0x0000000087600000, 0x0000000087600000|100%| O|  |TAMS 0x0000000087600000, 0x0000000087500000| Untracked 
| 118|0x0000000087600000, 0x0000000087700000, 0x0000000087700000|100%| O|  |TAMS 0x0000000087700000, 0x0000000087600000| Complete 
| 119|0x0000000087700000, 0x0000000087800000, 0x0000000087800000|100%|HS|  |TAMS 0x0000000087800000, 0x0000000087700000| Complete 
| 120|0x0000000087800000, 0x0000000087900000, 0x0000000087900000|100%| O|  |TAMS 0x0000000087900000, 0x0000000087800000| Complete 
| 121|0x0000000087900000, 0x0000000087a00000, 0x0000000087a00000|100%| O|  |TAMS 0x0000000087a00000, 0x0000000087900000| Untracked 
| 122|0x0000000087a00000, 0x0000000087a00000, 0x0000000087b00000|  0%| F|  |TAMS 0x0000000087a00000, 0x0000000087a00000| Untracked 
| 123|0x0000000087b00000, 0x0000000087c00000, 0x0000000087c00000|100%| O|  |TAMS 0x0000000087b00000, 0x0000000087b00000| Untracked 
| 124|0x0000000087c00000, 0x0000000087d00000, 0x0000000087d00000|100%| O|  |TAMS 0x0000000087d00000, 0x0000000087c00000| Complete 
| 125|0x0000000087d00000, 0x0000000087e00000, 0x0000000087e00000|100%| O|  |TAMS 0x0000000087e00000, 0x0000000087d00000| Complete 
| 126|0x0000000087e00000, 0x0000000087f00000, 0x0000000087f00000|100%| O|  |TAMS 0x0000000087e00000, 0x0000000087e00000| Untracked 
| 127|0x0000000087f00000, 0x0000000088000000, 0x0000000088000000|100%| O|  |TAMS 0x0000000087f00000, 0x0000000087f00000| Untracked 
| 128|0x0000000088000000, 0x0000000088100000, 0x0000000088100000|100%| O|  |TAMS 0x0000000088100000, 0x0000000088000000| Untracked 
| 129|0x0000000088100000, 0x0000000088200000, 0x0000000088200000|100%| O|  |TAMS 0x0000000088100000, 0x0000000088100000| Untracked 
| 130|0x0000000088200000, 0x0000000088300000, 0x0000000088300000|100%| O|  |TAMS 0x0000000088300000, 0x0000000088200000| Complete 
| 131|0x0000000088300000, 0x0000000088400000, 0x0000000088400000|100%| O|  |TAMS 0x0000000088400000, 0x0000000088300000| Untracked 
| 132|0x0000000088400000, 0x0000000088500000, 0x0000000088500000|100%| O|  |TAMS 0x0000000088500000, 0x0000000088400000| Complete 
| 133|0x0000000088500000, 0x0000000088600000, 0x0000000088600000|100%| O|  |TAMS 0x0000000088600000, 0x0000000088500000| Complete 
| 134|0x0000000088600000, 0x0000000088700000, 0x0000000088700000|100%| O|  |TAMS 0x0000000088700000, 0x0000000088600000| Untracked 
| 135|0x0000000088700000, 0x0000000088800000, 0x0000000088800000|100%| O|  |TAMS 0x0000000088700000, 0x0000000088700000| Untracked 
| 136|0x0000000088800000, 0x0000000088900000, 0x0000000088900000|100%| O|  |TAMS 0x0000000088800000, 0x0000000088800000| Untracked 
| 137|0x0000000088900000, 0x0000000088a00000, 0x0000000088a00000|100%| O|  |TAMS 0x0000000088a00000, 0x0000000088900000| Complete 
| 138|0x0000000088a00000, 0x0000000088b00000, 0x0000000088b00000|100%| O|  |TAMS 0x0000000088b00000, 0x0000000088a00000| Complete 
| 139|0x0000000088b00000, 0x0000000088c00000, 0x0000000088c00000|100%| O|  |TAMS 0x0000000088b00000, 0x0000000088b00000| Untracked 
| 140|0x0000000088c00000, 0x0000000088c00000, 0x0000000088d00000|  0%| F|  |TAMS 0x0000000088c00000, 0x0000000088c00000| Untracked 
| 141|0x0000000088d00000, 0x0000000088e00000, 0x0000000088e00000|100%| O|  |TAMS 0x0000000088e00000, 0x0000000088d00000| Complete 
| 142|0x0000000088e00000, 0x0000000088f00000, 0x0000000088f00000|100%| O|  |TAMS 0x0000000088f00000, 0x0000000088e00000| Untracked 
| 143|0x0000000088f00000, 0x0000000089000000, 0x0000000089000000|100%| O|  |TAMS 0x0000000088f00000, 0x0000000088f00000| Untracked 
| 144|0x0000000089000000, 0x0000000089100000, 0x0000000089100000|100%| O|  |TAMS 0x0000000089100000, 0x0000000089000000| Complete 
| 145|0x0000000089100000, 0x0000000089200000, 0x0000000089200000|100%| O|  |TAMS 0x0000000089200000, 0x0000000089100000| Untracked 
| 146|0x0000000089200000, 0x0000000089300000, 0x0000000089300000|100%| O|  |TAMS 0x0000000089200000, 0x0000000089200000| Untracked 
| 147|0x0000000089300000, 0x0000000089400000, 0x0000000089400000|100%| O|  |TAMS 0x0000000089300000, 0x0000000089300000| Untracked 
| 148|0x0000000089400000, 0x0000000089500000, 0x0000000089500000|100%| O|  |TAMS 0x0000000089500000, 0x0000000089400000| Untracked 
| 149|0x0000000089500000, 0x0000000089600000, 0x0000000089600000|100%| O|  |TAMS 0x0000000089600000, 0x0000000089500000| Untracked 
| 150|0x0000000089600000, 0x0000000089700000, 0x0000000089700000|100%| O|  |TAMS 0x0000000089700000, 0x0000000089600000| Untracked 
| 151|0x0000000089700000, 0x0000000089800000, 0x0000000089800000|100%| O|  |TAMS 0x0000000089800000, 0x0000000089700000| Untracked 
| 152|0x0000000089800000, 0x0000000089900000, 0x0000000089900000|100%| O|  |TAMS 0x0000000089900000, 0x0000000089800000| Untracked 
| 153|0x0000000089900000, 0x0000000089a00000, 0x0000000089a00000|100%| O|  |TAMS 0x0000000089a00000, 0x0000000089900000| Complete 
| 154|0x0000000089a00000, 0x0000000089b00000, 0x0000000089b00000|100%| O|  |TAMS 0x0000000089b00000, 0x0000000089a00000| Untracked 
| 155|0x0000000089b00000, 0x0000000089c00000, 0x0000000089c00000|100%| O|  |TAMS 0x0000000089b00000, 0x0000000089b00000| Untracked 
| 156|0x0000000089c00000, 0x0000000089d00000, 0x0000000089d00000|100%| O|  |TAMS 0x0000000089d00000, 0x0000000089c00000| Complete 
| 157|0x0000000089d00000, 0x0000000089e00000, 0x0000000089e00000|100%| O|  |TAMS 0x0000000089e00000, 0x0000000089d00000| Complete 
| 158|0x0000000089e00000, 0x0000000089f00000, 0x0000000089f00000|100%| O|  |TAMS 0x0000000089f00000, 0x0000000089e00000| Untracked 
| 159|0x0000000089f00000, 0x000000008a000000, 0x000000008a000000|100%|HS|  |TAMS 0x000000008a000000, 0x0000000089f00000| Complete 
| 160|0x000000008a000000, 0x000000008a100000, 0x000000008a100000|100%|HC|  |TAMS 0x000000008a100000, 0x000000008a000000| Complete 
| 161|0x000000008a100000, 0x000000008a200000, 0x000000008a200000|100%| O|  |TAMS 0x000000008a200000, 0x000000008a100000| Complete 
| 162|0x000000008a200000, 0x000000008a300000, 0x000000008a300000|100%| O|  |TAMS 0x000000008a300000, 0x000000008a200000| Untracked 
| 163|0x000000008a300000, 0x000000008a400000, 0x000000008a400000|100%| O|  |TAMS 0x000000008a400000, 0x000000008a300000| Complete 
| 164|0x000000008a400000, 0x000000008a500000, 0x000000008a500000|100%| O|  |TAMS 0x000000008a500000, 0x000000008a400000| Untracked 
| 165|0x000000008a500000, 0x000000008a500000, 0x000000008a600000|  0%| F|  |TAMS 0x000000008a500000, 0x000000008a500000| Untracked 
| 166|0x000000008a600000, 0x000000008a700000, 0x000000008a700000|100%| O|  |TAMS 0x000000008a700000, 0x000000008a600000| Untracked 
| 167|0x000000008a700000, 0x000000008a800000, 0x000000008a800000|100%|HS|  |TAMS 0x000000008a800000, 0x000000008a700000| Complete 
| 168|0x000000008a800000, 0x000000008a900000, 0x000000008a900000|100%|HC|  |TAMS 0x000000008a900000, 0x000000008a800000| Complete 
| 169|0x000000008a900000, 0x000000008aa00000, 0x000000008aa00000|100%|HC|  |TAMS 0x000000008aa00000, 0x000000008a900000| Complete 
| 170|0x000000008aa00000, 0x000000008aa00000, 0x000000008ab00000|  0%| F|  |TAMS 0x000000008aa00000, 0x000000008aa00000| Untracked 
| 171|0x000000008ab00000, 0x000000008ab00000, 0x000000008ac00000|  0%| F|  |TAMS 0x000000008ab00000, 0x000000008ab00000| Untracked 
| 172|0x000000008ac00000, 0x000000008ac00000, 0x000000008ad00000|  0%| F|  |TAMS 0x000000008ac00000, 0x000000008ac00000| Untracked 
| 173|0x000000008ad00000, 0x000000008ad00000, 0x000000008ae00000|  0%| F|  |TAMS 0x000000008ad00000, 0x000000008ad00000| Untracked 
| 174|0x000000008ae00000, 0x000000008ae00000, 0x000000008af00000|  0%| F|  |TAMS 0x000000008ae00000, 0x000000008ae00000| Untracked 
| 175|0x000000008af00000, 0x000000008b000000, 0x000000008b000000|100%| O|  |TAMS 0x000000008af00000, 0x000000008af00000| Untracked 
| 176|0x000000008b000000, 0x000000008b100000, 0x000000008b100000|100%| O|  |TAMS 0x000000008b000000, 0x000000008b000000| Untracked 
| 177|0x000000008b100000, 0x000000008b200000, 0x000000008b200000|100%| O|  |TAMS 0x000000008b100000, 0x000000008b100000| Untracked 
| 178|0x000000008b200000, 0x000000008b300000, 0x000000008b300000|100%| O|  |TAMS 0x000000008b200000, 0x000000008b200000| Untracked 
| 179|0x000000008b300000, 0x000000008b400000, 0x000000008b400000|100%| O|  |TAMS 0x000000008b300000, 0x000000008b300000| Untracked 
| 180|0x000000008b400000, 0x000000008b500000, 0x000000008b500000|100%| O|  |TAMS 0x000000008b400000, 0x000000008b400000| Untracked 
| 181|0x000000008b500000, 0x000000008b600000, 0x000000008b600000|100%| O|  |TAMS 0x000000008b500000, 0x000000008b500000| Untracked 
| 182|0x000000008b600000, 0x000000008b700000, 0x000000008b700000|100%| O|  |TAMS 0x000000008b600000, 0x000000008b600000| Untracked 
| 183|0x000000008b700000, 0x000000008b800000, 0x000000008b800000|100%| O|  |TAMS 0x000000008b700000, 0x000000008b700000| Untracked 
| 184|0x000000008b800000, 0x000000008b900000, 0x000000008b900000|100%| O|  |TAMS 0x000000008b800000, 0x000000008b800000| Untracked 
| 185|0x000000008b900000, 0x000000008ba00000, 0x000000008ba00000|100%| O|  |TAMS 0x000000008b900000, 0x000000008b900000| Untracked 
| 186|0x000000008ba00000, 0x000000008bb00000, 0x000000008bb00000|100%| O|  |TAMS 0x000000008ba00000, 0x000000008ba00000| Untracked 
| 187|0x000000008bb00000, 0x000000008bc00000, 0x000000008bc00000|100%| O|  |TAMS 0x000000008bb00000, 0x000000008bb00000| Untracked 
| 188|0x000000008bc00000, 0x000000008bd00000, 0x000000008bd00000|100%| O|  |TAMS 0x000000008bc00000, 0x000000008bc00000| Untracked 
| 189|0x000000008bd00000, 0x000000008be00000, 0x000000008be00000|100%| O|  |TAMS 0x000000008bd00000, 0x000000008bd00000| Untracked 
| 190|0x000000008be00000, 0x000000008bf00000, 0x000000008bf00000|100%| O|  |TAMS 0x000000008be00000, 0x000000008be00000| Untracked 
| 191|0x000000008bf00000, 0x000000008c000000, 0x000000008c000000|100%| O|  |TAMS 0x000000008bf00000, 0x000000008bf00000| Untracked 
| 192|0x000000008c000000, 0x000000008c100000, 0x000000008c100000|100%| O|  |TAMS 0x000000008c000000, 0x000000008c000000| Untracked 
| 193|0x000000008c100000, 0x000000008c200000, 0x000000008c200000|100%| O|  |TAMS 0x000000008c100000, 0x000000008c100000| Untracked 
| 194|0x000000008c200000, 0x000000008c300000, 0x000000008c300000|100%| O|  |TAMS 0x000000008c200000, 0x000000008c200000| Untracked 
| 195|0x000000008c300000, 0x000000008c400000, 0x000000008c400000|100%| O|  |TAMS 0x000000008c300000, 0x000000008c300000| Untracked 
| 196|0x000000008c400000, 0x000000008c500000, 0x000000008c500000|100%| O|  |TAMS 0x000000008c400000, 0x000000008c400000| Untracked 
| 197|0x000000008c500000, 0x000000008c600000, 0x000000008c600000|100%| O|  |TAMS 0x000000008c500000, 0x000000008c500000| Untracked 
| 198|0x000000008c600000, 0x000000008c700000, 0x000000008c700000|100%| O|  |TAMS 0x000000008c600000, 0x000000008c600000| Untracked 
| 199|0x000000008c700000, 0x000000008c800000, 0x000000008c800000|100%| O|  |TAMS 0x000000008c700000, 0x000000008c700000| Untracked 
| 200|0x000000008c800000, 0x000000008c900000, 0x000000008c900000|100%| O|  |TAMS 0x000000008c800000, 0x000000008c800000| Untracked 
| 201|0x000000008c900000, 0x000000008ca00000, 0x000000008ca00000|100%| O|  |TAMS 0x000000008c900000, 0x000000008c900000| Untracked 
| 202|0x000000008ca00000, 0x000000008cb00000, 0x000000008cb00000|100%| O|  |TAMS 0x000000008ca00000, 0x000000008ca00000| Untracked 
| 203|0x000000008cb00000, 0x000000008cc00000, 0x000000008cc00000|100%| O|  |TAMS 0x000000008cb00000, 0x000000008cb00000| Untracked 
| 204|0x000000008cc00000, 0x000000008cd00000, 0x000000008cd00000|100%| O|  |TAMS 0x000000008cc00000, 0x000000008cc00000| Untracked 
| 205|0x000000008cd00000, 0x000000008ce00000, 0x000000008ce00000|100%| O|  |TAMS 0x000000008cd00000, 0x000000008cd00000| Untracked 
| 206|0x000000008ce00000, 0x000000008cf00000, 0x000000008cf00000|100%| O|  |TAMS 0x000000008ce00000, 0x000000008ce00000| Untracked 
| 207|0x000000008cf00000, 0x000000008d000000, 0x000000008d000000|100%| O|  |TAMS 0x000000008cf00000, 0x000000008cf00000| Untracked 
| 208|0x000000008d000000, 0x000000008d100000, 0x000000008d100000|100%| O|  |TAMS 0x000000008d000000, 0x000000008d000000| Untracked 
| 209|0x000000008d100000, 0x000000008d15ae00, 0x000000008d200000| 35%| O|  |TAMS 0x000000008d100000, 0x000000008d100000| Untracked 
| 210|0x000000008d200000, 0x000000008d200000, 0x000000008d300000|  0%| F|  |TAMS 0x000000008d200000, 0x000000008d200000| Untracked 
| 211|0x000000008d300000, 0x000000008d300000, 0x000000008d400000|  0%| F|  |TAMS 0x000000008d300000, 0x000000008d300000| Untracked 
| 212|0x000000008d400000, 0x000000008d400000, 0x000000008d500000|  0%| F|  |TAMS 0x000000008d400000, 0x000000008d400000| Untracked 
| 213|0x000000008d500000, 0x000000008d500000, 0x000000008d600000|  0%| F|  |TAMS 0x000000008d500000, 0x000000008d500000| Untracked 
| 214|0x000000008d600000, 0x000000008d600000, 0x000000008d700000|  0%| F|  |TAMS 0x000000008d600000, 0x000000008d600000| Untracked 
| 215|0x000000008d700000, 0x000000008d700000, 0x000000008d800000|  0%| F|  |TAMS 0x000000008d700000, 0x000000008d700000| Untracked 
| 216|0x000000008d800000, 0x000000008d800000, 0x000000008d900000|  0%| F|  |TAMS 0x000000008d800000, 0x000000008d800000| Untracked 
| 217|0x000000008d900000, 0x000000008d900000, 0x000000008da00000|  0%| F|  |TAMS 0x000000008d900000, 0x000000008d900000| Untracked 
| 218|0x000000008da00000, 0x000000008da00000, 0x000000008db00000|  0%| F|  |TAMS 0x000000008da00000, 0x000000008da00000| Untracked 
| 219|0x000000008db00000, 0x000000008db00000, 0x000000008dc00000|  0%| F|  |TAMS 0x000000008db00000, 0x000000008db00000| Untracked 
| 220|0x000000008dc00000, 0x000000008dc00000, 0x000000008dd00000|  0%| F|  |TAMS 0x000000008dc00000, 0x000000008dc00000| Untracked 
| 221|0x000000008dd00000, 0x000000008dd00000, 0x000000008de00000|  0%| F|  |TAMS 0x000000008dd00000, 0x000000008dd00000| Untracked 
| 222|0x000000008de00000, 0x000000008de00000, 0x000000008df00000|  0%| F|  |TAMS 0x000000008de00000, 0x000000008de00000| Untracked 
| 223|0x000000008df00000, 0x000000008df00000, 0x000000008e000000|  0%| F|  |TAMS 0x000000008df00000, 0x000000008df00000| Untracked 
| 224|0x000000008e000000, 0x000000008e000000, 0x000000008e100000|  0%| F|  |TAMS 0x000000008e000000, 0x000000008e000000| Untracked 
| 225|0x000000008e100000, 0x000000008e100000, 0x000000008e200000|  0%| F|  |TAMS 0x000000008e100000, 0x000000008e100000| Untracked 
| 226|0x000000008e200000, 0x000000008e200000, 0x000000008e300000|  0%| F|  |TAMS 0x000000008e200000, 0x000000008e200000| Untracked 
| 227|0x000000008e300000, 0x000000008e300000, 0x000000008e400000|  0%| F|  |TAMS 0x000000008e300000, 0x000000008e300000| Untracked 
| 228|0x000000008e400000, 0x000000008e400000, 0x000000008e500000|  0%| F|  |TAMS 0x000000008e400000, 0x000000008e400000| Untracked 
| 229|0x000000008e500000, 0x000000008e500000, 0x000000008e600000|  0%| F|  |TAMS 0x000000008e500000, 0x000000008e500000| Untracked 
| 230|0x000000008e600000, 0x000000008e600000, 0x000000008e700000|  0%| F|  |TAMS 0x000000008e600000, 0x000000008e600000| Untracked 
| 231|0x000000008e700000, 0x000000008e700000, 0x000000008e800000|  0%| F|  |TAMS 0x000000008e700000, 0x000000008e700000| Untracked 
| 232|0x000000008e800000, 0x000000008e800000, 0x000000008e900000|  0%| F|  |TAMS 0x000000008e800000, 0x000000008e800000| Untracked 
| 233|0x000000008e900000, 0x000000008e900000, 0x000000008ea00000|  0%| F|  |TAMS 0x000000008e900000, 0x000000008e900000| Untracked 
| 234|0x000000008ea00000, 0x000000008ea00000, 0x000000008eb00000|  0%| F|  |TAMS 0x000000008ea00000, 0x000000008ea00000| Untracked 
| 235|0x000000008eb00000, 0x000000008eb00000, 0x000000008ec00000|  0%| F|  |TAMS 0x000000008eb00000, 0x000000008eb00000| Untracked 
| 236|0x000000008ec00000, 0x000000008ec00000, 0x000000008ed00000|  0%| F|  |TAMS 0x000000008ec00000, 0x000000008ec00000| Untracked 
| 237|0x000000008ed00000, 0x000000008ed00000, 0x000000008ee00000|  0%| F|  |TAMS 0x000000008ed00000, 0x000000008ed00000| Untracked 
| 238|0x000000008ee00000, 0x000000008ee00000, 0x000000008ef00000|  0%| F|  |TAMS 0x000000008ee00000, 0x000000008ee00000| Untracked 
| 239|0x000000008ef00000, 0x000000008ef00000, 0x000000008f000000|  0%| F|  |TAMS 0x000000008ef00000, 0x000000008ef00000| Untracked 
| 240|0x000000008f000000, 0x000000008f000000, 0x000000008f100000|  0%| F|  |TAMS 0x000000008f000000, 0x000000008f000000| Untracked 
| 241|0x000000008f100000, 0x000000008f100000, 0x000000008f200000|  0%| F|  |TAMS 0x000000008f100000, 0x000000008f100000| Untracked 
| 242|0x000000008f200000, 0x000000008f200000, 0x000000008f300000|  0%| F|  |TAMS 0x000000008f200000, 0x000000008f200000| Untracked 
| 243|0x000000008f300000, 0x000000008f300000, 0x000000008f400000|  0%| F|  |TAMS 0x000000008f300000, 0x000000008f300000| Untracked 
| 244|0x000000008f400000, 0x000000008f400000, 0x000000008f500000|  0%| F|  |TAMS 0x000000008f400000, 0x000000008f400000| Untracked 
| 245|0x000000008f500000, 0x000000008f500000, 0x000000008f600000|  0%| F|  |TAMS 0x000000008f500000, 0x000000008f500000| Untracked 
| 246|0x000000008f600000, 0x000000008f700000, 0x000000008f700000|100%| S|CS|TAMS 0x000000008f600000, 0x000000008f600000| Complete 
| 247|0x000000008f700000, 0x000000008f800000, 0x000000008f800000|100%| S|CS|TAMS 0x000000008f700000, 0x000000008f700000| Complete 
| 248|0x000000008f800000, 0x000000008f800000, 0x000000008f900000|  0%| F|  |TAMS 0x000000008f800000, 0x000000008f800000| Untracked 
| 249|0x000000008f900000, 0x000000008f900000, 0x000000008fa00000|  0%| F|  |TAMS 0x000000008f900000, 0x000000008f900000| Untracked 
| 250|0x000000008fa00000, 0x000000008fa00000, 0x000000008fb00000|  0%| F|  |TAMS 0x000000008fa00000, 0x000000008fa00000| Untracked 
| 251|0x000000008fb00000, 0x000000008fb00000, 0x000000008fc00000|  0%| F|  |TAMS 0x000000008fb00000, 0x000000008fb00000| Untracked 
| 252|0x000000008fc00000, 0x000000008fc00000, 0x000000008fd00000|  0%| F|  |TAMS 0x000000008fc00000, 0x000000008fc00000| Untracked 
| 253|0x000000008fd00000, 0x000000008fd00000, 0x000000008fe00000|  0%| F|  |TAMS 0x000000008fd00000, 0x000000008fd00000| Untracked 
| 254|0x000000008fe00000, 0x000000008fe00000, 0x000000008ff00000|  0%| F|  |TAMS 0x000000008fe00000, 0x000000008fe00000| Untracked 
| 255|0x000000008ff00000, 0x000000008ff00000, 0x0000000090000000|  0%| F|  |TAMS 0x000000008ff00000, 0x000000008ff00000| Untracked 

Card table byte_map: [0x000001f2f7c50000,0x000001f2f8050000] _byte_map_base: 0x000001f2f7850000

Marking Bits (Prev, Next): (CMBitMap*) 0x000001f2f3a6fee0, (CMBitMap*) 0x000001f2f3a6fea8
 Prev Bits: [0x000001f2fa450000, 0x000001f2fc450000)
 Next Bits: [0x000001f2f8450000, 0x000001f2fa450000)

Polling page: 0x000001f2f1920000

Metaspace:

Usage:
  Non-class:    145.59 MB capacity,   141.88 MB ( 97%) used,     3.05 MB (  2%) free+waste,   675.81 KB ( <1%) overhead. 
      Class:     21.43 MB capacity,    19.45 MB ( 91%) used,     1.69 MB (  8%) free+waste,   292.06 KB (  1%) overhead. 
       Both:    167.02 MB capacity,   161.34 MB ( 97%) used,     4.74 MB (  3%) free+waste,   967.88 KB ( <1%) overhead. 

Virtual space:
  Non-class space:      148.00 MB reserved,     147.84 MB (>99%) committed 
      Class space:        1.00 GB reserved,      22.20 MB (  2%) committed 
             Both:        1.14 GB reserved,     170.04 MB ( 15%) committed 

Chunk freelists:
   Non-Class:  2.12 MB
       Class:  745.00 KB
        Both:  2.85 MB

MaxMetaspaceSize: 17179869184.00 GB
CompressedClassSpaceSize: 1.00 GB

CodeHeap 'non-profiled nmethods': size=120000Kb used=40276Kb max_used=40276Kb free=79723Kb
 bounds [0x000001f287ad0000, 0x000001f28a230000, 0x000001f28f000000]
CodeHeap 'profiled nmethods': size=120000Kb used=72904Kb max_used=73197Kb free=47095Kb
 bounds [0x000001f2805a0000, 0x000001f284dd0000, 0x000001f287ad0000]
CodeHeap 'non-nmethods': size=5760Kb used=2445Kb max_used=2543Kb free=3314Kb
 bounds [0x000001f280000000, 0x000001f280290000, 0x000001f2805a0000]
 total_blobs=36004 nmethods=34906 adapters=1006
 compilation: enabled
              stopped_count=0, restarted_count=0
 full_count=0

Compilation events (20 events):
Event: 39231.454 Thread 0x000001f2ff77a800 46532 %     3       com.android.tools.r8.dex.j::a @ 75 (884 bytes)
Event: 39231.464 Thread 0x000001f2ff77a800 nmethod 46532% 0x000001f284dc2690 code [0x000001f284dc2f40, 0x000001f284dc8898]
Event: 39231.465 Thread 0x000001f2ff77a800 46534       2       com.android.tools.r8.graph.f0$o::S (2 bytes)
Event: 39231.465 Thread 0x000001f2ff77a800 nmethod 46534 0x000001f282da2110 code [0x000001f282da22c0, 0x000001f282da23b8]
Event: 39231.465 Thread 0x000001f2ff77a800 46535       2       com.android.tools.r8.internal.mu::<init> (107 bytes)
Event: 39231.466 Thread 0x000001f2ff77a800 nmethod 46535 0x000001f283076690 code [0x000001f2830768e0, 0x000001f283076f98]
Event: 39231.491 Thread 0x000001f2ff77a800 46538       2       com.android.tools.r8.code.S2::hashCode (28 bytes)
Event: 39231.492 Thread 0x000001f2ff77a800 nmethod 46538 0x000001f282e56290 code [0x000001f282e56440, 0x000001f282e56588]
Event: 39231.494 Thread 0x000001f2ff77a800 46539       2       com.android.tools.r8.code.u::<init> (7 bytes)
Event: 39231.495 Thread 0x000001f2ff77a800 nmethod 46539 0x000001f282e74910 code [0x000001f282e74ae0, 0x000001f282e74d18]
Event: 39231.499 Thread 0x000001f2ff77a800 46542 %     3       com.android.tools.r8.dex.j::f @ 34 (109 bytes)
Event: 39231.500 Thread 0x000001f2ff77a800 nmethod 46542% 0x000001f28334e410 code [0x000001f28334e6a0, 0x000001f28334f298]
Event: 39231.503 Thread 0x000001f2ff77a800 46543       2       com.android.tools.r8.code.S2::<init> (58 bytes)
Event: 39231.546 Thread 0x000001f2ff77a800 nmethod 46543 0x000001f2830a4390 code [0x000001f2830a45a0, 0x000001f2830a4b28]
Event: 39231.563 Thread 0x000001f2ff77a800 46545       3       com.android.tools.r8.dex.j::f (109 bytes)
Event: 39231.564 Thread 0x000001f2ff77a800 nmethod 46545 0x000001f2833f5010 code [0x000001f2833f5280, 0x000001f2833f5d98]
Event: 39231.565 Thread 0x000001f2ff77a800 46546       2       com.android.tools.r8.code.M0::hashCode (28 bytes)
Event: 39231.565 Thread 0x000001f2ff77a800 nmethod 46546 0x000001f282e5b790 code [0x000001f282e5b940, 0x000001f282e5ba88]
Event: 39231.567 Thread 0x000001f2ff77a800 46547       2       com.android.tools.r8.internal.qr::b (142 bytes)
Event: 39231.568 Thread 0x000001f2ff77a800 nmethod 46547 0x000001f2832b9790 code [0x000001f2832b99e0, 0x000001f2832ba188]

GC Heap History (20 events):
Event: 39228.732 GC heap after
{Heap after GC invocations=424 (full 0):
 garbage-first heap   total 262144K, used 148947K [0x0000000080000000, 0x0000000100000000)
  region size 1024K, 2 young (2048K), 2 survivors (2048K)
 Metaspace       used 163883K, capacity 169428K, committed 174120K, reserved 1200128K
  class space    used 19747K, capacity 21697K, committed 22732K, reserved 1048576K
}
Event: 39229.037 GC heap before
{Heap before GC invocations=424 (full 0):
 garbage-first heap   total 262144K, used 207315K [0x0000000080000000, 0x0000000100000000)
  region size 1024K, 59 young (60416K), 2 survivors (2048K)
 Metaspace       used 163886K, capacity 169429K, committed 174120K, reserved 1200128K
  class space    used 19747K, capacity 21697K, committed 22732K, reserved 1048576K
}
Event: 39229.044 GC heap after
{Heap after GC invocations=425 (full 0):
 garbage-first heap   total 262144K, used 147645K [0x0000000080000000, 0x0000000100000000)
  region size 1024K, 1 young (1024K), 1 survivors (1024K)
 Metaspace       used 163886K, capacity 169429K, committed 174120K, reserved 1200128K
  class space    used 19747K, capacity 21697K, committed 22732K, reserved 1048576K
}
Event: 39229.507 GC heap before
{Heap before GC invocations=426 (full 0):
 garbage-first heap   total 262144K, used 224445K [0x0000000080000000, 0x0000000100000000)
  region size 1024K, 62 young (63488K), 1 survivors (1024K)
 Metaspace       used 164182K, capacity 169756K, committed 174120K, reserved 1200128K
  class space    used 19776K, capacity 21733K, committed 22732K, reserved 1048576K
}
Event: 39229.522 GC heap after
{Heap after GC invocations=427 (full 0):
 garbage-first heap   total 262144K, used 153212K [0x0000000080000000, 0x0000000100000000)
  region size 1024K, 6 young (6144K), 6 survivors (6144K)
 Metaspace       used 164182K, capacity 169756K, committed 174120K, reserved 1200128K
  class space    used 19776K, capacity 21733K, committed 22732K, reserved 1048576K
}
Event: 39229.547 GC heap before
{Heap before GC invocations=427 (full 0):
 garbage-first heap   total 262144K, used 159356K [0x0000000080000000, 0x0000000100000000)
  region size 1024K, 12 young (12288K), 6 survivors (6144K)
 Metaspace       used 164214K, capacity 169835K, committed 174120K, reserved 1200128K
  class space    used 19780K, capacity 21738K, committed 22732K, reserved 1048576K
}
Event: 39229.556 GC heap after
{Heap after GC invocations=428 (full 0):
 garbage-first heap   total 262144K, used 153513K [0x0000000080000000, 0x0000000100000000)
  region size 1024K, 1 young (1024K), 1 survivors (1024K)
 Metaspace       used 164214K, capacity 169835K, committed 174120K, reserved 1200128K
  class space    used 19780K, capacity 21738K, committed 22732K, reserved 1048576K
}
Event: 39229.836 GC heap before
{Heap before GC invocations=428 (full 0):
 garbage-first heap   total 262144K, used 212905K [0x0000000080000000, 0x0000000100000000)
  region size 1024K, 60 young (61440K), 1 survivors (1024K)
 Metaspace       used 164323K, capacity 169905K, committed 174120K, reserved 1200128K
  class space    used 19795K, capacity 21761K, committed 22732K, reserved 1048576K
}
Event: 39229.844 GC heap after
{Heap after GC invocations=429 (full 0):
 garbage-first heap   total 262144K, used 154517K [0x0000000080000000, 0x0000000100000000)
  region size 1024K, 2 young (2048K), 2 survivors (2048K)
 Metaspace       used 164323K, capacity 169905K, committed 174120K, reserved 1200128K
  class space    used 19795K, capacity 21761K, committed 22732K, reserved 1048576K
}
Event: 39230.810 GC heap before
{Heap before GC invocations=430 (full 0):
 garbage-first heap   total 262144K, used 231317K [0x0000000080000000, 0x0000000100000000)
  region size 1024K, 63 young (64512K), 2 survivors (2048K)
 Metaspace       used 164972K, capacity 170752K, committed 174120K, reserved 1200128K
  class space    used 19904K, capacity 21935K, committed 22732K, reserved 1048576K
}
Event: 39230.827 GC heap after
{Heap after GC invocations=431 (full 0):
 garbage-first heap   total 262144K, used 173951K [0x0000000080000000, 0x0000000100000000)
  region size 1024K, 8 young (8192K), 8 survivors (8192K)
 Metaspace       used 164972K, capacity 170752K, committed 174120K, reserved 1200128K
  class space    used 19904K, capacity 21935K, committed 22732K, reserved 1048576K
}
Event: 39230.843 GC heap before
{Heap before GC invocations=431 (full 0):
 garbage-first heap   total 262144K, used 178047K [0x0000000080000000, 0x0000000100000000)
  region size 1024K, 12 young (12288K), 8 survivors (8192K)
 Metaspace       used 164972K, capacity 170752K, committed 174120K, reserved 1200128K
  class space    used 19904K, capacity 21935K, committed 22732K, reserved 1048576K
}
Event: 39230.860 GC heap after
{Heap after GC invocations=432 (full 0):
 garbage-first heap   total 262144K, used 157921K [0x0000000080000000, 0x0000000100000000)
  region size 1024K, 2 young (2048K), 2 survivors (2048K)
 Metaspace       used 164972K, capacity 170752K, committed 174120K, reserved 1200128K
  class space    used 19904K, capacity 21935K, committed 22732K, reserved 1048576K
}
Event: 39230.977 GC heap before
{Heap before GC invocations=432 (full 0):
 garbage-first heap   total 262144K, used 182497K [0x0000000080000000, 0x0000000100000000)
  region size 1024K, 27 young (27648K), 2 survivors (2048K)
 Metaspace       used 164972K, capacity 170752K, committed 174120K, reserved 1200128K
  class space    used 19904K, capacity 21935K, committed 22732K, reserved 1048576K
}
Event: 39231.004 GC heap after
{Heap after GC invocations=433 (full 0):
 garbage-first heap   total 262144K, used 167475K [0x0000000080000000, 0x0000000100000000)
  region size 1024K, 7 young (7168K), 7 survivors (7168K)
 Metaspace       used 164972K, capacity 170752K, committed 174120K, reserved 1200128K
  class space    used 19904K, capacity 21935K, committed 22732K, reserved 1048576K
}
Event: 39231.354 GC heap before
{Heap before GC invocations=433 (full 0):
 garbage-first heap   total 262144K, used 207411K [0x0000000080000000, 0x0000000100000000)
  region size 1024K, 45 young (46080K), 7 survivors (7168K)
 Metaspace       used 165189K, capacity 170966K, committed 174120K, reserved 1200128K
  class space    used 19921K, capacity 21943K, committed 22732K, reserved 1048576K
}
Event: 39231.405 GC heap after
{Heap after GC invocations=434 (full 0):
 garbage-first heap   total 262144K, used 187690K [0x0000000080000000, 0x0000000100000000)
  region size 1024K, 6 young (6144K), 6 survivors (6144K)
 Metaspace       used 165189K, capacity 170966K, committed 174120K, reserved 1200128K
  class space    used 19921K, capacity 21943K, committed 22732K, reserved 1048576K
}
Event: 39231.503 GC heap before
{Heap before GC invocations=435 (full 0):
 garbage-first heap   total 262144K, used 211242K [0x0000000080000000, 0x0000000100000000)
  region size 1024K, 29 young (29696K), 6 survivors (6144K)
 Metaspace       used 165204K, capacity 171030K, committed 174120K, reserved 1200128K
  class space    used 19921K, capacity 21943K, committed 22732K, reserved 1048576K
}
Event: 39231.544 GC heap after
{Heap after GC invocations=436 (full 0):
 garbage-first heap   total 262144K, used 201478K [0x0000000080000000, 0x0000000100000000)
  region size 1024K, 4 young (4096K), 4 survivors (4096K)
 Metaspace       used 165204K, capacity 171030K, committed 174120K, reserved 1200128K
  class space    used 19921K, capacity 21943K, committed 22732K, reserved 1048576K
}
Event: 39231.571 GC heap before
{Heap before GC invocations=436 (full 0):
 garbage-first heap   total 262144K, used 208646K [0x0000000080000000, 0x0000000100000000)
  region size 1024K, 12 young (12288K), 4 survivors (4096K)
 Metaspace       used 165210K, capacity 171031K, committed 174120K, reserved 1200128K
  class space    used 19921K, capacity 21943K, committed 22732K, reserved 1048576K
}

Deoptimization events (20 events):
Event: 39231.067 Thread 0x000001f29b256000 DEOPT PACKING pc=0x000001f28a0dc310 sp=0x000000b77a6feba0
Event: 39231.068 Thread 0x000001f29b256000 DEOPT UNPACKING pc=0x000001f2800278af sp=0x000000b77a6feb30 mode 2
Event: 39231.098 Thread 0x000001f2926c6000 Uncommon trap: trap_request=0xffffff4d fr.pc=0x000001f289902934 relative=0x0000000000005d14
Event: 39231.098 Thread 0x000001f2926c6000 Uncommon trap: reason=unstable_if action=reinterpret pc=0x000001f289902934 method=com.android.tools.r8.dex.j.a(I[Lcom/android/tools/r8/graph/W$b;[Lcom/android/tools/r8/graph/W$c;Z)[Lcom/android/tools/r8/graph/P; @ 360 c2
Event: 39231.098 Thread 0x000001f2926c6000 DEOPT PACKING pc=0x000001f289902934 sp=0x000000b77a5fec60
Event: 39231.098 Thread 0x000001f2926c6000 DEOPT UNPACKING pc=0x000001f2800278af sp=0x000000b77a5fec38 mode 2
Event: 39231.116 Thread 0x000001f2926be000 DEOPT PACKING pc=0x000001f284a2cc7e sp=0x000000b77a2fe220
Event: 39231.116 Thread 0x000001f2926be000 DEOPT UNPACKING pc=0x000001f2800276ce sp=0x000000b77a2fdea0 mode 0
Event: 39231.137 Thread 0x000001f2926be000 DEOPT PACKING pc=0x000001f284a2cc7e sp=0x000000b77a2fe220
Event: 39231.138 Thread 0x000001f2926be000 DEOPT UNPACKING pc=0x000001f2800276ce sp=0x000000b77a2fdea0 mode 0
Event: 39231.153 Thread 0x000001f2926be000 DEOPT PACKING pc=0x000001f284a2cc7e sp=0x000000b77a2fe220
Event: 39231.153 Thread 0x000001f2926be000 DEOPT UNPACKING pc=0x000001f2800276ce sp=0x000000b77a2fdea0 mode 0
Event: 39231.224 Thread 0x000001f2926bf000 DEOPT PACKING pc=0x000001f28331d9f0 sp=0x000000b77a3fe440
Event: 39231.224 Thread 0x000001f2926bf000 DEOPT UNPACKING pc=0x000001f2800276ce sp=0x000000b77a3fd8d8 mode 0
Event: 39231.450 Thread 0x000001f29b252800 DEOPT PACKING pc=0x000001f28331d9f0 sp=0x000000b77a9fe240
Event: 39231.450 Thread 0x000001f29b252800 DEOPT UNPACKING pc=0x000001f2800276ce sp=0x000000b77a9fd6d8 mode 0
Event: 39231.479 Thread 0x000001f2926c6000 DEOPT PACKING pc=0x000001f28331d9f0 sp=0x000000b77a5fe480
Event: 39231.479 Thread 0x000001f2926c6000 DEOPT UNPACKING pc=0x000001f2800276ce sp=0x000000b77a5fd918 mode 0
Event: 39231.550 Thread 0x000001f2926c6000 DEOPT PACKING pc=0x000001f28331d9f0 sp=0x000000b77a5fe480
Event: 39231.550 Thread 0x000001f2926c6000 DEOPT UNPACKING pc=0x000001f2800276ce sp=0x000000b77a5fd918 mode 0

Classes redefined (0 events):
No events

Internal exceptions (20 events):
Event: 39229.719 Thread 0x000001f29ba4b800 Exception <a 'sun/nio/fs/WindowsException'{0x000000008d6d8b38}> (0x000000008d6d8b38) thrown at [./src/hotspot/share/prims/jni.cpp, line 615]
Event: 39229.719 Thread 0x000001f29ba4b800 Exception <a 'sun/nio/fs/WindowsException'{0x000000008d6d99e0}> (0x000000008d6d99e0) thrown at [./src/hotspot/share/prims/jni.cpp, line 615]
Event: 39230.323 Thread 0x000001f29ba58000 Exception <a 'sun/nio/fs/WindowsException'{0x000000008f1a2648}> (0x000000008f1a2648) thrown at [./src/hotspot/share/prims/jni.cpp, line 615]
Event: 39230.323 Thread 0x000001f29ba58000 Exception <a 'sun/nio/fs/WindowsException'{0x000000008f1a3300}> (0x000000008f1a3300) thrown at [./src/hotspot/share/prims/jni.cpp, line 615]
Event: 39230.338 Thread 0x000001f295c66800 Exception <a 'sun/nio/fs/WindowsException'{0x000000008f0a0ca0}> (0x000000008f0a0ca0) thrown at [./src/hotspot/share/prims/jni.cpp, line 615]
Event: 39230.680 Thread 0x000001f29ba53000 Exception <a 'sun/nio/fs/WindowsException'{0x000000008d8d2fe8}> (0x000000008d8d2fe8) thrown at [./src/hotspot/share/prims/jni.cpp, line 615]
Event: 39230.681 Thread 0x000001f29ba53000 Exception <a 'sun/nio/fs/WindowsException'{0x000000008d8d4158}> (0x000000008d8d4158) thrown at [./src/hotspot/share/prims/jni.cpp, line 615]
Event: 39230.681 Thread 0x000001f29ba53000 Exception <a 'sun/nio/fs/WindowsException'{0x000000008d8d4480}> (0x000000008d8d4480) thrown at [./src/hotspot/share/prims/jni.cpp, line 615]
Event: 39230.698 Thread 0x000001f29ba53000 Exception <a 'sun/nio/fs/WindowsException'{0x000000008d7f0898}> (0x000000008d7f0898) thrown at [./src/hotspot/share/prims/jni.cpp, line 615]
Event: 39230.698 Thread 0x000001f29ba53000 Exception <a 'sun/nio/fs/WindowsException'{0x000000008d7f1a00}> (0x000000008d7f1a00) thrown at [./src/hotspot/share/prims/jni.cpp, line 615]
Event: 39230.748 Thread 0x000001f29ba54800 Exception <a 'sun/nio/fs/WindowsException'{0x000000008d00b758}> (0x000000008d00b758) thrown at [./src/hotspot/share/prims/jni.cpp, line 615]
Event: 39230.748 Thread 0x000001f29ba54800 Exception <a 'sun/nio/fs/WindowsException'{0x000000008d0110a8}> (0x000000008d0110a8) thrown at [./src/hotspot/share/prims/jni.cpp, line 615]
Event: 39230.748 Thread 0x000001f29ba54800 Exception <a 'sun/nio/fs/WindowsException'{0x000000008d0114c0}> (0x000000008d0114c0) thrown at [./src/hotspot/share/prims/jni.cpp, line 615]
Event: 39230.749 Thread 0x000001f29ba54800 Exception <a 'sun/nio/fs/WindowsException'{0x000000008d012608}> (0x000000008d012608) thrown at [./src/hotspot/share/prims/jni.cpp, line 615]
Event: 39230.749 Thread 0x000001f29ba54800 Exception <a 'sun/nio/fs/WindowsException'{0x000000008d012968}> (0x000000008d012968) thrown at [./src/hotspot/share/prims/jni.cpp, line 615]
Event: 39230.749 Thread 0x000001f29ba54800 Exception <a 'sun/nio/fs/WindowsException'{0x000000008d0264e0}> (0x000000008d0264e0) thrown at [./src/hotspot/share/prims/jni.cpp, line 615]
Event: 39230.749 Thread 0x000001f29ba54800 Exception <a 'sun/nio/fs/WindowsException'{0x000000008d0267e0}> (0x000000008d0267e0) thrown at [./src/hotspot/share/prims/jni.cpp, line 615]
Event: 39230.749 Thread 0x000001f29ba54800 Exception <a 'sun/nio/fs/WindowsException'{0x000000008d0278e0}> (0x000000008d0278e0) thrown at [./src/hotspot/share/prims/jni.cpp, line 615]
Event: 39230.751 Thread 0x000001f29ba54800 Exception <a 'java/lang/NoSuchMethodError'{0x000000008d03be90}: <clinit>> (0x000000008d03be90) thrown at [./src/hotspot/share/prims/jni.cpp, line 1362]
Event: 39230.785 Thread 0x000001f295c6d000 Exception <a 'sun/nio/fs/WindowsException'{0x000000008ce34b08}> (0x000000008ce34b08) thrown at [./src/hotspot/share/prims/jni.cpp, line 615]

Events (20 events):
Event: 39231.097 loading class com/android/tools/r8/graph/E$b
Event: 39231.097 loading class com/android/tools/r8/graph/E$b done
Event: 39231.097 loading class com/android/tools/r8/graph/E$b
Event: 39231.097 loading class com/android/tools/r8/graph/E$b done
Event: 39231.097 loading class com/android/tools/r8/graph/E$b
Event: 39231.097 loading class com/android/tools/r8/graph/E$b done
Event: 39231.097 loading class com/android/tools/r8/graph/E$b
Event: 39231.097 loading class com/android/tools/r8/graph/E$b done
Event: 39231.102 Executing VM operation: RevokeBias
Event: 39231.102 Executing VM operation: RevokeBias done
Event: 39231.113 Thread 0x000001f29b252800 Thread added: 0x000001f29b252800
Event: 39231.228 Executing VM operation: CGC_Operation
Event: 39231.257 Executing VM operation: CGC_Operation done
Event: 39231.353 Executing VM operation: G1CollectForAllocation
Event: 39231.405 Executing VM operation: G1CollectForAllocation done
Event: 39231.443 Executing VM operation: CGC_Operation
Event: 39231.444 Executing VM operation: CGC_Operation done
Event: 39231.503 Executing VM operation: G1CollectForAllocation
Event: 39231.544 Executing VM operation: G1CollectForAllocation done
Event: 39231.571 Executing VM operation: G1CollectForAllocation


Dynamic libraries:
0x00007ff75d990000 - 0x00007ff75d99a000 	C:\Program Files\Android\Android Studio\jre\bin\java.exe
0x00007fffa3670000 - 0x00007fffa3865000 	C:\WINDOWS\SYSTEM32\ntdll.dll
0x00007fffa30b0000 - 0x00007fffa316d000 	C:\WINDOWS\System32\KERNEL32.DLL
0x00007fffa1170000 - 0x00007fffa1438000 	C:\WINDOWS\System32\KERNELBASE.dll
0x00007fffa1070000 - 0x00007fffa1170000 	C:\WINDOWS\System32\ucrtbase.dll
0x00007fff9c5e0000 - 0x00007fff9c5f7000 	C:\Program Files\Android\Android Studio\jre\bin\VCRUNTIME140.dll
0x00007fff879a0000 - 0x00007fff879b9000 	C:\Program Files\Android\Android Studio\jre\bin\jli.dll
0x00007fffa2dc0000 - 0x00007fffa2f60000 	C:\WINDOWS\System32\USER32.dll
0x00007fff812c0000 - 0x00007fff8155a000 	C:\WINDOWS\WinSxS\amd64_microsoft.windows.common-controls_6595b64144ccf1df_6.0.19041.844_none_ca00b6081b84eb1d\COMCTL32.dll
0x00007fffa0fc0000 - 0x00007fffa0fe2000 	C:\WINDOWS\System32\win32u.dll
0x00007fffa2cb0000 - 0x00007fffa2d4e000 	C:\WINDOWS\System32\msvcrt.dll
0x00007fffa31a0000 - 0x00007fffa31ca000 	C:\WINDOWS\System32\GDI32.dll
0x00007fffa0e10000 - 0x00007fffa0f1b000 	C:\WINDOWS\System32\gdi32full.dll
0x00007fffa0f20000 - 0x00007fffa0fbd000 	C:\WINDOWS\System32\msvcp_win.dll
0x00007fffa3170000 - 0x00007fffa31a0000 	C:\WINDOWS\System32\IMM32.DLL
0x00007fff87860000 - 0x00007fff878fd000 	C:\Program Files\Android\Android Studio\jre\bin\msvcp140.dll
0x00007fff5a260000 - 0x00007fff5ad2f000 	C:\Program Files\Android\Android Studio\jre\bin\server\jvm.dll
0x00007fffa20d0000 - 0x00007fffa217c000 	C:\WINDOWS\System32\ADVAPI32.dll
0x00007fffa1cb0000 - 0x00007fffa1d4b000 	C:\WINDOWS\System32\sechost.dll
0x00007fffa1e60000 - 0x00007fffa1f8b000 	C:\WINDOWS\System32\RPCRT4.dll
0x00007fffa3510000 - 0x00007fffa3518000 	C:\WINDOWS\System32\PSAPI.DLL
0x00007fff86a90000 - 0x00007fff86ab7000 	C:\WINDOWS\SYSTEM32\WINMM.dll
0x00007fff829b0000 - 0x00007fff829b9000 	C:\WINDOWS\SYSTEM32\WSOCK32.dll
0x00007fff99630000 - 0x00007fff9963a000 	C:\WINDOWS\SYSTEM32\VERSION.dll
0x00007fffa2d50000 - 0x00007fffa2dbb000 	C:\WINDOWS\System32\WS2_32.dll
0x00007fff9f680000 - 0x00007fff9f692000 	C:\WINDOWS\SYSTEM32\kernel.appcore.dll
0x00007fff7f510000 - 0x00007fff7f521000 	C:\Program Files\Android\Android Studio\jre\bin\verify.dll
0x00007fff9ea80000 - 0x00007fff9ec64000 	C:\WINDOWS\SYSTEM32\DBGHELP.DLL
0x00007fff89070000 - 0x00007fff8909c000 	C:\WINDOWS\SYSTEM32\dbgcore.DLL
0x00007fffa1440000 - 0x00007fffa14c0000 	C:\WINDOWS\System32\bcryptPrimitives.dll
0x00007fff7e880000 - 0x00007fff7e8a9000 	C:\Program Files\Android\Android Studio\jre\bin\java.dll
0x00007fff7f500000 - 0x00007fff7f50b000 	C:\Program Files\Android\Android Studio\jre\bin\jimage.dll
0x00007fff7e400000 - 0x00007fff7e418000 	C:\Program Files\Android\Android Studio\jre\bin\zip.dll
0x00007fffa2560000 - 0x00007fffa2ca2000 	C:\WINDOWS\System32\SHELL32.dll
0x00007fff9eed0000 - 0x00007fff9f661000 	C:\WINDOWS\SYSTEM32\windows.storage.dll
0x00007fffa2180000 - 0x00007fffa24d5000 	C:\WINDOWS\System32\combase.dll
0x00007fffa0820000 - 0x00007fffa084c000 	C:\WINDOWS\SYSTEM32\Wldp.dll
0x00007fffa3580000 - 0x00007fffa362e000 	C:\WINDOWS\System32\SHCORE.dll
0x00007fffa3520000 - 0x00007fffa3575000 	C:\WINDOWS\System32\shlwapi.dll
0x00007fffa0cf0000 - 0x00007fffa0d0f000 	C:\WINDOWS\SYSTEM32\profapi.dll
0x00007fff7e3e0000 - 0x00007fff7e3fa000 	C:\Program Files\Android\Android Studio\jre\bin\net.dll
0x00007fff9b680000 - 0x00007fff9b78b000 	C:\WINDOWS\SYSTEM32\WINHTTP.dll
0x00007fffa0590000 - 0x00007fffa05fa000 	C:\WINDOWS\system32\mswsock.dll
0x00007fff7de10000 - 0x00007fff7de24000 	C:\Program Files\Android\Android Studio\jre\bin\nio.dll
0x00007fff9b030000 - 0x00007fff9b057000 	C:\Users\enzo.tazarine\.gradle\native\8bec1ad78214c89d9ad589b4d07fe93259594b29d510b10fafb7a158f7737e5d\windows-amd64\native-platform.dll
0x00007fff99170000 - 0x00007fff992ad000 	C:\Users\enzo.tazarine\.gradle\native\53dbd7edfb1c66fb8903c78663c9afc45aea4f116125fa6feffd364cf09443e8\windows-amd64\native-platform-file-events.dll
0x00007fff7f4f0000 - 0x00007fff7f4fa000 	C:\Program Files\Android\Android Studio\jre\bin\management.dll
0x00007fff7de00000 - 0x00007fff7de0c000 	C:\Program Files\Android\Android Studio\jre\bin\management_ext.dll
0x00007fffa0760000 - 0x00007fffa0778000 	C:\WINDOWS\SYSTEM32\CRYPTSP.dll
0x00007fff9fec0000 - 0x00007fff9fef4000 	C:\WINDOWS\system32\rsaenh.dll
0x00007fffa1040000 - 0x00007fffa1067000 	C:\WINDOWS\System32\bcrypt.dll
0x00007fffa0cb0000 - 0x00007fffa0cde000 	C:\WINDOWS\SYSTEM32\USERENV.dll
0x00007fffa0780000 - 0x00007fffa078c000 	C:\WINDOWS\SYSTEM32\CRYPTBASE.dll
0x00007fffa0230000 - 0x00007fffa026b000 	C:\WINDOWS\SYSTEM32\IPHLPAPI.DLL
0x00007fffa1f90000 - 0x00007fffa1f98000 	C:\WINDOWS\System32\NSI.dll
0x00007fff97260000 - 0x00007fff97277000 	C:\WINDOWS\SYSTEM32\dhcpcsvc6.DLL
0x00007fff97b10000 - 0x00007fff97b2d000 	C:\WINDOWS\SYSTEM32\dhcpcsvc.DLL
0x00007fffa0280000 - 0x00007fffa034c000 	C:\WINDOWS\SYSTEM32\DNSAPI.dll
0x00007fff7adc0000 - 0x00007fff7ade7000 	C:\Program Files\Android\Android Studio\jre\bin\sunec.dll
0x00007fff98410000 - 0x00007fff9841a000 	C:\Windows\System32\rasadhlp.dll
0x00007fff8fa20000 - 0x00007fff8fa9f000 	C:\WINDOWS\System32\fwpuclnt.dll
0x00007fff9c5c0000 - 0x00007fff9c5de000 	C:\Users\enzo.tazarine\AppData\Local\Temp\native-platform16917058108716100305dir\native-platform.dll
0x00007fff9c5b0000 - 0x00007fff9c5b8000 	C:\Program Files\Android\Android Studio\jre\bin\rmi.dll

dbghelp: loaded successfully - version: 4.0.5 - missing functions: none
symbol engine: initialized successfully - sym options: 0x614 - pdb path: .;C:\Program Files\Android\Android Studio\jre\bin;C:\WINDOWS\SYSTEM32;C:\WINDOWS\WinSxS\amd64_microsoft.windows.common-controls_6595b64144ccf1df_6.0.19041.844_none_ca00b6081b84eb1d;C:\Program Files\Android\Android Studio\jre\bin\server;C:\Users\enzo.tazarine\.gradle\native\8bec1ad78214c89d9ad589b4d07fe93259594b29d510b10fafb7a158f7737e5d\windows-amd64;C:\Users\enzo.tazarine\.gradle\native\53dbd7edfb1c66fb8903c78663c9afc45aea4f116125fa6feffd364cf09443e8\windows-amd64;C:\Users\enzo.tazarine\AppData\Local\Temp\native-platform16917058108716100305dir

VM Arguments:
jvm_args: --add-opens=java.base/java.util=ALL-UNNAMED --add-opens=java.base/java.lang=ALL-UNNAMED --add-opens=java.base/java.lang.invoke=ALL-UNNAMED --add-opens=java.base/java.util=ALL-UNNAMED --add-opens=java.prefs/java.util.prefs=ALL-UNNAMED --add-opens=java.prefs/java.util.prefs=ALL-UNNAMED --add-opens=java.base/java.nio.charset=ALL-UNNAMED --add-opens=java.base/java.net=ALL-UNNAMED --add-opens=java.base/java.util.concurrent.atomic=ALL-UNNAMED -Xmx2048m -Dfile.encoding=UTF-8 -Duser.country=FR -Duser.language=fr -Duser.variant 
java_command: org.gradle.launcher.daemon.bootstrap.GradleDaemon 7.0.2
java_class_path (initial): C:\Users\enzo.tazarine\.gradle\wrapper\dists\gradle-7.0.2-bin\857tjihv64xamwrf0h14cai3r\gradle-7.0.2\lib\gradle-launcher-7.0.2.jar
Launcher Type: SUN_STANDARD

[Global flags]
     intx CICompilerCount                          = 4                                         {product} {ergonomic}
     uint ConcGCThreads                            = 2                                         {product} {ergonomic}
     uint G1ConcRefinementThreads                  = 8                                         {product} {ergonomic}
   size_t G1HeapRegionSize                         = 1048576                                   {product} {ergonomic}
    uintx GCDrainStackTargetSize                   = 64                                        {product} {ergonomic}
   size_t InitialHeapSize                          = 266338304                                 {product} {ergonomic}
   size_t MarkStackSize                            = 4194304                                   {product} {ergonomic}
   size_t MaxHeapSize                              = 2147483648                                {product} {command line}
   size_t MaxNewSize                               = 1287651328                                {product} {ergonomic}
   size_t MinHeapDeltaBytes                        = 1048576                                   {product} {ergonomic}
    uintx NonNMethodCodeHeapSize                   = 5836300                                {pd product} {ergonomic}
    uintx NonProfiledCodeHeapSize                  = 122910970                              {pd product} {ergonomic}
    uintx ProfiledCodeHeapSize                     = 122910970                              {pd product} {ergonomic}
    uintx ReservedCodeCacheSize                    = 251658240                              {pd product} {ergonomic}
     bool SegmentedCodeCache                       = true                                      {product} {ergonomic}
     bool UseCompressedClassPointers               = true                                 {lp64_product} {ergonomic}
     bool UseCompressedOops                        = true                                 {lp64_product} {ergonomic}
     bool UseG1GC                                  = true                                      {product} {ergonomic}
     bool UseLargePagesIndividualAllocation        = false                                  {pd product} {ergonomic}

Logging:
Log output configuration:
 #0: stdout all=warning uptime,level,tags
 #1: stderr all=off uptime,level,tags

Environment Variables:
PATH=C:\Program Files (x86)\Common Files\Oracle\Java\javapath;C:\WINDOWS\system32;C:\WINDOWS;C:\WINDOWS\System32\Wbem;C:\WINDOWS\System32\WindowsPowerShell\v1.0\;C:\WINDOWS\System32\OpenSSH\;C:\Program Files\Microsoft SQL Server\Client SDK\ODBC\110\Tools\Binn\;C:\Program Files (x86)\Microsoft SQL Server\120\Tools\Binn\;C:\Program Files\Microsoft SQL Server\120\Tools\Binn\;C:\Program Files\Microsoft SQL Server\120\DTS\Binn\;C:\Program Files (x86)\Microsoft SQL Server\120\Tools\Binn\ManagementStudio\;C:\Program Files (x86)\Microsoft SQL Server\120\DTS\Binn\;C:\Program Files\nodejs\;C:\Program Files\Git\cmd;C:\altera\91\modelsim_ase\win32aloem;C:\Users\enzo.tazarine\AppData\Local\Microsoft\WindowsApps;C:\Users\enzo.tazarine\AppData\Local\Programs\Microsoft VS Code\bin;C:\Users\enzo.tazarine\AppData\Roaming\npm
USERNAME=enzo.tazarine
OS=Windows_NT
PROCESSOR_IDENTIFIER=Intel64 Family 6 Model 142 Stepping 12, GenuineIntel



---------------  S Y S T E M  ---------------

OS: Windows 10 , 64 bit Build 19041 (10.0.19041.928)
OS uptime: 0 days 11:09 hours

CPU:total 8 (initial active 8) (4 cores per cpu, 2 threads per core) family 6 model 142 stepping 12 microcode 0xd6, cmov, cx8, fxsr, mmx, sse, sse2, sse3, ssse3, sse4.1, sse4.2, popcnt, avx, avx2, aes, clmul, erms, 3dnowpref, lzcnt, ht, tsc, tscinvbit, bmi1, bmi2, adx, fma

Memory: 4k page, system-wide physical 16157M (5232M free)
TotalPageFile size 34790M (AvailPageFile size 32M)
current process WorkingSet (physical memory assigned to process): 591M, peak: 690M
current process commit charge ("private bytes"): 795M, peak: 1037M

vm_info: OpenJDK 64-Bit Server VM (11.0.10+0-b96-7249189) for windows-amd64 JRE (11.0.10+0-b96-7249189), built on Mar 31 2021 21:44:00 by "builder" with MS VC++ 14.0 (VS2015)

END.
